  Iter  Epoch       Start         End   Type   From     To            Opp          Count           Rate             Ne         ESS  Clump
    15      0           0         133   Coal      0     -1      8147600.9      2.0012504   2.456245e-07      2035627.6      1.0116     -1
    15      1         133      167.44   Coal      0     -1      4358004.7  5.1062419e-05  1.1716926e-11  4.2673308e+10      1.0229     -1
    15      2      167.44      210.79   Coal      0     -1      6914418.6      2.1101307  3.0517833e-07      1638386.3       1.022     -1
    15      3      210.79      265.37   Coal      0     -1       10951942      8.2781259  7.5585918e-07      661498.88      1.0418     -1
    15      4      265.37      334.09   Coal      0     -1       17299981      18.340705  1.0601576e-06      471628.01      1.0553     -1
    15      5      334.09      420.59   Coal      0     -1       27308140      143.29593  5.2473707e-06      95285.815      1.0792     -1
    15      6      420.59       529.5   Coal      0     -1       42904250      631.85669  1.4727135e-05      33950.934      1.1077     -1
    15      7       529.5       666.6   Coal      0     -1       65849072      2235.5732  3.3949958e-05      14727.559      1.1502     -1
    15      8       666.6       839.2   Coal      0     -1       95978265        6696.04  6.9766212e-05       7166.793      1.2237     -1
    15      9       839.2      1056.5   Coal      0     -1  1.2950072e+08          13279  0.00010253997      4876.1471       1.243     -1
    15     10      1056.5        1330   Coal      0     -1  1.5933366e+08       21044.82  0.00013208019      3785.5792      1.2739     -1
    15     11        1330      1674.4   Coal      0     -1  1.7999707e+08       25749.72  0.00014305633      3495.1267       1.306     -1
    15     12      1674.4        2108   Coal      0     -1  1.9286385e+08       28279.32  0.00014662841      3409.9804      1.3298     -1
    15     13        2108      2653.8   Coal      0     -1  2.0497803e+08       26546.91    0.000129511      3860.6759      1.4135     -1
    15     14      2653.8        3341   Coal      0     -1  2.2825281e+08       23510.44  0.00010300175      4854.2863      1.5481     -1
    15     15        3341      4206.1   Coal      0     -1    2.71644e+08       20729.26  7.6310391e-05      6552.1876      1.7455     -1
    15     16      4206.1      5295.2   Coal      0     -1  3.5010011e+08       17610.24  5.0300585e-05      9940.2423      1.9627     -1
    15     17      5295.2      6666.2   Coal      0     -1  4.8475253e+08       15956.69  3.2917188e-05      15189.633      2.4381     -1
    15     18      6666.2      8392.3   Coal      0     -1  7.0276244e+08       15310.43  2.1786068e-05      22950.448      2.9419     -1
    15     19      8392.3       10565   Coal      0     -1  1.0395331e+09       17590.42  1.6921462e-05      29548.274       3.455     -1
    15     20       10565       13301   Coal      0     -1  1.5284796e+09       22536.35  1.4744292e-05      33911.428       4.276     -1
    15     21       13301       16745   Coal      0     -1  2.1846814e+09       33580.42  1.5370855e-05      32529.096      5.2084     -1
    15     22       16745       21081   Coal      0     -1  2.9444779e+09       52849.66  1.7948737e-05      27857.113      6.2036     -1
    15     23       21081       26539   Coal      0     -1  3.6563188e+09        77917.4  2.1310341e-05      23462.787       7.539     -1
    15     24       26539       33411   Coal      0     -1  4.1125667e+09      105250.59  2.5592434e-05      19537.024      8.7185     -1
    15     25       33411       42063   Coal      0     -1  4.1743794e+09      125272.23  3.0009786e-05      16661.232      10.433     -1
    15     26       42063       52954   Coal      0     -1  3.8853426e+09      128824.01  3.3156409e-05      15080.041      12.995     -1
    15     27       52954       66665   Coal      0     -1  3.4146064e+09      115853.19   3.392871e-05      14736.782      14.936     -1
    15     28       66665       83927   Coal      0     -1  2.9362476e+09       92822.64  3.1612675e-05      15816.441      19.193     -1
    15     29       83927  1.0566e+05   Coal      0     -1  2.5515021e+09       67186.75  2.6332234e-05      18988.134      22.627     -1
    15     30  1.0566e+05  1.3302e+05   Coal      0     -1  2.2947829e+09       47975.04  2.0906134e-05      23916.425      27.619     -1
    15     31  1.3302e+05       1e+99   Coal      0     -1  5.7636848e+09       99633.38  1.7286403e-05      28924.467       32.38     -1
    15     -1           0       1e+99  Delay     -1     -1   2.635486e+09              0              0              0           1     -1
    15     -1           0       1e+99   LogL     -1     -1              1      -34374819      -34374819              0           1     -1
    15     -1           0       1e+99 Recomb     -1     -1           6400  1.9200003e-05  3.0000005e-09              0           1     -1
    15     -1           0       1e+99 Resamp     -1     -1   2.635486e+09        2316016  0.00087878138              0           1     -1
    14      0           0         133   Coal      0     -1      8033260.2      1.0002195  1.2450979e-07      4015748.6      1.0108     -1
    14      1         133      167.44   Coal      0     -1      4337344.2  0.00015376874  3.5452279e-11  1.4103466e+10      1.0199     -1
    14      2      167.44      210.79   Coal      0     -1      6901974.2      4.9533955  7.1767807e-07      696691.21      1.0266     -1
    14      3      210.79      265.37   Coal      0     -1       10959505      9.1347618  8.3350132e-07      599879.07      1.0292     -1
    14      4      265.37      334.09   Coal      0     -1       17357523      19.897347  1.1463241e-06      436176.83      1.0539     -1
    14      5      334.09      420.59   Coal      0     -1       27326110      145.17027  5.3125114e-06      94117.445      1.0661     -1
    14      6      420.59       529.5   Coal      0     -1       42890250      694.72234  1.6197675e-05      30868.627      1.1104     -1
    14      7       529.5       666.6   Coal      0     -1       65858972      2353.8938   3.574143e-05      13989.368      1.1668     -1
    14      8       666.6       839.2   Coal      0     -1       95970378        6753.28  7.0368379e-05      7105.4642      1.1914     -1
    14      9       839.2      1056.5   Coal      0     -1  1.2893624e+08       13131.83  0.00010184747      4909.3022      1.2347     -1
    14     10      1056.5        1330   Coal      0     -1  1.5861005e+08       20783.73  0.00013103666      3815.7262      1.2656     -1
    14     11        1330      1674.4   Coal      0     -1  1.7985915e+08       25593.41  0.00014229696      3513.7785      1.2843     -1
    14     12      1674.4        2108   Coal      0     -1  1.9340174e+08       28074.27  0.00014516038      3444.4661      1.3423     -1
    14     13        2108      2653.8   Coal      0     -1  2.0599996e+08       26752.55  0.00012986677      3850.0995      1.3631     -1
    14     14      2653.8        3341   Coal      0     -1  2.2843495e+08       23739.96  0.00010392438      4811.1906      1.4771     -1
    14     15        3341      4206.1   Coal      0     -1   2.717077e+08        20776.1  7.6464892e-05      6538.9486      1.6708     -1
    14     16      4206.1      5295.2   Coal      0     -1  3.4989883e+08        17678.2  5.0523747e-05      9896.3364      1.8926     -1
    14     17      5295.2      6666.2   Coal      0     -1  4.8331202e+08       15923.72   3.294708e-05      15175.852      2.2352     -1
    14     18      6666.2      8392.3   Coal      0     -1  7.0334788e+08       15385.91  2.1875249e-05      22856.883       2.652     -1
    14     19      8392.3       10565   Coal      0     -1  1.0382103e+09       17782.59   1.712812e-05      29191.762      3.6255     -1
    14     20       10565       13301   Coal      0     -1  1.5253603e+09       22631.89  1.4837078e-05      33699.357      3.9149     -1
    14     21       13301       16745   Coal      0     -1  2.1807613e+09        33746.3   1.547455e-05      32311.117       4.609     -1
    14     22       16745       21081   Coal      0     -1    2.93501e+09       52945.11  1.8039158e-05       27717.48      6.2333     -1
    14     23       21081       26539   Coal      0     -1  3.6444139e+09       77731.44  2.1328927e-05      23442.342       7.588     -1
    14     24       26539       33411   Coal      0     -1  4.1031106e+09      105011.02  2.5593027e-05      19536.571      9.0725     -1
    14     25       33411       42063   Coal      0     -1  4.1682088e+09      124683.78  2.9913036e-05      16715.121      10.444     -1
    14     26       42063       52954   Coal      0     -1  3.8922521e+09      128345.62  3.2974642e-05      15163.167      13.144     -1
    14     27       52954       66665   Coal      0     -1   3.436408e+09      116003.62  3.3757231e-05      14811.641      16.585     -1
    14     28       66665       83927   Coal      0     -1  2.9431174e+09       92827.68  3.1540597e-05      15852.585       16.45     -1
    14     29       83927  1.0566e+05   Coal      0     -1  2.5509944e+09       67558.84  2.6483335e-05      18879.797      20.177     -1
    14     30  1.0566e+05  1.3302e+05   Coal      0     -1   2.293458e+09       48507.25  2.1150267e-05      23640.363      27.489     -1
    14     31  1.3302e+05       1e+99   Coal      0     -1  5.6597288e+09       99289.28  1.7543116e-05      28501.208      35.511     -1
    14     -1           0       1e+99  Delay     -1     -1   2.635486e+09              0              0              0           1     -1
    14     -1           0       1e+99   LogL     -1     -1              1      -34375168      -34375168              0           1     -1
    14     -1           0       1e+99 Recomb     -1     -1           6400  1.9200003e-05  3.0000005e-09              0           1     -1
    14     -1           0       1e+99 Resamp     -1     -1   2.635486e+09        2316070  0.00087880187              0           1     -1
    13      0           0         133   Coal      0     -1        8068778  0.00052965517   6.564255e-11  7.6170106e+09      1.0114     -1
    13      1         133      167.44   Coal      0     -1      4297221.5  0.00015828098   3.683333e-11  1.3574662e+10      1.0169     -1
    13      2      167.44      210.79   Coal      0     -1      6858044.5      3.0048629  4.3815155e-07      1141157.7      1.0226     -1
    13      3      210.79      265.37   Coal      0     -1       10869620      10.299416  9.4754155e-07      527681.35      1.0294     -1
    13      4      265.37      334.09   Coal      0     -1       17171318      28.083323  1.6354786e-06      305720.91      1.0645     -1
    13      5      334.09      420.59   Coal      0     -1       27222199      169.24325  6.2171042e-06      80423.294      1.0909     -1
    13      6      420.59       529.5   Coal      0     -1       42799524      725.65341  1.6954707e-05      29490.335      1.1216     -1
    13      7       529.5       666.6   Coal      0     -1       65595721      2427.8881  3.7012904e-05      13508.802       1.179     -1
    13      8       666.6       839.2   Coal      0     -1       95203107        6819.35   7.162949e-05      6980.3652       1.199     -1
    13      9       839.2      1056.5   Coal      0     -1  1.2844071e+08        13091.4  0.00010192563      4905.5375      1.2487     -1
    13     10      1056.5        1330   Coal      0     -1  1.5792045e+08       20741.19  0.00013133948      3806.9283      1.2837     -1
    13     11        1330      1674.4   Coal      0     -1  1.7941145e+08       25396.12   0.0001415524       3532.261      1.2937     -1
    13     12      1674.4        2108   Coal      0     -1  1.9298331e+08       28043.69  0.00014531666      3440.7617      1.3524     -1
    13     13        2108      2653.8   Coal      0     -1  2.0523881e+08       26706.32  0.00013012315      3842.5139      1.4205     -1
    13     14      2653.8        3341   Coal      0     -1  2.2770114e+08       23675.93  0.00010397809      4808.7053      1.4779     -1
    13     15        3341      4206.1   Coal      0     -1  2.7100432e+08       20606.87  7.6038898e-05      6575.5819      1.7564     -1
    13     16      4206.1      5295.2   Coal      0     -1  3.4939737e+08       17655.49  5.0531261e-05      9894.8648      1.8893     -1
    13     17      5295.2      6666.2   Coal      0     -1  4.8435018e+08       16009.47  3.3053503e-05       15126.99      2.2644     -1
    13     18      6666.2      8392.3   Coal      0     -1  7.0128196e+08       15429.21  2.2001436e-05      22725.789      2.9644     -1
    13     19      8392.3       10565   Coal      0     -1  1.0367109e+09       17863.94  1.7231362e-05      29016.859      3.5549     -1
    13     20       10565       13301   Coal      0     -1  1.5229013e+09       22881.29  1.5024802e-05       33278.31      4.2151     -1
    13     21       13301       16745   Coal      0     -1  2.1734664e+09       34016.82  1.5650953e-05      31946.937      5.1623     -1
    13     22       16745       21081   Coal      0     -1  2.9239148e+09       53142.81  1.8175225e-05      27509.976      6.2396     -1
    13     23       21081       26539   Coal      0     -1  3.6270562e+09       77618.39  2.1399831e-05      23364.671      7.3771     -1
    13     24       26539       33411   Coal      0     -1  4.0908123e+09      104447.57  2.5532233e-05       19583.09      9.0091     -1
    13     25       33411       42063   Coal      0     -1  4.1646694e+09      124163.77  2.9813596e-05      16770.872      10.255     -1
    13     26       42063       52954   Coal      0     -1  3.8989719e+09      127972.79  3.2822189e-05      15233.597        12.9     -1
    13     27       52954       66665   Coal      0     -1  3.4499055e+09      115693.01  3.3535125e-05       14909.74      15.161     -1
    13     28       66665       83927   Coal      0     -1  2.9716662e+09       93301.78  3.1397127e-05      15925.024      17.449     -1
    13     29       83927  1.0566e+05   Coal      0     -1  2.5700255e+09          68347    2.65939e-05      18801.304      20.513     -1
    13     30  1.0566e+05  1.3302e+05   Coal      0     -1  2.2940732e+09        49172.7  2.1434669e-05      23326.695      28.717     -1
    13     31  1.3302e+05       1e+99   Coal      0     -1  5.5111914e+09       98261.57  1.7829461e-05      28043.473      35.283     -1
    13     -1           0       1e+99  Delay     -1     -1   2.635486e+09              0              0              0           1     -1
    13     -1           0       1e+99   LogL     -1     -1              1      -34374860      -34374860              0           1     -1
    13     -1           0       1e+99 Recomb     -1     -1           6400  1.9200003e-05  3.0000005e-09              0           1     -1
    13     -1           0       1e+99 Resamp     -1     -1   2.635486e+09        2315987  0.00087877038              0           1     -1
    12      0           0         133   Coal      0     -1      8198389.4  7.7464765e-05  9.4487785e-12  5.2916893e+10       1.013     -1
    12      1         133      167.44   Coal      0     -1      4401712.8    0.050089856  1.1379628e-08       43938166      1.0155     -1
    12      2      167.44      210.79   Coal      0     -1      6944571.7      3.0934764  4.4545244e-07      1122454.3      1.0371     -1
    12      3      210.79      265.37   Coal      0     -1       10990138      8.8396841  8.0432876e-07      621636.35      1.0471     -1
    12      4      265.37      334.09   Coal      0     -1       17384644      41.557112  2.3904495e-06      209165.68      1.0442     -1
    12      5      334.09      420.59   Coal      0     -1       27317565      209.34193  7.6632717e-06      65246.283      1.1103     -1
    12      6      420.59       529.5   Coal      0     -1       42825868      765.08677  1.7865062e-05      27987.589      1.1278     -1
    12      7       529.5       666.6   Coal      0     -1       65252955      2467.1834  3.7809527e-05       13224.18      1.1918     -1
    12      8       666.6       839.2   Coal      0     -1       94910060        6774.26  7.1375574e-05      7005.1976      1.1931     -1
    12      9       839.2      1056.5   Coal      0     -1  1.2820435e+08       13001.07  0.00010140896      4930.5306      1.2375     -1
    12     10      1056.5        1330   Coal      0     -1   1.580212e+08       20480.26  0.00012960451      3857.8905      1.2475     -1
    12     11        1330      1674.4   Coal      0     -1  1.7994352e+08       25141.56  0.00013971917      3578.6069      1.3138     -1
    12     12      1674.4        2108   Coal      0     -1  1.9366853e+08       27889.48  0.00014400625      3472.0714      1.3587     -1
    12     13        2108      2653.8   Coal      0     -1  2.0643742e+08        26702.1  0.00012934719      3865.5653      1.3945     -1
    12     14      2653.8        3341   Coal      0     -1  2.2902764e+08       23903.82   0.0001043709      4790.6075      1.5102     -1
    12     15        3341      4206.1   Coal      0     -1  2.7234856e+08       20724.01  7.6093702e-05      6570.8461      1.6444     -1
    12     16      4206.1      5295.2   Coal      0     -1   3.516671e+08       17765.07  5.0516724e-05      9897.7122      1.9573     -1
    12     17      5295.2      6666.2   Coal      0     -1  4.8646189e+08       16231.97  3.3367403e-05      14984.684      2.3045     -1
    12     18      6666.2      8392.3   Coal      0     -1  7.0294054e+08       15610.24  2.2207056e-05      22515.366      3.0209     -1
    12     19      8392.3       10565   Coal      0     -1  1.0351417e+09       18085.75  1.7471763e-05      28617.605      3.6132     -1
    12     20       10565       13301   Coal      0     -1  1.5181985e+09       23083.15  1.5204303e-05      32885.427      4.2068     -1
    12     21       13301       16745   Coal      0     -1  2.1642295e+09       34189.77  1.5797664e-05       31650.25      5.0992     -1
    12     22       16745       21081   Coal      0     -1  2.9080402e+09       53183.32  1.8288371e-05      27339.777      6.3054     -1
    12     23       21081       26539   Coal      0     -1  3.6081458e+09       77534.18   2.148865e-05      23268.098      7.0445     -1
    12     24       26539       33411   Coal      0     -1  4.0719763e+09      104055.14  2.5553965e-05      19566.435      8.8222     -1
    12     25       33411       42063   Coal      0     -1  4.1603547e+09      123739.32  2.9742493e-05      16810.965      10.979     -1
    12     26       42063       52954   Coal      0     -1  3.9019978e+09      127461.71  3.2665756e-05      15306.549      13.459     -1
    12     27       52954       66665   Coal      0     -1  3.4689002e+09      115465.64  3.3285951e-05      15021.353      16.327     -1
    12     28       66665       83927   Coal      0     -1  2.9872178e+09       93406.33  3.1268671e-05      15990.446      16.719     -1
    12     29       83927  1.0566e+05   Coal      0     -1   2.586522e+09       69037.94  2.6691418e-05      18732.613      21.688     -1
    12     30  1.0566e+05  1.3302e+05   Coal      0     -1  2.2774647e+09       49521.83   2.174428e-05      22994.553      26.016     -1
    12     31  1.3302e+05       1e+99   Coal      0     -1  5.3717317e+09       97584.41  1.8166285e-05      27523.513      37.228     -1
    12     -1           0       1e+99  Delay     -1     -1   2.635486e+09              0              0              0           1     -1
    12     -1           0       1e+99   LogL     -1     -1              1      -34374993      -34374993              0           1     -1
    12     -1           0       1e+99 Recomb     -1     -1           6400  1.9200003e-05  3.0000005e-09              0           1     -1
    12     -1           0       1e+99 Resamp     -1     -1   2.635486e+09        2316466  0.00087895213              0           1     -1
    11      0           0         133   Coal      0     -1      8254047.2  0.00014392862  1.7437339e-11    2.86741e+10       1.011     -1
    11      1         133      167.44   Coal      0     -1      4406455.5      1.0083538  2.2883558e-07        2184975      1.0157     -1
    11      2      167.44      210.79   Coal      0     -1      6917878.3      1.0062345  1.4545421e-07        3437508      1.0246     -1
    11      3      210.79      265.37   Coal      0     -1       10958389      6.3328351  5.7789839e-07         865204      1.0379     -1
    11      4      265.37      334.09   Coal      0     -1       17302872      47.394964  2.7391385e-06      182539.14      1.0692     -1
    11      5      334.09      420.59   Coal      0     -1       27276381       222.9109  8.1723047e-06      61182.251      1.0899     -1
    11      6      420.59       529.5   Coal      0     -1       42593381      818.50063  1.9216615e-05       26019.15      1.1184     -1
    11      7       529.5       666.6   Coal      0     -1       64960550      2627.4762  4.0447259e-05      12361.777      1.1454     -1
    11      8       666.6       839.2   Coal      0     -1       94268705        6783.21  7.1956118e-05      6948.6795      1.1941     -1
    11      9       839.2      1056.5   Coal      0     -1  1.2759016e+08       12888.01    0.000101011      4949.9558      1.2527     -1
    11     10      1056.5        1330   Coal      0     -1  1.5726776e+08       20299.21  0.00012907419       3873.741      1.2633     -1
    11     11        1330      1674.4   Coal      0     -1  1.7997857e+08       24909.07   0.0001384002      3612.7116      1.3109     -1
    11     12      1674.4        2108   Coal      0     -1  1.9518978e+08       28223.68  0.00014459609      3457.9081      1.3523     -1
    11     13        2108      2653.8   Coal      0     -1  2.0744268e+08       26537.87  0.00012792869      3908.4275      1.3933     -1
    11     14      2653.8        3341   Coal      0     -1  2.3032504e+08       23896.46  0.00010375103      4819.2292      1.5112     -1
    11     15        3341      4206.1   Coal      0     -1  2.7329532e+08       20896.87  7.6462599e-05      6539.1447      1.7208     -1
    11     16      4206.1      5295.2   Coal      0     -1  3.5161397e+08       17784.18  5.0578708e-05      9885.5828      1.9391     -1
    11     17      5295.2      6666.2   Coal      0     -1   4.843326e+08       16263.79  3.3579796e-05      14889.906      2.2693     -1
    11     18      6666.2      8392.3   Coal      0     -1  7.0116082e+08       15686.35  2.2371972e-05      22349.393      2.6892     -1
    11     19      8392.3       10565   Coal      0     -1   1.034087e+09       18403.45   1.779681e-05      28094.922      3.6488     -1
    11     20       10565       13301   Coal      0     -1  1.5135937e+09       23431.22  1.5480522e-05      32298.653      4.2692     -1
    11     21       13301       16745   Coal      0     -1  2.1540953e+09       34505.23  1.6018432e-05      31214.041      5.1712     -1
    11     22       16745       21081   Coal      0     -1   2.893182e+09       53413.26   1.846177e-05      27082.994      6.6425     -1
    11     23       21081       26539   Coal      0     -1  3.5864863e+09       77551.98  2.1623387e-05      23123.112      7.0612     -1
    11     24       26539       33411   Coal      0     -1    4.05019e+09      103592.59  2.5577218e-05      19548.647      8.9223     -1
    11     25       33411       42063   Coal      0     -1  4.1459906e+09      122807.37  2.9620755e-05      16880.056      10.016     -1
    11     26       42063       52954   Coal      0     -1  3.9055028e+09      126775.56  3.2460753e-05      15403.217        12.2     -1
    11     27       52954       66665   Coal      0     -1  3.4776448e+09      115102.38  3.3097797e-05      15106.746      14.314     -1
    11     28       66665       83927   Coal      0     -1  3.0083151e+09       93850.43  3.1197008e-05      16027.178       18.06     -1
    11     29       83927  1.0566e+05   Coal      0     -1  2.5979704e+09       69665.64  2.6815409e-05      18645.996      23.066     -1
    11     30  1.0566e+05  1.3302e+05   Coal      0     -1  2.2696037e+09       50167.37  2.2104021e-05      22620.318      27.998     -1
    11     31  1.3302e+05       1e+99   Coal      0     -1  5.1832332e+09       96162.76  1.8552659e-05      26950.314      35.466     -1
    11     -1           0       1e+99  Delay     -1     -1   2.635486e+09              0              0              0           1     -1
    11     -1           0       1e+99   LogL     -1     -1              1      -34375114      -34375114              0           1     -1
    11     -1           0       1e+99 Recomb     -1     -1           6400  1.9200003e-05  3.0000005e-09              0           1     -1
    11     -1           0       1e+99 Resamp     -1     -1   2.635486e+09        2314850  0.00087833896              0           1     -1
    10      0           0         133   Coal      0     -1      8108686.7  0.00024556527  3.0284222e-11  1.6510248e+10      1.0108     -1
    10      1         133      167.44   Coal      0     -1      4345627.8      1.0041391  2.3106882e-07      2163857.5      1.0153     -1
    10      2      167.44      210.79   Coal      0     -1      6881652.3      2.3137852  3.3622524e-07      1487098.4      1.0288     -1
    10      3      210.79      265.37   Coal      0     -1       10921435      8.2399585  7.5447581e-07      662711.77      1.0355     -1
    10      4      265.37      334.09   Coal      0     -1       17289169      58.978982  3.4113254e-06       146570.6      1.0519     -1
    10      5      334.09      420.59   Coal      0     -1       27329405      299.93567  1.0974834e-05      45558.778      1.0689     -1
    10      6      420.59       529.5   Coal      0     -1       42623732      985.19036  2.3113658e-05      21632.231      1.0872     -1
    10      7       529.5       666.6   Coal      0     -1       65056382      2630.8855  4.0440084e-05       12363.97       1.131     -1
    10      8       666.6       839.2   Coal      0     -1       94350402        6967.77  7.3849924e-05      6770.4877      1.1899     -1
    10      9       839.2      1056.5   Coal      0     -1  1.2685402e+08       12961.03   0.0001021728      4893.6704      1.2519     -1
    10     10      1056.5        1330   Coal      0     -1  1.5705061e+08       19944.84  0.00012699626      3937.1238      1.2636     -1
    10     11        1330      1674.4   Coal      0     -1  1.8074307e+08       24487.53  0.00013548254      3690.5125      1.3106     -1
    10     12      1674.4        2108   Coal      0     -1  1.9518833e+08       28079.09  0.00014385639      3475.6884      1.3438     -1
    10     13        2108      2653.8   Coal      0     -1  2.0796993e+08       26488.47  0.00012736683       3925.669      1.4144     -1
    10     14      2653.8        3341   Coal      0     -1  2.3074795e+08       23803.08  0.00010315619      4847.0187      1.4926     -1
    10     15        3341      4206.1   Coal      0     -1  2.7374753e+08       20989.27  7.6673825e-05      6521.1302       1.707     -1
    10     16      4206.1      5295.2   Coal      0     -1    3.51784e+08       17729.55  5.0398966e-05      9920.8384      1.9753     -1
    10     17      5295.2      6666.2   Coal      0     -1  4.8595054e+08       16495.57  3.3944956e-05      14729.729      2.3244     -1
    10     18      6666.2      8392.3   Coal      0     -1   7.008555e+08       15866.65  2.2638975e-05      22085.806      3.1177     -1
    10     19      8392.3       10565   Coal      0     -1  1.0337089e+09       18674.19  1.8065231e-05      27677.476       3.695     -1
    10     20       10565       13301   Coal      0     -1  1.5083187e+09       23869.09  1.5824964e-05      31595.648      4.0042     -1
    10     21       13301       16745   Coal      0     -1  2.1435867e+09       34923.56  1.6292115e-05      30689.693      5.0865     -1
    10     22       16745       21081   Coal      0     -1  2.8718602e+09       53484.07  1.8623493e-05       26847.81      5.5159     -1
    10     23       21081       26539   Coal      0     -1  3.5610916e+09       77554.06   2.177817e-05       22958.77      7.2283     -1
    10     24       26539       33411   Coal      0     -1  4.0258411e+09      103112.06  2.5612551e-05      19521.679      9.2042     -1
    10     25       33411       42063   Coal      0     -1  4.1269473e+09      121900.42  2.9537673e-05      16927.535       9.518     -1
    10     26       42063       52954   Coal      0     -1  3.9082867e+09         125830  3.2195693e-05      15530.027      13.542     -1
    10     27       52954       66665   Coal      0     -1  3.4946001e+09      114732.07  3.2831244e-05      15229.395      14.754     -1
    10     28       66665       83927   Coal      0     -1  3.0297512e+09       94136.61  3.1070739e-05      16092.311      18.168     -1
    10     29       83927  1.0566e+05   Coal      0     -1  2.6093501e+09       70394.56  2.6977814e-05      18533.748       22.24     -1
    10     30  1.0566e+05  1.3302e+05   Coal      0     -1  2.2573427e+09       50761.19  2.2487144e-05      22234.927      26.759     -1
    10     31  1.3302e+05       1e+99   Coal      0     -1  4.9607971e+09       94285.36  1.9006091e-05      26307.356      28.484     -1
    10     -1           0       1e+99  Delay     -1     -1   2.635486e+09              0              0              0           1     -1
    10     -1           0       1e+99   LogL     -1     -1              1      -34375627      -34375627              0           1     -1
    10     -1           0       1e+99 Recomb     -1     -1           6400  1.9200003e-05  3.0000005e-09              0           1     -1
    10     -1           0       1e+99 Resamp     -1     -1   2.635486e+09        2316020   0.0008787829              0           1     -1
     9      0           0         133   Coal      0     -1      8334832.3  7.8879667e-05  9.4638576e-12  5.2832578e+10      1.0113     -1
     9      1         133      167.44   Coal      0     -1      4438092.2      2.0008943  4.5084559e-07      1109027.1      1.0161     -1
     9      2      167.44      210.79   Coal      0     -1      7023103.4      3.9958296  5.6895497e-07      878804.17      1.0287     -1
     9      3      210.79      265.37   Coal      0     -1       11109648      9.7849029  8.8075724e-07      567693.32      1.0309     -1
     9      4      265.37      334.09   Coal      0     -1       17526566      70.597222  4.0280122e-06      124130.71      1.0505     -1
     9      5      334.09      420.59   Coal      0     -1       27581933      330.74636  1.1991414e-05      41696.502      1.0767     -1
     9      6      420.59       529.5   Coal      0     -1       42820325      1113.8279  2.6011664e-05      19222.146       1.097     -1
     9      7       529.5       666.6   Coal      0     -1       64810504      2770.8891  4.2753703e-05      11694.893       1.171     -1
     9      8       666.6       839.2   Coal      0     -1       93643862        7207.93  7.6971729e-05      6495.8915      1.1841     -1
     9      9       839.2      1056.5   Coal      0     -1  1.2626323e+08       12916.82  0.00010230072      4887.5509      1.2262     -1
     9     10      1056.5        1330   Coal      0     -1  1.5649617e+08       19951.03  0.00012748574      3922.0074      1.2632     -1
     9     11        1330      1674.4   Coal      0     -1  1.8045301e+08       24149.79  0.00013382869      3736.1197      1.2952     -1
     9     12      1674.4        2108   Coal      0     -1  1.9654408e+08       27943.89   0.0001421762      3516.7631      1.3126     -1
     9     13        2108      2653.8   Coal      0     -1  2.1011385e+08       26609.59  0.00012664368       3948.085      1.3814     -1
     9     14      2653.8        3341   Coal      0     -1  2.3309343e+08       23829.75  0.00010223261      4890.8072      1.4829     -1
     9     15        3341      4206.1   Coal      0     -1  2.7591064e+08        21194.2  7.6815451e-05      6509.1071      1.6722     -1
     9     16      4206.1      5295.2   Coal      0     -1   3.544798e+08       18010.62  5.0808594e-05      9840.8549      1.9833     -1
     9     17      5295.2      6666.2   Coal      0     -1  4.8768891e+08       16742.02  3.4329302e-05      14564.817      2.3107     -1
     9     18      6666.2      8392.3   Coal      0     -1  7.0364431e+08       16170.55  2.2981142e-05      21756.969      2.8073     -1
     9     19      8392.3       10565   Coal      0     -1  1.0299854e+09       18953.56  1.8401776e-05      27171.291       3.362     -1
     9     20       10565       13301   Coal      0     -1  1.5010866e+09        24301.6  1.6189339e-05      30884.523      4.1731     -1
     9     21       13301       16745   Coal      0     -1  2.1253862e+09       35297.31   1.660748e-05      30106.915      5.1271     -1
     9     22       16745       21081   Coal      0     -1  2.8444467e+09       53878.83  1.8941761e-05      26396.701      6.0997     -1
     9     23       21081       26539   Coal      0     -1  3.5219443e+09       77430.75  2.1985228e-05      22742.543      7.3081     -1
     9     24       26539       33411   Coal      0     -1  3.9912946e+09      102485.22  2.5677188e-05      19472.538      9.1627     -1
     9     25       33411       42063   Coal      0     -1  4.1095921e+09      120829.02  2.9401706e-05      17005.816      10.291     -1
     9     26       42063       52954   Coal      0     -1  3.9045023e+09      124948.17  3.2001049e-05      15624.488      13.294     -1
     9     27       52954       66665   Coal      0     -1  3.5111822e+09      114482.01  3.2604976e-05      15335.083      14.575     -1
     9     28       66665       83927   Coal      0     -1  3.0492397e+09       94700.49  3.1057083e-05      16099.387      19.052     -1
     9     29       83927  1.0566e+05   Coal      0     -1  2.6025575e+09       70778.12  2.7195603e-05      18385.325      20.105     -1
     9     30  1.0566e+05  1.3302e+05   Coal      0     -1  2.2424165e+09       51378.33  2.2912037e-05       21822.59      27.204     -1
     9     31  1.3302e+05       1e+99   Coal      0     -1  4.7626933e+09       93195.61  1.9567838e-05      25552.133      34.466     -1
     9     -1           0       1e+99  Delay     -1     -1   2.635486e+09              0              0              0           1     -1
     9     -1           0       1e+99   LogL     -1     -1              1      -34376272      -34376272              0           1     -1
     9     -1           0       1e+99 Recomb     -1     -1           6400  1.9200003e-05  3.0000005e-09              0           1     -1
     9     -1           0       1e+99 Resamp     -1     -1   2.635486e+09        2315987  0.00087877038              0           1     -1
     8      0           0         133   Coal      0     -1      8207424.7  3.4858653e-05  4.2472096e-12  1.1772435e+11      1.0102     -1
     8      1         133      167.44   Coal      0     -1      4351589.2      1.0092126  2.3191818e-07      2155932.8      1.0171     -1
     8      2      167.44      210.79   Coal      0     -1      6921154.7      1.0020358  1.4477871e-07      3453546.5      1.0202     -1
     8      3      210.79      265.37   Coal      0     -1       10979939      21.553023  1.9629456e-06      254719.23      1.0312     -1
     8      4      265.37      334.09   Coal      0     -1       17381669      77.936003  4.4838043e-06      111512.45      1.0556     -1
     8      5      334.09      420.59   Coal      0     -1       27371282      388.74001  1.4202477e-05      35205.126       1.082     -1
     8      6      420.59       529.5   Coal      0     -1       42494036      1198.3521  2.8200478e-05      17730.196      1.0861     -1
     8      7       529.5       666.6   Coal      0     -1       64250650      2892.3683  4.5016949e-05      11106.928      1.1649     -1
     8      8       666.6       839.2   Coal      0     -1       92774025        7322.79  7.8931468e-05      6334.6092       1.191     -1
     8      9       839.2      1056.5   Coal      0     -1    1.24611e+08       12722.73  0.00010209957      4897.1801      1.2483     -1
     8     10      1056.5        1330   Coal      0     -1  1.5483428e+08        19508.1  0.00012599342      3968.4613      1.2626     -1
     8     11        1330      1674.4   Coal      0     -1  1.7891845e+08        23634.4  0.00013209594      3785.1277      1.3028     -1
     8     12      1674.4        2108   Coal      0     -1  1.9670245e+08       27212.71  0.00013834454       3614.165       1.352     -1
     8     13        2108      2653.8   Coal      0     -1   2.122191e+08       26251.98  0.00012370225      4041.9636      1.3777     -1
     8     14      2653.8        3341   Coal      0     -1  2.3598784e+08       23794.74  0.00010083036      4958.8237       1.492     -1
     8     15        3341      4206.1   Coal      0     -1  2.8003757e+08       21518.02   7.683976e-05      6507.0479      1.6569     -1
     8     16      4206.1      5295.2   Coal      0     -1  3.5791329e+08       18174.99  5.0780427e-05      9846.3133      1.9975     -1
     8     17      5295.2      6666.2   Coal      0     -1  4.9103286e+08       17094.02  3.4812375e-05      14362.709      2.3371     -1
     8     18      6666.2      8392.3   Coal      0     -1   7.038189e+08        16609.7  2.3599395e-05      21186.984      2.6845     -1
     8     19      8392.3       10565   Coal      0     -1  1.0271131e+09       19420.37  1.8907723e-05       26444.22      3.5095     -1
     8     20       10565       13301   Coal      0     -1  1.4893259e+09       24847.53  1.6683743e-05      29969.294      3.8119     -1
     8     21       13301       16745   Coal      0     -1   2.106789e+09        35880.7  1.7030989e-05      29358.249      5.0967     -1
     8     22       16745       21081   Coal      0     -1   2.816536e+09       54333.38  1.9290852e-05      25919.021      6.0715     -1
     8     23       21081       26539   Coal      0     -1  3.4874923e+09          77389  2.2190443e-05      22532.222      7.2369     -1
     8     24       26539       33411   Coal      0     -1   3.952321e+09      101908.42  2.5784449e-05      19391.533      8.7421     -1
     8     25       33411       42063   Coal      0     -1  4.0766687e+09      119561.91  2.9328336e-05      17048.359      10.466     -1
     8     26       42063       52954   Coal      0     -1  3.8962694e+09      123741.32  3.1758923e-05      15743.607      12.487     -1
     8     27       52954       66665   Coal      0     -1  3.5290405e+09      114046.26  3.2316506e-05       15471.97      16.159     -1
     8     28       66665       83927   Coal      0     -1  3.0652826e+09       94807.91  3.0929582e-05      16165.754      17.881     -1
     8     29       83927  1.0566e+05   Coal      0     -1    2.61901e+09       71683.57  2.7370484e-05      18267.854      20.789     -1
     8     30  1.0566e+05  1.3302e+05   Coal      0     -1  2.2194408e+09       51963.53  2.3412893e-05      21355.755      24.637     -1
     8     31  1.3302e+05       1e+99   Coal      0     -1  4.5260517e+09       91336.69  2.0180214e-05      24776.745      32.527     -1
     8     -1           0       1e+99  Delay     -1     -1   2.635486e+09              0              0              0           1     -1
     8     -1           0       1e+99   LogL     -1     -1              1      -34376394      -34376394              0           1     -1
     8     -1           0       1e+99 Recomb     -1     -1           6400  1.9200003e-05  3.0000005e-09              0           1     -1
     8     -1           0       1e+99 Resamp     -1     -1   2.635486e+09        2315939  0.00087875216              0           1     -1
     7      0           0         133   Coal      0     -1      8327721.1   0.0023935395  2.8741831e-10  1.7396248e+09      1.0108     -1
     7      1         133      167.44   Coal      0     -1      4403731.5      3.0059883  6.8260027e-07      732493.12      1.0145     -1
     7      2      167.44      210.79   Coal      0     -1      6977422.7      2.0185113  2.8929182e-07      1728358.6      1.0214     -1
     7      3      210.79      265.37   Coal      0     -1       11031131      27.572809   2.499545e-06      200036.41      1.0465     -1
     7      4      265.37      334.09   Coal      0     -1       17426244       90.02617   5.166126e-06      96784.322      1.0438     -1
     7      5      334.09      420.59   Coal      0     -1       27349782      459.68268  1.6807545e-05      29748.545      1.0605     -1
     7      6      420.59       529.5   Coal      0     -1       42270835        1303.96  3.0847747e-05      16208.639      1.1168     -1
     7      7       529.5       666.6   Coal      0     -1       64070208        3039.64  4.7442331e-05      10539.111      1.1465     -1
     7      8       666.6       839.2   Coal      0     -1       91948425        7450.86  8.1033036e-05      6170.3229      1.1685     -1
     7      9       839.2      1056.5   Coal      0     -1  1.2367801e+08       12536.16  0.00010136127      4932.8506      1.2476     -1
     7     10      1056.5        1330   Coal      0     -1  1.5340674e+08       19391.56  0.00012640618      3955.5028      1.2843     -1
     7     11        1330      1674.4   Coal      0     -1  1.7863848e+08       23141.66  0.00012954465       3859.673      1.2752     -1
     7     12      1674.4        2108   Coal      0     -1  1.9716107e+08       26760.72  0.00013573024      3683.7774      1.3458     -1
     7     13        2108      2653.8   Coal      0     -1  2.1357818e+08       26111.08  0.00012225537      4089.7998      1.4103     -1
     7     14      2653.8        3341   Coal      0     -1  2.3827043e+08        23777.8  9.9793329e-05      5010.3549      1.4966     -1
     7     15        3341      4206.1   Coal      0     -1  2.8157152e+08       21499.63  7.6355839e-05      6548.2877        1.64     -1
     7     16      4206.1      5295.2   Coal      0     -1  3.5950935e+08        18275.5  5.0834561e-05      9835.8281      1.9384     -1
     7     17      5295.2      6666.2   Coal      0     -1  4.9132056e+08       17354.21  3.5321563e-05      14155.659      2.2426     -1
     7     18      6666.2      8392.3   Coal      0     -1  7.0164404e+08       17233.15  2.4561101e-05      20357.394      2.7314     -1
     7     19      8392.3       10565   Coal      0     -1  1.0198275e+09       19998.11  1.9609307e-05      25498.096      3.4799     -1
     7     20       10565       13301   Coal      0     -1  1.4770032e+09       25556.82  1.7303158e-05      28896.459      4.0357     -1
     7     21       13301       16745   Coal      0     -1    2.08054e+09       36554.83  1.7569876e-05      28457.799      4.9877     -1
     7     22       16745       21081   Coal      0     -1  2.7761052e+09       54705.55  1.9705864e-05      25373.159      6.0583     -1
     7     23       21081       26539   Coal      0     -1  3.4343541e+09       77251.08  2.2493627e-05      22228.519      7.1053     -1
     7     24       26539       33411   Coal      0     -1  3.8964271e+09      100962.54  2.5911569e-05        19296.4      9.2105     -1
     7     25       33411       42063   Coal      0     -1   4.034942e+09      118258.45  2.9308587e-05      17059.846      10.102     -1
     7     26       42063       52954   Coal      0     -1  3.8777406e+09      122348.63  3.1551525e-05      15847.094      12.403     -1
     7     27       52954       66665   Coal      0     -1   3.527289e+09      113409.14  3.2151928e-05      15551.167      15.456     -1
     7     28       66665       83927   Coal      0     -1  3.0763054e+09        94926.4  3.0857274e-05      16203.635      18.269     -1
     7     29       83927  1.0566e+05   Coal      0     -1  2.6238578e+09       72466.96  2.7618479e-05      18103.821      22.269     -1
     7     30  1.0566e+05  1.3302e+05   Coal      0     -1  2.1931875e+09          52622  2.3993388e-05      20839.074      26.203     -1
     7     31  1.3302e+05       1e+99   Coal      0     -1  4.2638593e+09       89082.37  2.0892427e-05      23932.116      34.248     -1
     7     -1           0       1e+99  Delay     -1     -1   2.635486e+09              0              0              0           1     -1
     7     -1           0       1e+99   LogL     -1     -1              1      -34376389      -34376389              0           1     -1
     7     -1           0       1e+99 Recomb     -1     -1           6400  1.9200003e-05  3.0000005e-09              0           1     -1
     7     -1           0       1e+99 Resamp     -1     -1   2.635486e+09        2315739  0.00087867628              0           1     -1
     6      0           0         133   Coal      0     -1      8261408.3   0.0006479769  7.8434194e-11  6.3747707e+09      1.0118     -1
     6      1         133      167.44   Coal      0     -1      4366334.8      3.0606562   7.009669e-07      713300.44      1.0142     -1
     6      2      167.44      210.79   Coal      0     -1        6931098      4.9736998   7.175919e-07      696774.87      1.0252     -1
     6      3      210.79      265.37   Coal      0     -1       11002309      38.869119  3.5328147e-06      141530.21      1.0378     -1
     6      4      265.37      334.09   Coal      0     -1       17349916      127.38387  7.3420453e-06      68100.914      1.0459     -1
     6      5      334.09      420.59   Coal      0     -1       27115266      556.13073  2.0509875e-05        24378.5      1.0696     -1
     6      6      420.59       529.5   Coal      0     -1       41931845      1378.8297  3.2882639e-05      15205.592      1.1005     -1
     6      7       529.5       666.6   Coal      0     -1       63287212      3188.1116  5.0375289e-05      9925.5013      1.1787     -1
     6      8       666.6       839.2   Coal      0     -1       90869666        7454.41  8.2034086e-05      6095.0274      1.1996     -1
     6      9       839.2      1056.5   Coal      0     -1  1.2215413e+08       12236.54  0.00010017295      4991.3674      1.2262     -1
     6     10      1056.5        1330   Coal      0     -1   1.530961e+08       18798.83  0.00012279105      4071.9581      1.2462     -1
     6     11        1330      1674.4   Coal      0     -1   1.795994e+08       22594.44  0.00012580465      3974.4158      1.2998     -1
     6     12      1674.4        2108   Coal      0     -1  2.0022427e+08       26172.51  0.00013071597      3825.0872      1.3608     -1
     6     13        2108      2653.8   Coal      0     -1  2.1792135e+08       26095.46  0.00011974715      4175.4648      1.4087     -1
     6     14      2653.8        3341   Coal      0     -1  2.4398088e+08        23828.2   9.766421e-05      5119.5827       1.513     -1
     6     15        3341      4206.1   Coal      0     -1  2.8855766e+08       21823.12  7.5628282e-05      6611.2833      1.6562     -1
     6     16      4206.1      5295.2   Coal      0     -1  3.6562234e+08       18979.36  5.1909739e-05       9632.104      1.8574     -1
     6     17      5295.2      6666.2   Coal      0     -1  4.9654663e+08        17825.8  3.5899549e-05      13927.752      2.2142     -1
     6     18      6666.2      8392.3   Coal      0     -1  7.0398899e+08       18095.82  2.5704692e-05      19451.702      2.6817     -1
     6     19      8392.3       10565   Coal      0     -1  1.0159307e+09       20738.74  2.0413538e-05      24493.549      3.3411     -1
     6     20       10565       13301   Coal      0     -1  1.4631131e+09       26466.76  1.8089346e-05      27640.579      4.0421     -1
     6     21       13301       16745   Coal      0     -1  2.0545824e+09       37542.35  1.8272496e-05       27363.53      5.2152     -1
     6     22       16745       21081   Coal      0     -1  2.7283537e+09       55208.65  2.0235151e-05      24709.477      6.1229     -1
     6     23       21081       26539   Coal      0     -1  3.3710958e+09        77304.7  2.2931623e-05      21803.951      7.3119     -1
     6     24       26539       33411   Coal      0     -1  3.8261173e+09       99838.89  2.6094048e-05      19161.458      8.9559     -1
     6     25       33411       42063   Coal      0     -1   3.983933e+09      116612.96  2.9270814e-05      17081.862      10.041     -1
     6     26       42063       52954   Coal      0     -1   3.851615e+09      120993.97  3.1413828e-05      15916.558      12.752     -1
     6     27       52954       66665   Coal      0     -1  3.5234548e+09      112663.86  3.1975395e-05      15637.023      16.045     -1
     6     28       66665       83927   Coal      0     -1  3.0771767e+09       94808.42  3.0810197e-05      16228.393      17.158     -1
     6     29       83927  1.0566e+05   Coal      0     -1  2.6122117e+09       72966.89  2.7932993e-05       17899.98      21.317     -1
     6     30  1.0566e+05  1.3302e+05   Coal      0     -1  2.1601313e+09       53228.08  2.4641132e-05      20291.275      27.621     -1
     6     31  1.3302e+05       1e+99   Coal      0     -1  3.9848133e+09       86427.77   2.168929e-05      23052.853       27.68     -1
     6     -1           0       1e+99  Delay     -1     -1   2.635486e+09              0              0              0           1     -1
     6     -1           0       1e+99   LogL     -1     -1              1      -34377742      -34377742              0           1     -1
     6     -1           0       1e+99 Recomb     -1     -1           6400  1.9200003e-05  3.0000005e-09              0           1     -1
     6     -1           0       1e+99 Resamp     -1     -1   2.635486e+09        2314908  0.00087836097              0           1     -1
     5      0           0         133   Coal      0     -1      8259693.4      1.0096379  1.2223673e-07      4090423.7      1.0109     -1
     5      1         133      167.44   Coal      0     -1      4413953.7       4.056084  9.1892311e-07      544115.17      1.0201     -1
     5      2      167.44      210.79   Coal      0     -1      6969823.4      12.697169  1.8217347e-06      274463.68      1.0254     -1
     5      3      210.79      265.37   Coal      0     -1       11001605      51.195972  4.6535003e-06         107446      1.0393     -1
     5      4      265.37      334.09   Coal      0     -1       17315000      187.66258  1.0838151e-05      46133.331      1.0563     -1
     5      5      334.09      420.59   Coal      0     -1       27149253      676.84367  2.4930471e-05      20055.778        1.07     -1
     5      6      420.59       529.5   Coal      0     -1       41810501      1581.2616  3.7819725e-05      13220.615      1.0772     -1
     5      7       529.5       666.6   Coal      0     -1       62755710        3289.66  5.2420091e-05      9538.3276      1.1683     -1
     5      8       666.6       839.2   Coal      0     -1       89945860        7389.94  8.2159868e-05      6085.6963      1.1801     -1
     5      9       839.2      1056.5   Coal      0     -1  1.2137775e+08       12123.46  9.9882065e-05      5005.9037      1.2348     -1
     5     10      1056.5        1330   Coal      0     -1  1.5263857e+08       18172.59  0.00011905634      4199.6923      1.2798     -1
     5     11        1330      1674.4   Coal      0     -1   1.804111e+08       22001.39  0.00012195142      4099.9932      1.2907     -1
     5     12      1674.4        2108   Coal      0     -1  2.0224384e+08       25366.13   0.0001254235      3986.4938      1.3205     -1
     5     13        2108      2653.8   Coal      0     -1   2.221419e+08       25928.87   0.0001167221      4283.6789      1.4334     -1
     5     14      2653.8        3341   Coal      0     -1  2.4835867e+08       23626.11  9.5128992e-05      5256.0212       1.503     -1
     5     15        3341      4206.1   Coal      0     -1  2.9366927e+08       21981.58  7.4851482e-05      6679.8944      1.6524     -1
     5     16      4206.1      5295.2   Coal      0     -1  3.7113495e+08       19535.27  5.2636568e-05      9499.0996      1.9666     -1
     5     17      5295.2      6666.2   Coal      0     -1  5.0000567e+08       18556.44  3.7112459e-05      13472.565      2.2437     -1
     5     18      6666.2      8392.3   Coal      0     -1  7.0298961e+08       19145.46  2.7234343e-05      18359.173      2.7449     -1
     5     19      8392.3       10565   Coal      0     -1  1.0081794e+09       21729.03  2.1552741e-05      23198.905      3.6425     -1
     5     20       10565       13301   Coal      0     -1  1.4441088e+09       27782.02  1.9238176e-05       25989.99      4.2441     -1
     5     21       13301       16745   Coal      0     -1  2.0126566e+09        38576.6  1.9167006e-05      26086.495      4.8226     -1
     5     22       16745       21081   Coal      0     -1  2.6662707e+09       55779.83  2.0920543e-05      23899.953      6.0755     -1
     5     23       21081       26539   Coal      0     -1  3.2920198e+09       77284.46  2.3476305e-05      21298.071      7.1019     -1
     5     24       26539       33411   Coal      0     -1  3.7427411e+09       98938.29  2.6434714e-05      18914.523       8.651     -1
     5     25       33411       42063   Coal      0     -1   3.912746e+09      114872.93  2.9358648e-05      17030.757       10.65     -1
     5     26       42063       52954   Coal      0     -1  3.8114389e+09      119352.59  3.1314313e-05       15967.14      13.203     -1
     5     27       52954       66665   Coal      0     -1   3.505751e+09         111690   3.185908e-05      15694.113      15.816     -1
     5     28       66665       83927   Coal      0     -1   3.076714e+09       94925.75  3.0852965e-05      16205.898      18.581     -1
     5     29       83927  1.0566e+05   Coal      0     -1  2.5938003e+09       73521.18  2.8344965e-05      17639.817       22.38     -1
     5     30  1.0566e+05  1.3302e+05   Coal      0     -1  2.1039023e+09       53448.93  2.5404664e-05      19681.426      24.929     -1
     5     31  1.3302e+05       1e+99   Coal      0     -1  3.6468824e+09       82950.12  2.2745488e-05      21982.382      30.918     -1
     5     -1           0       1e+99  Delay     -1     -1   2.635486e+09              0              0              0           1     -1
     5     -1           0       1e+99   LogL     -1     -1              1      -34379146      -34379146              0           1     -1
     5     -1           0       1e+99 Recomb     -1     -1           6400  1.9200003e-05  3.0000005e-09              0           1     -1
     5     -1           0       1e+99 Resamp     -1     -1   2.635486e+09        2315636   0.0008786372              0           1     -1
     4      0           0         133   Coal      0     -1        8319257      2.0290659  2.4389989e-07      2050021.4      1.0107     -1
     4      1         133      167.44   Coal      0     -1      4455511.7       6.179841  1.3870104e-06      360487.57      1.0178     -1
     4      2      167.44      210.79   Coal      0     -1      7017537.2      22.823388  3.2523359e-06      153735.66      1.0214     -1
     4      3      210.79      265.37   Coal      0     -1       11079536      76.235491  6.8807478e-06      72666.521      1.0377     -1
     4      4      265.37      334.09   Coal      0     -1       17407316      283.90726  1.6309652e-05      30656.693      1.0484     -1
     4      5      334.09      420.59   Coal      0     -1       27150565      759.51751   2.797428e-05      17873.561      1.0647     -1
     4      6      420.59       529.5   Coal      0     -1       41557179      1798.7682  4.3284174e-05      11551.566      1.1032     -1
     4      7       529.5       666.6   Coal      0     -1       62171982      3531.5407  5.6802769e-05      8802.3878      1.1284     -1
     4      8       666.6       839.2   Coal      0     -1       89075767        7358.84  8.2613265e-05      6052.2968      1.1805     -1
     4      9       839.2      1056.5   Coal      0     -1  1.2022248e+08       11828.44  9.8387923e-05      5081.9245      1.1992     -1
     4     10      1056.5        1330   Coal      0     -1  1.5145503e+08        17364.3  0.00011464987      4361.1038      1.2821     -1
     4     11        1330      1674.4   Coal      0     -1  1.8066461e+08       21160.27   0.0001171246      4268.9581        1.29     -1
     4     12      1674.4        2108   Coal      0     -1  2.0592173e+08       24495.39  0.00011895486      4203.2751      1.3388     -1
     4     13        2108      2653.8   Coal      0     -1  2.2790053e+08       25232.65  0.00011071782      4515.9848      1.4295     -1
     4     14      2653.8        3341   Coal      0     -1  2.5799418e+08       23472.66  9.0981355e-05      5495.6315      1.5472     -1
     4     15        3341      4206.1   Coal      0     -1  3.0467749e+08       22184.65   7.281355e-05      6866.8538      1.7117     -1
     4     16      4206.1      5295.2   Coal      0     -1  3.8239514e+08       20157.31  5.2713301e-05      9485.2721      1.9419     -1
     4     17      5295.2      6666.2   Coal      0     -1  5.0812592e+08       19489.57  3.8355788e-05      13035.842      2.2599     -1
     4     18      6666.2      8392.3   Coal      0     -1  7.0519501e+08       20220.51  2.8673643e-05      17437.617      2.6462     -1
     4     19      8392.3       10565   Coal      0     -1  1.0018834e+09       23061.58  2.3018228e-05      21721.915      3.3135     -1
     4     20       10565       13301   Coal      0     -1   1.419018e+09        29202.3  2.0579232e-05      24296.339      3.9993     -1
     4     21       13301       16745   Coal      0     -1  1.9678974e+09       40012.31  2.0332518e-05       24591.15      5.1834     -1
     4     22       16745       21081   Coal      0     -1  2.5949186e+09       56835.41  2.1902579e-05      22828.362      6.0019     -1
     4     23       21081       26539   Coal      0     -1   3.197218e+09       77244.12  2.4159792e-05      20695.543       6.715     -1
     4     24       26539       33411   Coal      0     -1  3.6380061e+09       97884.64  2.6906123e-05      18583.131      8.5867     -1
     4     25       33411       42063   Coal      0     -1  3.8237976e+09      112882.77  2.9521115e-05       16937.03      10.818     -1
     4     26       42063       52954   Coal      0     -1   3.747358e+09      117195.55   3.127418e-05      15987.629      12.625     -1
     4     27       52954       66665   Coal      0     -1  3.4630864e+09      110149.72  3.1806806e-05      15719.906       13.71     -1
     4     28       66665       83927   Coal      0     -1  3.0476215e+09       94400.39  3.0975103e-05      16141.996      18.119     -1
     4     29       83927  1.0566e+05   Coal      0     -1   2.552344e+09        73654.5  2.8857592e-05      17326.463      20.761     -1
     4     30  1.0566e+05  1.3302e+05   Coal      0     -1  2.0389435e+09       53549.58  2.6263396e-05      19037.904       24.83     -1
     4     31  1.3302e+05       1e+99   Coal      0     -1  3.3088088e+09       79161.52  2.3924477e-05      20899.098      31.059     -1
     4     -1           0       1e+99  Delay     -1     -1   2.635486e+09              0              0              0           1     -1
     4     -1           0       1e+99   LogL     -1     -1              1      -34380513      -34380513              0           1     -1
     4     -1           0       1e+99 Recomb     -1     -1           6400  1.9200003e-05  3.0000005e-09              0           1     -1
     4     -1           0       1e+99 Resamp     -1     -1   2.635486e+09        2317019  0.00087916196              0           1     -1
     3      0           0         133   Coal      0     -1      8213158.8      7.0748619  8.6140571e-07      580446.58      1.0098     -1
     3      1         133      167.44   Coal      0     -1      4390896.3      18.963252  4.3187656e-06      115773.82      1.0206     -1
     3      2      167.44      210.79   Coal      0     -1      6940882.5      43.492973  6.2662023e-06      79793.147      1.0176     -1
     3      3      210.79      265.37   Coal      0     -1       10953845      123.88768  1.1309972e-05      44208.775      1.0332     -1
     3      4      265.37      334.09   Coal      0     -1       17189366      340.06503  1.9783454e-05      25273.646      1.0559     -1
     3      5      334.09      420.59   Coal      0     -1       26715615      926.47985  3.4679339e-05      14417.807      1.0868     -1
     3      6      420.59       529.5   Coal      0     -1       40828153      1871.7874  4.5845507e-05      10906.194      1.0905     -1
     3      7       529.5       666.6   Coal      0     -1       60951224        3642.19  5.9755814e-05      8367.3867      1.1355     -1
     3      8       666.6       839.2   Coal      0     -1       87198743        7156.11  8.2066664e-05      6092.6078      1.1906     -1
     3      9       839.2      1056.5   Coal      0     -1  1.1821555e+08        11361.3  9.6106643e-05       5202.554      1.2304     -1
     3     10      1056.5        1330   Coal      0     -1  1.5043761e+08       16313.72  0.00010844177      4610.7695      1.2701     -1
     3     11        1330      1674.4   Coal      0     -1  1.8206916e+08       19982.54  0.00010975247      4555.7062      1.3257     -1
     3     12      1674.4        2108   Coal      0     -1   2.105882e+08       23423.24  0.00011122769      4495.2833      1.3419     -1
     3     13        2108      2653.8   Coal      0     -1  2.3749138e+08       24164.26  0.00010174794      4914.1042      1.4121     -1
     3     14      2653.8        3341   Coal      0     -1  2.7131693e+08       23413.87   8.629712e-05      5793.9361      1.5644     -1
     3     15        3341      4206.1   Coal      0     -1  3.2021387e+08        22639.5  7.0701185e-05      7072.0172      1.6667     -1
     3     16      4206.1      5295.2   Coal      0     -1  3.9788247e+08       20775.91  5.2216198e-05      9575.5727      1.9619     -1
     3     17      5295.2      6666.2   Coal      0     -1  5.2371217e+08       20859.97  3.9830982e-05      12553.042      2.2709     -1
     3     18      6666.2      8392.3   Coal      0     -1  7.1713542e+08       21855.74  3.0476448e-05      16406.112      2.8054     -1
     3     19      8392.3       10565   Coal      0     -1  1.0006271e+09       24897.97  2.4882367e-05      20094.551      3.2457     -1
     3     20       10565       13301   Coal      0     -1  1.4005787e+09       31290.59  2.2341186e-05       22380.19      3.9933     -1
     3     21       13301       16745   Coal      0     -1  1.9172612e+09       41917.52  2.1863229e-05      22869.449      5.0977     -1
     3     22       16745       21081   Coal      0     -1  2.5063945e+09       58157.72  2.3203737e-05      21548.253      6.0493     -1
     3     23       21081       26539   Coal      0     -1  3.0748527e+09       77275.32  2.5131389e-05      19895.438      7.6519     -1
     3     24       26539       33411   Coal      0     -1  3.5090857e+09       96727.47  2.7564864e-05      18139.034      8.8042     -1
     3     25       33411       42063   Coal      0     -1   3.710506e+09      110742.67  2.9845706e-05      16752.829      9.4344     -1
     3     26       42063       52954   Coal      0     -1   3.659922e+09      114785.63  3.1362862e-05      15942.423      12.736     -1
     3     27       52954       66665   Coal      0     -1  3.4088598e+09      108624.79  3.1865432e-05      15690.984      15.812     -1
     3     28       66665       83927   Coal      0     -1  3.0000543e+09       93674.83  3.1224378e-05      16013.129      17.954     -1
     3     29       83927  1.0566e+05   Coal      0     -1  2.4982432e+09       73763.66  2.9526212e-05      16934.106      21.149     -1
     3     30  1.0566e+05  1.3302e+05   Coal      0     -1  1.9553645e+09       53440.14  2.7330015e-05      18294.904      25.858     -1
     3     31  1.3302e+05       1e+99   Coal      0     -1   2.949623e+09       74761.06  2.5345971e-05      19727.001      29.761     -1
     3     -1           0       1e+99  Delay     -1     -1   2.635486e+09              0              0              0           1     -1
     3     -1           0       1e+99   LogL     -1     -1              1      -34383835      -34383835              0           1     -1
     3     -1           0       1e+99 Recomb     -1     -1           6400  1.9200003e-05  3.0000005e-09              0           1     -1
     3     -1           0       1e+99 Resamp     -1     -1   2.635486e+09        2317961  0.00087951939              0           1     -1
     2      0           0         133   Coal      0     -1      8227803.8      23.366102  2.8398955e-06      176062.82      1.0114     -1
     2      1         133      167.44   Coal      0     -1      4382812.7      34.107684   7.782145e-06      64249.638      1.0145     -1
     2      2      167.44      210.79   Coal      0     -1      6925808.4      66.018073   9.532183e-06      52453.882      1.0213     -1
     2      3      210.79      265.37   Coal      0     -1       10925318      176.34501   1.614095e-05      30977.111      1.0337     -1
     2      4      265.37      334.09   Coal      0     -1       17118311      466.47952  2.7250324e-05      18348.406      1.0478     -1
     2      5      334.09      420.59   Coal      0     -1       26520223      1070.6144  4.0369738e-05      12385.515      1.0821     -1
     2      6      420.59       529.5   Coal      0     -1       40346069       2072.875  5.1377372e-05      9731.9107      1.1035     -1
     2      7       529.5       666.6   Coal      0     -1       59881670        3739.11  6.2441646e-05      8007.4763      1.1443     -1
     2      8       666.6       839.2   Coal      0     -1       85487804        6798.76  7.9529005e-05      6287.0144      1.1738     -1
     2      9       839.2      1056.5   Coal      0     -1  1.1656662e+08       10586.78  9.0821708e-05      5505.2917      1.2108     -1
     2     10      1056.5        1330   Coal      0     -1  1.5063151e+08        14960.6  9.9319195e-05      5034.2736      1.2579     -1
     2     11        1330      1674.4   Coal      0     -1  1.8541737e+08       18371.87  9.9083869e-05      5046.2301      1.3359     -1
     2     12      1674.4        2108   Coal      0     -1  2.1997596e+08       21597.09  9.8179321e-05      5092.7221      1.3896     -1
     2     13        2108      2653.8   Coal      0     -1  2.5399363e+08       22918.47  9.0232459e-05      5541.2432      1.4803     -1
     2     14      2653.8        3341   Coal      0     -1  2.9289234e+08       23124.43   7.895198e-05      6332.9634      1.5651     -1
     2     15        3341      4206.1   Coal      0     -1  3.4643322e+08       22800.73  6.5815657e-05      7596.9765      1.7389     -1
     2     16      4206.1      5295.2   Coal      0     -1  4.2738124e+08       22022.04  5.1527858e-05      9703.4889      1.9681     -1
     2     17      5295.2      6666.2   Coal      0     -1  5.5075658e+08       22567.21  4.0974926e-05      12202.585      2.2807     -1
     2     18      6666.2      8392.3   Coal      0     -1  7.3536098e+08       24074.68  3.2738588e-05      15272.497      2.7089     -1
     2     19      8392.3       10565   Coal      0     -1  1.0048612e+09       27396.72  2.7264183e-05      18339.079       3.352     -1
     2     20       10565       13301   Coal      0     -1   1.378355e+09       34039.51   2.469575e-05      20246.399      4.0359     -1
     2     21       13301       16745   Coal      0     -1  1.8569943e+09       44209.99  2.3807284e-05      21001.976      4.8368     -1
     2     22       16745       21081   Coal      0     -1  2.4047156e+09       59991.03  2.4947245e-05      20042.293       5.887     -1
     2     23       21081       26539   Coal      0     -1  2.9368642e+09       77821.32  2.6498099e-05      18869.278       7.296     -1
     2     24       26539       33411   Coal      0     -1  3.3501686e+09       95650.29  2.8550889e-05       17512.59      8.5647     -1
     2     25       33411       42063   Coal      0     -1  3.5578837e+09      108270.48  3.0431147e-05      16430.534       10.36     -1
     2     26       42063       52954   Coal      0     -1  3.5421888e+09      112341.75  3.1715348e-05      15765.238      11.934     -1
     2     27       52954       66665   Coal      0     -1  3.3178001e+09      106629.51  3.2138618e-05      15557.607      15.456     -1
     2     28       66665       83927   Coal      0     -1  2.9291821e+09       92717.69  3.1653099e-05      15796.242      17.731     -1
     2     29       83927  1.0566e+05   Coal      0     -1  2.4128321e+09       73260.23  3.0362756e-05      16467.544       21.79     -1
     2     30  1.0566e+05  1.3302e+05   Coal      0     -1  1.8434392e+09       52733.01  2.8605777e-05      17478.987      22.985     -1
     2     31  1.3302e+05       1e+99   Coal      0     -1  2.5565456e+09       69179.56   2.705978e-05      18477.608      28.857     -1
     2     -1           0       1e+99  Delay     -1     -1   2.635486e+09              0              0              0           1     -1
     2     -1           0       1e+99   LogL     -1     -1              1      -34388920      -34388920              0           1     -1
     2     -1           0       1e+99 Recomb     -1     -1           6400  1.9200003e-05  3.0000005e-09              0           1     -1
     2     -1           0       1e+99 Resamp     -1     -1   2.635486e+09        2322149  0.00088110847              0           1     -1
     1      0           0         133   Coal      0     -1      8118793.3       58.46216  7.2008435e-06       69436.31      1.0105     -1
     1      1         133      167.44   Coal      0     -1      4328449.4      60.629208  1.4007143e-05      35696.074      1.0169     -1
     1      2      167.44      210.79   Coal      0     -1      6828711.3      130.70949  1.9141166e-05      26121.711      1.0227     -1
     1      3      210.79      265.37   Coal      0     -1       10761589      257.70969  2.3947178e-05      20879.287       1.029     -1
     1      4      265.37      334.09   Coal      0     -1       16887782      555.79487  3.2911064e-05      15192.459      1.0475     -1
     1      5      334.09      420.59   Coal      0     -1       26171985      1205.0533  4.6043635e-05      10859.264      1.0665     -1
     1      6      420.59       529.5   Coal      0     -1       39717650       2118.338  5.3334928e-05      9374.7197      1.0969     -1
     1      7       529.5       666.6   Coal      0     -1       59014244      3721.7138  6.3064669e-05      7928.3695      1.1364     -1
     1      8       666.6       839.2   Coal      0     -1       84768131        6121.52  7.2214875e-05      6923.7813      1.1697     -1
     1      9       839.2      1056.5   Coal      0     -1   1.165969e+08        9224.38  7.9113426e-05      6320.0398       1.232     -1
     1     10      1056.5        1330   Coal      0     -1  1.5365192e+08       12963.58  8.4369788e-05       5926.292      1.2814     -1
     1     11        1330      1674.4   Coal      0     -1  1.9389962e+08       16319.24  8.4163342e-05      5940.8288      1.3525     -1
     1     12      1674.4        2108   Coal      0     -1   2.348651e+08       19230.46  8.1878746e-05      6106.5908      1.4058     -1
     1     13        2108      2653.8   Coal      0     -1  2.7795429e+08       21109.61  7.5946335e-05      6583.5962      1.5009     -1
     1     14      2653.8        3341   Coal      0     -1  3.2729373e+08       22372.61  6.8356366e-05      7314.6077      1.6158     -1
     1     15        3341      4206.1   Coal      0     -1  3.8963247e+08       22842.37  5.8625428e-05      8528.7224      1.7456     -1
     1     16      4206.1      5295.2   Coal      0     -1  4.7667173e+08       23412.75  4.9117135e-05      10179.747      1.9961     -1
     1     17      5295.2      6666.2   Coal      0     -1  5.9981116e+08       24687.67  4.1159071e-05       12147.99      2.3111     -1
     1     18      6666.2      8392.3   Coal      0     -1  7.7796291e+08        26842.3  3.4503316e-05      14491.361      2.6936     -1
     1     19      8392.3       10565   Coal      0     -1  1.0307258e+09       30809.98  2.9891537e-05      16727.142      3.2366     -1
     1     20       10565       13301   Coal      0     -1   1.373176e+09       37986.87  2.7663512e-05       18074.35       3.992     -1
     1     21       13301       16745   Coal      0     -1  1.8051799e+09        48045.8  2.6615518e-05      18786.033      4.6695     -1
     1     22       16745       21081   Coal      0     -1    2.29221e+09       62517.52  2.7273906e-05      18332.541      5.7166     -1
     1     23       21081       26539   Coal      0     -1  2.7703676e+09       78834.09  2.8456184e-05      17570.873      7.0353     -1
     1     24       26539       33411   Coal      0     -1  3.1542542e+09       94274.63  2.9888089e-05      16729.072      8.5732     -1
     1     25       33411       42063   Coal      0     -1  3.3773574e+09      105745.46  3.1310118e-05      15969.278      9.8276     -1
     1     26       42063       52954   Coal      0     -1  3.3873923e+09      109529.45  3.2334445e-05      15463.386      12.031     -1
     1     27       52954       66665   Coal      0     -1  3.1943647e+09       104377.3  3.2675449e-05      15302.009      14.669     -1
     1     28       66665       83927   Coal      0     -1  2.8167524e+09       91036.67  3.2319728e-05      15470.427      17.079     -1
     1     29       83927  1.0566e+05   Coal      0     -1  2.2961289e+09       72282.78  3.1480279e-05      15882.959      21.275     -1
     1     30  1.0566e+05  1.3302e+05   Coal      0     -1  1.7062365e+09        51714.9  3.0309339e-05      16496.566      24.336     -1
     1     31  1.3302e+05       1e+99   Coal      0     -1  2.1503751e+09       62703.19  2.9159187e-05      17147.254      27.215     -1
     1     -1           0       1e+99  Delay     -1     -1   2.635486e+09              0              0              0           1     -1
     1     -1           0       1e+99   LogL     -1     -1              1      -34402390      -34402390              0           1     -1
     1     -1           0       1e+99 Recomb     -1     -1           6400  1.9200003e-05  3.0000005e-09              0           1     -1
     1     -1           0       1e+99 Resamp     -1     -1   2.635486e+09        2332827  0.00088516009              0           1     -1
     0      0           0         133   Coal      0     -1      8124086.3       140.1458  1.7250654e-05      28984.408      1.0095     -1
     0      1         133      167.44   Coal      0     -1      4339093.3      108.07332  2.4906891e-05      20074.766      1.0135     -1
     0      2      167.44      210.79   Coal      0     -1      6839432.9      193.48821  2.8290096e-05       17674.03       1.018     -1
     0      3      210.79      265.37   Coal      0     -1       10673847      349.12173  3.2708146e-05      15286.712      1.0278     -1
     0      4      265.37      334.09   Coal      0     -1       16564898      679.34506  4.1011122e-05      12191.815      1.0359     -1
     0      5      334.09      420.59   Coal      0     -1       25506268      1229.3869  4.8199404e-05      10373.572      1.0612     -1
     0      6      420.59       529.5   Coal      0     -1       38596720      2016.6391  5.2248977e-05      9569.5654      1.0834     -1
     0      7       529.5       666.6   Coal      0     -1       57195879      3167.2412   5.537534e-05      9029.2899      1.1292     -1
     0      8       666.6       839.2   Coal      0     -1       82941102         4979.1  6.0031756e-05      8328.9251      1.1642     -1
     0      9       839.2      1056.5   Coal      0     -1   1.160919e+08        7272.48  6.2644165e-05      7981.5894      1.2275     -1
     0     10      1056.5        1330   Coal      0     -1  1.5764112e+08        9946.85  6.3098066e-05      7924.1731      1.2832     -1
     0     11        1330      1674.4   Coal      0     -1   2.063033e+08       12875.86  6.2412282e-05      8011.2437      1.3648     -1
     0     12      1674.4        2108   Coal      0     -1  2.6069378e+08       15840.88  6.0764319e-05      8228.5132      1.4379     -1
     0     13        2108      2653.8   Coal      0     -1  3.2020281e+08       18485.08  5.7729288e-05       8661.115      1.5254     -1
     0     14      2653.8        3341   Coal      0     -1  3.8625095e+08       20768.05  5.3768283e-05      9299.1626      1.6439     -1
     0     15        3341      4206.1   Coal      0     -1  4.6513898e+08       22783.33  4.8981769e-05       10207.88      1.8251     -1
     0     16      4206.1      5295.2   Coal      0     -1  5.6418219e+08       24861.54   4.406651e-05      11346.485      2.0491     -1
     0     17      5295.2      6666.2   Coal      0     -1  6.9288174e+08        27648.2  3.9903202e-05      12530.323      2.3101     -1
     0     18      6666.2      8392.3   Coal      0     -1  8.6670471e+08       31025.89  3.5797532e-05      13967.443      2.6752     -1
     0     19      8392.3       10565   Coal      0     -1  1.0956561e+09       35953.53  3.2814612e-05      15237.114      3.1769     -1
     0     20       10565       13301   Coal      0     -1  1.3992026e+09       43562.25  3.1133626e-05      16059.806      3.7902     -1
     0     21       13301       16745   Coal      0     -1  1.7715077e+09       53753.14  3.0343159e-05      16478.179      4.6209     -1
     0     22       16745       21081   Coal      0     -1  2.1885336e+09       66709.75  3.0481483e-05      16403.401      5.4804     -1
     0     23       21081       26539   Coal      0     -1  2.5961695e+09       80882.36  3.1154499e-05      16049.047       6.648     -1
     0     24       26539       33411   Coal      0     -1  2.9375453e+09       93785.79  3.1926585e-05       15660.93      8.0279     -1
     0     25       33411       42063   Coal      0     -1  3.1524206e+09       103177.1  3.2729484e-05      15276.746      9.6762     -1
     0     26       42063       52954   Coal      0     -1  3.1885932e+09       106494.4  3.3398554e-05      14970.708      11.595     -1
     0     27       52954       66665   Coal      0     -1  3.0288222e+09      101681.29  3.3571231e-05      14893.705      13.804     -1
     0     28       66665       83927   Coal      0     -1  2.6677116e+09       89058.46  3.3383842e-05      14977.306        16.3     -1
     0     29       83927  1.0566e+05   Coal      0     -1  2.1410564e+09       70542.38  3.2947464e-05      15175.675      20.654     -1
     0     30  1.0566e+05  1.3302e+05   Coal      0     -1  1.5396621e+09       49774.11  3.2327944e-05      15466.496      23.277     -1
     0     31  1.3302e+05       1e+99   Coal      0     -1   1.749655e+09       55569.77  3.1760415e-05      15742.867      26.658     -1
     0     -1           0       1e+99  Delay     -1     -1   2.635486e+09              0              0              0           1     -1
     0     -1           0       1e+99   LogL     -1     -1              1      -34435431      -34435431              0           1     -1
     0     -1           0       1e+99 Recomb     -1     -1           6400  1.9200003e-05  3.0000005e-09              0           1     -1
     0     -1           0       1e+99 Resamp     -1     -1   2.635486e+09        2364967  0.00089735519              0           1     -1
