  Iter  Epoch       Start         End   Type   From     To            Opp          Count           Rate             Ne         ESS  Clump
    15      0           0         133   Coal      0     -1      7537570.6      2.0005648  2.6541242e-07      1883860.6      1.0125     -1
    15      1         133      167.44   Coal      0     -1      3976059.7   0.0034676087  8.7212188e-10  5.7331436e+08      1.0157     -1
    15      2      167.44      210.79   Coal      0     -1      6284789.2      47.621831  7.5773155e-06       65986.43      1.0247     -1
    15      3      210.79      265.37   Coal      0     -1      9897448.9      70.578662  7.1309953e-06      70116.439      1.0341     -1
    15      4      265.37      334.09   Coal      0     -1       15553698      237.90404  1.5295658e-05      32689.016      1.0547     -1
    15      5      334.09      420.59   Coal      0     -1       24289826       447.7032  1.8431717e-05      27127.152      1.0807     -1
    15      6      420.59       529.5   Coal      0     -1       37715983      874.43692  2.3184784e-05      21565.869      1.1242     -1
    15      7       529.5       666.6   Coal      0     -1       57602320      2150.3964  3.7331767e-05      13393.419      1.1459     -1
    15      8       666.6       839.2   Coal      0     -1       85229417        4400.56  5.1631938e-05      9683.9285       1.183     -1
    15      9       839.2      1056.5   Coal      0     -1  1.1992657e+08           9074  7.5662965e-05      6608.2528      1.2393     -1
    15     10      1056.5        1330   Coal      0     -1  1.5850378e+08       14567.95  9.1909164e-05      5440.1539      1.2811     -1
    15     11        1330      1674.4   Coal      0     -1  1.9305698e+08       22169.09  0.00011483185      4354.1927      1.3514     -1
    15     12      1674.4        2108   Coal      0     -1  2.1967344e+08       25678.99   0.0001168962      4277.2992      1.3951     -1
    15     13        2108      2653.8   Coal      0     -1  2.4585547e+08       26607.18  0.00010822285      4620.0964      1.4338     -1
    15     14      2653.8        3341   Coal      0     -1  2.7907905e+08       25500.58  9.1374038e-05      5472.0139      1.5465     -1
    15     15        3341      4206.1   Coal      0     -1  3.3163371e+08       23447.64  7.0703429e-05      7071.7928      1.7296     -1
    15     16      4206.1      5295.2   Coal      0     -1  4.2278918e+08       20446.14   4.836013e-05      10339.095      1.9632     -1
    15     17      5295.2      6666.2   Coal      0     -1  5.7863623e+08       18198.07  3.1449932e-05      15898.286      2.4165     -1
    15     18      6666.2      8392.3   Coal      0     -1  8.3214504e+08       17417.36  2.0930678e-05       23888.38      2.7471     -1
    15     19      8392.3       10565   Coal      0     -1  1.2168184e+09       20319.74  1.6699073e-05      29941.782      3.4123     -1
    15     20       10565       13301   Coal      0     -1  1.7726112e+09       25706.57  1.4502092e-05      34477.785      4.4543     -1
    15     21       13301       16745   Coal      0     -1  2.5106026e+09        38165.6  1.5201769e-05       32890.91      5.2983     -1
    15     22       16745       21081   Coal      0     -1  3.3524684e+09       58560.69  1.7467932e-05      28623.881      6.0822     -1
    15     23       21081       26539   Coal      0     -1  4.1104162e+09       87020.95  2.1170837e-05      23617.394      7.6215     -1
    15     24       26539       33411   Coal      0     -1  4.5526465e+09      115126.13  2.5287738e-05      19772.429      8.5874     -1
    15     25       33411       42063   Coal      0     -1  4.5543246e+09      135408.55  2.9731862e-05      16816.976      10.539     -1
    15     26       42063       52954   Coal      0     -1  4.1668454e+09      139525.41  3.3484662e-05       14932.21      12.405     -1
    15     27       52954       66665   Coal      0     -1   3.597985e+09       123911.3  3.4439081e-05       14518.39      13.325     -1
    15     28       66665       83927   Coal      0     -1  3.0662566e+09       98111.84   3.199727e-05      15626.333       18.27     -1
    15     29       83927  1.0566e+05   Coal      0     -1  2.6518559e+09       70325.42  2.6519321e-05      18854.178      19.661     -1
    15     30  1.0566e+05  1.3302e+05   Coal      0     -1  2.4010593e+09       50178.69  2.0898564e-05      23925.089      26.973     -1
    15     31  1.3302e+05       1e+99   Coal      0     -1  6.0767082e+09      105108.58   1.729696e-05      28906.814      32.696     -1
    15     -1           0       1e+99  Delay     -1     -1  2.6346904e+09              0              0              0           1     -1
    15     -1           0       1e+99   LogL     -1     -1              1      -37233541      -37233541              0           1     -1
    15     -1           0       1e+99 Recomb     -1     -1           6400  1.9200003e-05  3.0000005e-09              0           1     -1
    15     -1           0       1e+99 Resamp     -1     -1  2.6346904e+09        2574381   0.0009771095              0           1     -1
    14      0           0         133   Coal      0     -1      7638568.8      1.0059047  1.3168758e-07      3796865.1       1.011     -1
    14      1         133      167.44   Coal      0     -1      4016943.4      1.0002549  2.4900897e-07      2007959.8      1.0204     -1
    14      2      167.44      210.79   Coal      0     -1      6307777.2      43.766431  6.9384871e-06      72061.819      1.0162     -1
    14      3      210.79      265.37   Coal      0     -1      9946292.6      74.863523  7.5267767e-06      66429.498      1.0334     -1
    14      4      265.37      334.09   Coal      0     -1       15693548      241.09089  1.5362421e-05      32546.954      1.0496     -1
    14      5      334.09      420.59   Coal      0     -1       24559450      464.17988  1.8900255e-05      26454.669      1.0876     -1
    14      6      420.59       529.5   Coal      0     -1       38090025      893.87883   2.346753e-05      21306.034      1.0953     -1
    14      7       529.5       666.6   Coal      0     -1       57815279      2250.5413  3.8926412e-05      12844.749      1.1435     -1
    14      8       666.6       839.2   Coal      0     -1       85433364      4425.6703  5.1802599e-05      9652.0253      1.1862     -1
    14      9       839.2      1056.5   Coal      0     -1  1.2032365e+08        9068.49  7.5367477e-05      6634.1613      1.2506     -1
    14     10      1056.5        1330   Coal      0     -1  1.5860366e+08       14688.65  9.2612301e-05      5398.8509      1.2907     -1
    14     11        1330      1674.4   Coal      0     -1  1.9339799e+08       22136.91  0.00011446298      4368.2246      1.3443     -1
    14     12      1674.4        2108   Coal      0     -1  2.1996668e+08       25804.92  0.00011731286      4262.1073      1.3824     -1
    14     13        2108      2653.8   Coal      0     -1  2.4562192e+08       26599.34  0.00010829384      4617.0679      1.4409     -1
    14     14      2653.8        3341   Coal      0     -1  2.7889937e+08       25619.41  9.1858973e-05      5443.1264      1.5816     -1
    14     15        3341      4206.1   Coal      0     -1  3.3192638e+08       23462.38  7.0685495e-05      7073.5871      1.7438     -1
    14     16      4206.1      5295.2   Coal      0     -1  4.2267656e+08       20439.29   4.835681e-05      10339.805       2.061     -1
    14     17      5295.2      6666.2   Coal      0     -1  5.7668149e+08       18173.61   3.151412e-05      15865.904      2.3083     -1
    14     18      6666.2      8392.3   Coal      0     -1  8.3137022e+08       17469.66  2.1013093e-05      23794.688      2.8283     -1
    14     19      8392.3       10565   Coal      0     -1  1.2160526e+09       20485.66  1.6846031e-05      29680.583      3.5745     -1
    14     20       10565       13301   Coal      0     -1  1.7691148e+09       25871.86  1.4624184e-05      34189.943      4.0606     -1
    14     21       13301       16745   Coal      0     -1  2.5054245e+09       38390.25  1.5322852e-05          32631      5.2871     -1
    14     22       16745       21081   Coal      0     -1  3.3444669e+09       58802.12  1.7581911e-05      28438.319      6.6179     -1
    14     23       21081       26539   Coal      0     -1  4.0958488e+09       86966.91   2.123294e-05      23548.317      7.7539     -1
    14     24       26539       33411   Coal      0     -1  4.5384984e+09       114870.7  2.5310288e-05      19754.813      8.5061     -1
    14     25       33411       42063   Coal      0     -1  4.5434877e+09      134659.89     2.9638e-05      16870.234      10.572     -1
    14     26       42063       52954   Coal      0     -1  4.1725216e+09       139015.7  3.3316952e-05      15007.375      12.815     -1
    14     27       52954       66665   Coal      0     -1  3.6147674e+09      123806.35  3.4250157e-05      14598.473      14.088     -1
    14     28       66665       83927   Coal      0     -1  3.0819574e+09       98241.13  3.1876213e-05      15685.678      17.548     -1
    14     29       83927  1.0566e+05   Coal      0     -1  2.6677869e+09       71034.63  2.6626801e-05      18778.073      20.853     -1
    14     30  1.0566e+05  1.3302e+05   Coal      0     -1  2.3963292e+09        50738.2  2.1173301e-05      23614.645      28.075     -1
    14     31  1.3302e+05       1e+99   Coal      0     -1  5.9484786e+09      104424.22  1.7554778e-05      28482.274      33.084     -1
    14     -1           0       1e+99  Delay     -1     -1  2.6346904e+09              0              0              0           1     -1
    14     -1           0       1e+99   LogL     -1     -1              1      -37234619      -37234619              0           1     -1
    14     -1           0       1e+99 Recomb     -1     -1           6400  1.9200003e-05  3.0000005e-09              0           1     -1
    14     -1           0       1e+99 Resamp     -1     -1  2.6346904e+09        2574765  0.00097725525              0           1     -1
    13      0           0         133   Coal      0     -1      7570056.6      1.0027999  1.3246927e-07      3774460.4      1.0102     -1
    13      1         133      167.44   Coal      0     -1      3999962.5  0.00040650066  1.0162612e-10  4.9199951e+09      1.0148     -1
    13      2      167.44      210.79   Coal      0     -1      6303993.4      45.901978  7.2814129e-06      68667.992      1.0187     -1
    13      3      210.79      265.37   Coal      0     -1      9940551.6      80.735617  8.1218448e-06      61562.368      1.0376     -1
    13      4      265.37      334.09   Coal      0     -1       15616681      263.63579  1.6881679e-05      29617.907      1.0602     -1
    13      5      334.09      420.59   Coal      0     -1       24285110      462.07915  1.9027262e-05      26278.085      1.0723     -1
    13      6      420.59       529.5   Coal      0     -1       37687822       929.9638  2.4675446e-05      20263.059      1.1162     -1
    13      7       529.5       666.6   Coal      0     -1       57357259      2314.6108  4.0354278e-05       12390.26      1.1446     -1
    13      8       666.6       839.2   Coal      0     -1       85061575        4509.72  5.3017123e-05      9430.9154      1.1778     -1
    13      9       839.2      1056.5   Coal      0     -1  1.1951726e+08        9156.14   7.660935e-05      6526.6185      1.2321     -1
    13     10      1056.5        1330   Coal      0     -1  1.5780257e+08       14672.62  9.2980866e-05      5377.4505      1.3039     -1
    13     11        1330      1674.4   Coal      0     -1  1.9243884e+08       22074.69  0.00011471016      4358.8117      1.3338     -1
    13     12      1674.4        2108   Coal      0     -1  2.2015671e+08       25376.06  0.00011526362       4337.882      1.3938     -1
    13     13        2108      2653.8   Coal      0     -1  2.4698191e+08        26648.5  0.00010789657      4634.0678       1.433     -1
    13     14      2653.8        3341   Coal      0     -1  2.7951055e+08       25449.98  9.1051949e-05      5491.3706      1.5036     -1
    13     15        3341      4206.1   Coal      0     -1  3.3235096e+08       23445.21  7.0543531e-05      7087.8222      1.7446     -1
    13     16      4206.1      5295.2   Coal      0     -1  4.2317759e+08       20360.76  4.8113984e-05      10391.989      1.9739     -1
    13     17      5295.2      6666.2   Coal      0     -1  5.7995234e+08       18273.55   3.150871e-05      15868.628      2.2809     -1
    13     18      6666.2      8392.3   Coal      0     -1  8.3323936e+08       17731.64  2.1280368e-05      23495.835      2.7271     -1
    13     19      8392.3       10565   Coal      0     -1  1.2174351e+09        20602.5  1.6922873e-05       29545.81      3.4786     -1
    13     20       10565       13301   Coal      0     -1  1.7700239e+09       26256.85  1.4834178e-05      33705.945      4.3654     -1
    13     21       13301       16745   Coal      0     -1  2.5007766e+09       38636.25  1.5449701e-05      32363.086      5.2683     -1
    13     22       16745       21081   Coal      0     -1  3.3338697e+09       58943.79  1.7680292e-05      28280.076      6.2916     -1
    13     23       21081       26539   Coal      0     -1  4.0830821e+09       86870.94  2.1275825e-05      23500.852      7.5613     -1
    13     24       26539       33411   Coal      0     -1  4.5239386e+09      114593.83  2.5330545e-05      19739.015      8.9622     -1
    13     25       33411       42063   Coal      0     -1  4.5419874e+09      134082.28  2.9520619e-05      16937.314      10.417     -1
    13     26       42063       52954   Coal      0     -1   4.181163e+09       138552.7   3.313736e-05       15088.71      12.059     -1
    13     27       52954       66665   Coal      0     -1   3.648885e+09      123936.38  3.3965548e-05      14720.799      16.105     -1
    13     28       66665       83927   Coal      0     -1  3.1127774e+09       98904.42  3.1773689e-05      15736.291      18.871     -1
    13     29       83927  1.0566e+05   Coal      0     -1  2.6795124e+09       71528.76  2.6694693e-05      18730.315      19.399     -1
    13     30  1.0566e+05  1.3302e+05   Coal      0     -1  2.3897322e+09       51322.57  2.1476285e-05      23281.494      26.369     -1
    13     31  1.3302e+05       1e+99   Coal      0     -1   5.791875e+09      103482.05  1.7866762e-05      27984.926      33.422     -1
    13     -1           0       1e+99  Delay     -1     -1  2.6346904e+09              0              0              0           1     -1
    13     -1           0       1e+99   LogL     -1     -1              1      -37233776      -37233776              0           1     -1
    13     -1           0       1e+99 Recomb     -1     -1           6400  1.9200003e-05  3.0000005e-09              0           1     -1
    13     -1           0       1e+99 Resamp     -1     -1  2.6346904e+09        2574601    0.000977193              0           1     -1
    12      0           0         133   Coal      0     -1      7515721.4   0.0018644665  2.4807552e-10  2.0155153e+09      1.0116     -1
    12      1         133      167.44   Coal      0     -1      3988141.2  0.00039698778  9.9542057e-11  5.0230025e+09      1.0176     -1
    12      2      167.44      210.79   Coal      0     -1        6320479       29.80851  4.7161789e-06      106018.03      1.0209     -1
    12      3      210.79      265.37   Coal      0     -1      9943213.8      93.932118  9.4468569e-06      52927.657      1.0328     -1
    12      4      265.37      334.09   Coal      0     -1       15534457      250.37863   1.611763e-05       31021.93      1.0522     -1
    12      5      334.09      420.59   Coal      0     -1       24214829      473.42977  1.9551233e-05      25573.834      1.0709     -1
    12      6      420.59       529.5   Coal      0     -1       37560729      962.52317  2.5625785e-05      19511.597      1.1318     -1
    12      7       529.5       666.6   Coal      0     -1       57158990      2338.0488  4.0904305e-05      12223.652      1.1496     -1
    12      8       666.6       839.2   Coal      0     -1       84553530        4618.03  5.4616644e-05      9154.7185      1.1674     -1
    12      9       839.2      1056.5   Coal      0     -1  1.1876289e+08        9127.98  7.6858858e-05      6505.4311      1.2386     -1
    12     10      1056.5        1330   Coal      0     -1  1.5742258e+08       14501.17    9.21162e-05      5427.9269      1.3169     -1
    12     11        1330      1674.4   Coal      0     -1  1.9276854e+08       21900.26   0.0001136091      4401.0559      1.3276     -1
    12     12      1674.4        2108   Coal      0     -1  2.2130911e+08       25325.14  0.00011443334      4369.3561      1.3995     -1
    12     13        2108      2653.8   Coal      0     -1  2.4731669e+08       26506.17  0.00010717502      4665.2664      1.4585     -1
    12     14      2653.8        3341   Coal      0     -1  2.8053444e+08       25472.05    9.07983e-05       5506.711      1.5537     -1
    12     15        3341      4206.1   Coal      0     -1  3.3310213e+08       23433.95  7.0350645e-05      7107.2554      1.6993     -1
    12     16      4206.1      5295.2   Coal      0     -1  4.2368258e+08       20438.33  4.8239722e-05      10364.902      1.8868     -1
    12     17      5295.2      6666.2   Coal      0     -1  5.7997701e+08       18363.24  3.1662014e-05      15791.794      2.1757     -1
    12     18      6666.2      8392.3   Coal      0     -1  8.3378772e+08       17852.79  2.1411673e-05      23351.748      2.7924     -1
    12     19      8392.3       10565   Coal      0     -1   1.217884e+09       20845.92  1.7116507e-05      29211.567      3.6753     -1
    12     20       10565       13301   Coal      0     -1  1.7674552e+09        26589.4  1.5043889e-05      33236.086       4.352     -1
    12     21       13301       16745   Coal      0     -1  2.4886738e+09       38966.04  1.5657351e-05      31933.882      5.1951     -1
    12     22       16745       21081   Coal      0     -1  3.3149492e+09       59040.52  1.7810384e-05       28073.51      6.5978     -1
    12     23       21081       26539   Coal      0     -1  4.0606654e+09       86842.03  2.1386158e-05      23379.609      7.7254     -1
    12     24       26539       33411   Coal      0     -1  4.5024264e+09      114247.31  2.5374609e-05      19704.737      8.7689     -1
    12     25       33411       42063   Coal      0     -1  4.5300371e+09      133205.52  2.9404951e-05      17003.939      10.056     -1
    12     26       42063       52954   Coal      0     -1  4.1866437e+09      137731.74  3.2897889e-05      15198.544      11.843     -1
    12     27       52954       66665   Coal      0     -1  3.6653916e+09      123685.39  3.3744114e-05      14817.399      16.075     -1
    12     28       66665       83927   Coal      0     -1  3.1299237e+09       99094.99  3.1660513e-05      15792.543      18.206     -1
    12     29       83927  1.0566e+05   Coal      0     -1   2.695648e+09       72186.37  2.6778856e-05      18671.447      21.017     -1
    12     30  1.0566e+05  1.3302e+05   Coal      0     -1  2.3870457e+09       52037.28  2.1799867e-05       22935.92      27.339     -1
    12     31  1.3302e+05       1e+99   Coal      0     -1  5.6335733e+09       102656.6  1.8222289e-05      27438.924      36.012     -1
    12     -1           0       1e+99  Delay     -1     -1  2.6346904e+09              0              0              0           1     -1
    12     -1           0       1e+99   LogL     -1     -1              1      -37234123      -37234123              0           1     -1
    12     -1           0       1e+99 Recomb     -1     -1           6400  1.9200003e-05  3.0000005e-09              0           1     -1
    12     -1           0       1e+99 Resamp     -1     -1  2.6346904e+09        2572601   0.0009764339              0           1     -1
    11      0           0         133   Coal      0     -1      7337940.9   0.0019283837   2.627963e-10  1.9026143e+09      1.0114     -1
    11      1         133      167.44   Coal      0     -1      3910100.1      1.0224626   2.614927e-07      1912099.3      1.0179     -1
    11      2      167.44      210.79   Coal      0     -1      6213473.1        29.8798  4.8088725e-06      103974.48      1.0188     -1
    11      3      210.79      265.37   Coal      0     -1      9858219.2      96.547817  9.7936367e-06      51053.558      1.0273     -1
    11      4      265.37      334.09   Coal      0     -1       15567726      237.54954  1.5259103e-05      32767.326      1.0518     -1
    11      5      334.09      420.59   Coal      0     -1       24427003      483.57853  1.9796883e-05      25256.501      1.0776     -1
    11      6      420.59       529.5   Coal      0     -1       37843841      1042.7566  2.7554195e-05      18146.057      1.0952     -1
    11      7       529.5       666.6   Coal      0     -1       57512077      2384.1048  4.1453986e-05      12061.566      1.1081     -1
    11      8       666.6       839.2   Coal      0     -1       84910571        4704.81  5.5409002e-05      9023.8044      1.1742     -1
    11      9       839.2      1056.5   Coal      0     -1  1.1911297e+08        9225.77  7.7453952e-05      6455.4485      1.2571     -1
    11     10      1056.5        1330   Coal      0     -1  1.5741579e+08       14627.92  9.2925366e-05      5380.6622      1.2723     -1
    11     11        1330      1674.4   Coal      0     -1  1.9164585e+08       21753.94  0.00011351114      4404.8538      1.3294     -1
    11     12      1674.4        2108   Coal      0     -1  2.1964794e+08       24791.41  0.00011286885      4429.9202      1.3967     -1
    11     13        2108      2653.8   Coal      0     -1   2.471579e+08       26485.87  0.00010716174      4665.8444      1.4356     -1
    11     14      2653.8        3341   Coal      0     -1  2.8079816e+08       25413.74  9.0505366e-05      5524.5343      1.5521     -1
    11     15        3341      4206.1   Coal      0     -1  3.3461647e+08       23404.16   6.994324e-05      7148.6537      1.7044     -1
    11     16      4206.1      5295.2   Coal      0     -1  4.2542379e+08       20523.24  4.8241872e-05       10364.44      1.9736     -1
    11     17      5295.2      6666.2   Coal      0     -1  5.8177652e+08       18503.04  3.1804377e-05      15721.106      2.2915     -1
    11     18      6666.2      8392.3   Coal      0     -1  8.3357407e+08       18128.76  2.1748229e-05      22990.377      2.8935     -1
    11     19      8392.3       10565   Coal      0     -1   1.215301e+09       21117.14  1.7376057e-05      28775.228       3.299     -1
    11     20       10565       13301   Coal      0     -1  1.7602796e+09       26870.17  1.5264717e-05      32755.275      3.9844     -1
    11     21       13301       16745   Coal      0     -1  2.4780253e+09       39357.43  1.5882578e-05      31481.036      4.9764     -1
    11     22       16745       21081   Coal      0     -1  3.3003651e+09       59124.95  1.7914669e-05      27910.088      6.7741     -1
    11     23       21081       26539   Coal      0     -1  4.0405255e+09          86726   2.146404e-05      23294.776      7.2364     -1
    11     24       26539       33411   Coal      0     -1  4.4809861e+09      113883.09  2.5414738e-05      19673.624      8.7535     -1
    11     25       33411       42063   Coal      0     -1  4.5199429e+09      132592.97  2.9335098e-05      17044.429      11.429     -1
    11     26       42063       52954   Coal      0     -1  4.1923248e+09      137014.33  3.2682184e-05      15298.855      13.205     -1
    11     27       52954       66665   Coal      0     -1  3.6781765e+09       123342.2  3.3533519e-05      14910.454      15.686     -1
    11     28       66665       83927   Coal      0     -1  3.1529201e+09       99431.35  3.1536273e-05      15854.759      19.078     -1
    11     29       83927  1.0566e+05   Coal      0     -1  2.7089186e+09       72843.83  2.6890372e-05      18594.016      20.547     -1
    11     30  1.0566e+05  1.3302e+05   Coal      0     -1  2.3740095e+09       52493.25  2.2111643e-05      22612.521      25.506     -1
    11     31  1.3302e+05       1e+99   Coal      0     -1  5.4376162e+09      101305.95  1.8630581e-05      26837.596      34.073     -1
    11     -1           0       1e+99  Delay     -1     -1  2.6346904e+09              0              0              0           1     -1
    11     -1           0       1e+99   LogL     -1     -1              1      -37234570      -37234570              0           1     -1
    11     -1           0       1e+99 Recomb     -1     -1           6400  1.9200003e-05  3.0000005e-09              0           1     -1
    11     -1           0       1e+99 Resamp     -1     -1  2.6346904e+09        2572352  0.00097633939              0           1     -1
    10      0           0         133   Coal      0     -1        7400966      1.0184695  1.3761305e-07      3633376.3      1.0111     -1
    10      1         133      167.44   Coal      0     -1      3922970.1       4.537168  1.1565645e-06      432314.84      1.0198     -1
    10      2      167.44      210.79   Coal      0     -1      6228019.3       42.07449  6.7556775e-06      74011.822      1.0192     -1
    10      3      210.79      265.37   Coal      0     -1      9857636.3      93.974138   9.533131e-06      52448.666      1.0308     -1
    10      4      265.37      334.09   Coal      0     -1       15559631      223.59096  1.4369939e-05      34794.858      1.0553     -1
    10      5      334.09      420.59   Coal      0     -1       24320493       466.6276  1.9186601e-05      26059.852      1.0722     -1
    10      6      420.59       529.5   Coal      0     -1       37551174      1053.9107  2.8065985e-05       17815.16      1.1199     -1
    10      7       529.5       666.6   Coal      0     -1       57034397      2387.5477   4.186154e-05      11944.138      1.1271     -1
    10      8       666.6       839.2   Coal      0     -1       84418043      4728.3011  5.6010551e-05      8926.8895      1.2013     -1
    10      9       839.2      1056.5   Coal      0     -1  1.1861684e+08        9209.83  7.7643526e-05       6439.687      1.2396     -1
    10     10      1056.5        1330   Coal      0     -1  1.5603775e+08       14510.38  9.2992755e-05       5376.763      1.2855     -1
    10     11        1330      1674.4   Coal      0     -1  1.9079026e+08       21418.25  0.00011226071       4453.918      1.3253     -1
    10     12      1674.4        2108   Coal      0     -1  2.1964333e+08       24606.34  0.00011202862      4463.1451      1.3727     -1
    10     13        2108      2653.8   Coal      0     -1  2.4799859e+08       26456.45  0.00010667984      4686.9212       1.449     -1
    10     14      2653.8        3341   Coal      0     -1  2.8162699e+08       25247.14  8.9647446e-05      5577.4038      1.5427     -1
    10     15        3341      4206.1   Coal      0     -1  3.3579535e+08       23313.34  6.9427227e-05      7201.7855       1.767     -1
    10     16      4206.1      5295.2   Coal      0     -1  4.2709997e+08       20628.02  4.8297873e-05      10352.423      1.9845     -1
    10     17      5295.2      6666.2   Coal      0     -1  5.8339413e+08        18546.3  3.1790344e-05      15728.046      2.3026     -1
    10     18      6666.2      8392.3   Coal      0     -1    8.33852e+08       18332.05  2.1984777e-05       22743.01      2.9151     -1
    10     19      8392.3       10565   Coal      0     -1  1.2137729e+09        21358.7  1.7596949e-05      28414.016       3.251     -1
    10     20       10565       13301   Coal      0     -1  1.7550001e+09       27333.48  1.5574632e-05      32103.488      4.0805     -1
    10     21       13301       16745   Coal      0     -1  2.4647476e+09       39863.22  1.6173348e-05      30915.059      5.1638     -1
    10     22       16745       21081   Coal      0     -1  3.2755906e+09       59304.47   1.810497e-05      27616.726       6.257     -1
    10     23       21081       26539   Coal      0     -1  4.0106375e+09       86792.94  2.1640684e-05       23104.63      7.6223     -1
    10     24       26539       33411   Coal      0     -1  4.4522611e+09      113192.94  2.5423698e-05      19666.691       8.945     -1
    10     25       33411       42063   Coal      0     -1  4.5007243e+09      131741.06   2.927108e-05      17081.707      9.7812     -1
    10     26       42063       52954   Coal      0     -1  4.1936572e+09       136146.5  3.2464862e-05      15401.267       12.01     -1
    10     27       52954       66665   Coal      0     -1   3.692477e+09      122898.04  3.3283359e-05      15022.522      14.996     -1
    10     28       66665       83927   Coal      0     -1  3.1708991e+09          99575  3.1402766e-05      15922.165       17.64     -1
    10     29       83927  1.0566e+05   Coal      0     -1  2.7304271e+09       73814.57  2.7034074e-05      18495.177      22.076     -1
    10     30  1.0566e+05  1.3302e+05   Coal      0     -1  2.3644337e+09       53230.63  2.2513057e-05      22209.334      24.606     -1
    10     31  1.3302e+05       1e+99   Coal      0     -1  5.2349277e+09       99987.16  1.9100008e-05          26178      33.678     -1
    10     -1           0       1e+99  Delay     -1     -1  2.6346904e+09              0              0              0           1     -1
    10     -1           0       1e+99   LogL     -1     -1              1      -37233564      -37233564              0           1     -1
    10     -1           0       1e+99 Recomb     -1     -1           6400  1.9200003e-05  3.0000005e-09              0           1     -1
    10     -1           0       1e+99 Resamp     -1     -1  2.6346904e+09        2571991  0.00097620237              0           1     -1
     9      0           0         133   Coal      0     -1      7549830.2      1.0255217  1.3583375e-07      3680970.3      1.0117     -1
     9      1         133      167.44   Coal      0     -1      4001218.1      4.7893223  1.1969661e-06      417722.78      1.0196     -1
     9      2      167.44      210.79   Coal      0     -1      6298680.6      45.364145  7.2021663e-06      69423.557      1.0205     -1
     9      3      210.79      265.37   Coal      0     -1      9961119.6      95.207428  9.5579043e-06      52312.723      1.0358     -1
     9      4      265.37      334.09   Coal      0     -1       15680384      226.29912  1.4431988e-05      34645.261      1.0423     -1
     9      5      334.09      420.59   Coal      0     -1       24502344      492.05993  2.0082157e-05      24897.724      1.0591     -1
     9      6      420.59       529.5   Coal      0     -1       37915894      1081.0537  2.8511889e-05      17536.544      1.0796     -1
     9      7       529.5       666.6   Coal      0     -1       57566367      2425.0604   4.212634e-05      11869.059      1.1382     -1
     9      8       666.6       839.2   Coal      0     -1       84629159      4893.3027  5.7820528e-05      8647.4478      1.2023     -1
     9      9       839.2      1056.5   Coal      0     -1  1.1854958e+08        9376.84   7.909636e-05      6321.4034      1.2395     -1
     9     10      1056.5        1330   Coal      0     -1  1.5585676e+08       14556.14  9.3394346e-05      5353.6432      1.2841     -1
     9     11        1330      1674.4   Coal      0     -1  1.9075993e+08       21113.83  0.00011068273      4517.4165      1.3368     -1
     9     12      1674.4        2108   Coal      0     -1   2.210156e+08       24362.15  0.00011022819      4536.0446      1.4241     -1
     9     13        2108      2653.8   Coal      0     -1  2.4906976e+08       26182.58  0.00010512147      4756.4022      1.4493     -1
     9     14      2653.8        3341   Coal      0     -1  2.8412282e+08       25251.71  8.8876036e-05      5625.8135      1.5789     -1
     9     15        3341      4206.1   Coal      0     -1  3.3864854e+08       23562.12  6.9576913e-05      7186.2918      1.7308     -1
     9     16      4206.1      5295.2   Coal      0     -1  4.2892091e+08       20737.09  4.8347118e-05      10341.878      1.9062     -1
     9     17      5295.2      6666.2   Coal      0     -1  5.8326489e+08       18751.88  3.2149852e-05      15552.171       2.222     -1
     9     18      6666.2      8392.3   Coal      0     -1  8.3123821e+08       18713.21  2.2512452e-05      22209.931      2.8864     -1
     9     19      8392.3       10565   Coal      0     -1  1.2070003e+09       21567.17  1.7868406e-05      27982.351      3.4815     -1
     9     20       10565       13301   Coal      0     -1  1.7458296e+09        27800.9  1.5924177e-05      31398.796       4.352     -1
     9     21       13301       16745   Coal      0     -1  2.4475271e+09        40310.8  1.6470011e-05      30358.206      4.8995     -1
     9     22       16745       21081   Coal      0     -1  3.2492315e+09        59602.5  1.8343568e-05       27257.51      6.3514     -1
     9     23       21081       26539   Coal      0     -1  3.9719242e+09       86724.02  2.1834258e-05      22899.793      8.1231     -1
     9     24       26539       33411   Coal      0     -1  4.4122327e+09      112439.71  2.5483631e-05      19620.438      9.1315     -1
     9     25       33411       42063   Coal      0     -1  4.4745649e+09      130673.04  2.9203519e-05      17121.225      10.896     -1
     9     26       42063       52954   Coal      0     -1  4.1860579e+09      134847.53  3.2213489e-05      15521.448       12.48     -1
     9     27       52954       66665   Coal      0     -1  3.7056396e+09      122378.44  3.3024917e-05      15140.084      14.447     -1
     9     28       66665       83927   Coal      0     -1  3.1988829e+09      100049.47  3.1276378e-05      15986.506      19.604     -1
     9     29       83927  1.0566e+05   Coal      0     -1  2.7383802e+09       74482.63  2.7199521e-05      18382.677      21.178     -1
     9     30  1.0566e+05  1.3302e+05   Coal      0     -1   2.341576e+09       53780.41  2.2967612e-05      21769.786      23.062     -1
     9     31  1.3302e+05       1e+99   Coal      0     -1  5.0060273e+09       98280.42  1.9632418e-05      25468.081      35.437     -1
     9     -1           0       1e+99  Delay     -1     -1  2.6346904e+09              0              0              0           1     -1
     9     -1           0       1e+99   LogL     -1     -1              1      -37234526      -37234526              0           1     -1
     9     -1           0       1e+99 Recomb     -1     -1           6400  1.9200003e-05  3.0000005e-09              0           1     -1
     9     -1           0       1e+99 Resamp     -1     -1  2.6346904e+09        2570550  0.00097565544              0           1     -1
     8      0           0         133   Coal      0     -1      7421821.8       3.255766  4.3867477e-07      1139796.6      1.0121     -1
     8      1         133      167.44   Coal      0     -1      3903369.8      8.4441413  2.1632952e-06      231128.88      1.0211     -1
     8      2      167.44      210.79   Coal      0     -1      6203300.3      46.488793  7.4942032e-06      66718.233      1.0194     -1
     8      3      210.79      265.37   Coal      0     -1      9820591.6      91.962324  9.3642347e-06      53394.647      1.0242     -1
     8      4      265.37      334.09   Coal      0     -1       15513791      236.20752  1.5225648e-05      32839.325      1.0536     -1
     8      5      334.09      420.59   Coal      0     -1       24271436      522.38042  2.1522436e-05      23231.571      1.0749     -1
     8      6      420.59       529.5   Coal      0     -1       37569532      1180.5269  3.1422454e-05      15912.188       1.101     -1
     8      7       529.5       666.6   Coal      0     -1       56927060      2422.5572   4.255546e-05      11749.374      1.1874     -1
     8      8       666.6       839.2   Coal      0     -1       83710533        4908.03  5.8630973e-05      8527.9158      1.1747     -1
     8      9       839.2      1056.5   Coal      0     -1   1.172788e+08         9323.2  7.9496036e-05      6289.6218      1.2407     -1
     8     10      1056.5        1330   Coal      0     -1  1.5462534e+08       14402.65  9.3145468e-05      5367.9477      1.2906     -1
     8     11        1330      1674.4   Coal      0     -1  1.9065291e+08       20652.55  0.00010832539      4615.7231       1.338     -1
     8     12      1674.4        2108   Coal      0     -1  2.2117569e+08       24196.45  0.00010939923      4570.4162       1.369     -1
     8     13        2108      2653.8   Coal      0     -1  2.5038888e+08       26010.31  0.00010387965      4813.2621      1.4421     -1
     8     14      2653.8        3341   Coal      0     -1  2.8615924e+08       25187.95  8.8020746e-05       5680.479      1.5519     -1
     8     15        3341      4206.1   Coal      0     -1  3.3981113e+08       23549.46  6.9301614e-05      7214.8392      1.7058     -1
     8     16      4206.1      5295.2   Coal      0     -1  4.3150112e+08       20858.85  4.8340199e-05      10343.358      1.9624     -1
     8     17      5295.2      6666.2   Coal      0     -1  5.8670188e+08          19117   3.258384e-05       15345.03      2.4393     -1
     8     18      6666.2      8392.3   Coal      0     -1   8.341803e+08        19257.6  2.3085657e-05       21658.47      2.7141     -1
     8     19      8392.3       10565   Coal      0     -1   1.203567e+09       22091.76   1.835524e-05      27240.178      3.4466     -1
     8     20       10565       13301   Coal      0     -1  1.7365885e+09       28452.45  1.6384106e-05       30517.38      4.3941     -1
     8     21       13301       16745   Coal      0     -1   2.423463e+09       40895.64  1.6874877e-05      29629.846      4.9285     -1
     8     22       16745       21081   Coal      0     -1  3.2054558e+09       60011.29  1.8721609e-05      26707.107      6.3212     -1
     8     23       21081       26539   Coal      0     -1  3.9167143e+09       86500.19  2.2084886e-05      22639.917      7.2231     -1
     8     24       26539       33411   Coal      0     -1  4.3621337e+09      111498.01  2.5560429e-05      19561.487      8.8198     -1
     8     25       33411       42063   Coal      0     -1  4.4396056e+09      129452.17  2.9158484e-05      17147.668      10.892     -1
     8     26       42063       52954   Coal      0     -1  4.1728778e+09      133486.81  3.1989149e-05        15630.3       12.59     -1
     8     27       52954       66665   Coal      0     -1  3.7180625e+09      121832.55  3.2767752e-05      15258.905      14.577     -1
     8     28       66665       83927   Coal      0     -1  3.2213666e+09      100451.56  3.1182902e-05      16034.428      20.678     -1
     8     29       83927  1.0566e+05   Coal      0     -1  2.7395959e+09        75204.5  2.7450947e-05      18214.308      20.785     -1
     8     30  1.0566e+05  1.3302e+05   Coal      0     -1  2.3360162e+09       54899.75  2.3501442e-05       21275.29      28.275     -1
     8     31  1.3302e+05       1e+99   Coal      0     -1  4.7510671e+09       96192.38  2.0246479e-05      24695.652      31.724     -1
     8     -1           0       1e+99  Delay     -1     -1  2.6346904e+09              0              0              0           1     -1
     8     -1           0       1e+99   LogL     -1     -1              1      -37234490      -37234490              0           1     -1
     8     -1           0       1e+99 Recomb     -1     -1           6400  1.9200003e-05  3.0000005e-09              0           1     -1
     8     -1           0       1e+99 Resamp     -1     -1  2.6346904e+09        2569471  0.00097524591              0           1     -1
     7      0           0         133   Coal      0     -1        7517708      3.0077698  4.0009134e-07      1249714.6      1.0135     -1
     7      1         133      167.44   Coal      0     -1      4007811.8      10.189913  2.5425129e-06      196655.84       1.016     -1
     7      2      167.44      210.79   Coal      0     -1      6335780.2      56.579116  8.9300946e-06      55990.449      1.0182     -1
     7      3      210.79      265.37   Coal      0     -1      9954587.9       97.32238  9.7766358e-06      51142.337      1.0365     -1
     7      4      265.37      334.09   Coal      0     -1       15658005      263.60587  1.6835214e-05      29699.653      1.0377     -1
     7      5      334.09      420.59   Coal      0     -1       24442465        559.114  2.2874698e-05      21858.212      1.0848     -1
     7      6      420.59       529.5   Coal      0     -1       37654682      1169.8421   3.106764e-05      16093.916      1.1197     -1
     7      7       529.5       666.6   Coal      0     -1       56989157      2489.9598  4.3691817e-05       11443.79      1.1483     -1
     7      8       666.6       839.2   Coal      0     -1       83587239        5012.06  5.9962023e-05      8338.6112      1.2066     -1
     7      9       839.2      1056.5   Coal      0     -1  1.1663239e+08        9301.82  7.9753314e-05      6269.3319      1.2471     -1
     7     10      1056.5        1330   Coal      0     -1  1.5411027e+08       14308.04   9.284287e-05      5385.4432      1.2856     -1
     7     11        1330      1674.4   Coal      0     -1  1.8983639e+08       20285.81  0.00010685944       4679.044      1.3127     -1
     7     12      1674.4        2108   Coal      0     -1  2.2174364e+08       23942.85  0.00010797536      4630.6861      1.4019     -1
     7     13        2108      2653.8   Coal      0     -1  2.5210846e+08       25801.08  0.00010234119      4885.6183      1.4434     -1
     7     14      2653.8        3341   Coal      0     -1  2.8850617e+08        24845.3  8.6117049e-05      5806.0513      1.5787     -1
     7     15        3341      4206.1   Coal      0     -1  3.4391083e+08       23655.02  6.8782422e-05      7269.2991      1.7176     -1
     7     16      4206.1      5295.2   Coal      0     -1  4.3601546e+08       21158.38  4.8526674e-05      10303.612       1.927     -1
     7     17      5295.2      6666.2   Coal      0     -1  5.8941439e+08       19767.01  3.3536694e-05      14909.043      2.2885     -1
     7     18      6666.2      8392.3   Coal      0     -1  8.3519776e+08       19831.63  2.3744831e-05      21057.214      2.8648     -1
     7     19      8392.3       10565   Coal      0     -1  1.2019139e+09       22945.35  1.9090677e-05      26190.795      3.6291     -1
     7     20       10565       13301   Coal      0     -1  1.7233459e+09       29439.53  1.7082775e-05      29269.249      4.4533     -1
     7     21       13301       16745   Coal      0     -1  2.3965598e+09       41692.99  1.7397016e-05      28740.561      5.2482     -1
     7     22       16745       21081   Coal      0     -1  3.1624429e+09          60541  1.9143745e-05      26118.192      5.8687     -1
     7     23       21081       26539   Coal      0     -1  3.8592741e+09       86160.68  2.2325618e-05      22395.796      7.7956     -1
     7     24       26539       33411   Coal      0     -1  4.3039703e+09      110632.89  2.5704845e-05      19451.586      8.7354     -1
     7     25       33411       42063   Coal      0     -1  4.3932466e+09       128193.6  2.9179696e-05      17135.202      10.578     -1
     7     26       42063       52954   Coal      0     -1   4.153391e+09      132006.09  3.1782726e-05      15731.816      12.635     -1
     7     27       52954       66665   Coal      0     -1   3.726025e+09      121195.22  3.2526679e-05      15371.997      15.598     -1
     7     28       66665       83927   Coal      0     -1  3.2270776e+09       100384.6  3.1106968e-05      16073.569       18.19     -1
     7     29       83927  1.0566e+05   Coal      0     -1   2.737541e+09       75828.74  2.7699582e-05      18050.814       20.72     -1
     7     30  1.0566e+05  1.3302e+05   Coal      0     -1  2.3011568e+09       55311.42  2.4036354e-05      20801.823      27.472     -1
     7     31  1.3302e+05       1e+99   Coal      0     -1  4.4760567e+09       93846.31  2.0966291e-05      23847.804      32.579     -1
     7     -1           0       1e+99  Delay     -1     -1  2.6346904e+09              0              0              0           1     -1
     7     -1           0       1e+99   LogL     -1     -1              1      -37234803      -37234803              0           1     -1
     7     -1           0       1e+99 Recomb     -1     -1           6400  1.9200003e-05  3.0000005e-09              0           1     -1
     7     -1           0       1e+99 Resamp     -1     -1  2.6346904e+09        2569701   0.0009753332              0           1     -1
     6      0           0         133   Coal      0     -1      7604523.7      4.0236858   5.291174e-07      944969.87      1.0105     -1
     6      1         133      167.44   Coal      0     -1      4007938.1      12.042109  3.0045647e-06      166413.46      1.0143     -1
     6      2      167.44      210.79   Coal      0     -1      6301545.1      60.107291  9.5385006e-06       52419.14      1.0197     -1
     6      3      210.79      265.37   Coal      0     -1        9932582      115.09765  1.1587888e-05      43148.501      1.0318     -1
     6      4      265.37      334.09   Coal      0     -1       15537600      274.94923  1.7695733e-05      28255.399      1.0445     -1
     6      5      334.09      420.59   Coal      0     -1       24219932      597.44507  2.4667496e-05      20269.589      1.1162     -1
     6      6      420.59       529.5   Coal      0     -1       37388011      1244.3843  3.3282978e-05      15022.694      1.1186     -1
     6      7       529.5       666.6   Coal      0     -1       56487883        2634.66  4.6641153e-05      10720.147      1.1324     -1
     6      8       666.6       839.2   Coal      0     -1       82531992         5104.4  6.1847532e-05       8084.397      1.1752     -1
     6      9       839.2      1056.5   Coal      0     -1  1.1584264e+08        9160.02  7.9072957e-05      6323.2743      1.2478     -1
     6     10      1056.5        1330   Coal      0     -1  1.5282872e+08       14223.25  9.3066602e-05      5372.4966      1.2994     -1
     6     11        1330      1674.4   Coal      0     -1  1.8934864e+08       19847.82  0.00010482156       4770.011      1.3415     -1
     6     12      1674.4        2108   Coal      0     -1  2.2295786e+08       23429.54  0.00010508506      4758.0504       1.374     -1
     6     13        2108      2653.8   Coal      0     -1  2.5495037e+08       25363.13  9.9482618e-05      5026.0036      1.4599     -1
     6     14      2653.8        3341   Coal      0     -1  2.9330851e+08       24785.13  8.4501912e-05      5917.0259      1.5528     -1
     6     15        3341      4206.1   Coal      0     -1  3.5097847e+08       23748.11  6.7662584e-05      7389.6084      1.7452     -1
     6     16      4206.1      5295.2   Coal      0     -1  4.4421378e+08       21445.24  4.8276845e-05      10356.932      1.9705     -1
     6     17      5295.2      6666.2   Coal      0     -1  5.9666759e+08       20346.47  3.4100176e-05      14662.681      2.2863     -1
     6     18      6666.2      8392.3   Coal      0     -1  8.3906592e+08       20520.47  2.4456326e-05      20444.608      2.7484     -1
     6     19      8392.3       10565   Coal      0     -1   1.198722e+09       23718.99  1.9786897e-05      25269.247      3.1223     -1
     6     20       10565       13301   Coal      0     -1  1.7099274e+09       30451.87  1.7808867e-05      28075.901      4.1069     -1
     6     21       13301       16745   Coal      0     -1  2.3689134e+09       42725.39   1.803586e-05      27722.549      4.9221     -1
     6     22       16745       21081   Coal      0     -1  3.1111716e+09       61471.43   1.975829e-05      25305.834      6.1069     -1
     6     23       21081       26539   Coal      0     -1  3.7908788e+09       86073.56  2.2705437e-05      22021.157         7.1     -1
     6     24       26539       33411   Coal      0     -1  4.2339743e+09       109787.8    2.59302e-05      19282.536      8.9237     -1
     6     25       33411       42063   Coal      0     -1  4.3356815e+09      126623.16  2.9204903e-05      17120.413      10.738     -1
     6     26       42063       52954   Coal      0     -1  4.1265592e+09       130399.5  3.1600055e-05      15822.757      12.444     -1
     6     27       52954       66665   Coal      0     -1  3.7157536e+09      120157.83  3.2337405e-05       15461.97      14.266     -1
     6     28       66665       83927   Coal      0     -1  3.2293048e+09      100378.14  3.1083514e-05      16085.698      17.992     -1
     6     29       83927  1.0566e+05   Coal      0     -1  2.7308389e+09        76522.9  2.8021755e-05      17843.279      20.548     -1
     6     30  1.0566e+05  1.3302e+05   Coal      0     -1  2.2555441e+09       55702.02  2.4695602e-05       20246.52       23.46     -1
     6     31  1.3302e+05       1e+99   Coal      0     -1   4.176006e+09       91116.46  2.1819044e-05      22915.761      32.235     -1
     6     -1           0       1e+99  Delay     -1     -1  2.6346904e+09              0              0              0           1     -1
     6     -1           0       1e+99   LogL     -1     -1              1      -37235594      -37235594              0           1     -1
     6     -1           0       1e+99 Recomb     -1     -1           6400  1.9200003e-05  3.0000005e-09              0           1     -1
     6     -1           0       1e+99 Resamp     -1     -1  2.6346904e+09        2567305   0.0009744238              0           1     -1
     5      0           0         133   Coal      0     -1      7588295.7      8.0458501  1.0602974e-06      471565.82      1.0115     -1
     5      1         133      167.44   Coal      0     -1      3983389.5      19.971773  5.0137635e-06      99725.485      1.0211     -1
     5      2      167.44      210.79   Coal      0     -1      6301985.6      63.175477  1.0024694e-05      49876.834      1.0237     -1
     5      3      210.79      265.37   Coal      0     -1      9906935.3      142.13111  1.4346628e-05      34851.396       1.033     -1
     5      4      265.37      334.09   Coal      0     -1       15506132      295.15603  1.9034795e-05      26267.685      1.0502     -1
     5      5      334.09      420.59   Coal      0     -1       24203982      643.25443  2.6576388e-05      18813.693      1.0865     -1
     5      6      420.59       529.5   Coal      0     -1       37290988      1353.8299   3.630448e-05      13772.405      1.1145     -1
     5      7       529.5       666.6   Coal      0     -1       56255182      2791.9043  4.9629282e-05      10074.697      1.1405     -1
     5      8       666.6       839.2   Coal      0     -1       82176423        5224.21    6.35731e-05      7864.9617      1.1918     -1
     5      9       839.2      1056.5   Coal      0     -1  1.1481275e+08        9065.05  7.8955078e-05      6332.7149      1.2356     -1
     5     10      1056.5        1330   Coal      0     -1  1.5172195e+08        13970.6  9.2080283e-05      5430.0441      1.2862     -1
     5     11        1330      1674.4   Coal      0     -1  1.8861551e+08       19186.02  0.00010172027      4915.4413      1.3475     -1
     5     12      1674.4        2108   Coal      0     -1  2.2334855e+08       22608.88   0.0001012269      4939.3987      1.3986     -1
     5     13        2108      2653.8   Coal      0     -1  2.5805145e+08       24658.63  9.5557031e-05      5232.4773      1.4678     -1
     5     14      2653.8        3341   Coal      0     -1  2.9801978e+08       24509.08  8.2239776e-05      6079.7831      1.5719     -1
     5     15        3341      4206.1   Coal      0     -1  3.5662602e+08       23536.48  6.5997653e-05       7576.027      1.7186     -1
     5     16      4206.1      5295.2   Coal      0     -1  4.5032535e+08        21802.7   4.841544e-05      10327.284      1.9524     -1
     5     17      5295.2      6666.2   Coal      0     -1  6.0075475e+08       21022.69  3.4993797e-05      14288.246      2.3041     -1
     5     18      6666.2      8392.3   Coal      0     -1  8.3897736e+08       21336.51  2.5431568e-05      19660.604      2.7678     -1
     5     19      8392.3       10565   Coal      0     -1  1.1940343e+09       24780.01  2.0753181e-05      24092.692      3.2578     -1
     5     20       10565       13301   Coal      0     -1   1.689364e+09          31839  1.8846738e-05       26529.79      4.1654     -1
     5     21       13301       16745   Coal      0     -1  2.3231732e+09       44009.27  1.8943603e-05      26394.134      5.0496     -1
     5     22       16745       21081   Coal      0     -1  3.0368465e+09       62331.31  2.0525012e-05      24360.522      6.1013     -1
     5     23       21081       26539   Coal      0     -1  3.6968542e+09       85778.76  2.3203176e-05      21548.774      7.2394     -1
     5     24       26539       33411   Coal      0     -1  4.1306137e+09      108659.17  2.6305817e-05      19007.203      8.7577     -1
     5     25       33411       42063   Coal      0     -1  4.2491119e+09      124503.58  2.9301083e-05      17064.216      10.901     -1
     5     26       42063       52954   Coal      0     -1  4.0734892e+09      128235.32  3.1480462e-05      15882.867      12.263     -1
     5     27       52954       66665   Coal      0     -1  3.7026991e+09      119085.91  3.2161919e-05      15546.336      15.163     -1
     5     28       66665       83927   Coal      0     -1  3.2219751e+09       100185.1  3.1094313e-05      16080.111      17.658     -1
     5     29       83927  1.0566e+05   Coal      0     -1  2.7157781e+09       77208.21  2.8429499e-05      17587.366        21.7     -1
     5     30  1.0566e+05  1.3302e+05   Coal      0     -1  2.2078843e+09       56274.42  2.5487938e-05      19617.122      24.408     -1
     5     31  1.3302e+05       1e+99   Coal      0     -1  3.8383265e+09       87586.13  2.2818832e-05      21911.726      33.128     -1
     5     -1           0       1e+99  Delay     -1     -1  2.6346904e+09              0              0              0           1     -1
     5     -1           0       1e+99   LogL     -1     -1              1      -37238038      -37238038              0           1     -1
     5     -1           0       1e+99 Recomb     -1     -1           6400  1.9200003e-05  3.0000005e-09              0           1     -1
     5     -1           0       1e+99 Resamp     -1     -1  2.6346904e+09        2567932  0.00097466178              0           1     -1
     4      0           0         133   Coal      0     -1      7496448.9      14.176014  1.8910305e-06      264406.09      1.0118     -1
     4      1         133      167.44   Coal      0     -1      3956647.2      24.079587  6.0858565e-06      82157.705       1.018     -1
     4      2      167.44      210.79   Coal      0     -1      6269124.6      75.324452  1.2015147e-05       41614.14      1.0234     -1
     4      3      210.79      265.37   Coal      0     -1        9871959      162.66958  1.6477944e-05      30343.592      1.0307     -1
     4      4      265.37      334.09   Coal      0     -1       15407966      382.80147  2.4844387e-05       20125.27      1.0505     -1
     4      5      334.09      420.59   Coal      0     -1       23975830      722.92573  3.0152271e-05      16582.499      1.0672     -1
     4      6      420.59       529.5   Coal      0     -1       36878739      1484.5905  4.0256001e-05      12420.509      1.1188     -1
     4      7       529.5       666.6   Coal      0     -1       55479335      2892.0971  5.2129268e-05      9591.5408      1.1297     -1
     4      8       666.6       839.2   Coal      0     -1       81076065        5268.51   6.498231e-05      7694.4017      1.1834     -1
     4      9       839.2      1056.5   Coal      0     -1  1.1320719e+08        8929.72   7.887944e-05      6338.7874      1.2302     -1
     4     10      1056.5        1330   Coal      0     -1  1.5056739e+08       13474.48  8.9491359e-05      5587.1316      1.2781     -1
     4     11        1330      1674.4   Coal      0     -1  1.8851536e+08       18382.35   9.751115e-05      5127.6187      1.3529     -1
     4     12      1674.4        2108   Coal      0     -1   2.254929e+08       21835.62  9.6835067e-05      5163.4187       1.405     -1
     4     13        2108      2653.8   Coal      0     -1  2.6303442e+08       23998.09   9.123555e-05      5480.3199      1.5035     -1
     4     14      2653.8        3341   Coal      0     -1  3.0699428e+08       24136.95  7.8623451e-05      6359.4257      1.5899     -1
     4     15        3341      4206.1   Coal      0     -1  3.6808779e+08       23700.75  6.4388852e-05      7765.3194       1.748     -1
     4     16      4206.1      5295.2   Coal      0     -1  4.6274612e+08       22331.86  4.8259421e-05      10360.671      2.0047     -1
     4     17      5295.2      6666.2   Coal      0     -1  6.1347924e+08       21874.84  3.5657017e-05      14022.485      2.2007     -1
     4     18      6666.2      8392.3   Coal      0     -1  8.4582459e+08       22778.12  2.6930075e-05      18566.602      2.6513     -1
     4     19      8392.3       10565   Coal      0     -1  1.1864136e+09       26226.98  2.2106101e-05       22618.19      3.3689     -1
     4     20       10565       13301   Coal      0     -1  1.6641191e+09       33401.01  2.0071286e-05      24911.209        4.06     -1
     4     21       13301       16745   Coal      0     -1  2.2726498e+09       45618.83  2.0072969e-05       24909.12      4.9537     -1
     4     22       16745       21081   Coal      0     -1  2.9537027e+09       63449.08    2.14812e-05      23276.167      6.0645     -1
     4     23       21081       26539   Coal      0     -1    3.58542e+09       85786.76  2.3926558e-05       20897.28      7.2864     -1
     4     24       26539       33411   Coal      0     -1  4.0123208e+09      107456.42  2.6781613e-05      18669.526      8.8611     -1
     4     25       33411       42063   Coal      0     -1  4.1515293e+09      122311.71  2.9461844e-05      16971.103      10.345     -1
     4     26       42063       52954   Coal      0     -1  4.0131603e+09      126086.74  3.1418316e-05      15914.284      12.479     -1
     4     27       52954       66665   Coal      0     -1  3.6705557e+09      117722.94  3.2072239e-05      15589.806      14.493     -1
     4     28       66665       83927   Coal      0     -1  3.2094487e+09      100008.13  3.1160532e-05      16045.939      18.363     -1
     4     29       83927  1.0566e+05   Coal      0     -1  2.6841463e+09        77627.6  2.8920779e-05      17288.608      20.545     -1
     4     30  1.0566e+05  1.3302e+05   Coal      0     -1  2.1491428e+09       56789.71  2.6424354e-05      18921.938      28.616     -1
     4     31  1.3302e+05       1e+99   Coal      0     -1  3.4961589e+09       83749.39  2.3954687e-05      20872.742      30.673     -1
     4     -1           0       1e+99  Delay     -1     -1  2.6346904e+09              0              0              0           1     -1
     4     -1           0       1e+99   LogL     -1     -1              1      -37240079      -37240079              0           1     -1
     4     -1           0       1e+99 Recomb     -1     -1           6400  1.9200003e-05  3.0000005e-09              0           1     -1
     4     -1           0       1e+99 Resamp     -1     -1  2.6346904e+09        2565074  0.00097357702              0           1     -1
     3      0           0         133   Coal      0     -1      7540843.6      21.297137  2.8242379e-06      177038.91      1.0113     -1
     3      1         133      167.44   Coal      0     -1      3992369.1      33.683293  8.4369186e-06      59263.343      1.0156     -1
     3      2      167.44      210.79   Coal      0     -1      6302976.3       96.91976  1.5376825e-05      32516.466      1.0275     -1
     3      3      210.79      265.37   Coal      0     -1      9938520.8      201.80874  2.0305712e-05      24623.613      1.0346     -1
     3      4      265.37      334.09   Coal      0     -1       15485308      418.99867   2.705782e-05      18478.946      1.0502     -1
     3      5      334.09      420.59   Coal      0     -1       23912390      831.52045  3.4773623e-05      14378.714      1.0728     -1
     3      6      420.59       529.5   Coal      0     -1       36743998      1561.3089  4.2491535e-05       11767.05      1.1076     -1
     3      7       529.5       666.6   Coal      0     -1       55103955        3018.82  5.4784089e-05      9126.7375      1.1485     -1
     3      8       666.6       839.2   Coal      0     -1       80237397        5268.37  6.5659782e-05      7615.0116      1.1898     -1
     3      9       839.2      1056.5   Coal      0     -1  1.1205611e+08        8665.05   7.732778e-05      6465.9816      1.2392     -1
     3     10      1056.5        1330   Coal      0     -1  1.4976814e+08       12847.91  8.5785335e-05       5828.502      1.2866     -1
     3     11        1330      1674.4   Coal      0     -1  1.8991227e+08       17309.57  9.1145087e-05      5485.7592      1.3458     -1
     3     12      1674.4        2108   Coal      0     -1  2.2977886e+08       20895.68   9.093822e-05      5498.2383      1.4127     -1
     3     13        2108      2653.8   Coal      0     -1  2.7023308e+08       23102.54  8.5491162e-05      5848.5578      1.4924     -1
     3     14      2653.8        3341   Coal      0     -1  3.1815193e+08       23695.78  7.4479447e-05      6713.2615      1.6268     -1
     3     15        3341      4206.1   Coal      0     -1  3.8226595e+08       23692.36  6.1978734e-05      8067.2831      1.7918     -1
     3     16      4206.1      5295.2   Coal      0     -1  4.7884068e+08       22981.95  4.7994982e-05      10417.756      1.9901     -1
     3     17      5295.2      6666.2   Coal      0     -1  6.2722065e+08       22992.73   3.665812e-05      13639.543      2.3077     -1
     3     18      6666.2      8392.3   Coal      0     -1  8.5273873e+08       24324.85   2.852556e-05       17528.14      2.8396     -1
     3     19      8392.3       10565   Coal      0     -1   1.180589e+09       28075.67   2.378107e-05      21025.126      3.3314     -1
     3     20       10565       13301   Coal      0     -1  1.6349011e+09       35527.27  2.1730531e-05      23009.101      3.9356     -1
     3     21       13301       16745   Coal      0     -1  2.2091506e+09       47714.38  2.1598518e-05      23149.736      4.9502     -1
     3     22       16745       21081   Coal      0     -1  2.8522933e+09       64841.89  2.2733247e-05      21994.218      5.8403     -1
     3     23       21081       26539   Coal      0     -1  3.4490425e+09       86010.87  2.4937608e-05      20050.038      6.9355     -1
     3     24       26539       33411   Coal      0     -1  3.8608101e+09      106022.98   2.746133e-05      18207.421      8.5317     -1
     3     25       33411       42063   Coal      0     -1  4.0140563e+09      119680.93  2.9815459e-05      16769.824      10.318     -1
     3     26       42063       52954   Coal      0     -1   3.912882e+09      123204.32  3.1486848e-05      15879.646      12.767     -1
     3     27       52954       66665   Coal      0     -1  3.6062207e+09      115740.99  3.2094816e-05       15578.84      14.914     -1
     3     28       66665       83927   Coal      0     -1   3.157532e+09       99146.27  3.1399926e-05      15923.604      18.527     -1
     3     29       83927  1.0566e+05   Coal      0     -1  2.6253881e+09       77571.74  2.9546771e-05      16922.323        21.7     -1
     3     30  1.0566e+05  1.3302e+05   Coal      0     -1  2.0576346e+09       56485.28   2.745156e-05      18213.901      26.438     -1
     3     31  1.3302e+05       1e+99   Coal      0     -1  3.1243766e+09       79181.38  2.5343097e-05      19729.238      28.453     -1
     3     -1           0       1e+99  Delay     -1     -1  2.6346904e+09              0              0              0           1     -1
     3     -1           0       1e+99   LogL     -1     -1              1      -37243532      -37243532              0           1     -1
     3     -1           0       1e+99 Recomb     -1     -1           6400  1.9200003e-05  3.0000005e-09              0           1     -1
     3     -1           0       1e+99 Resamp     -1     -1  2.6346904e+09        2564753  0.00097345518              0           1     -1
     2      0           0         133   Coal      0     -1      7477596.8      34.283154  4.5847824e-06      109056.43       1.011     -1
     2      1         133      167.44   Coal      0     -1      3949435.9      58.723399  1.4868806e-05      33627.447      1.0159     -1
     2      2      167.44      210.79   Coal      0     -1      6218945.4      121.98237   1.961464e-05      25491.164      1.0212     -1
     2      3      210.79      265.37   Coal      0     -1      9773745.9      232.27513   2.376521e-05      21039.158      1.0346     -1
     2      4      265.37      334.09   Coal      0     -1       15236030      459.19473  3.0138738e-05      16589.945      1.0479     -1
     2      5      334.09      420.59   Coal      0     -1       23632385      970.56638  4.1069336e-05      12174.533      1.0644     -1
     2      6      420.59       529.5   Coal      0     -1       36114513      1670.7108  4.6261477e-05      10808.129      1.0939     -1
     2      7       529.5       666.6   Coal      0     -1       54220085      3010.0285  5.5515008e-05      9006.5734      1.1269     -1
     2      8       666.6       839.2   Coal      0     -1       78913526         5223.6  6.6193976e-05      7553.5575      1.1885     -1
     2      9       839.2      1056.5   Coal      0     -1  1.1112276e+08        8221.94  7.3989705e-05      6757.6969      1.2361     -1
     2     10      1056.5        1330   Coal      0     -1  1.4935722e+08        11888.4  7.9597091e-05      6281.6366      1.2843     -1
     2     11        1330      1674.4   Coal      0     -1  1.9217589e+08       15998.93  8.3251493e-05      6005.8983      1.3556     -1
     2     12      1674.4        2108   Coal      0     -1  2.3637695e+08       19300.44  8.1651109e-05      6123.6156      1.4181     -1
     2     13        2108      2653.8   Coal      0     -1  2.8335573e+08       21819.52  7.7003984e-05      6493.1705      1.5194     -1
     2     14      2653.8        3341   Coal      0     -1  3.3819737e+08       23113.92  6.8344469e-05      7315.8809      1.6578     -1
     2     15        3341      4206.1   Coal      0     -1  4.0688679e+08       23912.48  5.8769369e-05      8507.8335      1.7979     -1
     2     16      4206.1      5295.2   Coal      0     -1  5.0443333e+08       23841.07  4.7263074e-05      10579.083      1.9822     -1
     2     17      5295.2      6666.2   Coal      0     -1  6.5133683e+08       24493.19  3.7604491e-05      13296.284      2.3098     -1
     2     18      6666.2      8392.3   Coal      0     -1  8.6902378e+08       26305.69  3.0270391e-05      16517.791      2.7786     -1
     2     19      8392.3       10565   Coal      0     -1  1.1801835e+09       30731.12  2.6039272e-05      19201.765      3.2977     -1
     2     20       10565       13301   Coal      0     -1  1.6047624e+09       38480.39   2.397887e-05      20851.692      4.1314     -1
     2     21       13301       16745   Coal      0     -1  2.1336747e+09        50382.3  2.3612924e-05      21174.844      4.9748     -1
     2     22       16745       21081   Coal      0     -1  2.7238576e+09          66677  2.4478886e-05      20425.766      6.0841     -1
     2     23       21081       26539   Coal      0     -1   3.278395e+09       86264.03  2.6312885e-05      19002.097      6.9188     -1
     2     24       26539       33411   Coal      0     -1  3.6724072e+09      104255.36  2.8388835e-05      17612.558      8.6043     -1
     2     25       33411       42063   Coal      0     -1  3.8441425e+09      116846.18  3.0395902e-05      16449.586      10.107     -1
     2     26       42063       52954   Coal      0     -1  3.7808699e+09      120085.43  3.1761323e-05      15742.417      12.432     -1
     2     27       52954       66665   Coal      0     -1  3.5158551e+09      113472.35  3.2274467e-05      15492.123      14.675     -1
     2     28       66665       83927   Coal      0     -1  3.0804451e+09       97993.45  3.1811458e-05      15717.607      17.498     -1
     2     29       83927  1.0566e+05   Coal      0     -1  2.5389298e+09       77067.14  3.0354183e-05      16472.194      20.896     -1
     2     30  1.0566e+05  1.3302e+05   Coal      0     -1  1.9425821e+09       55809.98  2.8729793e-05      17403.537      25.304     -1
     2     31  1.3302e+05       1e+99   Coal      0     -1  2.7096233e+09       73385.67  2.7083348e-05      18461.528      27.736     -1
     2     -1           0       1e+99  Delay     -1     -1  2.6346904e+09              0              0              0           1     -1
     2     -1           0       1e+99   LogL     -1     -1              1      -37248248      -37248248              0           1     -1
     2     -1           0       1e+99 Recomb     -1     -1           6400  1.9200003e-05  3.0000005e-09              0           1     -1
     2     -1           0       1e+99 Resamp     -1     -1  2.6346904e+09        2562492  0.00097259702              0           1     -1
     1      0           0         133   Coal      0     -1      7582558.8       72.99366  9.6265209e-06      51939.845      1.0106     -1
     1      1         133      167.44   Coal      0     -1      3995529.3      70.440707  1.7629881e-05       28360.94       1.014     -1
     1      2      167.44      210.79   Coal      0     -1      6251993.1      159.27896  2.5476509e-05      19625.923       1.019     -1
     1      3      210.79      265.37   Coal      0     -1      9784653.2      296.95496  3.0349053e-05      16474.979      1.0311     -1
     1      4      265.37      334.09   Coal      0     -1       15215318      526.47139  3.4601407e-05       14450.28      1.0385     -1
     1      5      334.09      420.59   Coal      0     -1       23419058      1044.8682   4.461615e-05      11206.704      1.0702     -1
     1      6      420.59       529.5   Coal      0     -1       35703721       1734.489  4.8580063e-05      10292.288      1.0999     -1
     1      7       529.5       666.6   Coal      0     -1       53454211       2953.221  5.5247677e-05      9050.1543      1.1312     -1
     1      8       666.6       839.2   Coal      0     -1       78042554        4881.47  6.2548824e-05      7993.7554       1.183     -1
     1      9       839.2      1056.5   Coal      0     -1  1.1044537e+08        7470.06  6.7635794e-05      7392.5354      1.2262     -1
     1     10      1056.5        1330   Coal      0     -1  1.4988041e+08       10640.55  7.0993599e-05      7042.8885      1.2869     -1
     1     11        1330      1674.4   Coal      0     -1  1.9594903e+08       14104.61  7.1981013e-05      6946.2762      1.3691     -1
     1     12      1674.4        2108   Coal      0     -1  2.4792564e+08       17438.68  7.0338347e-05       7108.498      1.4442     -1
     1     13        2108      2653.8   Coal      0     -1   3.038036e+08        20146.4  6.6313896e-05      7539.8979      1.5185     -1
     1     14      2653.8        3341   Coal      0     -1  3.6826935e+08        22025.5  5.9808128e-05      8360.0678      1.6626     -1
     1     15        3341      4206.1   Coal      0     -1  4.4691163e+08        23863.5  5.3396462e-05      9363.9162      1.8151     -1
     1     16      4206.1      5295.2   Coal      0     -1  5.4919782e+08       24892.22  4.5324688e-05      11031.516      2.0178     -1
     1     17      5295.2      6666.2   Coal      0     -1  6.9736021e+08       26493.99  3.7991829e-05      13160.725      2.3603     -1
     1     18      6666.2      8392.3   Coal      0     -1  9.0709538e+08        29340.4  3.2345441e-05      15458.129      2.7138     -1
     1     19      8392.3       10565   Coal      0     -1  1.1981708e+09       34446.94  2.8749608e-05      17391.542       3.192     -1
     1     20       10565       13301   Coal      0     -1  1.5810846e+09       42481.85  2.6868803e-05      18608.942      3.9096     -1
     1     21       13301       16745   Coal      0     -1  2.0576989e+09       53920.61  2.6204325e-05       19080.82      4.6723     -1
     1     22       16745       21081   Coal      0     -1  2.5792484e+09       69365.03  2.6893505e-05      18591.849      5.7016     -1
     1     23       21081       26539   Coal      0     -1  3.0733452e+09       86772.76  2.8233978e-05      17709.159      7.0195     -1
     1     24       26539       33411   Coal      0     -1  3.4489195e+09      102870.92  2.9826999e-05      16763.336      8.2415     -1
     1     25       33411       42063   Coal      0     -1  3.6275365e+09       113679.3  3.1337879e-05      15955.132      10.107     -1
     1     26       42063       52954   Coal      0     -1  3.6031404e+09      116385.51  3.2301131e-05      15479.334      12.335     -1
     1     27       52954       66665   Coal      0     -1  3.3750489e+09      110503.61  3.2741336e-05      15271.216      14.919     -1
     1     28       66665       83927   Coal      0     -1  2.9603794e+09       96187.86  3.2491734e-05      15388.529      18.334     -1
     1     29       83927  1.0566e+05   Coal      0     -1  2.4081021e+09       75826.55  3.1488096e-05      15879.017      20.589     -1
     1     30  1.0566e+05  1.3302e+05   Coal      0     -1  1.7945693e+09       54426.77  3.0328597e-05       16486.09      24.932     -1
     1     31  1.3302e+05       1e+99   Coal      0     -1  2.2792583e+09       66512.32  2.9181564e-05      17134.106      27.337     -1
     1     -1           0       1e+99  Delay     -1     -1  2.6346904e+09              0              0              0           1     -1
     1     -1           0       1e+99   LogL     -1     -1              1      -37260587      -37260587              0           1     -1
     1     -1           0       1e+99 Recomb     -1     -1           6400  1.9200003e-05  3.0000005e-09              0           1     -1
     1     -1           0       1e+99 Resamp     -1     -1  2.6346904e+09        2565695  0.00097381272              0           1     -1
     0      0           0         133   Coal      0     -1      7545662.8      137.83577  1.8266887e-05      27371.932      1.0094     -1
     0      1         133      167.44   Coal      0     -1      3956434.6      111.92458  2.8289253e-05      17674.556      1.0131     -1
     0      2      167.44      210.79   Coal      0     -1        6228224      196.90051  3.1614231e-05      15815.662       1.019     -1
     0      3      210.79      265.37   Coal      0     -1      9752222.2      348.11172   3.569563e-05      14007.317      1.0277     -1
     0      4      265.37      334.09   Coal      0     -1       15146788      614.86519  4.0593766e-05      12317.162      1.0376     -1
     0      5      334.09      420.59   Coal      0     -1       23210944      1032.8668  4.4499127e-05      11236.176      1.0604     -1
     0      6      420.59       529.5   Coal      0     -1       35214725      1626.1923  4.6179326e-05      10827.356      1.0898     -1
     0      7       529.5       666.6   Coal      0     -1       52697626      2655.4338  5.0390008e-05      9922.6022      1.1289     -1
     0      8       666.6       839.2   Coal      0     -1       77253184       4047.913  5.2398009e-05      9542.3473      1.1598     -1
     0      9       839.2      1056.5   Coal      0     -1  1.1037575e+08        6014.92  5.4494939e-05       9175.164      1.2384     -1
     0     10      1056.5        1330   Coal      0     -1  1.5346963e+08        8569.29  5.5837042e-05       8954.629      1.3011     -1
     0     11        1330      1674.4   Coal      0     -1   2.060508e+08       11520.24  5.5909707e-05      8942.9908      1.3891     -1
     0     12      1674.4        2108   Coal      0     -1   2.673555e+08       14538.97  5.4380665e-05      9194.4444      1.4722     -1
     0     13        2108      2653.8   Coal      0     -1  3.3699285e+08       17724.21  5.2595211e-05       9506.569      1.5634     -1
     0     14      2653.8        3341   Coal      0     -1   4.176089e+08       20458.98  4.8990766e-05      10206.005      1.6726     -1
     0     15        3341      4206.1   Coal      0     -1  5.1130143e+08       23424.18  4.5812858e-05      10913.967      1.8539     -1
     0     16      4206.1      5295.2   Coal      0     -1   6.288371e+08       26037.06  4.1405095e-05      12075.809      2.0971     -1
     0     17      5295.2      6666.2   Coal      0     -1   7.797133e+08       29265.49  3.7533655e-05      13321.378      2.3427     -1
     0     18      6666.2      8392.3   Coal      0     -1  9.8016302e+08       33663.85  3.4345154e-05      14558.095       2.703     -1
     0     19      8392.3       10565   Coal      0     -1   1.241257e+09       39545.04  3.1858866e-05      15694.218      3.1723     -1
     0     20       10565       13301   Coal      0     -1  1.5759418e+09       48154.89  3.0556262e-05      16363.258      3.7829     -1
     0     21       13301       16745   Coal      0     -1  1.9795687e+09       59312.74  2.9962456e-05      16687.551      4.6523     -1
     0     22       16745       21081   Coal      0     -1  2.4214369e+09       73136.03  3.0203566e-05      16554.336      5.4934     -1
     0     23       21081       26539   Coal      0     -1  2.8425654e+09          88013  3.0962525e-05      16148.554      6.6359     -1
     0     24       26539       33411   Coal      0     -1  3.1775713e+09      101399.71  3.1911073e-05      15668.542      7.9723     -1
     0     25       33411       42063   Coal      0     -1  3.3642132e+09      110199.94  3.2756527e-05      15264.134      9.6781     -1
     0     26       42063       52954   Coal      0     -1  3.3714344e+09      112357.74  3.3326391e-05      15003.125      11.737     -1
     0     27       52954       66665   Coal      0     -1  3.1863586e+09      106968.97  3.3570914e-05      14893.845      13.927     -1
     0     28       66665       83927   Coal      0     -1  2.7955003e+09       93642.64  3.3497632e-05      14926.428      16.554     -1
     0     29       83927  1.0566e+05   Coal      0     -1  2.2427549e+09        73942.6  3.2969542e-05      15165.513      20.274     -1
     0     30  1.0566e+05  1.3302e+05   Coal      0     -1  1.6161913e+09       52252.59  3.2330697e-05      15465.179      23.536     -1
     0     31  1.3302e+05       1e+99   Coal      0     -1  1.8556886e+09       58902.17  3.1741409e-05      15752.294      25.864     -1
     0     -1           0       1e+99  Delay     -1     -1  2.6346904e+09              0              0              0           1     -1
     0     -1           0       1e+99   LogL     -1     -1              1      -37286002      -37286002              0           1     -1
     0     -1           0       1e+99 Recomb     -1     -1           6400  1.9200003e-05  3.0000005e-09              0           1     -1
     0     -1           0       1e+99 Resamp     -1     -1  2.6346904e+09        2583607  0.00098061124              0           1     -1
