  Iter  Epoch       Start         End   Type   From     To            Opp          Count           Rate             Ne         ESS  Clump
    15      0           0          33   Coal      0     -1       592902.8  6.3772166e-49  1.0755923e-54   5.929028e+35      1.0068     -1
    15      1          33       65.92   Coal      0     -1      1413644.4  2.0424338e-46  1.4448003e-52  1.4136444e+36      1.0082     -1
    15      2       65.92      104.55   Coal      0     -1      2686616.6  2.1506522e-48  8.0050581e-55  2.6866166e+36      1.0089     -1
    15      3      104.55      131.67   Coal      0     -1      2558545.7   3.827417e-16  1.4959346e-22  3.3423921e+21      1.0093     -1
    15      4      131.67      165.83   Coal      0     -1      4016798.2      10.013626  2.4929373e-06      200566.62      1.0093     -1
    15      5      165.83      208.84   Coal      0     -1      6311190.9      31.161875  4.9375585e-06      101264.62      1.0092     -1
    15      6      208.84      263.02   Coal      0     -1      9926939.4      79.233633   7.981678e-06      62643.469      1.0094     -1
    15      7      263.02      331.24   Coal      0     -1       15586084      186.28956  1.1952301e-05       41832.95      1.0101     -1
    15      8      331.24      417.17   Coal      0     -1       24406895      444.39852  1.8207909e-05      27460.594      1.0108     -1
    15      9      417.17      525.38   Coal      0     -1       37833608      944.34065  2.4960364e-05      20031.759      1.0136     -1
    15     10      525.38      661.66   Coal      0     -1       57589718      2377.4264  4.1282134e-05      12111.777      1.0164     -1
    15     11      661.66       833.3   Coal      0     -1       85131040           4379  5.1438347e-05      9720.3745      1.0182     -1
    15     12       833.3      1049.5   Coal      0     -1  1.2130372e+08        8312.21  6.8523949e-05       7296.719      1.0286     -1
    15     13      1049.5      1321.7   Coal      0     -1  1.6125524e+08       14771.02  9.1600247e-05      5458.5005      1.0364     -1
    15     14      1321.7      1664.5   Coal      0     -1  1.9910597e+08       21305.02  0.00010700342      4672.7477       1.045     -1
    15     15      1664.5      2096.3   Coal      0     -1  2.2583293e+08       28463.39  0.00012603737      3967.0772      1.0527     -1
    15     16      2096.3      2640.1   Coal      0     -1  2.4314025e+08       29332.23  0.00012063914      4144.5919      1.0603     -1
    15     17      2640.1      3324.9   Coal      0     -1  2.7041382e+08       25910.25  9.5817032e-05      5218.2789      1.0837     -1
    15     18      3324.9      4187.4   Coal      0     -1  3.2231159e+08       23140.19  7.1794472e-05      6964.3245      1.1132     -1
    15     19      4187.4      5273.6   Coal      0     -1  4.1532585e+08       18918.96  4.5552088e-05      10976.445      1.1776     -1
    15     20      5273.6      6641.6   Coal      0     -1  5.7859131e+08       17220.44    2.97627e-05      16799.551      1.3227     -1
    15     21      6641.6      8364.4   Coal      0     -1  8.3872614e+08       16781.57  2.0008402e-05      24989.502      1.4569     -1
    15     22      8364.4       10534   Coal      0     -1  1.2401498e+09       19197.89  1.5480299e-05      32299.117      1.5995     -1
    15     23       10534       13267   Coal      0     -1  1.8110033e+09       25742.66  1.4214585e-05      35175.139      1.8835     -1
    15     24       13267       16708   Coal      0     -1  2.5713201e+09       37115.21  1.4434302e-05      34639.708      2.0222     -1
    15     25       16708       21042   Coal      0     -1  3.4423362e+09       58944.76  1.7123475e-05       29199.68      2.5008     -1
    15     26       21042       26500   Coal      0     -1  4.2221718e+09       88410.89  2.0939672e-05       23878.12       2.525     -1
    15     27       26500       33374   Coal      0     -1  4.6463428e+09      119546.05  2.5729064e-05      19433.276      2.8064     -1
    15     28       33374       42032   Coal      0     -1  4.5909696e+09      139066.54  3.0291322e-05      16506.377      3.1894     -1
    15     29       42032       52935   Coal      0     -1  4.1180369e+09      143318.27  3.4802571e-05      14366.755       3.683     -1
    15     30       52935       66666   Coal      0     -1  3.3680771e+09      129418.49  3.8425037e-05      13012.349      4.5719     -1
    15     31       66666       1e+99   Coal      0     -1  1.4072001e+10      311645.41  2.2146488e-05      22576.943      8.0252     -1
    15     -1           0       1e+99  Delay     -1     -1  2.6405262e+09              0              0              0           1     -1
    15     -1           0       1e+99   LogL     -1     -1              1      -37239257      -37239257              0           1     -1
    15     -1           0       1e+99 Recomb     -1     -1   4.012987e+14      1282688.1  3.1963425e-09              0      2.5561     -1
    15     -1           0       1e+99 Resamp     -1     -1  2.6405262e+09        2565136   0.0009714488              0           1     -1
    14      0           0          33   Coal      0     -1      607943.41  1.9384934e-45  3.1886083e-51  6.0794341e+35      1.0075     -1
    14      1          33       65.92   Coal      0     -1      1428193.1   1.458495e-42  1.0212169e-48  1.4281931e+36      1.0085     -1
    14      2       65.92      104.55   Coal      0     -1      2752201.8  2.9595144e-44  1.0753261e-50  2.7522018e+36      1.0087     -1
    14      3      104.55      131.67   Coal      0     -1      2616465.6  5.0071524e-12  1.9137085e-18  2.6127281e+17      1.0089     -1
    14      4      131.67      165.83   Coal      0     -1      4078474.6      11.404191  2.7961903e-06      178814.73       1.009     -1
    14      5      165.83      208.84   Coal      0     -1      6383544.9      28.375392  4.4450837e-06      112483.82      1.0092     -1
    14      6      208.84      263.02   Coal      0     -1      9991695.5      66.357594  6.6412746e-06      75286.753      1.0094     -1
    14      7      263.02      331.24   Coal      0     -1       15624935      195.58694  1.2517616e-05      39943.709      1.0101     -1
    14      8      331.24      417.17   Coal      0     -1       24314479      450.32444  1.8520835e-05      26996.623      1.0098     -1
    14      9      417.17      525.38   Coal      0     -1       37603319      919.14142  2.4443093e-05      20455.676      1.0112     -1
    14     10      525.38      661.66   Coal      0     -1       57284752      2401.7877  4.1927172e-05      11925.441      1.0162     -1
    14     11      661.66       833.3   Coal      0     -1       84922256      4388.1103  5.1672088e-05       9676.404      1.0182     -1
    14     12       833.3      1049.5   Coal      0     -1  1.2047977e+08        8334.17  6.9174852e-05      7228.0603      1.0249     -1
    14     13      1049.5      1321.7   Coal      0     -1  1.6022203e+08       14883.26  9.2891473e-05      5382.6254      1.0266     -1
    14     14      1321.7      1664.5   Coal      0     -1  1.9772117e+08       20954.49     0.00010598      4717.8712      1.0371     -1
    14     15      1664.5      2096.3   Coal      0     -1  2.2518315e+08        28281.6  0.00012559376      3981.0893      1.0478     -1
    14     16      2096.3      2640.1   Coal      0     -1  2.4395002e+08       29338.88  0.00012026595      4157.4528      1.0629     -1
    14     17      2640.1      3324.9   Coal      0     -1  2.7081052e+08        25953.2  9.5835271e-05      5217.2858      1.0791     -1
    14     18      3324.9      4187.4   Coal      0     -1  3.2150586e+08       23044.89  7.1677979e-05      6975.6431       1.112     -1
    14     19      4187.4      5273.6   Coal      0     -1  4.1549962e+08       18931.28  4.5562689e-05      10973.891      1.1861     -1
    14     20      5273.6      6641.6   Coal      0     -1  5.7847971e+08        17303.9  2.9912717e-05      16715.299       1.345     -1
    14     21      6641.6      8364.4   Coal      0     -1  8.3915671e+08       16957.08  2.0207286e-05       24743.55      1.4184     -1
    14     22      8364.4       10534   Coal      0     -1  1.2387572e+09       19167.69  1.5473322e-05      32313.681      1.5704     -1
    14     23       10534       13267   Coal      0     -1  1.8073234e+09       25777.21  1.4262644e-05      35056.614      1.7585     -1
    14     24       13267       16708   Coal      0     -1  2.5635429e+09       37316.36  1.4556558e-05       34348.78      2.0515     -1
    14     25       16708       21042   Coal      0     -1  3.4334279e+09       59148.32  1.7227192e-05      29023.883      2.3015     -1
    14     26       21042       26500   Coal      0     -1  4.2053511e+09       88434.25  2.1028981e-05       23776.71      2.6451     -1
    14     27       26500       33374   Coal      0     -1   4.629147e+09      119420.42    2.57975e-05      19381.723      2.7656     -1
    14     28       33374       42032   Coal      0     -1  4.5739663e+09      138616.34  3.0305501e-05      16498.655      2.9966     -1
    14     29       42032       52935   Coal      0     -1  4.1159425e+09      142401.56  3.4597558e-05      14451.887      3.8361     -1
    14     30       52935       66666   Coal      0     -1  3.3936484e+09      128566.71  3.7884511e-05      13198.006      4.4639     -1
    14     31       66666       1e+99   Coal      0     -1  1.3986421e+10      312551.96  2.2346815e-05      22374.553      6.7134     -1
    14     -1           0       1e+99  Delay     -1     -1  2.6405262e+09              0              0              0           1     -1
    14     -1           0       1e+99   LogL     -1     -1              1      -37239076      -37239076              0           1     -1
    14     -1           0       1e+99 Recomb     -1     -1  4.0135288e+14      1281142.7  3.1920607e-09              0       2.495     -1
    14     -1           0       1e+99 Resamp     -1     -1  2.6405262e+09        2566420  0.00097193507              0           1     -1
    13      0           0          33   Coal      0     -1      600217.71  5.8175904e-42  9.6924671e-48  6.0021771e+35      1.0068     -1
    13      1          33       65.92   Coal      0     -1      1435284.9  1.0466779e-38   7.292475e-45  1.4352849e+36      1.0081     -1
    13      2       65.92      104.55   Coal      0     -1      2761786.2   4.086773e-40  1.4797572e-46  2.7617862e+36      1.0085     -1
    13      3      104.55      131.67   Coal      0     -1      2636889.8  6.6016544e-08  2.5035762e-14  1.9971431e+13      1.0085     -1
    13      4      131.67      165.83   Coal      0     -1        4112648      16.064964  3.9062337e-06      128000.53      1.0086     -1
    13      5      165.83      208.84   Coal      0     -1        6423210      25.163477   3.917586e-06      127629.62      1.0087     -1
    13      6      208.84      263.02   Coal      0     -1       10078461      65.007927  6.4501837e-06      77517.172      1.0087     -1
    13      7      263.02      331.24   Coal      0     -1       15770596      209.81873  1.3304426e-05      37581.477      1.0091     -1
    13      8      331.24      417.17   Coal      0     -1       24610665      491.73755  1.9980669e-05      25024.188      1.0098     -1
    13      9      417.17      525.38   Coal      0     -1       38064092      949.55757  2.4946282e-05      20043.067      1.0106     -1
    13     10      525.38      661.66   Coal      0     -1       57855445      2406.0879  4.1587924e-05      12022.721      1.0128     -1
    13     11      661.66       833.3   Coal      0     -1       85525734      4511.3722  5.2748711e-05      9478.9046       1.015     -1
    13     12       833.3      1049.5   Coal      0     -1  1.2117919e+08        8448.74  6.9721047e-05      7171.4357      1.0279     -1
    13     13      1049.5      1321.7   Coal      0     -1  1.6105336e+08       14794.87  9.1863154e-05      5442.8787      1.0348     -1
    13     14      1321.7      1664.5   Coal      0     -1  1.9889037e+08       20912.05   0.0001051436      4755.4011      1.0342     -1
    13     15      1664.5      2096.3   Coal      0     -1  2.2566011e+08       28356.86  0.00012566182      3978.9332      1.0524     -1
    13     16      2096.3      2640.1   Coal      0     -1  2.4461803e+08       28961.44  0.00011839454      4223.1676      1.0531     -1
    13     17      2640.1      3324.9   Coal      0     -1  2.7209961e+08       26059.85  9.5773199e-05      5220.6672      1.0836     -1
    13     18      3324.9      4187.4   Coal      0     -1  3.2371059e+08       23189.33  7.1635995e-05      6979.7313      1.1385     -1
    13     19      4187.4      5273.6   Coal      0     -1  4.1715325e+08       19041.09  4.5645312e-05      10954.028      1.2039     -1
    13     20      5273.6      6641.6   Coal      0     -1  5.7849765e+08        17352.2  2.9995282e-05      16669.288      1.2739     -1
    13     21      6641.6      8364.4   Coal      0     -1  8.3984323e+08       17130.88  2.0397712e-05      24512.554      1.4653     -1
    13     22      8364.4       10534   Coal      0     -1  1.2397609e+09       19246.91  1.5524695e-05      32206.751      1.6159     -1
    13     23       10534       13267   Coal      0     -1  1.8115684e+09       26228.34   1.447825e-05      34534.561       1.875     -1
    13     24       13267       16708   Coal      0     -1  2.5662097e+09       37555.19  1.4634498e-05      34165.846      2.2087     -1
    13     25       16708       21042   Coal      0     -1  3.4267905e+09       59543.86  1.7375985e-05      28775.347      2.3778     -1
    13     26       21042       26500   Coal      0     -1  4.1919195e+09       88483.16  2.1108029e-05      23687.669      2.5199     -1
    13     27       26500       33374   Coal      0     -1  4.6171239e+09      119201.23  2.5817204e-05      19366.931      2.8132     -1
    13     28       33374       42032   Coal      0     -1  4.5713368e+09      138563.04  3.0311274e-05      16495.513      3.2987     -1
    13     29       42032       52935   Coal      0     -1  4.1250892e+09      141952.56  3.4411998e-05      14529.816      3.8813     -1
    13     30       52935       66666   Coal      0     -1  3.4184152e+09      127997.41  3.7443495e-05      13353.454      4.6438     -1
    13     31       66666       1e+99   Coal      0     -1  1.3899295e+10      313593.32  2.2561815e-05      22161.338      6.6503     -1
    13     -1           0       1e+99  Delay     -1     -1  2.6405262e+09              0              0              0           1     -1
    13     -1           0       1e+99   LogL     -1     -1              1      -37239318      -37239318              0           1     -1
    13     -1           0       1e+99 Recomb     -1     -1  4.0112803e+14      1282850.7  3.1981077e-09              0      2.5494     -1
    13     -1           0       1e+99 Resamp     -1     -1  2.6405262e+09        2563673  0.00097089474              0           1     -1
    12      0           0          33   Coal      0     -1      603405.93  1.7551843e-38  2.9087952e-44  6.0340591e+35      1.0061     -1
    12      1          33       65.92   Coal      0     -1      1437927.4  7.5252344e-35  5.2333897e-41   1.437711e+36      1.0077     -1
    12      2       65.92      104.55   Coal      0     -1      2752866.6  5.6251704e-36  2.0433865e-42  2.7528356e+36      1.0083     -1
    12      3      104.55      131.67   Coal      0     -1      2618691.2  0.00086438471  3.3008273e-10  1.5147718e+09      1.0084     -1
    12      4      131.67      165.83   Coal      0     -1      4111166.1      16.228678  3.9474634e-06      126663.62      1.0087     -1
    12      5      165.83      208.84   Coal      0     -1      6466253.6      30.439403  4.7074249e-06      106215.18      1.0088     -1
    12      6      208.84      263.02   Coal      0     -1       10153863      59.790962  5.8884939e-06      84911.356       1.009     -1
    12      7      263.02      331.24   Coal      0     -1       15849150      247.36754  1.5607622e-05      32035.629      1.0097     -1
    12      8      331.24      417.17   Coal      0     -1       24632333      457.23697  1.8562471e-05      26936.069      1.0102     -1
    12      9      417.17      525.38   Coal      0     -1       38055681      948.14454  2.4914665e-05      20068.502       1.011     -1
    12     10      525.38      661.66   Coal      0     -1       57867213      2341.4239  4.0462014e-05      12357.269      1.0125     -1
    12     11      661.66       833.3   Coal      0     -1       85300197      4718.3541  5.5314692e-05      9039.1897      1.0224     -1
    12     12       833.3      1049.5   Coal      0     -1  1.2067288e+08        8411.15  6.9702075e-05      7173.3876      1.0237     -1
    12     13      1049.5      1321.7   Coal      0     -1  1.6009416e+08       14899.71  9.3068416e-05      5372.3918       1.032     -1
    12     14      1321.7      1664.5   Coal      0     -1  1.9745489e+08       20841.49  0.00010555064      4737.0627      1.0387     -1
    12     15      1664.5      2096.3   Coal      0     -1  2.2564571e+08       28088.43  0.00012448023      4016.7021      1.0485     -1
    12     16      2096.3      2640.1   Coal      0     -1  2.4475648e+08       28970.16   0.0001183632      4224.2859      1.0539     -1
    12     17      2640.1      3324.9   Coal      0     -1  2.7294162e+08       26180.66  9.5920366e-05      5212.6574       1.079     -1
    12     18      3324.9      4187.4   Coal      0     -1  3.2245146e+08       23210.84  7.1982431e-05      6946.1394      1.1218     -1
    12     19      4187.4      5273.6   Coal      0     -1  4.1504674e+08       18937.32  4.5626957e-05      10958.434      1.2006     -1
    12     20      5273.6      6641.6   Coal      0     -1  5.7692968e+08       17315.69  3.0013519e-05      16659.159      1.3031     -1
    12     21      6641.6      8364.4   Coal      0     -1  8.3621232e+08        17152.8  2.0512494e-05      24375.388      1.4444     -1
    12     22      8364.4       10534   Coal      0     -1  1.2304618e+09       19136.22  1.5552064e-05      32150.074      1.5733     -1
    12     23       10534       13267   Coal      0     -1  1.8022456e+09       26106.25  1.4485401e-05      34517.513      1.7697     -1
    12     24       13267       16708   Coal      0     -1   2.555505e+09        37720.1  1.4760331e-05      33874.578           2     -1
    12     25       16708       21042   Coal      0     -1  3.4111365e+09       59752.87  1.7516997e-05      28543.705      2.2452     -1
    12     26       21042       26500   Coal      0     -1  4.1694484e+09       88247.35  2.1165234e-05      23623.647      2.5869     -1
    12     27       26500       33374   Coal      0     -1  4.5905358e+09      118471.51  2.5807774e-05      19374.007      2.9225     -1
    12     28       33374       42032   Coal      0     -1  4.5499519e+09      137649.88  3.0253041e-05      16527.264      3.3118     -1
    12     29       42032       52935   Coal      0     -1  4.1209392e+09      140620.17   3.412333e-05      14652.732      3.8388     -1
    12     30       52935       66666   Coal      0     -1  3.4408911e+09      127233.56  3.6976922e-05      13521.948      4.2525     -1
    12     31       66666       1e+99   Coal      0     -1  1.3815837e+10      314828.76  2.2787528e-05      21941.828      6.7777     -1
    12     -1           0       1e+99  Delay     -1     -1  2.6405262e+09              0              0              0           1     -1
    12     -1           0       1e+99   LogL     -1     -1              1      -37240301      -37240301              0           1     -1
    12     -1           0       1e+99 Recomb     -1     -1  4.0100069e+14      1280272.4  3.1926938e-09              0      2.5026     -1
    12     -1           0       1e+99 Resamp     -1     -1  2.6405262e+09        2563932  0.00097099283              0           1     -1
    11      0           0          33   Coal      0     -1      601616.77  5.2797414e-35  8.7759213e-41  6.0155325e+35      1.0061     -1
    11      1          33       65.92   Coal      0     -1      1429871.3  5.3800584e-31  3.7626172e-37   6.887588e+35      1.0077     -1
    11      2       65.92      104.55   Coal      0     -1        2738206  7.7014376e-32  2.8125851e-38  2.3727364e+36      1.0085     -1
    11      3      104.55      131.67   Coal      0     -1      2606885.2      1.4355063  5.5065955e-07      908002.05      1.0086     -1
    11      4      131.67      165.83   Coal      0     -1      4073160.8      14.286297  3.5074228e-06      142554.81      1.0087     -1
    11      5      165.83      208.84   Coal      0     -1      6376022.6      28.779713  4.5137407e-06      110772.87      1.0088     -1
    11      6      208.84      263.02   Coal      0     -1      9998959.9      72.776883  7.2784453e-06      68695.989      1.0092     -1
    11      7      263.02      331.24   Coal      0     -1       15696199      261.15476   1.663809e-05      30051.527      1.0094     -1
    11      8      331.24      417.17   Coal      0     -1       24468761      445.12426  1.8191532e-05      27485.315      1.0102     -1
    11      9      417.17      525.38   Coal      0     -1       37876747      951.24341  2.5114179e-05      19909.072      1.0112     -1
    11     10      525.38      661.66   Coal      0     -1       57581247      2331.6203  4.0492702e-05      12347.904      1.0151     -1
    11     11      661.66       833.3   Coal      0     -1       84968392      4722.6804  5.5581614e-05      8995.7805      1.0189     -1
    11     12       833.3      1049.5   Coal      0     -1  1.1987038e+08      8357.6189  6.9722135e-05      7171.3237      1.0307     -1
    11     13      1049.5      1321.7   Coal      0     -1  1.5904255e+08       14794.03   9.301932e-05      5375.2274      1.0342     -1
    11     14      1321.7      1664.5   Coal      0     -1   1.972921e+08       20587.89  0.00010435233      4791.4599      1.0431     -1
    11     15      1664.5      2096.3   Coal      0     -1  2.2553375e+08       27750.81  0.00012304504      4063.5525      1.0502     -1
    11     16      2096.3      2640.1   Coal      0     -1  2.4632725e+08       28832.57  0.00011704986      4271.6838      1.0683     -1
    11     17      2640.1      3324.9   Coal      0     -1  2.7412081e+08       26240.62  9.5726478e-05      5223.2152      1.0837     -1
    11     18      3324.9      4187.4   Coal      0     -1  3.2479776e+08       23406.41  7.2064568e-05      6938.2224      1.1262     -1
    11     19      4187.4      5273.6   Coal      0     -1  4.1856327e+08       18873.81  4.5091892e-05      11088.468      1.1709     -1
    11     20      5273.6      6641.6   Coal      0     -1  5.8164229e+08       17569.25   3.020628e-05      16552.849      1.3033     -1
    11     21      6641.6      8364.4   Coal      0     -1  8.3941822e+08       17584.22  2.0948104e-05      23868.509      1.4132     -1
    11     22      8364.4       10534   Coal      0     -1  1.2362599e+09       19548.23  1.5812394e-05      31620.764      1.5991     -1
    11     23       10534       13267   Coal      0     -1   1.806649e+09       26322.34  1.4569703e-05      34317.789      1.7483     -1
    11     24       13267       16708   Coal      0     -1  2.5514952e+09       38077.62   1.492365e-05      33503.869      2.1005     -1
    11     25       16708       21042   Coal      0     -1  3.3986477e+09       60179.74  1.7706966e-05      28237.474      2.2991     -1
    11     26       21042       26500   Coal      0     -1  4.1555316e+09       88578.67  2.1315846e-05      23456.728      2.5241     -1
    11     27       26500       33374   Coal      0     -1   4.574777e+09      118094.35  2.5814231e-05      19369.161      2.9234     -1
    11     28       33374       42032   Coal      0     -1  4.5415212e+09      137218.22  3.0214154e-05      16548.536      3.1886     -1
    11     29       42032       52935   Coal      0     -1  4.1264196e+09      140068.18  3.3944241e-05      14730.039      3.6197     -1
    11     30       52935       66666   Coal      0     -1  3.4733342e+09      126700.68  3.6478114e-05      13706.849      4.9114     -1
    11     31       66666       1e+99   Coal      0     -1  1.3710916e+10      316296.37  2.3068945e-05      21674.159      7.1763     -1
    11     -1           0       1e+99  Delay     -1     -1  2.6405262e+09              0              0              0           1     -1
    11     -1           0       1e+99   LogL     -1     -1              1      -37239983      -37239983              0           1     -1
    11     -1           0       1e+99 Recomb     -1     -1  4.0115962e+14      1281486.7  3.1944559e-09              0      2.5204     -1
    11     -1           0       1e+99 Resamp     -1     -1  2.6405262e+09        2565042   0.0009714132              0           1     -1
    10      0           0          33   Coal      0     -1      611918.98   1.615387e-31  2.6398707e-37  4.6249674e+35      1.0074     -1
    10      1          33       65.92   Coal      0     -1      1448741.3  3.8971564e-27  2.6900292e-33  1.8584774e+32      1.0086     -1
    10      2       65.92      104.55   Coal      0     -1      2773702.9   1.068075e-27  3.8507188e-34  1.2978513e+33      1.0088     -1
    10      3      104.55      131.67   Coal      0     -1      2624348.5      2.0014695  7.6265385e-07      655605.42      1.0087     -1
    10      4      131.67      165.83   Coal      0     -1      4093831.7        9.09351  2.2212711e-06      225096.34      1.0088     -1
    10      5      165.83      208.84   Coal      0     -1      6405598.1      25.341662  3.9561742e-06      126384.73      1.0088     -1
    10      6      208.84      263.02   Coal      0     -1       10037383      83.449599  8.3138803e-06       60140.39      1.0091     -1
    10      7      263.02      331.24   Coal      0     -1       15730683      261.85947  1.6646414e-05      30036.499      1.0092     -1
    10      8      331.24      417.17   Coal      0     -1       24556709      455.97967  1.8568436e-05      26927.416      1.0103     -1
    10      9      417.17      525.38   Coal      0     -1       37961912      983.85284  2.5916841e-05      19292.474      1.0123     -1
    10     10      525.38      661.66   Coal      0     -1       57763605      2335.0328  4.0423945e-05      12368.907      1.0128     -1
    10     11      661.66       833.3   Coal      0     -1       84962586      4709.0401  5.5424868e-05      9021.2212      1.0183     -1
    10     12       833.3      1049.5   Coal      0     -1  1.1981778e+08       8400.065  7.0106998e-05      7131.9556      1.0256     -1
    10     13      1049.5      1321.7   Coal      0     -1  1.5909636e+08       14923.42  9.3801141e-05      5330.4256      1.0291     -1
    10     14      1321.7      1664.5   Coal      0     -1  1.9631365e+08       20621.06   0.0001050414      4760.0281      1.0383     -1
    10     15      1664.5      2096.3   Coal      0     -1  2.2433181e+08       27409.56  0.00012218312      4092.2183      1.0521     -1
    10     16      2096.3      2640.1   Coal      0     -1  2.4505669e+08       28341.17  0.00011565148      4323.3341      1.0573     -1
    10     17      2640.1      3324.9   Coal      0     -1   2.746791e+08       26320.85     9.5824e-05      5217.8995      1.0838     -1
    10     18      3324.9      4187.4   Coal      0     -1  3.2576379e+08       23367.74  7.1732159e-05      6970.3744      1.1354     -1
    10     19      4187.4      5273.6   Coal      0     -1  4.2033102e+08        18979.8  4.5154412e-05      11073.115      1.1903     -1
    10     20      5273.6      6641.6   Coal      0     -1  5.8233258e+08        17600.6  3.0224309e-05      16542.975      1.3119     -1
    10     21      6641.6      8364.4   Coal      0     -1  8.4137166e+08       17770.51   2.112088e-05      23673.256      1.4233     -1
    10     22      8364.4       10534   Coal      0     -1  1.2332072e+09        19978.9  1.6200765e-05       30862.74      1.5832     -1
    10     23       10534       13267   Coal      0     -1  1.7976952e+09       26638.44  1.4818107e-05      33742.502      1.8199     -1
    10     24       13267       16708   Coal      0     -1  2.5358511e+09       38531.18  1.5194575e-05      32906.481      2.1724     -1
    10     25       16708       21042   Coal      0     -1  3.3796845e+09       60337.25  1.7852924e-05      28006.617       2.311     -1
    10     26       21042       26500   Coal      0     -1  4.1288956e+09       88659.81  2.1473009e-05      23285.046      2.6522     -1
    10     27       26500       33374   Coal      0     -1  4.5487891e+09      117311.26  2.5789558e-05      19387.692      2.8077     -1
    10     28       33374       42032   Coal      0     -1  4.5349066e+09      136314.03   3.005884e-05      16634.042      3.4846     -1
    10     29       42032       52935   Coal      0     -1  4.1324923e+09      139123.64  3.3665796e-05      14851.869      3.6962     -1
    10     30       52935       66666   Coal      0     -1  3.5005956e+09      125877.28  3.5958818e-05      13904.795      4.2392     -1
    10     31       66666       1e+99   Coal      0     -1  1.3590393e+10      317992.47  2.3398329e-05      21369.048      6.9658     -1
    10     -1           0       1e+99  Delay     -1     -1  2.6405262e+09              0              0              0           1     -1
    10     -1           0       1e+99   LogL     -1     -1              1      -37239149      -37239149              0           1     -1
    10     -1           0       1e+99 Recomb     -1     -1  4.0103838e+14      1280907.2  3.1939766e-09              0      2.5332     -1
    10     -1           0       1e+99 Resamp     -1     -1  2.6405262e+09        2564261  0.00097111743              0           1     -1
     9      0           0          33   Coal      0     -1      607532.25  4.9069984e-28  8.0769348e-34  6.1841658e+32      1.0063     -1
     9      1          33       65.92   Coal      0     -1      1442049.9   2.809947e-23  1.9485782e-29  2.5659735e+28      1.0078     -1
     9      2       65.92      104.55   Coal      0     -1      2736855.8  1.4615836e-23   5.340375e-30  9.3626381e+28      1.0084     -1
     9      3      104.55      131.67   Coal      0     -1      2594031.7       1.117974  4.3097932e-07      1160148.5      1.0087     -1
     9      4      131.67      165.83   Coal      0     -1      4053961.4      10.040739  2.4767721e-06      201875.66      1.0088     -1
     9      5      165.83      208.84   Coal      0     -1      6357531.4      18.476638  2.9062597e-06      172042.44       1.009     -1
     9      6      208.84      263.02   Coal      0     -1       10011952      77.963104  7.7870033e-06      64209.553       1.009     -1
     9      7      263.02      331.24   Coal      0     -1       15669326      271.14536  1.7304213e-05      28894.697      1.0093     -1
     9      8      331.24      417.17   Coal      0     -1       24386431      466.91319  1.9146434e-05      26114.524      1.0098     -1
     9      9      417.17      525.38   Coal      0     -1       37687373      991.11151  2.6298238e-05      19012.681      1.0117     -1
     9     10      525.38      661.66   Coal      0     -1       57210617       2428.437  4.2447313e-05      11779.309      1.0126     -1
     9     11      661.66       833.3   Coal      0     -1       84438034      4674.3103  5.5357877e-05      9032.1382      1.0168     -1
     9     12       833.3      1049.5   Coal      0     -1  1.1956601e+08        8456.79  7.0729048e-05      7069.2313      1.0206     -1
     9     13      1049.5      1321.7   Coal      0     -1  1.5909603e+08       14793.46  9.2984473e-05      5377.2419      1.0359     -1
     9     14      1321.7      1664.5   Coal      0     -1  1.9685933e+08       20766.37  0.00010548837      4739.8589       1.041     -1
     9     15      1664.5      2096.3   Coal      0     -1  2.2577227e+08       27133.65   0.0001201815      4160.3741      1.0546     -1
     9     16      2096.3      2640.1   Coal      0     -1  2.4828929e+08       28267.49  0.00011384901      4391.7817      1.0683     -1
     9     17      2640.1      3324.9   Coal      0     -1  2.7652942e+08       26499.29  9.5828104e-05       5217.676      1.0925     -1
     9     18      3324.9      4187.4   Coal      0     -1  3.2750475e+08       23245.57   7.097781e-05      7044.4551      1.1456     -1
     9     19      4187.4      5273.6   Coal      0     -1  4.2210943e+08       19164.34  4.5401354e-05      11012.887      1.1774     -1
     9     20      5273.6      6641.6   Coal      0     -1  5.8340229e+08        17686.2  3.0315616e-05       16493.15      1.2639     -1
     9     21      6641.6      8364.4   Coal      0     -1  8.4103202e+08        17833.3  2.1204068e-05      23580.381      1.4761     -1
     9     22      8364.4       10534   Coal      0     -1  1.2302479e+09       20391.24  1.6574903e-05      30166.089      1.6351     -1
     9     23       10534       13267   Coal      0     -1  1.7854716e+09       27092.77  1.5174013e-05      32951.071      1.6912     -1
     9     24       13267       16708   Coal      0     -1  2.5172069e+09       38752.26  1.5394944e-05      32478.195      2.0685     -1
     9     25       16708       21042   Coal      0     -1  3.3551342e+09       60278.07  1.7965919e-05      27830.471      2.1958     -1
     9     26       21042       26500   Coal      0     -1  4.0932619e+09       88694.08  2.1668313e-05       23075.17      2.6901     -1
     9     27       26500       33374   Coal      0     -1  4.5198259e+09      116623.23  2.5802593e-05      19377.897      2.9056     -1
     9     28       33374       42032   Coal      0     -1  4.5142387e+09      135351.15  2.9983162e-05      16676.026      3.4805     -1
     9     29       42032       52935   Coal      0     -1  4.1365035e+09       138095.9  3.3384693e-05      14976.924      3.4563     -1
     9     30       52935       66666   Coal      0     -1  3.5337554e+09       125013.5  3.5376953e-05      14133.495      4.0413     -1
     9     31       66666       1e+99   Coal      0     -1  1.3410625e+10      318450.97  2.3746169e-05      21056.028      6.4447     -1
     9     -1           0       1e+99  Delay     -1     -1  2.6405262e+09              0              0              0           1     -1
     9     -1           0       1e+99   LogL     -1     -1              1      -37240440      -37240440              0           1     -1
     9     -1           0       1e+99 Recomb     -1     -1  4.0061085e+14        1279752  3.1945015e-09              0       2.495     -1
     9     -1           0       1e+99 Resamp     -1     -1  2.6405262e+09        2563238     0.00097073              0           1     -1
     8      0           0          33   Coal      0     -1      601031.35  1.4746299e-24  2.4534992e-30   2.037905e+29      1.0077     -1
     8      1          33       65.92   Coal      0     -1      1452557.9  2.0408054e-19  1.4049735e-25   3.558786e+24       1.009     -1
     8      2       65.92      104.55   Coal      0     -1      2758178.4  2.0156542e-19  7.3079182e-26  6.8418938e+24      1.0095     -1
     8      3      104.55      131.67   Coal      0     -1        2610808      4.0564158  1.5537013e-06      321812.17      1.0097     -1
     8      4      131.67      165.83   Coal      0     -1      4063509.2      12.341796  3.0372261e-06       164623.9      1.0095     -1
     8      5      165.83      208.84   Coal      0     -1      6359861.5      27.173356  4.2726334e-06      117023.85      1.0095     -1
     8      6      208.84      263.02   Coal      0     -1      9980125.1      73.370851  7.3516966e-06      68011.512      1.0095     -1
     8      7      263.02      331.24   Coal      0     -1       15668774      271.27421  1.7313047e-05      28879.954      1.0096     -1
     8      8      331.24      417.17   Coal      0     -1       24439271      498.23471  2.0386643e-05      24525.862      1.0105     -1
     8      9      417.17      525.38   Coal      0     -1       37673452      1064.8165  2.8264372e-05      17690.115      1.0113     -1
     8     10      525.38      661.66   Coal      0     -1       57004278      2563.7406   4.497453e-05      11117.403      1.0167     -1
     8     11      661.66       833.3   Coal      0     -1       84057824        4653.13  5.5356299e-05      9032.3958      1.0182     -1
     8     12       833.3      1049.5   Coal      0     -1  1.1893468e+08        8595.12  7.2267568e-05      6918.7329      1.0267     -1
     8     13      1049.5      1321.7   Coal      0     -1  1.5790327e+08       14823.93  9.3879818e-05      5325.9583      1.0274     -1
     8     14      1321.7      1664.5   Coal      0     -1  1.9573634e+08       20478.03  0.00010462048       4779.179      1.0431     -1
     8     15      1664.5      2096.3   Coal      0     -1   2.255504e+08       26583.44  0.00011786031      4242.3102      1.0449     -1
     8     16      2096.3      2640.1   Coal      0     -1  2.4844697e+08       28136.33  0.00011324884      4415.0564      1.0636     -1
     8     17      2640.1      3324.9   Coal      0     -1  2.7820812e+08       26242.87  9.4328196e-05       5300.642      1.0831     -1
     8     18      3324.9      4187.4   Coal      0     -1  3.2987819e+08       22945.92  6.9558767e-05      7188.1666      1.1241     -1
     8     19      4187.4      5273.6   Coal      0     -1  4.2515739e+08        19550.1  4.5983207e-05      10873.535       1.192     -1
     8     20      5273.6      6641.6   Coal      0     -1  5.8626536e+08       17877.02  3.0493052e-05      16397.178      1.2873     -1
     8     21      6641.6      8364.4   Coal      0     -1  8.4152558e+08       18356.21  2.1813015e-05      22922.095       1.397     -1
     8     22      8364.4       10534   Coal      0     -1  1.2287281e+09       20832.94  1.6954882e-05      29490.031      1.6041     -1
     8     23       10534       13267   Coal      0     -1  1.7815025e+09       27718.38   1.555899e-05      32135.762      1.8046     -1
     8     24       13267       16708   Coal      0     -1   2.508157e+09       39552.39  1.5769503e-05      31706.769      1.9755     -1
     8     25       16708       21042   Coal      0     -1  3.3247802e+09       60913.98  1.8321205e-05      27290.781      2.2804     -1
     8     26       21042       26500   Coal      0     -1   4.054481e+09       88298.57   2.177802e-05      22958.928      2.5849     -1
     8     27       26500       33374   Coal      0     -1  4.4842107e+09      116077.07  2.5885731e-05      19315.661      2.8733     -1
     8     28       33374       42032   Coal      0     -1  4.4942272e+09      134281.92  2.9878756e-05      16734.298      3.2533     -1
     8     29       42032       52935   Coal      0     -1  4.1437234e+09      137263.15  3.3125558e-05      15094.085      3.7776     -1
     8     30       52935       66666   Coal      0     -1  3.5692265e+09      124439.52  3.4864563e-05       14341.21      4.6246     -1
     8     31       66666       1e+99   Coal      0     -1  1.3230037e+10      319418.44  2.4143428e-05       20709.57       6.836     -1
     8     -1           0       1e+99  Delay     -1     -1  2.6405262e+09              0              0              0           1     -1
     8     -1           0       1e+99   LogL     -1     -1              1      -37240289      -37240289              0           1     -1
     8     -1           0       1e+99 Recomb     -1     -1  4.0067961e+14      1279524.9  3.1933867e-09              0      2.4989     -1
     8     -1           0       1e+99 Resamp     -1     -1  2.6405262e+09        2564478  0.00097119961              0           1     -1
     7      0           0          33   Coal      0     -1      608361.63  4.4855414e-21  7.3731497e-27  6.7813623e+25      1.0063     -1
     7      1          33       65.92   Coal      0     -1      1446719.5  1.4762365e-15  1.0204027e-21  4.9000261e+20       1.008     -1
     7      2       65.92      104.55   Coal      0     -1      2763258.6  2.7848868e-15   1.007827e-21  4.9611687e+20      1.0086     -1
     7      3      104.55      131.67   Coal      0     -1      2622145.2      10.094698   3.849786e-06      129877.35      1.0091     -1
     7      4      131.67      165.83   Coal      0     -1      4102532.1      11.043812  2.6919503e-06      185738.94      1.0093     -1
     7      5      165.83      208.84   Coal      0     -1      6449329.5      24.444621  3.7902578e-06      131917.15      1.0095     -1
     7      6      208.84      263.02   Coal      0     -1       10144283      73.389865  7.2346035e-06      69112.287      1.0095     -1
     7      7      263.02      331.24   Coal      0     -1       15900423      251.77397  1.5834419e-05      31576.781      1.0096     -1
     7      8      331.24      417.17   Coal      0     -1       24663985      551.46102  2.2358959e-05      22362.401      1.0097     -1
     7      9      417.17      525.38   Coal      0     -1       37914302      1212.4713  3.1979259e-05      15635.134      1.0117     -1
     7     10      525.38      661.66   Coal      0     -1       57066656      2660.6013  4.6622695e-05      10724.391      1.0139     -1
     7     11      661.66       833.3   Coal      0     -1       83770416      4737.9601  5.6558871e-05      8840.3463      1.0157     -1
     7     12       833.3      1049.5   Coal      0     -1  1.1842071e+08        8655.83  7.3093884e-05      6840.5176      1.0237     -1
     7     13      1049.5      1321.7   Coal      0     -1  1.5674116e+08       14789.64   9.435709e-05      5299.0189      1.0325     -1
     7     14      1321.7      1664.5   Coal      0     -1  1.9390915e+08       20194.52  0.00010414423      4801.0339      1.0399     -1
     7     15      1664.5      2096.3   Coal      0     -1  2.2455907e+08       26197.17  0.00011666049      4285.9413      1.0552     -1
     7     16      2096.3      2640.1   Coal      0     -1  2.4916884e+08       27671.66  0.00011105586      4502.2388      1.0602     -1
     7     17      2640.1      3324.9   Coal      0     -1  2.7969611e+08       25978.44  9.2880948e-05      5383.2353      1.0818     -1
     7     18      3324.9      4187.4   Coal      0     -1  3.3346796e+08       22876.21  6.8600923e-05      7288.5317       1.129     -1
     7     19      4187.4      5273.6   Coal      0     -1  4.2947004e+08       19886.97  4.6305837e-05      10797.775      1.1929     -1
     7     20      5273.6      6641.6   Coal      0     -1  5.8940517e+08       18366.56  3.1161179e-05      16045.606      1.2494     -1
     7     21      6641.6      8364.4   Coal      0     -1  8.4256519e+08       18819.72  2.2336218e-05      22385.168      1.4414     -1
     7     22      8364.4       10534   Coal      0     -1  1.2266641e+09       21337.94  1.7395096e-05      28743.733      1.5382     -1
     7     23       10534       13267   Coal      0     -1  1.7699976e+09       28493.92  1.6098282e-05      31059.215      1.8145     -1
     7     24       13267       16708   Coal      0     -1  2.4771753e+09       40112.63  1.6192891e-05      30877.747      2.0557     -1
     7     25       16708       21042   Coal      0     -1  3.2849659e+09       61244.18   1.864378e-05      26818.596      2.3175     -1
     7     26       21042       26500   Coal      0     -1  4.0040431e+09       88196.39  2.2026833e-05      22699.586       2.672     -1
     7     27       26500       33374   Coal      0     -1  4.4348568e+09      115583.11  2.6062422e-05       19184.71      2.8572     -1
     7     28       33374       42032   Coal      0     -1  4.4560322e+09       133014.2  2.9850368e-05      16750.212      3.0512     -1
     7     29       42032       52935   Coal      0     -1   4.128012e+09      135593.52  3.2847172e-05       15222.01      3.8312     -1
     7     30       52935       66666   Coal      0     -1  3.5902255e+09      123231.74  3.4324234e-05      14566.967      4.3129     -1
     7     31       66666       1e+99   Coal      0     -1  1.3009085e+10      319923.02  2.4592276e-05      20331.587      6.3228     -1
     7     -1           0       1e+99  Delay     -1     -1  2.6405262e+09              0              0              0           1     -1
     7     -1           0       1e+99   LogL     -1     -1              1      -37239698      -37239698              0           1     -1
     7     -1           0       1e+99 Recomb     -1     -1  4.0006209e+14      1276901.4   3.191758e-09              0      2.4807     -1
     7     -1           0       1e+99 Resamp     -1     -1  2.6405262e+09        2563475  0.00097081976              0           1     -1
     6      0           0          33   Coal      0     -1      609171.06   1.366231e-17  2.2427708e-23  2.2293852e+22      1.0054     -1
     6      1          33       65.92   Coal      0     -1      1460378.3  1.0779319e-11  7.3811825e-18  6.7739823e+16      1.0074     -1
     6      2       65.92      104.55   Coal      0     -1      2787901.4  3.8819948e-11  1.3924434e-17  3.5908103e+16      1.0083     -1
     6      3      104.55      131.67   Coal      0     -1      2639658.1      11.807979  4.4732987e-06      111774.34      1.0087     -1
     6      4      131.67      165.83   Coal      0     -1      4118814.3      10.010031  2.4303185e-06      205734.35       1.009     -1
     6      5      165.83      208.84   Coal      0     -1      6445778.1      44.709405  6.9362308e-06       72085.26       1.009     -1
     6      6      208.84      263.02   Coal      0     -1       10059583      85.596605  8.5089618e-06      58761.575       1.009     -1
     6      7      263.02      331.24   Coal      0     -1       15727214      266.10388  1.6919963e-05      29550.892      1.0091     -1
     6      8      331.24      417.17   Coal      0     -1       24452050      615.11848  2.5156111e-05      19875.886      1.0097     -1
     6      9      417.17      525.38   Coal      0     -1       37643735      1271.0971  3.3766498e-05      14807.577      1.0108     -1
     6     10      525.38      661.66   Coal      0     -1       56721643      2691.8967  4.7458017e-05      10535.628      1.0126     -1
     6     11      661.66       833.3   Coal      0     -1       83232903      4815.7901   5.785921e-05      8641.6665      1.0179     -1
     6     12       833.3      1049.5   Coal      0     -1  1.1772143e+08        8585.46  7.2930304e-05      6855.8606        1.02     -1
     6     13      1049.5      1321.7   Coal      0     -1  1.5645458e+08       14725.43  9.4119518e-05      5312.3944       1.029     -1
     6     14      1321.7      1664.5   Coal      0     -1  1.9388008e+08       19947.58  0.00010288618      4859.7394      1.0406     -1
     6     15      1664.5      2096.3   Coal      0     -1  2.2494554e+08       25539.48  0.00011353628      4403.8786      1.0541     -1
     6     16      2096.3      2640.1   Coal      0     -1  2.5187858e+08       27014.73  0.00010725299      4661.8748      1.0585     -1
     6     17      2640.1      3324.9   Coal      0     -1   2.851501e+08       25993.38  9.1156832e-05      5485.0524      1.0803     -1
     6     18      3324.9      4187.4   Coal      0     -1  3.3953395e+08       23153.66  6.8192474e-05      7332.1874      1.1415     -1
     6     19      4187.4      5273.6   Coal      0     -1   4.348591e+08       20038.02  4.6079339e-05       10850.85      1.2271     -1
     6     20      5273.6      6641.6   Coal      0     -1  5.9396307e+08       18805.26  3.1660655e-05      15792.472      1.3153     -1
     6     21      6641.6      8364.4   Coal      0     -1  8.4465427e+08       19344.97  2.2902826e-05      21831.367      1.4329     -1
     6     22      8364.4       10534   Coal      0     -1  1.2230324e+09       22257.56  1.8198667e-05       27474.54      1.6367     -1
     6     23       10534       13267   Coal      0     -1  1.7581923e+09       29277.46  1.6652024e-05      30026.381      1.8679     -1
     6     24       13267       16708   Coal      0     -1  2.4510724e+09       41148.85  1.6788101e-05      29782.999      2.0115     -1
     6     25       16708       21042   Coal      0     -1  3.2413825e+09       61803.22  1.9066932e-05      26223.411      2.2595     -1
     6     26       21042       26500   Coal      0     -1  3.9468121e+09       88176.06  2.2341084e-05      22380.293      2.7532     -1
     6     27       26500       33374   Coal      0     -1  4.3667249e+09      114770.02   2.628286e-05      19023.805      3.0134     -1
     6     28       33374       42032   Coal      0     -1  4.4080557e+09      131250.16  2.9775068e-05      16792.573      3.0007     -1
     6     29       42032       52935   Coal      0     -1  4.1268896e+09      134117.37  3.2498415e-05      15385.366      3.7288     -1
     6     30       52935       66666   Coal      0     -1  3.6278244e+09      122735.93  3.3831828e-05      14778.983      4.5047     -1
     6     31       66666       1e+99   Coal      0     -1  1.2750651e+10      320296.66  2.5120024e-05      19904.439      6.6481     -1
     6     -1           0       1e+99  Delay     -1     -1  2.6405262e+09              0              0              0           1     -1
     6     -1           0       1e+99   LogL     -1     -1              1      -37240411      -37240411              0           1     -1
     6     -1           0       1e+99 Recomb     -1     -1  3.9951113e+14      1276646.2  3.1955209e-09              0      2.5284     -1
     6     -1           0       1e+99 Resamp     -1     -1  2.6405262e+09        2562652  0.00097050808              0           1     -1
     5      0           0          33   Coal      0     -1      593469.61   4.054083e-14  6.8311552e-20  7.3194063e+18      1.0061     -1
     5      1          33       65.92   Coal      0     -1      1433601.6  7.7266242e-08  5.3896594e-14   9.277024e+12      1.0077     -1
     5      2       65.92      104.55   Coal      0     -1      2748154.9  5.3341616e-07  1.9409974e-13  2.5759952e+12      1.0089     -1
     5      3      104.55      131.67   Coal      0     -1      2620722.8      16.062291  6.1289547e-06      81579.979       1.009     -1
     5      4      131.67      165.83   Coal      0     -1      4120364.6       9.134694  2.2169626e-06      225533.81      1.0089     -1
     5      5      165.83      208.84   Coal      0     -1      6445830.9      56.792894   8.810795e-06      56748.568      1.0092     -1
     5      6      208.84      263.02   Coal      0     -1       10066149      111.50363  1.1077089e-05      45138.211      1.0089     -1
     5      7      263.02      331.24   Coal      0     -1       15702279      286.06998  1.8218373e-05      27444.821      1.0091     -1
     5      8      331.24      417.17   Coal      0     -1       24294083      653.63164  2.6904973e-05      18583.925      1.0109     -1
     5      9      417.17      525.38   Coal      0     -1       37350788      1331.7219  3.5654453e-05      14023.494      1.0117     -1
     5     10      525.38      661.66   Coal      0     -1       56220402      2718.1935   4.834888e-05      10341.501      1.0135     -1
     5     11      661.66       833.3   Coal      0     -1       82552736      4919.9255  5.9597365e-05      8389.6327      1.0145     -1
     5     12       833.3      1049.5   Coal      0     -1  1.1644804e+08        8700.47  7.4715471e-05      6692.0545      1.0268     -1
     5     13      1049.5      1321.7   Coal      0     -1  1.5455119e+08       14504.79  9.3851041e-05      5327.5914      1.0333     -1
     5     14      1321.7      1664.5   Coal      0     -1  1.9254874e+08       19314.24  0.00010030832      4984.6315      1.0482     -1
     5     15      1664.5      2096.3   Coal      0     -1  2.2602735e+08       24934.34  0.00011031559      4532.4509      1.0494     -1
     5     16      2096.3      2640.1   Coal      0     -1  2.5478922e+08       26299.04  0.00010321881      4844.0783      1.0697     -1
     5     17      2640.1      3324.9   Coal      0     -1  2.9032878e+08       25730.48  8.8625315e-05      5641.7289      1.0922     -1
     5     18      3324.9      4187.4   Coal      0     -1   3.454653e+08       23140.49  6.6983545e-05      7464.5199      1.1203     -1
     5     19      4187.4      5273.6   Coal      0     -1  4.3969252e+08        20337.6  4.6254141e-05      10809.843      1.1982     -1
     5     20      5273.6      6641.6   Coal      0     -1  5.9771322e+08       19366.39  3.2400806e-05      15431.715      1.2493     -1
     5     21      6641.6      8364.4   Coal      0     -1  8.4809924e+08       20034.15  2.3622412e-05       21166.34      1.3986     -1
     5     22      8364.4       10534   Coal      0     -1  1.2175899e+09       23458.99  1.9266742e-05      25951.455       1.513     -1
     5     23       10534       13267   Coal      0     -1  1.7355447e+09       30458.87  1.7550035e-05      28489.972      1.8198     -1
     5     24       13267       16708   Coal      0     -1  2.4074009e+09       42512.58  1.7659119e-05      28313.983      2.1167     -1
     5     25       16708       21042   Coal      0     -1  3.1695016e+09       62360.07   1.967504e-05      25412.909      2.3593     -1
     5     26       21042       26500   Coal      0     -1  3.8532503e+09       88406.35  2.2943319e-05      21792.837      2.5437     -1
     5     27       26500       33374   Coal      0     -1  4.2781045e+09      113277.23  2.6478369e-05      18883.338       3.041     -1
     5     28       33374       42032   Coal      0     -1  4.3470695e+09      129493.68   2.978873e-05      16784.871      3.3339     -1
     5     29       42032       52935   Coal      0     -1  4.0957763e+09      132183.51  3.2273128e-05      15492.766      3.7899     -1
     5     30       52935       66666   Coal      0     -1  3.6278069e+09      121231.34  3.3417253e-05      14962.331      4.6954     -1
     5     31       66666       1e+99   Coal      0     -1  1.2414464e+10      319806.52    2.57608e-05      19409.335      6.3159     -1
     5     -1           0       1e+99  Delay     -1     -1  2.6405262e+09              0              0              0           1     -1
     5     -1           0       1e+99   LogL     -1     -1              1      -37241257      -37241257              0           1     -1
     5     -1           0       1e+99 Recomb     -1     -1  3.9898104e+14      1273802.3  3.1926388e-09              0      2.5027     -1
     5     -1           0       1e+99 Resamp     -1     -1  2.6405262e+09        2561465  0.00097005855              0           1     -1
     4      0           0          33   Coal      0     -1      603999.78  1.2243326e-10  2.0270414e-16  2.4666491e+15      1.0068     -1
     4      1          33       65.92   Coal      0     -1      1430312.6   0.0005525744  3.8633121e-10  1.2942263e+09      1.0087     -1
     4      2       65.92      104.55   Coal      0     -1      2752486.6   0.0073411042  2.6670808e-09  1.8747088e+08       1.009     -1
     4      3      104.55      131.67   Coal      0     -1      2631181.3      10.509836  3.9943411e-06      125177.09      1.0091     -1
     4      4      131.67      165.83   Coal      0     -1      4109768.6      19.970741  4.8593346e-06      102894.75      1.0091     -1
     4      5      165.83      208.84   Coal      0     -1      6421707.8      69.474143   1.081864e-05      46216.531      1.0093     -1
     4      6      208.84      263.02   Coal      0     -1       10010600      146.94332  1.4678772e-05      34062.795      1.0095     -1
     4      7      263.02      331.24   Coal      0     -1       15615432      319.55288  2.0463916e-05      24433.252      1.0099     -1
     4      8      331.24      417.17   Coal      0     -1       24290337      707.85712   2.914151e-05      17157.656      1.0107     -1
     4      9      417.17      525.38   Coal      0     -1       37225518       1440.859  3.8706219e-05      12917.821      1.0118     -1
     4     10      525.38      661.66   Coal      0     -1       56016119      2839.3101  5.0687375e-05      9864.3892       1.014     -1
     4     11      661.66       833.3   Coal      0     -1       81847767      4998.6886  6.1072999e-05       8186.924      1.0176     -1
     4     12       833.3      1049.5   Coal      0     -1  1.1511259e+08        8671.91  7.5334156e-05      6637.0956      1.0257     -1
     4     13      1049.5      1321.7   Coal      0     -1  1.5286288e+08       14156.93  9.2611954e-05      5398.8711      1.0307     -1
     4     14      1321.7      1664.5   Coal      0     -1  1.9137377e+08       18801.14  9.8243034e-05      5089.4194      1.0406     -1
     4     15      1664.5      2096.3   Coal      0     -1  2.2710433e+08       23609.45  0.00010395861      4809.6065      1.0508     -1
     4     16      2096.3      2640.1   Coal      0     -1  2.6011949e+08       25801.33  9.9190301e-05      5040.8154      1.0681     -1
     4     17      2640.1      3324.9   Coal      0     -1  2.9839265e+08       25296.99  8.4777522e-05      5897.7897      1.1017     -1
     4     18      3324.9      4187.4   Coal      0     -1  3.5460633e+08       23239.82  6.5536958e-05       7629.283      1.1346     -1
     4     19      4187.4      5273.6   Coal      0     -1  4.5050235e+08       20914.41  4.6424641e-05      10770.143      1.1947     -1
     4     20      5273.6      6641.6   Coal      0     -1  6.0600334e+08       20196.15  3.3326797e-05      15002.942      1.2884     -1
     4     21      6641.6      8364.4   Coal      0     -1  8.4828964e+08       21177.52  2.4964964e-05      20028.068      1.4423     -1
     4     22      8364.4       10534   Coal      0     -1  1.2081662e+09       24735.78  2.0473822e-05      24421.429      1.6197     -1
     4     23       10534       13267   Coal      0     -1  1.7110314e+09       31777.05  1.8571868e-05       26922.44      1.7362     -1
     4     24       13267       16708   Coal      0     -1  2.3578362e+09       43904.67  1.8620746e-05      26851.771       2.071     -1
     4     25       16708       21042   Coal      0     -1  3.0864164e+09       63647.67  2.0621868e-05      24246.106      2.2758     -1
     4     26       21042       26500   Coal      0     -1  3.7464929e+09       88309.12  2.3571143e-05      21212.378      2.7121     -1
     4     27       26500       33374   Coal      0     -1   4.162521e+09      111963.16  2.6897921e-05      18588.797      2.9137     -1
     4     28       33374       42032   Coal      0     -1  4.2512585e+09      126965.92   2.986549e-05      16741.731      3.2361     -1
     4     29       42032       52935   Coal      0     -1  4.0411221e+09      129766.57  3.2111519e-05      15570.737      4.1618     -1
     4     30       52935       66666   Coal      0     -1   3.616879e+09      119805.82  3.3124088e-05      15094.755      4.5712     -1
     4     31       66666       1e+99   Coal      0     -1  1.1943958e+10      317142.97  2.6552586e-05      18830.558       6.569     -1
     4     -1           0       1e+99  Delay     -1     -1  2.6405262e+09              0              0              0           1     -1
     4     -1           0       1e+99   LogL     -1     -1              1      -37243692      -37243692              0           1     -1
     4     -1           0       1e+99 Recomb     -1     -1  3.9776093e+14      1268481.6  3.1890552e-09              0      2.5205     -1
     4     -1           0       1e+99 Resamp     -1     -1  2.6405262e+09        2559680  0.00096938255              0           1     -1
     3      0           0          33   Coal      0     -1      613684.85  3.7567718e-07  6.1216629e-13  8.1677153e+11      1.0064     -1
     3      1          33       65.92   Coal      0     -1        1461426      1.0049026  6.8761787e-07      727148.06      1.0083     -1
     3      2       65.92      104.55   Coal      0     -1      2765949.7       2.021395  7.3081411e-07      684168.51      1.0087     -1
     3      3      104.55      131.67   Coal      0     -1      2618339.2      16.642687  6.3561999e-06      78663.354       1.009     -1
     3      4      131.67      165.83   Coal      0     -1      4103714.9      37.628462  9.1693656e-06        54529.4      1.0091     -1
     3      5      165.83      208.84   Coal      0     -1      6459478.3      104.57176  1.6188886e-05      30885.386      1.0092     -1
     3      6      208.84      263.02   Coal      0     -1       10113762      188.32884  1.8621047e-05      26851.337      1.0093     -1
     3      7      263.02      331.24   Coal      0     -1       15657534      395.93349  2.5287091e-05      19772.935      1.0099     -1
     3      8      331.24      417.17   Coal      0     -1       24211702       781.6549  3.2284178e-05      15487.462      1.0102     -1
     3      9      417.17      525.38   Coal      0     -1       37096952      1536.3271  4.1413836e-05       12073.26      1.0118     -1
     3     10      525.38      661.66   Coal      0     -1       55583597      2977.2912  5.3564206e-05      9334.5919      1.0132     -1
     3     11      661.66       833.3   Coal      0     -1       81330681      5119.5519  6.2947363e-05      7943.1445      1.0163     -1
     3     12       833.3      1049.5   Coal      0     -1  1.1434827e+08       8509.457  7.4417017e-05      6718.8933      1.0208     -1
     3     13      1049.5      1321.7   Coal      0     -1  1.5235079e+08       13618.79  8.9391001e-05      5593.4042       1.027     -1
     3     14      1321.7      1664.5   Coal      0     -1  1.9220973e+08       17921.59  9.3239762e-05       5362.519       1.044     -1
     3     15      1664.5      2096.3   Coal      0     -1  2.3123316e+08       22500.58   9.730689e-05      5138.3823      1.0534     -1
     3     16      2096.3      2640.1   Coal      0     -1  2.6785708e+08       24938.73  9.3104614e-05      5370.3031      1.0747     -1
     3     17      2640.1      3324.9   Coal      0     -1  3.0975395e+08        24973.6  8.0623991e-05       6201.628      1.0919     -1
     3     18      3324.9      4187.4   Coal      0     -1   3.696744e+08       23616.35  6.3884191e-05      7826.6625      1.1483     -1
     3     19      4187.4      5273.6   Coal      0     -1  4.6641886e+08       21752.82  4.6637952e-05      10720.883      1.1961     -1
     3     20      5273.6      6641.6   Coal      0     -1  6.2079168e+08       21289.54  3.4294177e-05      14579.735      1.3146     -1
     3     21      6641.6      8364.4   Coal      0     -1  8.5831877e+08       22686.57  2.6431404e-05      18916.892      1.4453     -1
     3     22      8364.4       10534   Coal      0     -1  1.2040995e+09        26646.4  2.2129733e-05      22594.036        1.59     -1
     3     23       10534       13267   Coal      0     -1  1.6817753e+09       33824.23  2.0112217e-05      24860.512      1.7469     -1
     3     24       13267       16708   Coal      0     -1  2.2952286e+09       46025.86  2.0052844e-05      24934.119      2.0237     -1
     3     25       16708       21042   Coal      0     -1  2.9843274e+09       64951.73  2.1764278e-05      22973.425      2.2835     -1
     3     26       21042       26500   Coal      0     -1  3.6058708e+09       88512.47  2.4546767e-05      20369.281       2.517     -1
     3     27       26500       33374   Coal      0     -1   4.008541e+09      110462.13  2.7556692e-05      18144.413      2.8523     -1
     3     28       33374       42032   Coal      0     -1  4.1203706e+09      124388.97  3.0188782e-05      16562.444      3.2571     -1
     3     29       42032       52935   Coal      0     -1  3.9590089e+09       126725.7  3.2009451e-05      15620.387      3.4797     -1
     3     30       52935       66666   Coal      0     -1  3.5794452e+09      117919.72  3.2943575e-05      15177.466      4.4212     -1
     3     31       66666       1e+99   Coal      0     -1  1.1418978e+10      313737.74  2.7475115e-05      18198.286      6.2601     -1
     3     -1           0       1e+99  Delay     -1     -1  2.6405262e+09              0              0              0           1     -1
     3     -1           0       1e+99   LogL     -1     -1              1      -37246160      -37246160              0           1     -1
     3     -1           0       1e+99 Recomb     -1     -1  3.9642255e+14      1263873.3  3.1881973e-09              0      2.4619     -1
     3     -1           0       1e+99 Resamp     -1     -1  2.6405262e+09        2558762  0.00096903489              0           1     -1
     2      0           0          33   Coal      0     -1      594379.89   0.0011164748  1.8783858e-09  2.6618599e+08      1.0065     -1
     2      1          33       65.92   Coal      0     -1      1438540.4      1.0122862  7.0368976e-07      710540.39      1.0079     -1
     2      2       65.92      104.55   Coal      0     -1      2751162.1      9.1339712  3.3200411e-06      150600.55      1.0084     -1
     2      3      104.55      131.67   Coal      0     -1      2610498.4      29.601892  1.1339556e-05      44093.439      1.0084     -1
     2      4      131.67      165.83   Coal      0     -1      4046236.7      58.466706  1.4449651e-05      34602.913      1.0085     -1
     2      5      165.83      208.84   Coal      0     -1      6307346.6      135.43097   2.147194e-05      23286.205      1.0086     -1
     2      6      208.84      263.02   Coal      0     -1      9850402.6      222.52465  2.2590411e-05      22133.284      1.0088     -1
     2      7      263.02      331.24   Coal      0     -1       15380277      479.04781  3.1146891e-05      16052.967      1.0091     -1
     2      8      331.24      417.17   Coal      0     -1       23779430      872.53888  3.6693011e-05      13626.573      1.0097     -1
     2      9      417.17      525.38   Coal      0     -1       36420905      1651.0717  4.5333078e-05      11029.474      1.0109     -1
     2     10      525.38      661.66   Coal      0     -1       54415937       3020.796  5.5513075e-05      9006.8871      1.0125     -1
     2     11      661.66       833.3   Coal      0     -1       79481493        5044.07  6.3462195e-05      7878.7064      1.0172     -1
     2     12       833.3      1049.5   Coal      0     -1   1.123141e+08        8122.71  7.2321371e-05      6913.5857      1.0225     -1
     2     13      1049.5      1321.7   Coal      0     -1  1.5074216e+08       12530.48  8.3125249e-05      6015.0196      1.0316     -1
     2     14      1321.7      1664.5   Coal      0     -1   1.931821e+08       16468.51  8.5248631e-05      5865.1968       1.038     -1
     2     15      1664.5      2096.3   Coal      0     -1   2.370393e+08       20863.23  8.8015912e-05       5680.791      1.0559     -1
     2     16      2096.3      2640.1   Coal      0     -1  2.7977143e+08       23456.12  8.3840299e-05      5963.7192      1.0688     -1
     2     17      2640.1      3324.9   Coal      0     -1  3.2728413e+08       24252.89  7.4103471e-05      6747.3223      1.0925     -1
     2     18      3324.9      4187.4   Coal      0     -1  3.9349982e+08       23574.85    5.99107e-05      8345.7546       1.152     -1
     2     19      4187.4      5273.6   Coal      0     -1  4.9229538e+08       22677.11  4.6064032e-05      10854.456      1.1975     -1
     2     20      5273.6      6641.6   Coal      0     -1  6.4534802e+08        22869.1  3.5436849e-05      14109.607      1.2741     -1
     2     21      6641.6      8364.4   Coal      0     -1  8.7243635e+08       24793.09  2.8418222e-05      17594.345      1.4135     -1
     2     22      8364.4       10534   Coal      0     -1  1.1974781e+09       29201.18  2.4385564e-05      20503.934      1.6117     -1
     2     23       10534       13267   Coal      0     -1  1.6431321e+09       36518.32  2.2224823e-05      22497.367      1.7037     -1
     2     24       13267       16708   Coal      0     -1   2.212255e+09       48742.73  2.2033052e-05       22693.18      1.9775     -1
     2     25       16708       21042   Coal      0     -1    2.84585e+09       66850.72  2.3490599e-05      21285.111      2.1531     -1
     2     26       21042       26500   Coal      0     -1  3.4227696e+09        88454.9  2.5843078e-05      19347.541      2.4829     -1
     2     27       26500       33374   Coal      0     -1  3.8185637e+09      108673.51  2.8459263e-05      17568.972      2.8667     -1
     2     28       33374       42032   Coal      0     -1  3.9627131e+09      121123.07  3.0565693e-05      16358.209       3.182     -1
     2     29       42032       52935   Coal      0     -1  3.8509145e+09      123799.27  3.2148018e-05      15553.058      3.8111     -1
     2     30       52935       66666   Coal      0     -1  3.5268266e+09      115978.59  3.2884688e-05      15204.645      4.2871     -1
     2     31       66666       1e+99   Coal      0     -1   1.076062e+10      308271.74  2.8648138e-05      17453.141      6.3538     -1
     2     -1           0       1e+99  Delay     -1     -1  2.6405262e+09              0              0              0           1     -1
     2     -1           0       1e+99   LogL     -1     -1              1      -37250409      -37250409              0           1     -1
     2     -1           0       1e+99 Recomb     -1     -1  3.9502643e+14      1257099.4  3.1823171e-09              0      2.4272     -1
     2     -1           0       1e+99 Resamp     -1     -1  2.6405262e+09        2559361  0.00096926174              0           1     -1
     1      0           0          33   Coal      0     -1      621518.95      1.0124775  1.6290373e-06      306929.74      1.0067     -1
     1      1          33       65.92   Coal      0     -1      1448496.6      3.0500848    2.10569e-06      237451.85      1.0084     -1
     1      2       65.92      104.55   Coal      0     -1        2752719      29.087538  1.0566839e-05       47317.84      1.0087     -1
     1      3      104.55      131.67   Coal      0     -1        2612286      53.612766  2.0523315e-05      24362.536      1.0087     -1
     1      4      131.67      165.83   Coal      0     -1      4093510.1      79.054287  1.9312102e-05      25890.501      1.0086     -1
     1      5      165.83      208.84   Coal      0     -1      6388119.3      181.87066  2.8470141e-05      17562.259      1.0087     -1
     1      6      208.84      263.02   Coal      0     -1      9962693.1      294.80307    2.95907e-05      16897.201      1.0087     -1
     1      7      263.02      331.24   Coal      0     -1       15470762      565.52726  3.6554583e-05      13678.175       1.009     -1
     1      8      331.24      417.17   Coal      0     -1       23823957      997.39924  4.1865389e-05       11943.04      1.0092     -1
     1      9      417.17      525.38   Coal      0     -1       36257033      1715.7027   4.732055e-05      10566.234      1.0097     -1
     1     10      525.38      661.66   Coal      0     -1       54081860      2999.7889  5.5467562e-05      9014.2775      1.0126     -1
     1     11      661.66       833.3   Coal      0     -1       78998561        4890.62   6.190771e-05      8076.5384      1.0144     -1
     1     12       833.3      1049.5   Coal      0     -1  1.1171893e+08        7535.27  6.7448463e-05      7413.0673      1.0205     -1
     1     13      1049.5      1321.7   Coal      0     -1   1.519856e+08       11199.57  7.3688362e-05       6785.332      1.0299     -1
     1     14      1321.7      1664.5   Coal      0     -1  1.9799912e+08       14743.54  7.4462654e-05      6714.7754      1.0382     -1
     1     15      1664.5      2096.3   Coal      0     -1  2.4837634e+08       18668.83  7.5163479e-05      6652.1668      1.0592     -1
     1     16      2096.3      2640.1   Coal      0     -1  3.0103284e+08       21433.16  7.1198745e-05      7022.5957      1.0818     -1
     1     17      2640.1      3324.9   Coal      0     -1  3.5914474e+08       23305.45  6.4891525e-05      7705.1664       1.105     -1
     1     18      3324.9      4187.4   Coal      0     -1  4.3260535e+08       23456.81  5.4222192e-05      9221.3167      1.1501     -1
     1     19      4187.4      5273.6   Coal      0     -1  5.3657902e+08       23882.57  4.4508952e-05      11233.695      1.1934     -1
     1     20      5273.6      6641.6   Coal      0     -1  6.8656475e+08       25062.66  3.6504437e-05      13696.965      1.2883     -1
     1     21      6641.6      8364.4   Coal      0     -1  9.0469364e+08       27716.11  3.0635907e-05      16320.718      1.4406     -1
     1     22      8364.4       10534   Coal      0     -1  1.2099234e+09       32622.65  2.6962575e-05      18544.223      1.5803     -1
     1     23       10534       13267   Coal      0     -1  1.6155589e+09        40888.1  2.5308951e-05      19755.856      1.7233     -1
     1     24       13267       16708   Coal      0     -1  2.1218895e+09       52880.64  2.4921486e-05      20063.009      1.9194     -1
     1     25       16708       21042   Coal      0     -1  2.6861056e+09       69452.35   2.585615e-05      19337.759       2.217     -1
     1     26       21042       26500   Coal      0     -1  3.2043887e+09       88837.81  2.7723793e-05       18035.05      2.4715     -1
     1     27       26500       33374   Coal      0     -1  3.5815967e+09      106689.63  2.9788287e-05      16785.121      2.7578     -1
     1     28       33374       42032   Coal      0     -1    3.74405e+09      117260.75  3.1319227e-05      15964.634      3.3273     -1
     1     29       42032       52935   Coal      0     -1   3.692659e+09      120147.09  3.2536741e-05      15367.243      3.6513     -1
     1     30       52935       66666   Coal      0     -1  3.4213451e+09      113211.83   3.308986e-05      15110.369       4.241     -1
     1     31       66666       1e+99   Coal      0     -1  9.9393918e+09      300093.13  3.0192303e-05      16560.512      6.1888     -1
     1     -1           0       1e+99  Delay     -1     -1  2.6396279e+09              0              0              0           1     -1
     1     -1           0       1e+99   LogL     -1     -1              1      -37229568      -37229568              0           1     -1
     1     -1           0       1e+99 Recomb     -1     -1    3.93447e+14      1249312.6  3.1753009e-09              0      2.4148     -1
     1     -1           0       1e+99 Resamp     -1     -1  2.6396279e+09        2559156  0.00096951394              0           1     -1
     0      0           0          33   Coal      0     -1      601313.49      3.0636813  5.0949818e-06      98135.778       1.007     -1
     0      1          33       65.92   Coal      0     -1      1417863.4      13.524445  9.5386093e-06      52418.543      1.0081     -1
     0      2       65.92      104.55   Coal      0     -1      2709335.8      46.700769  1.7236981e-05        29007.4      1.0081     -1
     0      3      104.55      131.67   Coal      0     -1      2561947.9      70.305419  2.7442173e-05      18220.131      1.0082     -1
     0      4      131.67      165.83   Coal      0     -1      3985750.3      114.44657  2.8713933e-05      17413.149      1.0083     -1
     0      5      165.83      208.84   Coal      0     -1      6273917.6      212.36598  3.3849023e-05      14771.475      1.0083     -1
     0      6      208.84      263.02   Coal      0     -1        9776673      343.19356  3.5103307e-05      14243.672      1.0083     -1
     0      7      263.02      331.24   Coal      0     -1       15171939      591.74465  3.9002572e-05      12819.667      1.0085     -1
     0      8      331.24      417.17   Coal      0     -1       23341324      990.33527  4.2428409e-05      11784.557      1.0088     -1
     0      9      417.17      525.38   Coal      0     -1       35484852      1631.8839  4.5988184e-05      10872.358      1.0095     -1
     0     10      525.38      661.66   Coal      0     -1       52887887      2672.4054  5.0529631e-05      9895.1841       1.011     -1
     0     11      661.66       833.3   Coal      0     -1       77693366      4140.5998  5.3294123e-05      9381.8975      1.0152     -1
     0     12       833.3      1049.5   Coal      0     -1  1.1141195e+08        6209.62  5.5735675e-05       8970.915      1.0204     -1
     0     13      1049.5      1321.7   Coal      0     -1  1.5422508e+08        8837.05  5.7299696e-05      8726.0498      1.0296     -1
     0     14      1321.7      1664.5   Coal      0     -1  2.0695335e+08       11929.36  5.7642748e-05       8674.118      1.0451     -1
     0     15      1664.5      2096.3   Coal      0     -1  2.6715795e+08       15389.69   5.760521e-05      8679.7704      1.0595     -1
     0     16      2096.3      2640.1   Coal      0     -1  3.3667363e+08       18413.31  5.4691868e-05      9142.1269      1.0807     -1
     0     17      2640.1      3324.9   Coal      0     -1  4.1279979e+08       21493.22  5.2066936e-05      9603.0234      1.1125     -1
     0     18      3324.9      4187.4   Coal      0     -1  5.0264849e+08        23270.8  4.6296369e-05      10799.983      1.1564     -1
     0     19      4187.4      5273.6   Coal      0     -1  6.1864271e+08       25469.91   4.117063e-05       12144.58      1.2146     -1
     0     20      5273.6      6641.6   Coal      0     -1  7.6871553e+08       28285.88  3.6796291e-05      13588.326      1.2999     -1
     0     21      6641.6      8364.4   Coal      0     -1  9.6928909e+08       31991.79  3.3005416e-05      15149.029      1.3953     -1
     0     22      8364.4       10534   Coal      0     -1  1.2404733e+09       37997.85  3.0631736e-05       16322.94      1.5271     -1
     0     23       10534       13267   Coal      0     -1   1.584498e+09        46582.3  2.9398774e-05      17007.512      1.6858     -1
     0     24       13267       16708   Coal      0     -1  2.0072635e+09          58219  2.9004164e-05      17238.904      1.8919     -1
     0     25       16708       21042   Coal      0     -1  2.4777661e+09       73079.33  2.9494039e-05      16952.578      2.0701     -1
     0     26       21042       26500   Coal      0     -1  2.9169524e+09       89108.79  3.0548593e-05      16367.366       2.368     -1
     0     27       26500       33374   Coal      0     -1  3.2686732e+09      103614.32  3.1699198e-05       15773.27      2.6853     -1
     0     28       33374       42032   Coal      0     -1  3.4668629e+09      113286.81  3.2677038e-05      15301.264      3.0751     -1
     0     29       42032       52935   Coal      0     -1  3.4701437e+09      116046.12  3.3441301e-05      14951.571      3.6326     -1
     0     30       52935       66666   Coal      0     -1  3.2541177e+09      109779.32   3.373551e-05      14821.178      4.2457     -1
     0     31       66666       1e+99   Coal      0     -1  8.9198437e+09       287133.6  3.2190429e-05      15532.567      5.8005     -1
     0     -1           0       1e+99  Delay     -1     -1  2.6405262e+09              0              0              0           1     -1
     0     -1           0       1e+99   LogL     -1     -1              1      -37291717      -37291717              0           1     -1
     0     -1           0       1e+99 Recomb     -1     -1  3.9283109e+14      1235307.4  3.1446274e-09              0      2.3427     -1
     0     -1           0       1e+99 Resamp     -1     -1  2.6405262e+09        2580839  0.00097739572              0           1     -1
