  Iter  Epoch       Start         End   Type   From     To            Opp          Count           Rate             Ne         ESS  Clump
    15      0           0         133   Coal      0     -1      6590435.5      1.0000295  1.5173952e-07      3295120.4       1.009     -1
    15      1         133      167.44   Coal      0     -1      3455575.3      12.261316  3.5482707e-06      140913.71      1.0088     -1
    15      2      167.44      210.79   Coal      0     -1      5451325.2      77.223505  1.4166006e-05      35295.764      1.0104     -1
    15      3      210.79      265.37   Coal      0     -1      8549447.6      171.16942  2.0021108e-05      24973.642      1.0148     -1
    15      4      265.37      334.09   Coal      0     -1       13339440      400.22282  3.0002971e-05      16665.016      1.0261     -1
    15      5      334.09      420.59   Coal      0     -1       20803674      578.35272  2.7800508e-05      17985.283      1.0349     -1
    15      6      420.59       529.5   Coal      0     -1       32154274      970.44747  3.0180979e-05      16566.726      1.0462     -1
    15      7       529.5       666.6   Coal      0     -1       49224726      1549.0983  3.1469922e-05      15888.187      1.0667     -1
    15      8       666.6       839.2   Coal      0     -1       75109652      1914.8295  2.5493788e-05      19612.621      1.1131     -1
    15      9       839.2      1056.5   Coal      0     -1  1.1346956e+08      3403.0961   2.999127e-05      16671.518       1.144     -1
    15     10      1056.5        1330   Coal      0     -1  1.6910939e+08      4980.9679  2.9454118e-05      16975.555      1.1951     -1
    15     11        1330      1674.4   Coal      0     -1  2.4799416e+08        7727.78  3.1161137e-05      16045.628      1.2495     -1
    15     12      1674.4        2108   Coal      0     -1  3.5659846e+08       11248.53  3.1543967e-05      15850.892      1.3151     -1
    15     13        2108      2653.8   Coal      0     -1  4.9984064e+08       15917.85   3.184585e-05      15700.633      1.4286     -1
    15     14      2653.8        3341   Coal      0     -1  6.9017283e+08       20235.72  2.9319787e-05       17053.33      1.5548     -1
    15     15        3341      4206.1   Coal      0     -1  9.4579235e+08       23252.02  2.4584699e-05      20337.853      1.6836     -1
    15     16      4206.1      5295.2   Coal      0     -1  1.3052661e+09       25727.85  1.9710809e-05      25366.792      1.9743     -1
    15     17      5295.2      6666.2   Coal      0     -1  1.8171337e+09       30024.89  1.6523214e-05      30260.456      2.1569     -1
    15     18      6666.2      8392.3   Coal      0     -1  2.5331696e+09        34863.4  1.3762758e-05      36329.928      2.4813     -1
    15     19      8392.3       10565   Coal      0     -1  3.5186544e+09       44206.67  1.2563516e-05      39797.778      2.7188     -1
    15     20       10565       13301   Coal      0     -1  4.7901518e+09       59888.85  1.2502495e-05      39992.017      3.2714     -1
    15     21       13301       16745   Coal      0     -1  6.2266379e+09       87521.41  1.4055966e-05      35572.084      3.9528     -1
    15     22       16745       21081   Coal      0     -1  7.5062241e+09      123172.19  1.6409341e-05       30470.45      4.5511     -1
    15     23       21081       26539   Coal      0     -1  8.1885503e+09         163889   2.001441e-05      24982.001      5.1297     -1
    15     24       26539       33411   Coal      0     -1  7.9823012e+09      195624.06  2.4507226e-05      20402.146       6.115     -1
    15     25       33411       42063   Coal      0     -1  7.0535876e+09      204936.63   2.905424e-05      17209.192      6.4622     -1
    15     26       42063       52954   Coal      0     -1  5.7951518e+09      196862.34  3.3970178e-05      14718.792       6.812     -1
    15     27       52954       66665   Coal      0     -1  4.5698312e+09       167791.6  3.6717242e-05       13617.58      9.0751     -1
    15     28       66665       83927   Coal      0     -1  3.6499034e+09      124516.63  3.4115048e-05      14656.289      11.028     -1
    15     29       83927  1.0566e+05   Coal      0     -1  3.0940238e+09       84587.65  2.7339044e-05      18288.862      11.036     -1
    15     30  1.0566e+05  1.3302e+05   Coal      0     -1  2.8514428e+09       58269.53  2.0435104e-05      24467.701      15.873     -1
    15     31  1.3302e+05       1e+99   Coal      0     -1  7.8030499e+09      130685.12  1.6747954e-05      29854.393      22.066     -1
    15     -1           0       1e+99  Delay     -1     -1  2.6353365e+09              0              0              0           1     -1
    15     -1           0       1e+99   LogL     -1     -1              1      -54425890      -54425890              0           1     -1
    15     -1           0       1e+99 Recomb     -1     -1           6400  1.9200003e-05  3.0000005e-09              0           1     -1
    15     -1           0       1e+99 Resamp     -1     -1  2.6353365e+09        4238546    0.001608351              0           1     -1
    14      0           0         133   Coal      0     -1      6463086.9  7.7338474e-05  1.1966182e-11  4.1784422e+10      1.0075     -1
    14      1         133      167.44   Coal      0     -1      3392285.5      20.036637  5.9065304e-06      84652.066      1.0099     -1
    14      2      167.44      210.79   Coal      0     -1      5384036.6      85.420954  1.5865597e-05       31514.73      1.0105     -1
    14      3      210.79      265.37   Coal      0     -1      8521296.6      200.47488  2.3526335e-05      21252.779      1.0159     -1
    14      4      265.37      334.09   Coal      0     -1       13273464      383.28419  2.8875974e-05      17315.433      1.0212     -1
    14      5      334.09      420.59   Coal      0     -1       20612411      589.09903  2.8579822e-05      17494.861      1.0342     -1
    14      6      420.59       529.5   Coal      0     -1       31936602        1001.57  3.1361194e-05      15943.271      1.0524     -1
    14      7       529.5       666.6   Coal      0     -1       48811616      1533.1692  3.1409924e-05      15918.536      1.0618     -1
    14      8       666.6       839.2   Coal      0     -1       74420108      1931.2073  2.5950073e-05      19267.768      1.1212     -1
    14      9       839.2      1056.5   Coal      0     -1  1.1277194e+08      3361.0453  2.9803915e-05      16776.319      1.1202     -1
    14     10      1056.5        1330   Coal      0     -1  1.6870158e+08      5058.0153  2.9982027e-05      16676.658      1.1995     -1
    14     11        1330      1674.4   Coal      0     -1  2.4709665e+08        7867.69  3.1840536e-05      15703.253      1.2935     -1
    14     12      1674.4        2108   Coal      0     -1  3.5443594e+08       11199.96  3.1599392e-05      15823.089      1.3692     -1
    14     13        2108      2653.8   Coal      0     -1  4.9825065e+08       15683.33  3.1476788e-05      15884.721      1.4922     -1
    14     14      2653.8        3341   Coal      0     -1  6.8765355e+08       19962.72    2.90302e-05      17223.443      1.6069     -1
    14     15        3341      4206.1   Coal      0     -1  9.4381171e+08       23256.31  2.4640836e-05      20291.519       1.758     -1
    14     16      4206.1      5295.2   Coal      0     -1  1.3068567e+09       25719.21  1.9680207e-05      25406.236      1.8713     -1
    14     17      5295.2      6666.2   Coal      0     -1  1.8207426e+09       29883.98  1.6413072e-05      30463.523       2.123     -1
    14     18      6666.2      8392.3   Coal      0     -1  2.5387416e+09       35092.38  1.3822746e-05      36172.262      2.3785     -1
    14     19      8392.3       10565   Coal      0     -1  3.5309148e+09       44525.87  1.2610293e-05       39650.15      2.8276     -1
    14     20       10565       13301   Coal      0     -1   4.796386e+09        60295.7  1.2571069e-05      39773.865      3.2393     -1
    14     21       13301       16745   Coal      0     -1  6.2190695e+09       88046.07  1.4157435e-05      35317.133      3.7037     -1
    14     22       16745       21081   Coal      0     -1  7.4843754e+09      123463.11  1.6496114e-05      30310.169      4.4821     -1
    14     23       21081       26539   Coal      0     -1  8.1689591e+09      163937.89  2.0068394e-05      24914.799       4.919     -1
    14     24       26539       33411   Coal      0     -1   7.957913e+09      195173.49  2.4525713e-05      20386.767      5.5452     -1
    14     25       33411       42063   Coal      0     -1  7.0351575e+09      204290.68  2.9038537e-05      17218.498      6.5152     -1
    14     26       42063       52954   Coal      0     -1  5.7952778e+09      196364.31  3.3883503e-05      14756.444      7.8789     -1
    14     27       52954       66665   Coal      0     -1  4.5905368e+09      167304.86  3.6445599e-05      13719.078      9.4903     -1
    14     28       66665       83927   Coal      0     -1  3.6764059e+09      124736.76  3.3928996e-05      14736.658      10.595     -1
    14     29       83927  1.0566e+05   Coal      0     -1  3.1156199e+09       85565.51  2.7463398e-05       18206.05      12.281     -1
    14     30  1.0566e+05  1.3302e+05   Coal      0     -1  2.8578163e+09       59057.06    2.06651e-05      24195.383      16.731     -1
    14     31  1.3302e+05       1e+99   Coal      0     -1  7.6455476e+09      129873.75  1.6986847e-05      29434.538      20.984     -1
    14     -1           0       1e+99  Delay     -1     -1  2.6353365e+09              0              0              0           1     -1
    14     -1           0       1e+99   LogL     -1     -1              1      -54425637      -54425637              0           1     -1
    14     -1           0       1e+99 Recomb     -1     -1           6400  1.9200003e-05  3.0000005e-09              0           1     -1
    14     -1           0       1e+99 Resamp     -1     -1  2.6353365e+09        4236202   0.0016074615              0           1     -1
    13      0           0         133   Coal      0     -1      6669062.8  7.0121609e-05  1.0514462e-11   4.755355e+10      1.0076     -1
    13      1         133      167.44   Coal      0     -1      3459802.8      16.165296  4.6723173e-06      107013.28      1.0079     -1
    13      2      167.44      210.79   Coal      0     -1      5461003.6      94.716852  1.7344221e-05      28828.047      1.0111     -1
    13      3      210.79      265.37   Coal      0     -1      8546744.2      190.44994  2.2283333e-05      22438.295      1.0199     -1
    13      4      265.37      334.09   Coal      0     -1       13344077      383.95318  2.8773303e-05      17377.219       1.019     -1
    13      5      334.09      420.59   Coal      0     -1       20744924      587.06186   2.829906e-05      17668.431      1.0327     -1
    13      6      420.59       529.5   Coal      0     -1       32025043      975.60575  3.0463839e-05      16412.902      1.0458     -1
    13      7       529.5       666.6   Coal      0     -1       48954516      1559.3992  3.1854042e-05      15696.595      1.0659     -1
    13      8       666.6       839.2   Coal      0     -1       74844227      1943.9394  2.5973137e-05      19250.659      1.1007     -1
    13      9       839.2      1056.5   Coal      0     -1   1.130313e+08      3421.9363  3.0274235e-05      16515.694      1.1579     -1
    13     10      1056.5        1330   Coal      0     -1  1.6837702e+08      5097.5951  3.0274887e-05      16515.338      1.1739     -1
    13     11        1330      1674.4   Coal      0     -1  2.4664278e+08         7811.3  3.1670499e-05      15787.563      1.2723     -1
    13     12      1674.4        2108   Coal      0     -1  3.5419768e+08       11268.62  3.1814494e-05      15716.107      1.3521     -1
    13     13        2108      2653.8   Coal      0     -1   4.978079e+08       15563.69   3.126445e-05      15992.605      1.4774     -1
    13     14      2653.8        3341   Coal      0     -1  6.8741682e+08       19747.72  2.8727432e-05      17404.967      1.6124     -1
    13     15        3341      4206.1   Coal      0     -1  9.4771436e+08       23021.39  2.4291486e-05      20583.344      1.6829     -1
    13     16      4206.1      5295.2   Coal      0     -1  1.3090101e+09       25640.58  1.9587764e-05       25526.14      1.9188     -1
    13     17      5295.2      6666.2   Coal      0     -1  1.8231588e+09        29981.1  1.6444591e-05      30405.135      2.3267     -1
    13     18      6666.2      8392.3   Coal      0     -1  2.5419002e+09       35079.02  1.3800314e-05      36231.061      2.5355     -1
    13     19      8392.3       10565   Coal      0     -1  3.5302173e+09       44949.44  1.2732769e-05      39268.757      2.8564     -1
    13     20       10565       13301   Coal      0     -1  4.7895162e+09       61031.59  1.2742746e-05       39238.01      3.2506     -1
    13     21       13301       16745   Coal      0     -1  6.1995357e+09       88285.73    1.42407e-05      35110.633       4.003     -1
    13     22       16745       21081   Coal      0     -1  7.4612802e+09      123419.17  1.6541286e-05      30227.396      4.5519     -1
    13     23       21081       26539   Coal      0     -1  8.1357242e+09      163838.79  2.0138194e-05      24828.443      4.8651     -1
    13     24       26539       33411   Coal      0     -1   7.933312e+09      194745.94  2.4547874e-05      20368.363      5.6834     -1
    13     25       33411       42063   Coal      0     -1  7.0302124e+09       203771.7  2.8985141e-05      17250.218       6.474     -1
    13     26       42063       52954   Coal      0     -1  5.8009318e+09      195568.21   3.371324e-05      14830.968      7.6191     -1
    13     27       52954       66665   Coal      0     -1   4.611653e+09      166536.54  3.6112114e-05      13845.769      8.4073     -1
    13     28       66665       83927   Coal      0     -1  3.7049934e+09      125083.43   3.376077e-05      14810.089      10.294     -1
    13     29       83927  1.0566e+05   Coal      0     -1  3.1415486e+09       86652.37  2.7582693e-05      18127.309      13.268     -1
    13     30  1.0566e+05  1.3302e+05   Coal      0     -1  2.8531612e+09        59696.2  2.0922828e-05      23897.344      16.744     -1
    13     31  1.3302e+05       1e+99   Coal      0     -1  7.4406242e+09      128747.13   1.730327e-05      28896.272      21.063     -1
    13     -1           0       1e+99  Delay     -1     -1  2.6353365e+09              0              0              0           1     -1
    13     -1           0       1e+99   LogL     -1     -1              1      -54426575      -54426575              0           1     -1
    13     -1           0       1e+99 Recomb     -1     -1           6400  1.9200003e-05  3.0000005e-09              0           1     -1
    13     -1           0       1e+99 Resamp     -1     -1  2.6353365e+09        4235120   0.0016070509              0           1     -1
    12      0           0         133   Coal      0     -1      6571060.5  0.00054344994  8.2703535e-11  6.0456908e+09      1.0071     -1
    12      1         133      167.44   Coal      0     -1      3465870.9      22.409535  6.4657731e-06      77330.273      1.0083     -1
    12      2      167.44      210.79   Coal      0     -1      5467733.7      87.714365   1.604218e-05      31167.835      1.0118     -1
    12      3      210.79      265.37   Coal      0     -1        8562548      198.62891  2.3197406e-05      21554.134      1.0127     -1
    12      4      265.37      334.09   Coal      0     -1       13375250      361.31057  2.7013369e-05      18509.353      1.0209     -1
    12      5      334.09      420.59   Coal      0     -1       20669269      592.97993  2.8688965e-05      17428.304      1.0315     -1
    12      6      420.59       529.5   Coal      0     -1       31961888      979.18809  3.0636115e-05      16320.607      1.0489     -1
    12      7       529.5       666.6   Coal      0     -1       48960157      1542.5467  3.1506163e-05      15869.911      1.0636     -1
    12      8       666.6       839.2   Coal      0     -1       74571743      1938.2612  2.5991898e-05      19236.763      1.1138     -1
    12      9       839.2      1056.5   Coal      0     -1  1.1276581e+08      3435.6708   3.046731e-05      16411.032      1.1567     -1
    12     10      1056.5        1330   Coal      0     -1  1.6745363e+08        5117.42  3.0560222e-05      16361.138      1.2261     -1
    12     11        1330      1674.4   Coal      0     -1  2.4529516e+08        7747.61  3.1584846e-05      15830.376      1.2481     -1
    12     12      1674.4        2108   Coal      0     -1  3.5133906e+08       11175.99    3.18097e-05      15718.476      1.4218     -1
    12     13        2108      2653.8   Coal      0     -1  4.9610903e+08       15397.22   3.103596e-05      16110.344      1.4636     -1
    12     14      2653.8        3341   Coal      0     -1  6.8566879e+08       19676.87  2.8697339e-05      17423.218      1.5991     -1
    12     15        3341      4206.1   Coal      0     -1  9.4557205e+08        22629.4  2.3931968e-05      20892.557      1.6799     -1
    12     16      4206.1      5295.2   Coal      0     -1   1.315053e+09       25661.02  1.9513298e-05      25623.552      1.8714     -1
    12     17      5295.2      6666.2   Coal      0     -1  1.8287333e+09       30082.86  1.6450108e-05      30394.937      2.2054     -1
    12     18      6666.2      8392.3   Coal      0     -1  2.5470725e+09       35376.49  1.3889079e-05      35999.508      2.4356     -1
    12     19      8392.3       10565   Coal      0     -1  3.5308991e+09       45183.93  1.2796721e-05       39072.51      2.8062     -1
    12     20       10565       13301   Coal      0     -1  4.7828963e+09       61667.04  1.2893242e-05      38780.006      3.2873     -1
    12     21       13301       16745   Coal      0     -1  6.1730631e+09       88589.08  1.4350911e-05      34840.993      3.8275     -1
    12     22       16745       21081   Coal      0     -1  7.4213325e+09      123609.74  1.6656003e-05      30019.206      4.3117     -1
    12     23       21081       26539   Coal      0     -1  8.0913418e+09      163457.85  2.0201575e-05      24750.545      4.7926     -1
    12     24       26539       33411   Coal      0     -1   7.890016e+09       194177.5  2.4610533e-05      20316.504      5.7666     -1
    12     25       33411       42063   Coal      0     -1  6.9994063e+09      202729.34  2.8963791e-05      17262.934      6.9126     -1
    12     26       42063       52954   Coal      0     -1  5.7945703e+09      194490.25  3.3564223e-05      14896.814      7.4987     -1
    12     27       52954       66665   Coal      0     -1   4.631026e+09      165882.24   3.581976e-05      13958.776      9.1534     -1
    12     28       66665       83927   Coal      0     -1  3.7382009e+09      125533.54  3.3581272e-05      14889.251      10.517     -1
    12     29       83927  1.0566e+05   Coal      0     -1  3.1555815e+09       87350.59  2.7681298e-05      18062.737      12.166     -1
    12     30  1.0566e+05  1.3302e+05   Coal      0     -1   2.831239e+09       60127.36  2.1237119e-05      23543.683      13.485     -1
    12     31  1.3302e+05       1e+99   Coal      0     -1  7.2353287e+09      127590.94  1.7634436e-05      28353.615      22.302     -1
    12     -1           0       1e+99  Delay     -1     -1  2.6353365e+09              0              0              0           1     -1
    12     -1           0       1e+99   LogL     -1     -1              1      -54426971      -54426971              0           1     -1
    12     -1           0       1e+99 Recomb     -1     -1           6400  1.9200003e-05  3.0000005e-09              0           1     -1
    12     -1           0       1e+99 Resamp     -1     -1  2.6353365e+09        4235003   0.0016070065              0           1     -1
    11      0           0         133   Coal      0     -1      6661384.9  9.9295462e-06  1.4906129e-12  3.3543249e+11      1.0081     -1
    11      1         133      167.44   Coal      0     -1      3455837.3      24.467087  7.0799303e-06      70622.165      1.0079     -1
    11      2      167.44      210.79   Coal      0     -1        5442983      81.928909  1.5052207e-05      33217.719      1.0112     -1
    11      3      210.79      265.37   Coal      0     -1      8554312.7      197.06156  2.3036515e-05      21704.672      1.0188     -1
    11      4      265.37      334.09   Coal      0     -1       13322791      341.82504  2.5657164e-05      19487.735      1.0289     -1
    11      5      334.09      420.59   Coal      0     -1       20718326      585.87126  2.8277924e-05      17681.637      1.0306     -1
    11      6      420.59       529.5   Coal      0     -1       32016949      963.57801  3.0095872e-05      16613.574      1.0462     -1
    11      7       529.5       666.6   Coal      0     -1       49040338      1524.3814  3.1084235e-05      16085.324      1.0727     -1
    11      8       666.6       839.2   Coal      0     -1       74789342      1982.6006  2.6509133e-05      18861.424      1.1056     -1
    11      9       839.2      1056.5   Coal      0     -1  1.1326245e+08      3466.7999  3.0608555e-05      16335.302      1.1292     -1
    11     10      1056.5        1330   Coal      0     -1  1.6864333e+08      5176.8038   3.069676e-05      16288.364      1.2197     -1
    11     11        1330      1674.4   Coal      0     -1  2.4689002e+08        7969.63  3.2280081e-05      15489.428      1.2761     -1
    11     12      1674.4        2108   Coal      0     -1  3.5267236e+08       11237.27    3.18632e-05      15692.084      1.3543     -1
    11     13        2108      2653.8   Coal      0     -1  4.9558418e+08       15258.57  3.0789058e-05      16239.536      1.4362     -1
    11     14      2653.8        3341   Coal      0     -1   6.869357e+08       19638.42   2.858844e-05      17489.587      1.5217     -1
    11     15        3341      4206.1   Coal      0     -1  9.4684544e+08       22560.38  2.3826888e-05      20984.696      1.7243     -1
    11     16      4206.1      5295.2   Coal      0     -1  1.3141047e+09       25555.74  1.9447263e-05      25710.559       1.844     -1
    11     17      5295.2      6666.2   Coal      0     -1  1.8347136e+09       30334.23  1.6533496e-05      30241.638      2.0912     -1
    11     18      6666.2      8392.3   Coal      0     -1  2.5518371e+09        35522.7  1.3920442e-05      35918.401       2.578     -1
    11     19      8392.3       10565   Coal      0     -1  3.5347277e+09       45581.92  1.2895454e-05      38773.353      2.7602     -1
    11     20       10565       13301   Coal      0     -1  4.7770013e+09       62305.09   1.304272e-05      38335.562      3.3266     -1
    11     21       13301       16745   Coal      0     -1  6.1627698e+09       89188.84    1.44722e-05      34548.996      3.9293     -1
    11     22       16745       21081   Coal      0     -1  7.3951417e+09      124221.77  1.6797754e-05      29765.885      4.4014     -1
    11     23       21081       26539   Coal      0     -1  8.0514587e+09       163486.7  2.0305227e-05      24624.201      4.8734     -1
    11     24       26539       33411   Coal      0     -1  7.8518991e+09      193861.09  2.4689707e-05      20251.354      5.9632     -1
    11     25       33411       42063   Coal      0     -1  6.9747873e+09      201864.19  2.8941985e-05       17275.94       6.432     -1
    11     26       42063       52954   Coal      0     -1  5.7979647e+09      193462.32  3.3367282e-05      14984.739       8.048     -1
    11     27       52954       66665   Coal      0     -1  4.6531989e+09      165446.34  3.5555399e-05      14062.562      9.0065     -1
    11     28       66665       83927   Coal      0     -1  3.7639984e+09      125706.27  3.3397004e-05      14971.403      10.737     -1
    11     29       83927  1.0566e+05   Coal      0     -1  3.1762896e+09        88231.9  2.7778292e-05      17999.667      12.733     -1
    11     30  1.0566e+05  1.3302e+05   Coal      0     -1  2.8284412e+09        61216.9  2.1643335e-05        23101.8      14.856     -1
    11     31  1.3302e+05       1e+99   Coal      0     -1  6.9963499e+09      126019.66  1.8012201e-05      27758.962      20.721     -1
    11     -1           0       1e+99  Delay     -1     -1  2.6353365e+09              0              0              0           1     -1
    11     -1           0       1e+99   LogL     -1     -1              1      -54426257      -54426257              0           1     -1
    11     -1           0       1e+99 Recomb     -1     -1           6400  1.9200003e-05  3.0000005e-09              0           1     -1
    11     -1           0       1e+99 Resamp     -1     -1  2.6353365e+09        4230310   0.0016052257              0           1     -1
    10      0           0         133   Coal      0     -1      6714203.8  1.1682861e-05  1.7400218e-12  2.8735272e+11      1.0082     -1
    10      1         133      167.44   Coal      0     -1        3494870      25.706879  7.3556038e-06      67975.385      1.0093     -1
    10      2      167.44      210.79   Coal      0     -1      5478999.7      87.791919  1.6023348e-05      31204.464      1.0114     -1
    10      3      210.79      265.37   Coal      0     -1      8612076.2      182.11607  2.1146593e-05      23644.471      1.0162     -1
    10      4      265.37      334.09   Coal      0     -1       13450844      353.89094  2.6309944e-05      19004.222      1.0155     -1
    10      5      334.09      420.59   Coal      0     -1       20849702      577.70329  2.7707988e-05      18045.337      1.0314     -1
    10      6      420.59       529.5   Coal      0     -1       32213069      940.21314   2.918732e-05      17130.727      1.0557     -1
    10      7       529.5       666.6   Coal      0     -1       49347220       1544.285  3.1294267e-05      15977.368      1.0867     -1
    10      8       666.6       839.2   Coal      0     -1       75271992      1994.3095  2.6494708e-05      18871.693      1.1215     -1
    10      9       839.2      1056.5   Coal      0     -1    1.13819e+08        3464.89  3.0442105e-05       16424.62      1.1434     -1
    10     10      1056.5        1330   Coal      0     -1  1.6911397e+08        5116.28  3.0253444e-05      16527.044      1.1944     -1
    10     11        1330      1674.4   Coal      0     -1  2.4672795e+08        7875.61  3.1920218e-05      15664.053      1.3305     -1
    10     12      1674.4        2108   Coal      0     -1  3.5333108e+08       11203.98   3.170958e-05      15768.106      1.3772     -1
    10     13        2108      2653.8   Coal      0     -1  4.9742228e+08       15206.01   3.056962e-05      16356.108      1.4766     -1
    10     14      2653.8        3341   Coal      0     -1  6.8993431e+08       19325.29  2.8010333e-05      17850.555      1.6117     -1
    10     15        3341      4206.1   Coal      0     -1  9.5225416e+08       22434.06  2.3558899e-05      21223.402      1.7677     -1
    10     16      4206.1      5295.2   Coal      0     -1  1.3178061e+09        25626.3  1.9446185e-05      25711.985      1.8705     -1
    10     17      5295.2      6666.2   Coal      0     -1  1.8360543e+09       30201.65  1.6449214e-05      30396.589      2.1373     -1
    10     18      6666.2      8392.3   Coal      0     -1     2.5534e+09       35757.27  1.4003787e-05      35704.627      2.5675     -1
    10     19      8392.3       10565   Coal      0     -1  3.5307644e+09       46122.45  1.3063021e-05      38275.985      2.6464     -1
    10     20       10565       13301   Coal      0     -1  4.7688561e+09       63138.91  1.3239844e-05      37764.796      3.2797     -1
    10     21       13301       16745   Coal      0     -1  6.1289818e+09       90043.62  1.4691448e-05      34033.404      3.7601     -1
    10     22       16745       21081   Coal      0     -1  7.3367188e+09      124400.86  1.6955926e-05      29488.216      4.1616     -1
    10     23       21081       26539   Coal      0     -1  7.9820722e+09       163313.8  2.0460075e-05      24437.838      4.8505     -1
    10     24       26539       33411   Coal      0     -1  7.7814673e+09       192926.9  2.4793126e-05       20166.88      5.6376     -1
    10     25       33411       42063   Coal      0     -1  6.9226974e+09      200473.85  2.8958921e-05      17265.836      6.1868     -1
    10     26       42063       52954   Coal      0     -1  5.7851665e+09      191785.88  3.3151316e-05      15082.358       7.846     -1
    10     27       52954       66665   Coal      0     -1  4.6682412e+09       164327.2  3.5201094e-05      14204.104      8.3031     -1
    10     28       66665       83927   Coal      0     -1  3.8009684e+09      125918.94   3.312812e-05      15092.918       11.21     -1
    10     29       83927  1.0566e+05   Coal      0     -1     3.1989e+09       89229.89  2.7893929e-05      17925.047      12.398     -1
    10     30  1.0566e+05  1.3302e+05   Coal      0     -1  2.8217144e+09       62292.98  2.2076288e-05      22648.735      14.217     -1
    10     31  1.3302e+05       1e+99   Coal      0     -1  6.7370009e+09      124295.77  1.8449718e-05      27100.685       18.79     -1
    10     -1           0       1e+99  Delay     -1     -1  2.6353365e+09              0              0              0           1     -1
    10     -1           0       1e+99   LogL     -1     -1              1      -54427249      -54427249              0           1     -1
    10     -1           0       1e+99 Recomb     -1     -1           6400  1.9200003e-05  3.0000005e-09              0           1     -1
    10     -1           0       1e+99 Resamp     -1     -1  2.6353365e+09        4228635   0.0016045902              0           1     -1
     9      0           0         133   Coal      0     -1      6613290.6    0.052977311  8.0107339e-09       62416254      1.0078     -1
     9      1         133      167.44   Coal      0     -1      3424773.2      26.334102  7.6892982e-06       65025.44       1.008     -1
     9      2      167.44      210.79   Coal      0     -1      5427906.7      96.321805  1.7745663e-05      28175.898      1.0096     -1
     9      3      210.79      265.37   Coal      0     -1      8547090.7      168.90103   1.976123e-05      25302.069      1.0126     -1
     9      4      265.37      334.09   Coal      0     -1       13393712      358.75122  2.6785049e-05       18667.13      1.0216     -1
     9      5      334.09      420.59   Coal      0     -1       20784834      596.14323  2.8681645e-05      17432.752      1.0329     -1
     9      6      420.59       529.5   Coal      0     -1       32102935      986.54239  3.0730598e-05      16270.429      1.0501     -1
     9      7       529.5       666.6   Coal      0     -1       49184564       1561.222  3.1742114e-05      15751.944       1.061     -1
     9      8       666.6       839.2   Coal      0     -1       74880853      2088.6842  2.7893435e-05      17925.365       1.085     -1
     9      9       839.2      1056.5   Coal      0     -1  1.1275664e+08        3531.35  3.1318333e-05       15965.09      1.1326     -1
     9     10      1056.5        1330   Coal      0     -1  1.6795365e+08        5123.83  3.0507405e-05      16389.464       1.193     -1
     9     11        1330      1674.4   Coal      0     -1  2.4548614e+08        7838.86  3.1931986e-05      15658.281      1.2501     -1
     9     12      1674.4        2108   Coal      0     -1  3.5267642e+08       11170.32  3.1672999e-05      15786.317      1.3187     -1
     9     13        2108      2653.8   Coal      0     -1  4.9737975e+08       14975.48  3.0108745e-05      16606.471      1.4346     -1
     9     14      2653.8        3341   Coal      0     -1  6.9024188e+08       19144.74  2.7736277e-05      18026.933      1.6285     -1
     9     15        3341      4206.1   Coal      0     -1  9.5470528e+08       22361.96  2.3422893e-05      21346.637      1.6685     -1
     9     16      4206.1      5295.2   Coal      0     -1  1.3239271e+09       25552.05  1.9300194e-05      25906.476      1.9139     -1
     9     17      5295.2      6666.2   Coal      0     -1  1.8434721e+09       30441.37  1.6513063e-05      30279.059        2.13     -1
     9     18      6666.2      8392.3   Coal      0     -1  2.5597574e+09       36359.24  1.4204174e-05       35200.92      2.5012     -1
     9     19      8392.3       10565   Coal      0     -1  3.5244575e+09       46946.03  1.3320073e-05      37537.333      2.6969     -1
     9     20       10565       13301   Coal      0     -1  4.7407569e+09       63950.27  1.3489464e-05      37065.965      3.2718     -1
     9     21       13301       16745   Coal      0     -1  6.0770223e+09       90772.64  1.4937026e-05      33473.865      3.7785     -1
     9     22       16745       21081   Coal      0     -1  7.2651255e+09      124815.36  1.7180069e-05      29103.491      4.3649     -1
     9     23       21081       26539   Coal      0     -1  7.9030707e+09      163110.56  2.0638884e-05      24226.116      5.1535     -1
     9     24       26539       33411   Coal      0     -1  7.7059204e+09      191593.53   2.486316e-05      20110.075      5.6118     -1
     9     25       33411       42063   Coal      0     -1  6.8695808e+09       198904.1  2.8954329e-05      17268.575      6.6478     -1
     9     26       42063       52954   Coal      0     -1  5.7729328e+09       190057.5  3.2922174e-05      15187.332      7.8946     -1
     9     27       52954       66665   Coal      0     -1  4.6950656e+09      163583.24  3.4841524e-05      14350.693      9.0293     -1
     9     28       66665       83927   Coal      0     -1   3.834828e+09      126237.33  3.2918642e-05      15188.962      10.991     -1
     9     29       83927  1.0566e+05   Coal      0     -1  3.2115917e+09       90121.34   2.806127e-05      17818.153      11.916     -1
     9     30  1.0566e+05  1.3302e+05   Coal      0     -1  2.8159955e+09       63598.16   2.258461e-05       22138.97      16.572     -1
     9     31  1.3302e+05       1e+99   Coal      0     -1  6.4375932e+09      122333.84   1.900304e-05       26311.58      19.839     -1
     9     -1           0       1e+99  Delay     -1     -1  2.6353365e+09              0              0              0           1     -1
     9     -1           0       1e+99   LogL     -1     -1              1      -54427442      -54427442              0           1     -1
     9     -1           0       1e+99 Recomb     -1     -1           6400  1.9200003e-05  3.0000005e-09              0           1     -1
     9     -1           0       1e+99 Resamp     -1     -1  2.6353365e+09        4225277   0.0016033159              0           1     -1
     8      0           0         133   Coal      0     -1        6684274      4.0262694  6.0234954e-07      830082.82      1.0066     -1
     8      1         133      167.44   Coal      0     -1      3496024.1      32.142595  9.1940426e-06      54383.041      1.0087     -1
     8      2      167.44      210.79   Coal      0     -1      5543529.7      106.75334  1.9257286e-05      25964.199      1.0104     -1
     8      3      210.79      265.37   Coal      0     -1      8688610.8      187.29208  2.1556045e-05       23195.35      1.0126     -1
     8      4      265.37      334.09   Coal      0     -1       13534004      365.36536  2.6996102e-05      18521.192      1.0195     -1
     8      5      334.09      420.59   Coal      0     -1       20946084      601.41605  2.8712576e-05      17413.972       1.033     -1
     8      6      420.59       529.5   Coal      0     -1       32294567      1066.3636  3.3019908e-05       15142.38      1.0499     -1
     8      7       529.5       666.6   Coal      0     -1       49331494      1541.6675  3.1251182e-05      15999.395       1.071     -1
     8      8       666.6       839.2   Coal      0     -1       75199892      2129.1649  2.8313404e-05       17659.48       1.096     -1
     8      9       839.2      1056.5   Coal      0     -1  1.1343939e+08      3566.3228  3.1438133e-05      15904.252       1.134     -1
     8     10      1056.5        1330   Coal      0     -1  1.6868222e+08        5169.56   3.064674e-05      16314.949      1.1715     -1
     8     11        1330      1674.4   Coal      0     -1  2.4615567e+08         7749.8  3.1483329e-05      15881.421      1.2989     -1
     8     12      1674.4        2108   Coal      0     -1  3.5395373e+08       11139.64  3.1472023e-05      15887.126       1.318     -1
     8     13        2108      2653.8   Coal      0     -1  4.9891588e+08       14772.87  2.9609941e-05       16886.22      1.4411     -1
     8     14      2653.8        3341   Coal      0     -1  6.9235653e+08       18947.66  2.7366912e-05      18270.238      1.5641     -1
     8     15        3341      4206.1   Coal      0     -1  9.5582393e+08       22164.24  2.3188622e-05      21562.299       1.727     -1
     8     16      4206.1      5295.2   Coal      0     -1  1.3252747e+09       25788.33  1.9458857e-05       25695.24      1.9073     -1
     8     17      5295.2      6666.2   Coal      0     -1  1.8442897e+09       30613.17  1.6598894e-05      30122.489      2.1111     -1
     8     18      6666.2      8392.3   Coal      0     -1  2.5549619e+09       36815.06   1.440924e-05      34699.956      2.4125     -1
     8     19      8392.3       10565   Coal      0     -1  3.5198006e+09       47733.66  1.3561467e-05      36869.168      2.6885     -1
     8     20       10565       13301   Coal      0     -1   4.716502e+09        64852.3  1.3750084e-05      36363.414      3.1627     -1
     8     21       13301       16745   Coal      0     -1  6.0265344e+09       91835.28  1.5238489e-05      32811.651      3.6912     -1
     8     22       16745       21081   Coal      0     -1  7.1771052e+09      125426.51  1.7475919e-05      28610.798      4.3455     -1
     8     23       21081       26539   Coal      0     -1  7.7819052e+09      162699.19  2.0907372e-05      23915.009      4.9967     -1
     8     24       26539       33411   Coal      0     -1  7.5970534e+09      189922.26  2.4999463e-05      20000.429      5.6282     -1
     8     25       33411       42063   Coal      0     -1  6.8072639e+09      196935.36  2.8930179e-05       17282.99      6.6664     -1
     8     26       42063       52954   Coal      0     -1  5.7465758e+09      187843.65  3.2687927e-05      15296.167      7.5934     -1
     8     27       52954       66665   Coal      0     -1  4.7173272e+09      162759.13  3.4502404e-05      14491.744       9.304     -1
     8     28       66665       83927   Coal      0     -1  3.8623131e+09      126300.47  3.2700733e-05      15290.177       10.61     -1
     8     29       83927  1.0566e+05   Coal      0     -1  3.2373663e+09       91385.76  2.8228428e-05      17712.641      12.362     -1
     8     30  1.0566e+05  1.3302e+05   Coal      0     -1  2.7885302e+09       64419.89  2.3101737e-05      21643.395      14.828     -1
     8     31  1.3302e+05       1e+99   Coal      0     -1  6.1060912e+09      119988.84  1.9650679e-05      25444.413      20.139     -1
     8     -1           0       1e+99  Delay     -1     -1  2.6353365e+09              0              0              0           1     -1
     8     -1           0       1e+99   LogL     -1     -1              1      -54429368      -54429368              0           1     -1
     8     -1           0       1e+99 Recomb     -1     -1           6400  1.9200003e-05  3.0000005e-09              0           1     -1
     8     -1           0       1e+99 Resamp     -1     -1  2.6353365e+09        4220017     0.00160132              0           1     -1
     7      0           0         133   Coal      0     -1      6592376.5      2.0160579  3.0581656e-07      1634967.1      1.0069     -1
     7      1         133      167.44   Coal      0     -1      3459358.6      32.157355  9.2957565e-06      53787.984      1.0088     -1
     7      2      167.44      210.79   Coal      0     -1      5447601.1      107.28106  1.9693267e-05      25389.388      1.0103     -1
     7      3      210.79      265.37   Coal      0     -1      8527742.6      171.43321     2.0103e-05      24871.909      1.0122     -1
     7      4      265.37      334.09   Coal      0     -1       13327073      342.26659  2.5682053e-05      19468.849      1.0204     -1
     7      5      334.09      420.59   Coal      0     -1       20733694      586.70114   2.829699e-05      17669.724      1.0298     -1
     7      6      420.59       529.5   Coal      0     -1       32017673      1036.1112  3.2360601e-05      15450.887      1.0489     -1
     7      7       529.5       666.6   Coal      0     -1       48955621      1553.3241   3.172923e-05       15758.34      1.0691     -1
     7      8       666.6       839.2   Coal      0     -1       74368151      2158.6249  2.9026201e-05      17225.816      1.1078     -1
     7      9       839.2      1056.5   Coal      0     -1  1.1231865e+08      3542.8751  3.1543071e-05      15851.342      1.1306     -1
     7     10      1056.5        1330   Coal      0     -1   1.672092e+08        5132.67  3.0696098e-05      16288.715      1.1789     -1
     7     11        1330      1674.4   Coal      0     -1  2.4473451e+08        7582.74  3.0983534e-05      16137.604      1.3043     -1
     7     12      1674.4        2108   Coal      0     -1  3.5226032e+08        10921.7  3.1004628e-05      16126.625      1.3703     -1
     7     13        2108      2653.8   Coal      0     -1  4.9908464e+08       14657.19  2.9368145e-05       17025.25      1.4224     -1
     7     14      2653.8        3341   Coal      0     -1  6.9337359e+08       18631.35  2.6870579e-05      18607.712       1.631     -1
     7     15        3341      4206.1   Coal      0     -1  9.6113359e+08          22123  2.3017612e-05      21722.497      1.7409     -1
     7     16      4206.1      5295.2   Coal      0     -1  1.3328737e+09       25955.12  1.9473052e-05      25676.509      1.8936     -1
     7     17      5295.2      6666.2   Coal      0     -1  1.8499285e+09       30921.21  1.6714813e-05      29913.585      2.1739     -1
     7     18      6666.2      8392.3   Coal      0     -1  2.5572605e+09       37803.34  1.4782749e-05      33823.209      2.4483     -1
     7     19      8392.3       10565   Coal      0     -1   3.507318e+09       48619.24  1.3862228e-05      36069.239      2.7398     -1
     7     20       10565       13301   Coal      0     -1  4.6862378e+09       66190.38  1.4124418e-05      35399.689      3.1712     -1
     7     21       13301       16745   Coal      0     -1  5.9606485e+09       93363.91  1.5663381e-05      31921.588      3.7492     -1
     7     22       16745       21081   Coal      0     -1   7.064081e+09      126312.18  1.7880908e-05      27962.786      4.1884     -1
     7     23       21081       26539   Coal      0     -1  7.6469692e+09         162312  2.1225664e-05      23556.389       4.817     -1
     7     24       26539       33411   Coal      0     -1  7.4721544e+09      188193.16   2.518593e-05      19852.354      5.7219     -1
     7     25       33411       42063   Coal      0     -1  6.7189449e+09      194434.67  2.8938274e-05      17278.155      6.3583     -1
     7     26       42063       52954   Coal      0     -1  5.7110023e+09      185582.69  3.2495643e-05      15386.678      7.2576     -1
     7     27       52954       66665   Coal      0     -1  4.7149308e+09       161125.3  3.4173418e-05      14631.255      8.5049     -1
     7     28       66665       83927   Coal      0     -1   3.887297e+09      126364.94  3.2507148e-05      15381.232      10.518     -1
     7     29       83927  1.0566e+05   Coal      0     -1  3.2419071e+09       92170.33  2.8430898e-05        17586.5      11.359     -1
     7     30  1.0566e+05  1.3302e+05   Coal      0     -1   2.758106e+09       65457.31  2.3732702e-05      21067.976      14.437     -1
     7     31  1.3302e+05       1e+99   Coal      0     -1  5.7522449e+09      117159.82  2.0367669e-05       24548.71      21.062     -1
     7     -1           0       1e+99  Delay     -1     -1  2.6353365e+09              0              0              0           1     -1
     7     -1           0       1e+99   LogL     -1     -1              1      -54429909      -54429909              0           1     -1
     7     -1           0       1e+99 Recomb     -1     -1           6400  1.9200003e-05  3.0000005e-09              0           1     -1
     7     -1           0       1e+99 Resamp     -1     -1  2.6353365e+09        4214002   0.0015990375              0           1     -1
     6      0           0         133   Coal      0     -1      6717065.3      7.0113652  1.0438138e-06      479012.65      1.0075     -1
     6      1         133      167.44   Coal      0     -1      3493286.1       44.24591  1.2665985e-05      39475.808      1.0087     -1
     6      2      167.44      210.79   Coal      0     -1        5502273      102.55009  1.8637769e-05      26827.245      1.0104     -1
     6      3      210.79      265.37   Coal      0     -1      8629414.6      174.17047  2.0183347e-05      24772.898       1.014     -1
     6      4      265.37      334.09   Coal      0     -1       13479800      368.19034  2.7314229e-05      18305.478      1.0191     -1
     6      5      334.09      420.59   Coal      0     -1       20879161      593.75262  2.8437571e-05      17582.374        1.03     -1
     6      6      420.59       529.5   Coal      0     -1       32035860      1056.3957  3.2975412e-05      15162.813      1.0597     -1
     6      7       529.5       666.6   Coal      0     -1       48870630      1582.2473  3.2376242e-05      15443.423      1.0722     -1
     6      8       666.6       839.2   Coal      0     -1       74205244      2276.8338  3.0682924e-05      16295.709      1.1259     -1
     6      9       839.2      1056.5   Coal      0     -1  1.1192554e+08      3456.3356  3.0880669e-05      16191.359       1.156     -1
     6     10      1056.5        1330   Coal      0     -1  1.6640018e+08        5115.84  3.0744197e-05      16263.232       1.181     -1
     6     11        1330      1674.4   Coal      0     -1  2.4419305e+08        7497.78  3.0704313e-05      16284.357      1.2983     -1
     6     12      1674.4        2108   Coal      0     -1  3.5081219e+08       10747.41  3.0635794e-05      16320.778      1.3879     -1
     6     13        2108      2653.8   Coal      0     -1  4.9747387e+08        14433.5  2.9013584e-05      17233.307      1.4181     -1
     6     14      2653.8        3341   Coal      0     -1  6.9354226e+08       18329.12  2.6428267e-05      18919.137      1.5561     -1
     6     15        3341      4206.1   Coal      0     -1  9.6205352e+08       22065.29  2.2935616e-05      21800.156      1.7033     -1
     6     16      4206.1      5295.2   Coal      0     -1  1.3342015e+09       25992.05  1.9481353e-05      25665.569      1.9103     -1
     6     17      5295.2      6666.2   Coal      0     -1  1.8522324e+09       31369.59  1.6936099e-05      29522.738      2.1095     -1
     6     18      6666.2      8392.3   Coal      0     -1  2.5537491e+09       38731.29  1.5166443e-05      32967.519       2.396     -1
     6     19      8392.3       10565   Coal      0     -1  3.4870513e+09       49768.88  1.4272483e-05      35032.447      2.8557     -1
     6     20       10565       13301   Coal      0     -1  4.6356512e+09       68069.69  1.4683954e-05      34050.774      3.2585     -1
     6     21       13301       16745   Coal      0     -1  5.8603635e+09       94956.41   1.620316e-05      30858.178      3.6082     -1
     6     22       16745       21081   Coal      0     -1  6.9147544e+09      127293.34  1.8408946e-05      27160.708      4.4371     -1
     6     23       21081       26539   Coal      0     -1  7.4570556e+09       161646.2  2.1676947e-05      23065.979      4.8919     -1
     6     24       26539       33411   Coal      0     -1  7.2976741e+09      185561.68   2.542751e-05      19663.742      5.6792     -1
     6     25       33411       42063   Coal      0     -1  6.5974226e+09      191374.05  2.9007396e-05      17236.983      6.5758     -1
     6     26       42063       52954   Coal      0     -1    5.66216e+09      182983.88  3.2316974e-05      15471.745      7.6378     -1
     6     27       52954       66665   Coal      0     -1  4.7137006e+09      159258.65  3.3786331e-05      14798.884      9.0598     -1
     6     28       66665       83927   Coal      0     -1  3.9101438e+09      126256.24  3.2289411e-05      15484.953      11.049     -1
     6     29       83927  1.0566e+05   Coal      0     -1  3.2518915e+09       93317.82  2.8696474e-05      17423.743        11.8     -1
     6     30  1.0566e+05  1.3302e+05   Coal      0     -1  2.7200675e+09       66475.15  2.4438787e-05       20459.28      14.763     -1
     6     31  1.3302e+05       1e+99   Coal      0     -1  5.3695753e+09      113876.92  2.1207808e-05      23576.223      20.941     -1
     6     -1           0       1e+99  Delay     -1     -1  2.6353365e+09              0              0              0           1     -1
     6     -1           0       1e+99   LogL     -1     -1              1      -54432450      -54432450              0           1     -1
     6     -1           0       1e+99 Recomb     -1     -1           6400  1.9200003e-05  3.0000005e-09              0           1     -1
     6     -1           0       1e+99 Resamp     -1     -1  2.6353365e+09        4207397   0.0015965312              0           1     -1
     5      0           0         133   Coal      0     -1      6671172.9      13.034389  1.9538376e-06      255906.63      1.0082     -1
     5      1         133      167.44   Coal      0     -1      3487317.3      51.098128   1.465256e-05      34123.729      1.0089     -1
     5      2      167.44      210.79   Coal      0     -1      5481685.1      110.70534  2.0195495e-05      24757.997      1.0106     -1
     5      3      210.79      265.37   Coal      0     -1      8527955.9      204.69868  2.4003253e-05       20830.51      1.0175     -1
     5      4      265.37      334.09   Coal      0     -1       13359285       359.8419  2.6935716e-05      18562.714      1.0241     -1
     5      5      334.09      420.59   Coal      0     -1       20701903      572.15803  2.7637944e-05      18091.071      1.0351     -1
     5      6      420.59       529.5   Coal      0     -1       31867446      1053.8668  3.3070323e-05      15119.296      1.0494     -1
     5      7       529.5       666.6   Coal      0     -1       48692388      1604.5117  3.2952003e-05      15173.585      1.0619     -1
     5      8       666.6       839.2   Coal      0     -1       73974515      2271.5621   3.070736e-05      16282.741      1.0991     -1
     5      9       839.2      1056.5   Coal      0     -1  1.1129854e+08      3343.1839  3.0037986e-05       16645.59      1.1584     -1
     5     10      1056.5        1330   Coal      0     -1  1.6568012e+08        5125.77  3.0937749e-05      16161.486      1.2112     -1
     5     11        1330      1674.4   Coal      0     -1  2.4319978e+08        7411.12  3.0473383e-05      16407.761      1.2486     -1
     5     12      1674.4        2108   Coal      0     -1  3.5065809e+08       10634.24  3.0326521e-05      16487.219      1.3278     -1
     5     13        2108      2653.8   Coal      0     -1  4.9670791e+08       14203.77   2.859582e-05      17485.073      1.4457     -1
     5     14      2653.8        3341   Coal      0     -1  6.9547679e+08       18195.39  2.6162469e-05      19111.346      1.5569     -1
     5     15        3341      4206.1   Coal      0     -1  9.6591195e+08          22048  2.2826097e-05      21904.752      1.7197     -1
     5     16      4206.1      5295.2   Coal      0     -1  1.3394739e+09       26445.57  1.9743252e-05      25325.109       1.915     -1
     5     17      5295.2      6666.2   Coal      0     -1  1.8494551e+09       32314.15  1.7472255e-05      28616.799      2.0888     -1
     5     18      6666.2      8392.3   Coal      0     -1  2.5426675e+09       40029.62   1.574316e-05      31759.826      2.4329     -1
     5     19      8392.3       10565   Coal      0     -1   3.451255e+09       51602.94  1.4951935e-05      33440.488      2.6945     -1
     5     20       10565       13301   Coal      0     -1  4.5605421e+09       70242.17  1.5402154e-05      32462.993      3.1478     -1
     5     21       13301       16745   Coal      0     -1  5.7324834e+09       97018.34  1.6924312e-05      29543.298      3.8471     -1
     5     22       16745       21081   Coal      0     -1  6.7280725e+09      128292.17  1.9068191e-05       26221.68      4.1286     -1
     5     23       21081       26539   Coal      0     -1  7.2331399e+09      160495.27   2.218888e-05       22533.81      4.8764     -1
     5     24       26539       33411   Coal      0     -1  7.0872456e+09       182549.4  2.5757454e-05      19411.857      5.7146     -1
     5     25       33411       42063   Coal      0     -1  6.4465779e+09      187932.76  2.9152329e-05      17151.288      6.5819     -1
     5     26       42063       52954   Coal      0     -1  5.5807951e+09      179377.99  3.2142013e-05      15555.964      7.4078     -1
     5     27       52954       66665   Coal      0     -1  4.6965499e+09      157188.51  3.3468932e-05      14939.228      8.8848     -1
     5     28       66665       83927   Coal      0     -1  3.9120729e+09      125913.56  3.2185893e-05      15534.756      10.617     -1
     5     29       83927  1.0566e+05   Coal      0     -1  3.2462879e+09       94293.98  2.9046709e-05      17213.654      13.032     -1
     5     30  1.0566e+05  1.3302e+05   Coal      0     -1  2.6738338e+09       67493.23  2.5242119e-05      19808.163      16.155     -1
     5     31  1.3302e+05       1e+99   Coal      0     -1  4.9497099e+09      109845.08  2.2192226e-05      22530.412      20.053     -1
     5     -1           0       1e+99  Delay     -1     -1  2.6353365e+09              0              0              0           1     -1
     5     -1           0       1e+99   LogL     -1     -1              1      -54436794      -54436794              0           1     -1
     5     -1           0       1e+99 Recomb     -1     -1           6400  1.9200003e-05  3.0000005e-09              0           1     -1
     5     -1           0       1e+99 Resamp     -1     -1  2.6353365e+09        4197703   0.0015928528              0           1     -1
     4      0           0         133   Coal      0     -1      6671418.1      13.965865  2.0933878e-06      238847.29      1.0074     -1
     4      1         133      167.44   Coal      0     -1        3458569      48.591844  1.4049696e-05      35587.958      1.0081     -1
     4      2      167.44      210.79   Coal      0     -1      5473034.3      100.48973  1.8360881e-05      27231.809      1.0112     -1
     4      3      210.79      265.37   Coal      0     -1      8540578.6      199.27127  2.3332292e-05      21429.528      1.0129     -1
     4      4      265.37      334.09   Coal      0     -1       13287226      404.67254  3.0455757e-05      16417.257      1.0242     -1
     4      5      334.09      420.59   Coal      0     -1       20591803      582.36581  2.8281439e-05       17679.44      1.0364     -1
     4      6      420.59       529.5   Coal      0     -1       31857435      1057.0364   3.318021e-05      15069.223      1.0528     -1
     4      7       529.5       666.6   Coal      0     -1       48660572      1530.3035  3.1448532e-05      15898.993      1.0749     -1
     4      8       666.6       839.2   Coal      0     -1       73808677      2220.2867  3.0081649e-05      16621.429      1.1096     -1
     4      9       839.2      1056.5   Coal      0     -1   1.109851e+08      3365.1898  3.0321095e-05      16490.169      1.1437     -1
     4     10      1056.5        1330   Coal      0     -1  1.6572634e+08        5029.72  3.0349552e-05      16474.708      1.2112     -1
     4     11        1330      1674.4   Coal      0     -1  2.4291918e+08         7359.2  3.0294849e-05      16504.456      1.2724     -1
     4     12      1674.4        2108   Coal      0     -1  3.5036338e+08       10262.45  2.9290875e-05      17070.163      1.3481     -1
     4     13        2108      2653.8   Coal      0     -1  4.9770776e+08       14030.06  2.8189353e-05      17737.193      1.4342     -1
     4     14      2653.8        3341   Coal      0     -1  6.9677413e+08       18077.87  2.5945094e-05      19271.466      1.5532     -1
     4     15        3341      4206.1   Coal      0     -1  9.6823126e+08       22040.46  2.2763632e-05      21964.861      1.6802     -1
     4     16      4206.1      5295.2   Coal      0     -1  1.3409948e+09       26983.08  2.0121689e-05      24848.808      1.8889     -1
     4     17      5295.2      6666.2   Coal      0     -1  1.8482159e+09       33457.04  1.8102344e-05      27620.732      2.1007     -1
     4     18      6666.2      8392.3   Coal      0     -1  2.5204835e+09       41738.78  1.6559831e-05      30193.546      2.3965     -1
     4     19      8392.3       10565   Coal      0     -1  3.4006913e+09       54211.01  1.5941174e-05      31365.319      2.7425     -1
     4     20       10565       13301   Coal      0     -1  4.4492203e+09       72854.48  1.6374662e-05      30534.981      3.1388     -1
     4     21       13301       16745   Coal      0     -1  5.5459042e+09       98771.73  1.7809851e-05       28074.35      3.6217     -1
     4     22       16745       21081   Coal      0     -1  6.4707543e+09      129028.83  1.9940307e-05      25074.839      4.0149     -1
     4     23       21081       26539   Coal      0     -1  6.9411745e+09      158983.39  2.2904393e-05      21829.873      4.7647     -1
     4     24       26539       33411   Coal      0     -1  6.8116999e+09      178737.35  2.6239757e-05      19055.055      5.6535     -1
     4     25       33411       42063   Coal      0     -1  6.2375991e+09      183466.26  2.9412961e-05      16999.308      6.4415     -1
     4     26       42063       52954   Coal      0     -1  5.4595507e+09      174919.13  3.2039107e-05      15605.928      7.2306     -1
     4     27       52954       66665   Coal      0     -1  4.6449024e+09      154256.61  3.3209871e-05      15055.765      8.4513     -1
     4     28       66665       83927   Coal      0     -1  3.8975782e+09      125373.02  3.2166903e-05      15543.927      11.442     -1
     4     29       83927  1.0566e+05   Coal      0     -1  3.2173511e+09       94801.37  2.9465659e-05      16968.906      13.451     -1
     4     30  1.0566e+05  1.3302e+05   Coal      0     -1  2.5971045e+09       67847.84  2.6124416e-05      19139.183      15.199     -1
     4     31  1.3302e+05       1e+99   Coal      0     -1  4.4895139e+09       104986.5  2.3384825e-05      21381.387      19.475     -1
     4     -1           0       1e+99  Delay     -1     -1  2.6353365e+09              0              0              0           1     -1
     4     -1           0       1e+99   LogL     -1     -1              1      -54440710      -54440710              0           1     -1
     4     -1           0       1e+99 Recomb     -1     -1           6400  1.9200003e-05  3.0000005e-09              0           1     -1
     4     -1           0       1e+99 Resamp     -1     -1  2.6353365e+09        4186543    0.001588618              0           1     -1
     3      0           0         133   Coal      0     -1      6610367.7      25.203394  3.8127068e-06      131140.43      1.0075     -1
     3      1         133      167.44   Coal      0     -1      3459807.2      63.264239  1.8285481e-05      27344.098      1.0091     -1
     3      2      167.44      210.79   Coal      0     -1      5436440.6      117.19619  2.1557522e-05       23193.76      1.0111     -1
     3      3      210.79      265.37   Coal      0     -1      8509758.7      196.15603  2.3050715e-05      21691.301      1.0157     -1
     3      4      265.37      334.09   Coal      0     -1       13267271      405.26589  3.0546288e-05      16368.601      1.0231     -1
     3      5      334.09      420.59   Coal      0     -1       20515586      550.46316  2.6831461e-05       18634.84      1.0369     -1
     3      6      420.59       529.5   Coal      0     -1       31504652      1025.8461  3.2561733e-05      15355.448      1.0429     -1
     3      7       529.5       666.6   Coal      0     -1       48275018      1444.2667  2.9917476e-05       16712.64      1.0799     -1
     3      8       666.6       839.2   Coal      0     -1       73472814       2241.242  3.0504372e-05      16391.093      1.1113     -1
     3      9       839.2      1056.5   Coal      0     -1  1.1082775e+08      3294.5916  2.9727137e-05      16819.649      1.1394     -1
     3     10      1056.5        1330   Coal      0     -1  1.6471965e+08        4916.12  2.9845377e-05      16753.013       1.211     -1
     3     11        1330      1674.4   Coal      0     -1  2.4181942e+08         7281.6  3.0111725e-05      16604.828      1.2732     -1
     3     12      1674.4        2108   Coal      0     -1  3.4991602e+08       10355.59  2.9594501e-05      16895.031      1.3372     -1
     3     13        2108      2653.8   Coal      0     -1  4.9747868e+08       13781.69  2.7703077e-05      18048.537      1.4109     -1
     3     14      2653.8        3341   Coal      0     -1  6.9625458e+08       17962.23  2.5798365e-05      19381.073      1.5411     -1
     3     15        3341      4206.1   Coal      0     -1  9.6624191e+08        22574.2  2.3362886e-05      21401.465      1.6824     -1
     3     16      4206.1      5295.2   Coal      0     -1  1.3332542e+09       28105.54  2.1080406e-05      23718.709      1.9033     -1
     3     17      5295.2      6666.2   Coal      0     -1  1.8285468e+09        34873.3  1.9071593e-05      26217.002       2.094     -1
     3     18      6666.2      8392.3   Coal      0     -1  2.4776315e+09       44069.94  1.7787124e-05      28110.221       2.301     -1
     3     19      8392.3       10565   Coal      0     -1  3.3072097e+09        56993.9  1.7233228e-05      29013.716      2.6355     -1
     3     20       10565       13301   Coal      0     -1  4.2838048e+09        76229.8  1.7794882e-05      28097.967      2.9927     -1
     3     21       13301       16745   Coal      0     -1  5.2885438e+09       101312.8  1.9157031e-05      26100.077      3.5895     -1
     3     22       16745       21081   Coal      0     -1  6.1194998e+09      129559.08  2.1171515e-05      23616.638        3.97     -1
     3     23       21081       26539   Coal      0     -1  6.5357831e+09      156453.71  2.3938021e-05      20887.274      4.7323     -1
     3     24       26539       33411   Coal      0     -1  6.4473528e+09      173556.42   2.691902e-05      18574.227      5.3357     -1
     3     25       33411       42063   Coal      0     -1  5.9656754e+09      177825.56  2.9808119e-05      16773.954       6.263     -1
     3     26       42063       52954   Coal      0     -1   5.285872e+09      169618.06  3.2088946e-05       15581.69      7.6729     -1
     3     27       52954       66665   Coal      0     -1  4.5477835e+09      150476.43  3.3087861e-05      15111.282      9.1877     -1
     3     28       66665       83927   Coal      0     -1  3.8337255e+09       123447.3   3.220035e-05      15527.782      10.896     -1
     3     29       83927  1.0566e+05   Coal      0     -1  3.1464202e+09       94311.64  2.9974267e-05      16680.975      12.288     -1
     3     30  1.0566e+05  1.3302e+05   Coal      0     -1  2.4902111e+09       67806.25  2.7229117e-05      18362.696      14.813     -1
     3     31  1.3302e+05       1e+99   Coal      0     -1  3.9812671e+09       98918.37  2.4845951e-05      20124.003      18.374     -1
     3     -1           0       1e+99  Delay     -1     -1  2.6353365e+09              0              0              0           1     -1
     3     -1           0       1e+99   LogL     -1     -1              1      -54450430      -54450430              0           1     -1
     3     -1           0       1e+99 Recomb     -1     -1           6400  1.9200003e-05  3.0000005e-09              0           1     -1
     3     -1           0       1e+99 Resamp     -1     -1  2.6353365e+09        4169015   0.0015819669              0           1     -1
     2      0           0         133   Coal      0     -1      6606284.7       37.51402  5.6785352e-06      88050.877      1.0078     -1
     2      1         133      167.44   Coal      0     -1      3402671.2      78.323425  2.3018217e-05      21721.926      1.0091     -1
     2      2      167.44      210.79   Coal      0     -1      5355473.2      128.83723  2.4057114e-05      20783.872      1.0103     -1
     2      3      210.79      265.37   Coal      0     -1      8370379.6      199.76658  2.3865892e-05      20950.401      1.0147     -1
     2      4      265.37      334.09   Coal      0     -1       13071572      395.02128  3.0219877e-05      16545.402      1.0212     -1
     2      5      334.09      420.59   Coal      0     -1       20292131      542.13172  2.6716352e-05       18715.13      1.0333     -1
     2      6      420.59       529.5   Coal      0     -1       31258153      972.64716  3.1116591e-05      16068.598      1.0458     -1
     2      7       529.5       666.6   Coal      0     -1       48037915      1411.4761  2.9382543e-05      17016.907       1.068     -1
     2      8       666.6       839.2   Coal      0     -1       72963490      2247.5002   3.080308e-05      16232.143      1.1013     -1
     2      9       839.2      1056.5   Coal      0     -1   1.099279e+08      3315.2814  3.0158688e-05      16578.971      1.1582     -1
     2     10      1056.5        1330   Coal      0     -1   1.637404e+08      4897.4478  2.9909831e-05      16716.912      1.1737     -1
     2     11        1330      1674.4   Coal      0     -1  2.4005199e+08      7214.9228  3.0055667e-05      16635.798      1.2675     -1
     2     12      1674.4        2108   Coal      0     -1  3.4761293e+08       10088.32  2.9021705e-05      17228.485      1.3491     -1
     2     13        2108      2653.8   Coal      0     -1  4.9424898e+08       13832.26  2.7986421e-05      17865.807      1.4459     -1
     2     14      2653.8        3341   Coal      0     -1  6.9284918e+08       18102.19  2.6127172e-05      19137.165      1.5025     -1
     2     15        3341      4206.1   Coal      0     -1  9.5942669e+08       23200.93  2.4182077e-05       20676.47      1.6828     -1
     2     16      4206.1      5295.2   Coal      0     -1  1.3153305e+09       29615.92  2.2515953e-05      22206.477      1.7915     -1
     2     17      5295.2      6666.2   Coal      0     -1  1.7866348e+09        37090.8  2.0760146e-05      24084.608      2.0469     -1
     2     18      6666.2      8392.3   Coal      0     -1  2.3988696e+09       46967.39  1.9578968e-05      25537.608       2.251     -1
     2     19      8392.3       10565   Coal      0     -1  3.1639686e+09       60887.82  1.9244129e-05       25981.95      2.5994     -1
     2     20       10565       13301   Coal      0     -1  4.0440271e+09       80102.45  1.9807595e-05      25242.843      2.9057     -1
     2     21       13301       16745   Coal      0     -1  4.9362339e+09      103620.94  2.0991902e-05      23818.709      3.4171     -1
     2     22       16745       21081   Coal      0     -1  5.6713512e+09      129921.91  2.2908458e-05          21826      3.8183     -1
     2     23       21081       26539   Coal      0     -1   6.043238e+09       153116.7  2.5336864e-05      19734.092      4.4315     -1
     2     24       26539       33411   Coal      0     -1  5.9813044e+09      167353.52  2.7979435e-05      17870.268      5.3367     -1
     2     25       33411       42063   Coal      0     -1  5.5904234e+09      169906.39  3.0392401e-05      16451.481      6.3366     -1
     2     26       42063       52954   Coal      0     -1  5.0384276e+09      162580.55  3.2268113e-05      15495.173      7.6615     -1
     2     27       52954       66665   Coal      0     -1  4.4062806e+09      145811.83  3.3091817e-05      15109.476      8.6265     -1
     2     28       66665       83927   Coal      0     -1  3.7382412e+09      121253.87  3.2436074e-05      15414.936      10.966     -1
     2     29       83927  1.0566e+05   Coal      0     -1  3.0475315e+09       93614.65   3.071819e-05      16277.001      13.183     -1
     2     30  1.0566e+05  1.3302e+05   Coal      0     -1  2.3542419e+09       67193.61  2.8541506e-05      17518.347      14.875     -1
     2     31  1.3302e+05       1e+99   Coal      0     -1  3.4327074e+09       91529.54   2.666395e-05       18751.91      17.645     -1
     2     -1           0       1e+99  Delay     -1     -1  2.6353365e+09              0              0              0           1     -1
     2     -1           0       1e+99   LogL     -1     -1              1      -54466313      -54466313              0           1     -1
     2     -1           0       1e+99 Recomb     -1     -1           6400  1.9200003e-05  3.0000005e-09              0           1     -1
     2     -1           0       1e+99 Resamp     -1     -1  2.6353365e+09        4146266   0.0015733346              0           1     -1
     1      0           0         133   Coal      0     -1      6480953.7      60.978697  9.4089081e-06      53141.129      1.0077     -1
     1      1         133      167.44   Coal      0     -1      3339030.1      89.870564   2.691517e-05      18576.884      1.0084     -1
     1      2      167.44      210.79   Coal      0     -1      5241135.7      117.26054  2.2373116e-05       22348.25      1.0118     -1
     1      3      210.79      265.37   Coal      0     -1      8195208.6       233.9602  2.8548413e-05      17514.109      1.0135     -1
     1      4      265.37      334.09   Coal      0     -1       12792026      371.53111  2.9043962e-05      17215.282      1.0257     -1
     1      5      334.09      420.59   Coal      0     -1       19864352       562.4709  2.8315592e-05      17658.115      1.0346     -1
     1      6      420.59       529.5   Coal      0     -1       30682416       955.9675  3.1156852e-05      16047.834       1.055     -1
     1      7       529.5       666.6   Coal      0     -1       47161688      1433.3347   3.039193e-05      16451.736      1.0779     -1
     1      8       666.6       839.2   Coal      0     -1       72022325      2268.1434  3.1492227e-05      15876.934      1.1039     -1
     1      9       839.2      1056.5   Coal      0     -1  1.0854165e+08      3260.5874  3.0039967e-05      16644.492      1.1474     -1
     1     10      1056.5        1330   Coal      0     -1  1.6203336e+08        4851.44  2.9940995e-05      16699.512      1.1722     -1
     1     11        1330      1674.4   Coal      0     -1  2.3750665e+08        7235.12  3.0462811e-05      16413.456      1.2336     -1
     1     12      1674.4        2108   Coal      0     -1  3.4391951e+08        10109.6   2.939525e-05      17009.551      1.3365     -1
     1     13        2108      2653.8   Coal      0     -1  4.8957153e+08       14098.52  2.8797671e-05      17362.515      1.4001     -1
     1     14      2653.8        3341   Coal      0     -1  6.8528818e+08       18908.47  2.7591998e-05      18121.196      1.5122     -1
     1     15        3341      4206.1   Coal      0     -1  9.4388611e+08       24530.43   2.598876e-05      19239.086        1.65     -1
     1     16      4206.1      5295.2   Coal      0     -1  1.2845436e+09       31636.79  2.4628818e-05      20301.421      1.8179     -1
     1     17      5295.2      6666.2   Coal      0     -1  1.7228117e+09       40502.48  2.3509523e-05      21267.978       1.955     -1
     1     18      6666.2      8392.3   Coal      0     -1  2.2769083e+09       51211.65  2.2491749e-05      22230.374       2.154     -1
     1     19      8392.3       10565   Coal      0     -1  2.9498821e+09       65724.55  2.2280399e-05       22441.25      2.4807     -1
     1     20       10565       13301   Coal      0     -1  3.7038809e+09       84561.08  2.2830399e-05      21900.624       2.845     -1
     1     21       13301       16745   Coal      0     -1  4.4530698e+09      105847.15  2.3769479e-05      21035.379      3.2029     -1
     1     22       16745       21081   Coal      0     -1  5.0704067e+09      128641.48  2.5371038e-05      19707.511      3.6767     -1
     1     23       21081       26539   Coal      0     -1  5.3901438e+09      147556.15  2.7375179e-05      18264.721      4.3725     -1
     1     24       26539       33411   Coal      0     -1  5.3926818e+09      158859.49  2.9458347e-05      16973.118      5.0569     -1
     1     25       33411       42063   Coal      0     -1  5.1302493e+09      160551.61   3.129509e-05      15976.947       6.037     -1
     1     26       42063       52954   Coal      0     -1  4.7061099e+09       154160.9  3.2757607e-05       15263.63      7.3402     -1
     1     27       52954       66665   Coal      0     -1  4.1871994e+09         139303  3.3268776e-05      15029.107       8.849     -1
     1     28       66665       83927   Coal      0     -1   3.581895e+09      117685.76  3.2855726e-05      15218.048      10.381     -1
     1     29       83927  1.0566e+05   Coal      0     -1  2.8916865e+09       91694.44  3.1709676e-05      15768.058      13.118     -1
     1     30  1.0566e+05  1.3302e+05   Coal      0     -1  2.1693567e+09       65492.74  3.0189936e-05      16561.811      15.155     -1
     1     31  1.3302e+05       1e+99   Coal      0     -1  2.8612019e+09          82604  2.8870385e-05      17318.786      17.418     -1
     1     -1           0       1e+99  Delay     -1     -1  2.6353365e+09              0              0              0           1     -1
     1     -1           0       1e+99   LogL     -1     -1              1      -54496462      -54496462              0           1     -1
     1     -1           0       1e+99 Recomb     -1     -1           6400  1.9200003e-05  3.0000005e-09              0           1     -1
     1     -1           0       1e+99 Resamp     -1     -1  2.6353365e+09        4111200   0.0015600285              0           1     -1
     0      0           0         133   Coal      0     -1      6281397.3      97.009222  1.5443892e-05      32375.259      1.0085     -1
     0      1         133      167.44   Coal      0     -1      3236251.3      106.67914    3.29638e-05      15168.154        1.01     -1
     0      2      167.44      210.79   Coal      0     -1      5081389.5      131.56556  2.5891651e-05      19311.245      1.0121     -1
     0      3      210.79      265.37   Coal      0     -1        7967945      237.91433  2.9858932e-05      16745.408      1.0165     -1
     0      4      265.37      334.09   Coal      0     -1       12527726      377.59354  3.0140629e-05      16588.904      1.0227     -1
     0      5      334.09      420.59   Coal      0     -1       19496286      588.68596  3.0194774e-05      16559.157      1.0353     -1
     0      6      420.59       529.5   Coal      0     -1       30059391      973.66976  3.2391533e-05      15436.133      1.0507     -1
     0      7       529.5       666.6   Coal      0     -1       45889101      1437.2105  3.1319212e-05      15964.642      1.0738     -1
     0      8       666.6       839.2   Coal      0     -1       69896083      2211.5713  3.1640847e-05      15802.358      1.0963     -1
     0      9       839.2      1056.5   Coal      0     -1  1.0592022e+08      3256.3043   3.074299e-05       16263.87       1.141     -1
     0     10      1056.5        1330   Coal      0     -1  1.5826733e+08        4896.56  3.0938538e-05      16161.074      1.1869     -1
     0     11        1330      1674.4   Coal      0     -1  2.3283335e+08        7364.88  3.1631551e-05      15807.002      1.2454     -1
     0     12      1674.4        2108   Coal      0     -1  3.3623466e+08        10567.8  3.1429836e-05      15908.451      1.3036     -1
     0     13        2108      2653.8   Coal      0     -1  4.7733544e+08        14620.4  3.0629194e-05      16324.295      1.3727     -1
     0     14      2653.8        3341   Coal      0     -1  6.6444548e+08       20082.68  3.0224722e-05      16542.749      1.4513     -1
     0     15        3341      4206.1   Coal      0     -1  9.0868829e+08       26324.65  2.8969945e-05      17259.266       1.571     -1
     0     16      4206.1      5295.2   Coal      0     -1  1.2209979e+09       34901.49  2.8584398e-05       17492.06      1.7061     -1
     0     17      5295.2      6666.2   Coal      0     -1  1.6105127e+09       44906.22  2.7883182e-05      17931.956      1.8599     -1
     0     18      6666.2      8392.3   Coal      0     -1  2.0821173e+09        56537.4  2.7153801e-05      18413.628      2.0485     -1
     0     19      8392.3       10565   Coal      0     -1  2.6318871e+09       71312.42  2.7095547e-05      18453.217      2.2753     -1
     0     20       10565       13301   Coal      0     -1   3.231728e+09       88738.54  2.7458543e-05      18209.269      2.5891     -1
     0     21       13301       16745   Coal      0     -1  3.8189668e+09      107435.14  2.8131991e-05       17773.36      3.0338     -1
     0     22       16745       21081   Coal      0     -1  4.3126156e+09      125551.41   2.911259e-05        17174.7      3.4543     -1
     0     23       21081       26539   Coal      0     -1  4.6003738e+09      139740.35  3.0375869e-05      16460.435      4.0946     -1
     0     24       26539       33411   Coal      0     -1  4.6617009e+09       147647.7  3.1672496e-05      15786.568      4.8656     -1
     0     25       33411       42063   Coal      0     -1  4.5407094e+09      148480.26  3.2699794e-05      15290.616      5.8616     -1
     0     26       42063       52954   Coal      0     -1   4.277338e+09       143352.9  3.3514513e-05       14918.91      6.9992     -1
     0     27       52954       66665   Coal      0     -1  3.8735324e+09      130938.08  3.3803275e-05      14791.466      8.6198     -1
     0     28       66665       83927   Coal      0     -1  3.3310282e+09      112217.88  3.3688661e-05      14841.789      10.279     -1
     0     29       83927  1.0566e+05   Coal      0     -1  2.6575849e+09       87827.86  3.3047998e-05       15129.51      12.833     -1
     0     30  1.0566e+05  1.3302e+05   Coal      0     -1  1.9294307e+09       62175.08  3.2224573e-05      15516.109      14.239     -1
     0     31  1.3302e+05       1e+99   Coal      0     -1  2.2685439e+09       71684.85  3.1599499e-05      15823.036      17.419     -1
     0     -1           0       1e+99  Delay     -1     -1  2.6353365e+09              0              0              0           1     -1
     0     -1           0       1e+99   LogL     -1     -1              1      -54553124      -54553124              0           1     -1
     0     -1           0       1e+99 Recomb     -1     -1           6400  1.9200003e-05  3.0000005e-09              0           1     -1
     0     -1           0       1e+99 Resamp     -1     -1  2.6353365e+09        4068905   0.0015439793              0           1     -1
