  Iter  Epoch       Start         End   Type   From     To            Opp          Count           Rate             Ne         ESS  Clump
    15      0           0          33   Coal      0     -1         647279  1.2679584e-51  1.9589055e-57    6.47279e+35      1.0081     -1
    15      1          33       65.92   Coal      0     -1      1550545.6  1.8482696e-46  1.1920124e-52  1.5505455e+36      1.0093     -1
    15      2       65.92      104.55   Coal      0     -1      2991716.4  3.3386574e-53  1.1159672e-59  2.9917164e+36      1.0094     -1
    15      3      104.55      131.67   Coal      0     -1        2857687  3.3704858e-44  1.1794454e-50   2.857687e+36      1.0095     -1
    15      4      131.67      165.83   Coal      0     -1      4462575.7  1.7092359e-41  3.8301556e-48  4.4625757e+36      1.0096     -1
    15      5      165.83      208.84   Coal      0     -1      6997920.1  2.7343664e-08  3.9073987e-15  1.2796237e+14      1.0096     -1
    15      6      208.84      263.02   Coal      0     -1       11026509      6.0349235  5.4731042e-07      913558.35      1.0095     -1
    15      7      263.02      331.24   Coal      0     -1       17351161      33.402216   1.925071e-06      259730.68      1.0102     -1
    15      8      331.24      417.17   Coal      0     -1       27368227       136.5237  4.9884012e-06      100232.52      1.0106     -1
    15      9      417.17      525.38   Coal      0     -1       42893088      695.49099  1.6214524e-05      30836.552      1.0116     -1
    15     10      525.38      661.66   Coal      0     -1       65850246      1908.1821    2.89776e-05      17254.707      1.0139     -1
    15     11      661.66       833.3   Coal      0     -1       96695374      6193.7311  6.4054058e-05      7805.9067      1.0226     -1
    15     12       833.3      1049.5   Coal      0     -1  1.3149585e+08       12663.88  9.6306312e-05      5191.7677      1.0244     -1
    15     13      1049.5      1321.7   Coal      0     -1  1.6417898e+08       20498.17  0.00012485258      4004.7229       1.034     -1
    15     14      1321.7      1664.5   Coal      0     -1  1.8320829e+08       29089.48  0.00015877818      3149.0472      1.0381     -1
    15     15      1664.5      2096.3   Coal      0     -1  1.9036055e+08       29842.92   0.0001567705      3189.3755      1.0425     -1
    15     16      2096.3      2640.1   Coal      0     -1  2.0012726e+08       26878.13  0.00013430519      3722.8643      1.0519     -1
    15     17      2640.1      3324.9   Coal      0     -1  2.2325744e+08       23031.36  0.00010316055      4846.8141      1.0736     -1
    15     18      3324.9      4187.4   Coal      0     -1  2.6582406e+08       21047.46  7.9178161e-05      6314.8726      1.1266     -1
    15     19      4187.4      5273.6   Coal      0     -1  3.4555064e+08       16124.21  4.6662364e-05      10715.274      1.2007     -1
    15     20      5273.6      6641.6   Coal      0     -1  4.8764105e+08       14026.58   2.876415e-05      17382.749      1.3271     -1
    15     21      6641.6      8364.4   Coal      0     -1  7.1806696e+08        14569.3  2.0289612e-05      24643.152      1.4712     -1
    15     22      8364.4       10534   Coal      0     -1  1.0630859e+09       16693.42  1.5702796e-05      31841.464      1.6404     -1
    15     23       10534       13267   Coal      0     -1  1.5667095e+09       22359.81  1.4271829e-05      35034.052      1.9119     -1
    15     24       13267       16708   Coal      0     -1  2.2389231e+09       33201.35  1.4829161e-05       33717.35      2.0678     -1
    15     25       16708       21042   Coal      0     -1  3.0265506e+09        52753.9  1.7430371e-05      28685.563      2.4607     -1
    15     26       21042       26500   Coal      0     -1  3.7593628e+09       79537.48  2.1157171e-05      23632.649      2.7701     -1
    15     27       26500       33374   Coal      0     -1  4.2093824e+09      108522.62  2.5781126e-05      19394.032      2.9511     -1
    15     28       33374       42032   Coal      0     -1  4.2271146e+09      129424.88  3.0617784e-05      16330.379      3.1146     -1
    15     29       42032       52935   Coal      0     -1  3.8422507e+09      133419.46  3.4724298e-05      14399.139      3.6523     -1
    15     30       52935       66666   Coal      0     -1  3.1801666e+09      121545.62  3.8219891e-05      13082.193      4.5369     -1
    15     31       66666       1e+99   Coal      0     -1  1.3363518e+10      294691.24  2.2051921e-05      22673.762      7.4588     -1
    15     -1           0       1e+99  Delay     -1     -1  2.6400478e+09              0              0              0           1     -1
    15     -1           0       1e+99   LogL     -1     -1              1      -34378849      -34378849              0           1     -1
    15     -1           0       1e+99 Recomb     -1     -1  3.7308899e+14        1206427  3.2336172e-09              0      2.5714     -1
    15     -1           0       1e+99 Resamp     -1     -1  2.6400478e+09        2303225  0.00087241793              0           1     -1
    14      0           0          33   Coal      0     -1      644817.37   4.088008e-48   6.339792e-54  6.4481737e+35      1.0073     -1
    14      1          33       65.92   Coal      0     -1      1547132.1  1.4297586e-42  9.2413475e-49  1.5471321e+36      1.0088     -1
    14      2       65.92      104.55   Coal      0     -1      2968259.7   4.955001e-49  1.6693286e-55  2.9682597e+36      1.0092     -1
    14      3      104.55      131.67   Coal      0     -1        2839197  4.7847366e-40  1.6852429e-46  2.8391969e+36      1.0093     -1
    14      4      131.67      165.83   Coal      0     -1      4435912.2  3.7910102e-37  8.5461796e-44  4.4359088e+36      1.0092     -1
    14      5      165.83      208.84   Coal      0     -1      6995792.4  0.00095645298  1.3671832e-10  3.6571544e+09      1.0093     -1
    14      6      208.84      263.02   Coal      0     -1       11013200      5.0056459   4.545133e-07      1100077.8      1.0096     -1
    14      7      263.02      331.24   Coal      0     -1       17357643      35.078884  2.0209474e-06      247408.71      1.0099     -1
    14      8      331.24      417.17   Coal      0     -1       27365314      156.31418  5.7121283e-06      87533.048      1.0118     -1
    14      9      417.17      525.38   Coal      0     -1       42764971      737.48534   1.724508e-05      28993.777      1.0132     -1
    14     10      525.38      661.66   Coal      0     -1       65659890      1894.5744  2.8854364e-05      17328.401      1.0153     -1
    14     11      661.66       833.3   Coal      0     -1       96374674        6198.19  6.4313473e-05      7774.4208       1.021     -1
    14     12       833.3      1049.5   Coal      0     -1  1.3152208e+08       12586.72  9.5700432e-05      5224.6368      1.0282     -1
    14     13      1049.5      1321.7   Coal      0     -1  1.6398408e+08        20398.2  0.00012439135      4019.5722      1.0299     -1
    14     14      1321.7      1664.5   Coal      0     -1  1.8295816e+08        28712.3  0.00015693369       3186.059       1.036     -1
    14     15      1664.5      2096.3   Coal      0     -1  1.9032853e+08       29754.37  0.00015633163       3198.329      1.0477     -1
    14     16      2096.3      2640.1   Coal      0     -1  2.0011951e+08       26770.33  0.00013377171       3737.711      1.0485     -1
    14     17      2640.1      3324.9   Coal      0     -1  2.2367153e+08       23262.65  0.00010400363      4807.5247      1.0785     -1
    14     18      3324.9      4187.4   Coal      0     -1  2.6739454e+08       20822.91  7.7873354e-05      6420.6814      1.1087     -1
    14     19      4187.4      5273.6   Coal      0     -1  3.4599136e+08       16470.64  4.7604195e-05      10503.276      1.2025     -1
    14     20      5273.6      6641.6   Coal      0     -1  4.8757316e+08       14177.48  2.9077647e-05      17195.339      1.3332     -1
    14     21      6641.6      8364.4   Coal      0     -1  7.1772318e+08       14592.22  2.0331265e-05      24592.666      1.4665     -1
    14     22      8364.4       10534   Coal      0     -1  1.0646313e+09       16859.81   1.583629e-05      31573.051      1.7028     -1
    14     23       10534       13267   Coal      0     -1  1.5677092e+09       22558.43  1.4389423e-05      34747.745      1.8595     -1
    14     24       13267       16708   Coal      0     -1  2.2378107e+09       33415.21  1.4932098e-05      33484.912      1.9328     -1
    14     25       16708       21042   Coal      0     -1  3.0224943e+09       52881.85  1.7496096e-05      28577.804       2.297     -1
    14     26       21042       26500   Coal      0     -1  3.7518395e+09       79496.82  2.1188758e-05      23597.419      2.5317     -1
    14     27       26500       33374   Coal      0     -1  4.2003803e+09      108370.99  2.5800281e-05      19379.634      2.9191     -1
    14     28       33374       42032   Coal      0     -1  4.2133187e+09      128607.61  3.0524064e-05      16380.518      3.3947     -1
    14     29       42032       52935   Coal      0     -1  3.8392371e+09      132767.23   3.458167e-05      14458.527      3.7781     -1
    14     30       52935       66666   Coal      0     -1  3.1997535e+09      120762.38  3.7741151e-05      13248.139      4.3545     -1
    14     31       66666       1e+99   Coal      0     -1  1.3307306e+10      295942.18  2.2239076e-05      22482.949      7.6952     -1
    14     -1           0       1e+99  Delay     -1     -1  2.6400478e+09              0              0              0           1     -1
    14     -1           0       1e+99   LogL     -1     -1              1      -34378659      -34378659              0           1     -1
    14     -1           0       1e+99 Recomb     -1     -1   3.729787e+14      1206159.3  3.2338558e-09              0      2.5463     -1
    14     -1           0       1e+99 Resamp     -1     -1  2.6400478e+09        2303366  0.00087247133              0           1     -1
    13      0           0          33   Coal      0     -1       644731.8  1.3178344e-44   2.044004e-50   6.447318e+35      1.0068     -1
    13      1          33       65.92   Coal      0     -1      1572112.6  1.1238707e-38   7.148793e-45  1.5721125e+36      1.0082     -1
    13      2       65.92      104.55   Coal      0     -1      3009205.3  7.4553076e-45  2.4775005e-51  3.0092053e+36      1.0087     -1
    13      3      104.55      131.67   Coal      0     -1      2866831.8  6.8585176e-36  2.3923683e-42  2.8667925e+36      1.0087     -1
    13      4      131.67      165.83   Coal      0     -1      4491993.6  8.5145966e-33  1.8955051e-39  4.4167794e+36      1.0088     -1
    13      5      165.83      208.84   Coal      0     -1        7063825      1.0124096  1.4332314e-07      3488620.2      1.0089     -1
    13      6      208.84      263.02   Coal      0     -1       11138225      4.0032386  3.5941442e-07      1391151.8      1.0091     -1
    13      7      263.02      331.24   Coal      0     -1       17549315      36.737701   2.093398e-06      238846.13      1.0101     -1
    13      8      331.24      417.17   Coal      0     -1       27620260      192.90471  6.9841744e-06      71590.423      1.0104     -1
    13      9      417.17      525.38   Coal      0     -1       43058654      796.10798  1.8488919e-05      27043.225      1.0118     -1
    13     10      525.38      661.66   Coal      0     -1       66004417      1958.2831  2.9668971e-05      16852.624      1.0158     -1
    13     11      661.66       833.3   Coal      0     -1       96833550      6333.7741  6.5408881e-05      7644.2219       1.021     -1
    13     12       833.3      1049.5   Coal      0     -1  1.3198596e+08       12615.72  9.5583804e-05      5231.0117      1.0269     -1
    13     13      1049.5      1321.7   Coal      0     -1  1.6425761e+08       20483.83  0.00012470552      4009.4457      1.0317     -1
    13     14      1321.7      1664.5   Coal      0     -1  1.8368517e+08       28701.56   0.0001562541      3199.9161      1.0353     -1
    13     15      1664.5      2096.3   Coal      0     -1  1.9174099e+08       29509.88  0.00015390491      3248.7593      1.0383     -1
    13     16      2096.3      2640.1   Coal      0     -1  2.0164405e+08        26990.1  0.00013385022      3735.5188      1.0515     -1
    13     17      2640.1      3324.9   Coal      0     -1  2.2370406e+08        23465.7  0.00010489617      4766.6181      1.0806     -1
    13     18      3324.9      4187.4   Coal      0     -1  2.6699274e+08       20639.53  7.7303713e-05      6467.9947      1.1249     -1
    13     19      4187.4      5273.6   Coal      0     -1  3.4662831e+08       16526.37  4.7677496e-05      10487.128      1.2072     -1
    13     20      5273.6      6641.6   Coal      0     -1  4.8948991e+08       14226.13  2.9063173e-05      17203.903      1.2888     -1
    13     21      6641.6      8364.4   Coal      0     -1  7.2008995e+08       14675.15  2.0379607e-05       24534.33      1.4934     -1
    13     22      8364.4       10534   Coal      0     -1  1.0659597e+09       17059.08  1.6003494e-05      31243.177      1.6151     -1
    13     23       10534       13267   Coal      0     -1   1.568177e+09       22868.68  1.4582971e-05      34286.566      1.6782     -1
    13     24       13267       16708   Coal      0     -1   2.235908e+09       33782.55  1.5109097e-05      33092.647      2.1037     -1
    13     25       16708       21042   Coal      0     -1  3.0110732e+09       53070.06  1.7624965e-05       28368.85      2.3973     -1
    13     26       21042       26500   Coal      0     -1  3.7377459e+09       79430.57  2.1250928e-05      23528.384      2.5751     -1
    13     27       26500       33374   Coal      0     -1  4.1759694e+09      108164.24  2.5901588e-05      19303.835      3.0176     -1
    13     28       33374       42032   Coal      0     -1  4.2039264e+09      127887.16  3.0420885e-05      16436.077      3.2682     -1
    13     29       42032       52935   Coal      0     -1  3.8486211e+09      132195.36   3.434876e-05      14556.566      3.6331     -1
    13     30       52935       66666   Coal      0     -1  3.2305518e+09      120210.33  3.7210464e-05      13437.081      4.6746     -1
    13     31       66666       1e+99   Coal      0     -1  1.3209364e+10       296513.9   2.244725e-05      22274.443      7.4929     -1
    13     -1           0       1e+99  Delay     -1     -1  2.6400478e+09              0              0              0           1     -1
    13     -1           0       1e+99   LogL     -1     -1              1      -34379384      -34379384              0           1     -1
    13     -1           0       1e+99 Recomb     -1     -1  3.7278843e+14      1206271.8  3.2358081e-09              0      2.5397     -1
    13     -1           0       1e+99 Resamp     -1     -1  2.6400478e+09        2303514  0.00087252739              0           1     -1
    12      0           0          33   Coal      0     -1      628460.22  4.1410324e-41  6.5891719e-47  6.2846022e+35      1.0074     -1
    12      1          33       65.92   Coal      0     -1      1519479.3  8.5384916e-35  5.6193536e-41  1.5192199e+36      1.0083     -1
    12      2       65.92      104.55   Coal      0     -1        2934739  1.0939691e-40  3.7276538e-47   2.934739e+36      1.0088     -1
    12      3      104.55      131.67   Coal      0     -1      2803315.4   9.613294e-32  3.4292587e-38  2.3512502e+36      1.0089     -1
    12      4      131.67      165.83   Coal      0     -1      4420678.5  1.8820147e-28  4.2572982e-35  1.1713418e+34       1.009     -1
    12      5      165.83      208.84   Coal      0     -1      6978426.1      1.9531072   2.798779e-07      1786493.4       1.009     -1
    12      6      208.84      263.02   Coal      0     -1       10984904       3.005625  2.7361414e-07        1827391      1.0091     -1
    12      7      263.02      331.24   Coal      0     -1       17251461      45.918439  2.6617131e-06      187848.95      1.0096     -1
    12      8      331.24      417.17   Coal      0     -1       27089013      216.52845  7.9932202e-06      62553.012      1.0116     -1
    12      9      417.17      525.38   Coal      0     -1       42248383      842.11525  1.9932485e-05       25084.68      1.0125     -1
    12     10      525.38      661.66   Coal      0     -1       64981655      2056.6249  3.1649315e-05       15798.13      1.0166     -1
    12     11      661.66       833.3   Coal      0     -1       95446756      6299.1756  6.5996749e-05      7576.1308      1.0219     -1
    12     12       833.3      1049.5   Coal      0     -1  1.3010402e+08       12679.35  9.7455484e-05      5130.5476      1.0266     -1
    12     13      1049.5      1321.7   Coal      0     -1  1.6244562e+08       20131.22   0.0001239259      4034.6691        1.03     -1
    12     14      1321.7      1664.5   Coal      0     -1  1.8239726e+08        28531.1  0.00015642285      3196.4639      1.0365     -1
    12     15      1664.5      2096.3   Coal      0     -1  1.9081116e+08       29041.22  0.00015219875      3285.1782      1.0463     -1
    12     16      2096.3      2640.1   Coal      0     -1  2.0129424e+08       27039.62  0.00013432883      3722.2091      1.0606     -1
    12     17      2640.1      3324.9   Coal      0     -1  2.2339559e+08       23564.95   0.0001054853       4739.997      1.0717     -1
    12     18      3324.9      4187.4   Coal      0     -1  2.6573091e+08       20583.35  7.7459373e-05      6454.9968       1.117     -1
    12     19      4187.4      5273.6   Coal      0     -1  3.4498673e+08       16634.24  4.8217043e-05      10369.777      1.2539     -1
    12     20      5273.6      6641.6   Coal      0     -1  4.8626393e+08       14335.52  2.9480944e-05      16960.108      1.2972     -1
    12     21      6641.6      8364.4   Coal      0     -1  7.1349795e+08       14653.97  2.0538209e-05      24344.869      1.4781     -1
    12     22      8364.4       10534   Coal      0     -1  1.0617956e+09       16847.64  1.5867122e-05      31511.701      1.6547     -1
    12     23       10534       13267   Coal      0     -1  1.5602881e+09       22919.85  1.4689498e-05      34037.922      1.8268     -1
    12     24       13267       16708   Coal      0     -1  2.2266188e+09       33834.09  1.5195277e-05      32904.961      2.0296     -1
    12     25       16708       21042   Coal      0     -1  2.9985534e+09       53287.75  1.7771152e-05      28135.485      2.3112     -1
    12     26       21042       26500   Coal      0     -1  3.7192882e+09       79650.21  2.1415445e-05      23347.636      2.7307     -1
    12     27       26500       33374   Coal      0     -1  4.1631391e+09      108050.21  2.5954023e-05      19264.836      2.8728     -1
    12     28       33374       42032   Coal      0     -1  4.1982103e+09      127221.21  3.0303677e-05      16499.648      3.3041     -1
    12     29       42032       52935   Coal      0     -1  3.8535747e+09      131560.25  3.4139795e-05      14645.665      3.6837     -1
    12     30       52935       66666   Coal      0     -1  3.2527988e+09      119391.56  3.6704256e-05      13622.398      4.5402     -1
    12     31       66666       1e+99   Coal      0     -1  1.3098956e+10      297435.01  2.2706773e-05      22019.862      6.4716     -1
    12     -1           0       1e+99  Delay     -1     -1  2.6400478e+09              0              0              0           1     -1
    12     -1           0       1e+99   LogL     -1     -1              1      -34378505      -34378505              0           1     -1
    12     -1           0       1e+99 Recomb     -1     -1  3.7262041e+14      1205336.8  3.2347577e-09              0      2.5373     -1
    12     -1           0       1e+99 Resamp     -1     -1  2.6400478e+09        2303886   0.0008726683              0           1     -1
    11      0           0          33   Coal      0     -1      660847.06  1.3682945e-37  2.0705162e-43  6.6084688e+35      1.0062     -1
    11      1          33       65.92   Coal      0     -1      1575938.9  6.7280706e-31  4.2692458e-37  6.7186622e+35       1.008     -1
    11      2       65.92      104.55   Coal      0     -1      3016244.4  1.6498391e-36  5.4698456e-43  3.0162344e+36      1.0084     -1
    11      3      104.55      131.67   Coal      0     -1      2871744.3  1.3803461e-27  4.8066471e-34  1.0398495e+33      1.0087     -1
    11      4      131.67      165.83   Coal      0     -1      4503389.5  4.2377226e-24  9.4100735e-31  5.3134542e+29      1.0089     -1
    11      5      165.83      208.84   Coal      0     -1      7056833.8      1.0034838  1.4220029e-07      3516167.2      1.0089     -1
    11      6      208.84      263.02   Coal      0     -1       11126286      4.0080802  3.6023521e-07        1387982      1.0091     -1
    11      7      263.02      331.24   Coal      0     -1       17547139      71.270759  4.0616741e-06      123101.95      1.0091     -1
    11      8      331.24      417.17   Coal      0     -1       27507800      214.37322  7.7931795e-06      64158.666      1.0106     -1
    11      9      417.17      525.38   Coal      0     -1       42787271      898.20332  2.0992302e-05      23818.255      1.0124     -1
    11     10      525.38      661.66   Coal      0     -1       65404389      2227.4997  3.4057342e-05      14681.122      1.0152     -1
    11     11      661.66       833.3   Coal      0     -1       95671947      6392.8402  6.6820425e-05       7482.742      1.0196     -1
    11     12       833.3      1049.5   Coal      0     -1    1.30179e+08        12735.7  9.7832216e-05      5110.7909      1.0274     -1
    11     13      1049.5      1321.7   Coal      0     -1  1.6250882e+08       20045.29  0.00012334893      4053.5414      1.0289     -1
    11     14      1321.7      1664.5   Coal      0     -1   1.823512e+08       28341.37   0.0001554219      3217.0499      1.0357     -1
    11     15      1664.5      2096.3   Coal      0     -1  1.9130613e+08       29102.76  0.00015212665      3286.7352       1.045     -1
    11     16      2096.3      2640.1   Coal      0     -1   2.018737e+08       27126.31  0.00013437268      3720.9944      1.0624     -1
    11     17      2640.1      3324.9   Coal      0     -1  2.2450423e+08       23396.32  0.00010421327      4797.8535      1.0733     -1
    11     18      3324.9      4187.4   Coal      0     -1  2.6809529e+08       20609.32  7.6873115e-05      6504.2245      1.1281     -1
    11     19      4187.4      5273.6   Coal      0     -1  3.4818849e+08       16831.76  4.8340943e-05      10343.199      1.2052     -1
    11     20      5273.6      6641.6   Coal      0     -1   4.886751e+08       14487.33  2.9646139e-05      16865.603      1.3104     -1
    11     21      6641.6      8364.4   Coal      0     -1  7.1705521e+08       14855.41  2.0717247e-05      24134.481      1.4111     -1
    11     22      8364.4       10534   Coal      0     -1  1.0607123e+09       17213.19  1.6227954e-05      30811.032      1.6431     -1
    11     23       10534       13267   Coal      0     -1  1.5550655e+09       23202.81  1.4920792e-05      33510.285      1.7503     -1
    11     24       13267       16708   Coal      0     -1  2.2145552e+09        34243.8   1.546306e-05      32335.127      1.9214     -1
    11     25       16708       21042   Coal      0     -1  2.9846959e+09        53438.7  1.7904236e-05      27926.352       2.311     -1
    11     26       21042       26500   Coal      0     -1  3.7001547e+09        79635.9  2.1522317e-05        23231.7      2.6021     -1
    11     27       26500       33374   Coal      0     -1  4.1402349e+09      107746.05  2.6024139e-05      19212.931       3.119     -1
    11     28       33374       42032   Coal      0     -1  4.1860894e+09      126612.79  3.0246079e-05      16531.069        3.22     -1
    11     29       42032       52935   Coal      0     -1  3.8602486e+09      130683.24  3.3853581e-05      14769.486      3.7973     -1
    11     30       52935       66666   Coal      0     -1  3.2811819e+09      118677.04  3.6168991e-05      13823.996       4.886     -1
    11     31       66666       1e+99   Coal      0     -1  1.2997481e+10      298711.78  2.2982282e-05       21755.89      6.7253     -1
    11     -1           0       1e+99  Delay     -1     -1  2.6400478e+09              0              0              0           1     -1
    11     -1           0       1e+99   LogL     -1     -1              1      -34379587      -34379587              0           1     -1
    11     -1           0       1e+99 Recomb     -1     -1  3.7270647e+14      1205727.3  3.2350586e-09              0      2.5201     -1
    11     -1           0       1e+99 Resamp     -1     -1  2.6400478e+09        2303713  0.00087260277              0           1     -1
    10      0           0          33   Coal      0     -1      641834.56  4.3910936e-34  6.8414727e-40  6.4127138e+35      1.0081     -1
    10      1          33       65.92   Coal      0     -1      1569107.1  5.2785316e-27  3.3640353e-33  1.4861694e+32      1.0093     -1
    10      2       65.92      104.55   Coal      0     -1      3033383.8  2.5022976e-32  8.2491954e-39  2.8888106e+36      1.0097     -1
    10      3      104.55      131.67   Coal      0     -1      2886333.3  1.9920695e-23  6.9017309e-30  7.2445593e+28      1.0097     -1
    10      4      131.67      165.83   Coal      0     -1      4506408.6   9.548455e-20  2.1188613e-26   2.359758e+25      1.0097     -1
    10      5      165.83      208.84   Coal      0     -1      7083388.7      2.0067682  2.8330625e-07      1764874.6      1.0098     -1
    10      6      208.84      263.02   Coal      0     -1       11152625      5.0144888  4.4962407e-07      1112040.1      1.0102     -1
    10      7      263.02      331.24   Coal      0     -1       17561985      68.920754  3.9244286e-06      127407.08      1.0109     -1
    10      8      331.24      417.17   Coal      0     -1       27586711       248.3392  9.0021318e-06        55542.4      1.0112     -1
    10      9      417.17      525.38   Coal      0     -1       42909874      875.73362  2.0408674e-05      24499.387      1.0147     -1
    10     10      525.38      661.66   Coal      0     -1       65631205      2330.7745  3.5513206e-05       14079.27      1.0154     -1
    10     11      661.66       833.3   Coal      0     -1       95831795        6384.98  6.6626948e-05       7504.471      1.0208     -1
    10     12       833.3      1049.5   Coal      0     -1  1.3003974e+08       12697.96  9.7646764e-05      5120.4974      1.0263     -1
    10     13      1049.5      1321.7   Coal      0     -1   1.624096e+08       20191.19  0.00012432264      4021.7937      1.0314     -1
    10     14      1321.7      1664.5   Coal      0     -1  1.8237731e+08       27998.84  0.00015352151      3256.8726      1.0361     -1
    10     15      1664.5      2096.3   Coal      0     -1  1.9268966e+08       28665.14  0.00014876325      3361.0451      1.0458     -1
    10     16      2096.3      2640.1   Coal      0     -1  2.0366955e+08       27180.06  0.00013345176      3746.6722      1.0569     -1
    10     17      2640.1      3324.9   Coal      0     -1  2.2585439e+08       23399.58  0.00010360472      4826.0352      1.0842     -1
    10     18      3324.9      4187.4   Coal      0     -1   2.699745e+08       20740.94  7.6825551e-05      6508.2514      1.1338     -1
    10     19      4187.4      5273.6   Coal      0     -1  3.4983352e+08       16855.95  4.8182776e-05      10377.152      1.1891     -1
    10     20      5273.6      6641.6   Coal      0     -1  4.8937539e+08       14806.55  3.0256017e-05      16525.639      1.2856     -1
    10     21      6641.6      8364.4   Coal      0     -1  7.1526698e+08        14798.8  2.0689897e-05      24166.384      1.4242     -1
    10     22      8364.4       10534   Coal      0     -1  1.0627218e+09       17457.74  1.6427385e-05       30436.98      1.6597     -1
    10     23       10534       13267   Coal      0     -1  1.5561406e+09       23664.14  1.5206943e-05      32879.719      1.8082     -1
    10     24       13267       16708   Coal      0     -1  2.2072311e+09       34728.91  1.5734152e-05      31778.007      1.9837     -1
    10     25       16708       21042   Coal      0     -1  2.9629569e+09       53651.57  1.8107442e-05      27612.956      2.2039     -1
    10     26       21042       26500   Coal      0     -1  3.6734403e+09       79570.82  2.1661117e-05      23082.835      2.5349     -1
    10     27       26500       33374   Coal      0     -1  4.1135972e+09      107235.06   2.606844e-05      19180.281      3.1506     -1
    10     28       33374       42032   Coal      0     -1  4.1659899e+09       125644.1  3.0159483e-05      16578.534       3.485     -1
    10     29       42032       52935   Coal      0     -1  3.8621463e+09      129680.09  3.3577208e-05      14891.053      4.0194     -1
    10     30       52935       66666   Coal      0     -1  3.3095222e+09      117923.33  3.5631527e-05      14032.517      4.4151     -1
    10     31       66666       1e+99   Coal      0     -1  1.2891489e+10      300484.29  2.3308734e-05      21451.187        7.53     -1
    10     -1           0       1e+99  Delay     -1     -1  2.6400478e+09              0              0              0           1     -1
    10     -1           0       1e+99   LogL     -1     -1              1      -34379867      -34379867              0           1     -1
    10     -1           0       1e+99 Recomb     -1     -1  3.7234829e+14      1204899.4  3.2359473e-09              0      2.5454     -1
    10     -1           0       1e+99 Resamp     -1     -1  2.6400478e+09        2305539  0.00087329442              0           1     -1
     9      0           0          33   Coal      0     -1      633987.04  1.3919482e-30  2.1955468e-36  1.6754873e+35      1.0063     -1
     9      1          33       65.92   Coal      0     -1      1526343.6  4.0284264e-23  2.6392658e-29  1.8944663e+28       1.008     -1
     9      2       65.92      104.55   Coal      0     -1      2955857.9  3.6982182e-28  1.2511489e-34  3.9909313e+33      1.0086     -1
     9      3      104.55      131.67   Coal      0     -1      2827379.4  2.8161682e-19  9.9603478e-26   5.019905e+24      1.0089     -1
     9      4      131.67      165.83   Coal      0     -1      4416611.9   2.108591e-15  4.7742275e-22  1.0472898e+21       1.009     -1
     9      5      165.83      208.84   Coal      0     -1      6993461.9      3.0536644   4.366456e-07      1145093.4      1.0088     -1
     9      6      208.84      263.02   Coal      0     -1       11063782      7.0568798  6.3783611e-07      783900.43      1.0088     -1
     9      7      263.02      331.24   Coal      0     -1       17434100      81.360913  4.6667688e-06      107140.51      1.0091     -1
     9      8      331.24      417.17   Coal      0     -1       27419814      258.75669  9.4368508e-06      52983.777      1.0096     -1
     9      9      417.17      525.38   Coal      0     -1       42642083      942.32238  2.2098413e-05      22626.059      1.0104     -1
     9     10      525.38      661.66   Coal      0     -1       64957980      2463.0879  3.7918173e-05      13186.289      1.0134     -1
     9     11      661.66       833.3   Coal      0     -1       94788088      6497.4507  6.8547123e-05      7294.2522      1.0191     -1
     9     12       833.3      1049.5   Coal      0     -1  1.2904788e+08       12725.93  9.8614021e-05      5070.2729      1.0228     -1
     9     13      1049.5      1321.7   Coal      0     -1  1.6143624e+08        19868.8  0.00012307522      4062.5563      1.0294     -1
     9     14      1321.7      1664.5   Coal      0     -1  1.8250632e+08       27867.57  0.00015269373      3274.5288      1.0371     -1
     9     15      1664.5      2096.3   Coal      0     -1  1.9318777e+08       28458.09  0.00014730793      3394.2504      1.0461     -1
     9     16      2096.3      2640.1   Coal      0     -1  2.0440745e+08       27055.74  0.00013236181      3777.5246      1.0483     -1
     9     17      2640.1      3324.9   Coal      0     -1  2.2665827e+08       23469.61  0.00010354623      4828.7609      1.0945     -1
     9     18      3324.9      4187.4   Coal      0     -1  2.7047779e+08       20746.11  7.6701713e-05      6518.7593      1.1161     -1
     9     19      4187.4      5273.6   Coal      0     -1  3.5042164e+08       17088.57  4.8765738e-05        10253.1      1.1903     -1
     9     20      5273.6      6641.6   Coal      0     -1  4.8945398e+08       15130.51  3.0913039e-05      16174.404       1.279     -1
     9     21      6641.6      8364.4   Coal      0     -1  7.1534077e+08       14972.72  2.0930892e-05      23888.137      1.3895     -1
     9     22      8364.4       10534   Coal      0     -1  1.0570765e+09       17898.12  1.6931717e-05      29530.379       1.557     -1
     9     23       10534       13267   Coal      0     -1  1.5447542e+09       23962.53  1.5512196e-05      32232.702      1.9249     -1
     9     24       13267       16708   Coal      0     -1  2.1938643e+09       34964.59  1.5937444e-05      31372.659      2.1877     -1
     9     25       16708       21042   Coal      0     -1  2.9420372e+09       53877.59  1.8313021e-05      27302.977      2.1518     -1
     9     26       21042       26500   Coal      0     -1  3.6473972e+09       79410.61  2.1771857e-05      22965.427      2.5117     -1
     9     27       26500       33374   Coal      0     -1  4.0905516e+09      107028.45  2.6164796e-05      19109.646       3.044     -1
     9     28       33374       42032   Coal      0     -1  4.1531819e+09      124735.29  3.0033669e-05      16647.983      3.2175     -1
     9     29       42032       52935   Coal      0     -1  3.8637555e+09      128758.23  3.3324632e-05      15003.917      3.6914     -1
     9     30       52935       66666   Coal      0     -1  3.3444492e+09      116980.72  3.4977575e-05      14294.873      4.4043     -1
     9     31       66666       1e+99   Coal      0     -1  1.2748861e+10      301680.18  2.3663305e-05      21129.762      7.0522     -1
     9     -1           0       1e+99  Delay     -1     -1  2.6400478e+09              0              0              0           1     -1
     9     -1           0       1e+99   LogL     -1     -1              1      -34380151      -34380151              0           1     -1
     9     -1           0       1e+99 Recomb     -1     -1  3.7222572e+14      1204489.6  3.2359118e-09              0      2.5084     -1
     9     -1           0       1e+99 Resamp     -1     -1  2.6400478e+09        2304739   0.0008729914              0           1     -1
     8      0           0          33   Coal      0     -1      644596.96   4.486228e-27  6.9597412e-33  7.1833746e+31      1.0079     -1
     8      1          33       65.92   Coal      0     -1      1564565.2  3.1513678e-19  2.0142132e-25  2.4823589e+24      1.0091     -1
     8      2       65.92      104.55   Coal      0     -1      2987271.9  5.5237916e-24  1.8491091e-30  2.7040047e+29      1.0093     -1
     8      3      104.55      131.67   Coal      0     -1      2853478.2  4.0179374e-15  1.4080842e-21  3.5509241e+20      1.0094     -1
     8      4      131.67      165.83   Coal      0     -1      4469522.9   4.712198e-11  1.0542955e-17  4.7425033e+16      1.0094     -1
     8      5      165.83      208.84   Coal      0     -1      7043529.7      4.0177829  5.7042181e-07      876544.33      1.0095     -1
     8      6      208.84      263.02   Coal      0     -1       11105616      16.074209  1.4473946e-06       345448.3      1.0096     -1
     8      7      263.02      331.24   Coal      0     -1       17495177      107.74246  6.1584091e-06      81189.799      1.0106     -1
     8      8      331.24      417.17   Coal      0     -1       27372828      292.19696  1.0674709e-05      46839.686      1.0103     -1
     8      9      417.17      525.38   Coal      0     -1       42609161      1012.0681   2.375236e-05       21050.54      1.0104     -1
     8     10      525.38      661.66   Coal      0     -1       64895244       2523.136  3.8880138e-05      12860.037      1.0125     -1
     8     11      661.66       833.3   Coal      0     -1       94561754      6653.0296  7.0356453e-05      7106.6686      1.0188     -1
     8     12       833.3      1049.5   Coal      0     -1  1.2844027e+08       12706.56   9.892972e-05       5054.093      1.0241     -1
     8     13      1049.5      1321.7   Coal      0     -1  1.6066353e+08          19471  0.00012119116      4125.7134      1.0303     -1
     8     14      1321.7      1664.5   Coal      0     -1  1.8262572e+08       27438.14  0.00015024247      3327.9538      1.0384     -1
     8     15      1664.5      2096.3   Coal      0     -1  1.9305178e+08       28131.14  0.00014571811      3431.2825      1.0417     -1
     8     16      2096.3      2640.1   Coal      0     -1  2.0562734e+08       26888.84  0.00013076491      3823.6558      1.0554     -1
     8     17      2640.1      3324.9   Coal      0     -1  2.2872252e+08       23353.37   0.0001021035      4896.9917      1.0706     -1
     8     18      3324.9      4187.4   Coal      0     -1  2.7289394e+08       20543.91  7.5281664e-05      6641.7235      1.1116     -1
     8     19      4187.4      5273.6   Coal      0     -1  3.5277133e+08       17403.47  4.9333572e-05      10135.086      1.1753     -1
     8     20      5273.6      6641.6   Coal      0     -1  4.9090621e+08       15374.18  3.1317958e-05      15965.281      1.3364     -1
     8     21      6641.6      8364.4   Coal      0     -1  7.1472991e+08       15306.38  2.1415614e-05      23347.451      1.4039     -1
     8     22      8364.4       10534   Coal      0     -1  1.0553061e+09       18192.79  1.7239349e-05      29003.416       1.742     -1
     8     23       10534       13267   Coal      0     -1  1.5428329e+09       24393.81  1.5811051e-05       31623.45      1.7373     -1
     8     24       13267       16708   Coal      0     -1  2.1778837e+09       35779.96  1.6428774e-05      30434.407      1.9915     -1
     8     25       16708       21042   Coal      0     -1  2.9150966e+09       54160.46  1.8579302e-05      26911.668      2.2972     -1
     8     26       21042       26500   Coal      0     -1  3.6134402e+09       79728.05  2.2064306e-05      22661.035      2.5173     -1
     8     27       26500       33374   Coal      0     -1  4.0494528e+09      106267.86  2.6242523e-05      19053.046      2.9355     -1
     8     28       33374       42032   Coal      0     -1  4.1280372e+09      123612.86  2.9944706e-05      16697.442      3.3403     -1
     8     29       42032       52935   Coal      0     -1  3.8635557e+09      127771.68  3.3071008e-05      15118.983      3.7977     -1
     8     30       52935       66666   Coal      0     -1  3.3676906e+09      116189.12  3.4501127e-05       14492.28      4.4801     -1
     8     31       66666       1e+99   Coal      0     -1  1.2552141e+10      302127.98  2.4069836e-05      20772.888      7.9636     -1
     8     -1           0       1e+99  Delay     -1     -1  2.6400478e+09              0              0              0           1     -1
     8     -1           0       1e+99   LogL     -1     -1              1      -34379584      -34379584              0           1     -1
     8     -1           0       1e+99 Recomb     -1     -1  3.7205983e+14      1203301.8   3.234162e-09              0      2.5226     -1
     8     -1           0       1e+99 Resamp     -1     -1  2.6400478e+09        2304184  0.00087278118              0           1     -1
     7      0           0          33   Coal      0     -1      645119.52  1.4470766e-23   2.243114e-29   2.229044e+28      1.0075     -1
     7      1          33       65.92   Coal      0     -1      1562783.6   2.462453e-15   1.575684e-21  3.1732251e+20      1.0085     -1
     7      2       65.92      104.55   Coal      0     -1      3000237.1  8.2863424e-20  2.7618958e-26  1.8103507e+25      1.0088     -1
     7      3      104.55      131.67   Coal      0     -1      2860206.4  5.7460652e-11  2.0089687e-17  2.4888392e+16       1.009     -1
     7      4      131.67      165.83   Coal      0     -1      4481137.7  1.0558004e-06  2.3560989e-13   2.122152e+12      1.0092     -1
     7      5      165.83      208.84   Coal      0     -1      7066922.4      5.8299435  8.2496215e-07      606088.41      1.0093     -1
     7      6      208.84      263.02   Coal      0     -1       11099786       13.48522  1.2149081e-06      411553.76      1.0093     -1
     7      7      263.02      331.24   Coal      0     -1       17478299       111.0173  6.3517223e-06      78718.807       1.011     -1
     7      8      331.24      417.17   Coal      0     -1       27503895      347.02622  1.2617348e-05      39627.979      1.0107     -1
     7      9      417.17      525.38   Coal      0     -1       42745784      1149.5826  2.6893474e-05      18591.871      1.0107     -1
     7     10      525.38      661.66   Coal      0     -1       64904845      2696.2686   4.154187e-05      12036.049      1.0125     -1
     7     11      661.66       833.3   Coal      0     -1       94036164      6801.6289  7.2329927e-05      6912.7679      1.0212     -1
     7     12       833.3      1049.5   Coal      0     -1  1.2731781e+08       12506.51  9.8230643e-05      5090.0613       1.023     -1
     7     13      1049.5      1321.7   Coal      0     -1  1.5993156e+08       19066.49  0.00011921656      4194.0483      1.0292     -1
     7     14      1321.7      1664.5   Coal      0     -1  1.8265451e+08       26641.33   0.0001458564      3428.0292      1.0356     -1
     7     15      1664.5      2096.3   Coal      0     -1   1.958075e+08       28075.64  0.00014338388      3487.1423      1.0388     -1
     7     16      2096.3      2640.1   Coal      0     -1  2.0852382e+08       26847.86    0.000128752      3883.4347      1.0538     -1
     7     17      2640.1      3324.9   Coal      0     -1  2.3170683e+08       23594.19  0.00010182777      4910.2519      1.0754     -1
     7     18      3324.9      4187.4   Coal      0     -1  2.7589307e+08       20641.26  7.4816161e-05      6683.0481      1.1261     -1
     7     19      4187.4      5273.6   Coal      0     -1  3.5576128e+08       17745.72  4.9880977e-05      10023.861      1.1906     -1
     7     20      5273.6      6641.6   Coal      0     -1  4.9175371e+08       15664.78   3.185493e-05      15696.158      1.3039     -1
     7     21      6641.6      8364.4   Coal      0     -1  7.1294722e+08        15690.1   2.200738e-05      22719.652        1.39     -1
     7     22      8364.4       10534   Coal      0     -1  1.0480755e+09       18666.59  1.7810348e-05      28073.567      1.6153     -1
     7     23       10534       13267   Coal      0     -1   1.528406e+09       24805.34  1.6229549e-05      30808.004      1.7659     -1
     7     24       13267       16708   Coal      0     -1  2.1537877e+09       36406.46  1.6903458e-05      29579.746      1.9945     -1
     7     25       16708       21042   Coal      0     -1  2.8793628e+09       54572.11  1.8952842e-05      26381.267      2.2688     -1
     7     26       21042       26500   Coal      0     -1  3.5634591e+09       79370.32  2.2273392e-05       22448.31        2.61     -1
     7     27       26500       33374   Coal      0     -1  4.0105134e+09      105315.56   2.625987e-05       19040.46      2.8098     -1
     7     28       33374       42032   Coal      0     -1  4.0998325e+09      122556.96  2.9893163e-05      16726.233      3.1922     -1
     7     29       42032       52935   Coal      0     -1  3.8609478e+09       126927.7  3.2874751e-05       15209.24      3.6525     -1
     7     30       52935       66666   Coal      0     -1  3.3883187e+09      115335.14  3.4039047e-05      14689.013      4.4986     -1
     7     31       66666       1e+99   Coal      0     -1  1.2355566e+10      302968.04  2.4520774e-05      20390.873      6.6608     -1
     7     -1           0       1e+99  Delay     -1     -1  2.6400478e+09              0              0              0           1     -1
     7     -1           0       1e+99   LogL     -1     -1              1      -34380316      -34380316              0           1     -1
     7     -1           0       1e+99 Recomb     -1     -1  3.7165054e+14      1202715.4   3.236146e-09              0      2.4768     -1
     7     -1           0       1e+99 Resamp     -1     -1  2.6400478e+09        2305712  0.00087335995              0           1     -1
     6      0           0          33   Coal      0     -1      646301.47  4.6762388e-20  7.2353832e-26   6.910484e+24      1.0067     -1
     6      1          33       65.92   Coal      0     -1      1569261.6  1.9321165e-11  1.2312265e-17  4.0609911e+16      1.0079     -1
     6      2       65.92      104.55   Coal      0     -1      3028567.6  1.2547874e-15  4.1431712e-22  1.2068051e+21      1.0083     -1
     6      3      104.55      131.67   Coal      0     -1      2878465.8   8.269926e-07  2.8730325e-13  1.7403214e+12      1.0086     -1
     6      4      131.67      165.83   Coal      0     -1      4512440.5    0.023821182   5.279002e-09       94714873      1.0086     -1
     6      5      165.83      208.84   Coal      0     -1      7048995.7      9.1122635  1.2927038e-06      386786.21      1.0086     -1
     6      6      208.84      263.02   Coal      0     -1       11108391       22.19082  1.9976628e-06      250292.49      1.0088     -1
     6      7      263.02      331.24   Coal      0     -1       17499159      134.28706  7.6739154e-06      65155.787      1.0095     -1
     6      8      331.24      417.17   Coal      0     -1       27420357      412.11647  1.5029581e-05      33267.728      1.0111     -1
     6      9      417.17      525.38   Coal      0     -1       42342498      1243.1779  2.9360051e-05      17029.943      1.0109     -1
     6     10      525.38      661.66   Coal      0     -1       64075627       2880.787   4.495917e-05      11121.202      1.0151     -1
     6     11      661.66       833.3   Coal      0     -1       92843821        6889.51  7.4205369e-05      6738.0569      1.0167     -1
     6     12       833.3      1049.5   Coal      0     -1  1.2571001e+08       12552.67  9.9854183e-05      5007.3015       1.021     -1
     6     13      1049.5      1321.7   Coal      0     -1  1.5820486e+08       18762.27  0.00011859478      4216.0372      1.0295     -1
     6     14      1321.7      1664.5   Coal      0     -1  1.8273951e+08       25935.64  0.00014192684      3522.9419      1.0356     -1
     6     15      1664.5      2096.3   Coal      0     -1  1.9762394e+08       27614.48  0.00013973247      3578.2665      1.0416     -1
     6     16      2096.3      2640.1   Coal      0     -1   2.112809e+08       26653.05  0.00012614983      3963.5408      1.0554     -1
     6     17      2640.1      3324.9   Coal      0     -1  2.3503125e+08       23620.67  0.00010050012      4975.1183      1.0858     -1
     6     18      3324.9      4187.4   Coal      0     -1  2.7964195e+08        20808.9  7.4412655e-05      6719.2872      1.1092     -1
     6     19      4187.4      5273.6   Coal      0     -1  3.5873003e+08       18151.41  5.0599081e-05      9881.6023      1.1996     -1
     6     20      5273.6      6641.6   Coal      0     -1  4.9340996e+08        16146.4  3.2724106e-05      15279.256      1.2661     -1
     6     21      6641.6      8364.4   Coal      0     -1  7.1228751e+08       16211.05  2.2759138e-05      21969.197      1.3889     -1
     6     22      8364.4       10534   Coal      0     -1  1.0429487e+09       19416.91   1.861732e-05      26856.712      1.5558     -1
     6     23       10534       13267   Coal      0     -1   1.512837e+09       25562.36  1.6896969e-05      29591.105      1.7728     -1
     6     24       13267       16708   Coal      0     -1  2.1251656e+09       37302.85  1.7552914e-05      28485.298      2.0473     -1
     6     25       16708       21042   Coal      0     -1  2.8294569e+09       55455.68  1.9599408e-05      25510.975      2.3438     -1
     6     26       21042       26500   Coal      0     -1  3.4974631e+09       79182.17  2.2639887e-05      22084.916      2.5752     -1
     6     27       26500       33374   Coal      0     -1  3.9472216e+09      104209.57  2.6400739e-05      18938.864      2.8281     -1
     6     28       33374       42032   Coal      0     -1   4.055896e+09      120712.08  2.9762124e-05      16799.876      3.2738     -1
     6     29       42032       52935   Coal      0     -1  3.8407972e+09      125315.01  3.2627344e-05       15324.57      4.0768     -1
     6     30       52935       66666   Coal      0     -1  3.4072615e+09      114332.13  3.3555432e-05      14900.717      4.4476     -1
     6     31       66666       1e+99   Coal      0     -1  1.2084666e+10      302567.08  2.5037272e-05      19970.227      6.6718     -1
     6     -1           0       1e+99  Delay     -1     -1  2.6400478e+09              0              0              0           1     -1
     6     -1           0       1e+99   LogL     -1     -1              1      -34380187      -34380187              0           1     -1
     6     -1           0       1e+99 Recomb     -1     -1  3.7105486e+14      1200158.2  3.2344493e-09              0      2.4846     -1
     6     -1           0       1e+99 Resamp     -1     -1  2.6400478e+09        2306247   0.0008735626              0           1     -1
     5      0           0          33   Coal      0     -1      665594.89  1.5562403e-16  2.3381194e-22  2.1384708e+21      1.0077     -1
     5      1          33       65.92   Coal      0     -1      1616743.7  1.5618686e-07  9.6605826e-14  5.1756713e+12      1.0083     -1
     5      2       65.92      104.55   Coal      0     -1        3081370  1.9332321e-11  6.2739371e-18  7.9694774e+16      1.0088     -1
     5      3      104.55      131.67   Coal      0     -1      2918805.1    0.012069151  4.1349632e-09  1.2092006e+08      1.0089     -1
     5      4      131.67      165.83   Coal      0     -1      4560952.8      3.0045632  6.5875779e-07       759004.3      1.0089     -1
     5      5      165.83      208.84   Coal      0     -1      7128170.3      14.410858   2.021677e-06      247319.43      1.0089     -1
     5      6      208.84      263.02   Coal      0     -1       11192085      33.767251  3.0170653e-06      165723.95       1.009     -1
     5      7      263.02      331.24   Coal      0     -1       17572798        184.182  1.0481086e-05      47704.982      1.0095     -1
     5      8      331.24      417.17   Coal      0     -1       27398028      510.02028  1.8615219e-05      26859.744      1.0107     -1
     5      9      417.17      525.38   Coal      0     -1       42184346      1358.3072  3.2199319e-05      15528.279      1.0119     -1
     5     10      525.38      661.66   Coal      0     -1       63505305      3049.3647   4.801748e-05      10412.875      1.0128     -1
     5     11      661.66       833.3   Coal      0     -1       91824468        7119.32   7.753184e-05      6448.9634      1.0218     -1
     5     12       833.3      1049.5   Coal      0     -1  1.2426894e+08       12419.04  9.9936801e-05      5003.1619      1.0279     -1
     5     13      1049.5      1321.7   Coal      0     -1    1.56616e+08       18247.94  0.00011651389      4291.3338      1.0314     -1
     5     14      1321.7      1664.5   Coal      0     -1   1.823119e+08        24756.5  0.00013579201      3682.1018      1.0416     -1
     5     15      1664.5      2096.3   Coal      0     -1   1.995729e+08        26723.7  0.00013390445      3734.0058      1.0422     -1
     5     16      2096.3      2640.1   Coal      0     -1  2.1602444e+08       26585.81  0.00012306853      4062.7772      1.0558     -1
     5     17      2640.1      3324.9   Coal      0     -1  2.4126668e+08       23724.51   9.833314e-05      5084.7558      1.0798     -1
     5     18      3324.9      4187.4   Coal      0     -1  2.8626287e+08       20876.23  7.2926784e-05      6856.1916      1.1238     -1
     5     19      4187.4      5273.6   Coal      0     -1  3.6577761e+08       18557.49  5.0734352e-05      9855.2556      1.2095     -1
     5     20      5273.6      6641.6   Coal      0     -1  5.0100753e+08       17151.96  3.4234934e-05      14604.964      1.2759     -1
     5     21      6641.6      8364.4   Coal      0     -1  7.1688407e+08       17074.05  2.3817031e-05      20993.381      1.3672     -1
     5     22      8364.4       10534   Coal      0     -1  1.0419394e+09       20371.08  1.9551118e-05      25573.984       1.746     -1
     5     23       10534       13267   Coal      0     -1   1.500704e+09        26557.2  1.7696495e-05      28254.183      1.7646     -1
     5     24       13267       16708   Coal      0     -1  2.0980295e+09       38368.45  1.8287851e-05      27340.556        2.07     -1
     5     25       16708       21042   Coal      0     -1  2.7783344e+09       56228.08  2.0238054e-05      24705.933      2.2116     -1
     5     26       21042       26500   Coal      0     -1  3.4220208e+09       79350.22  2.3188117e-05      21562.768      2.5524     -1
     5     27       26500       33374   Coal      0     -1  3.8649153e+09      103139.24  2.6686028e-05      18736.396      2.9775     -1
     5     28       33374       42032   Coal      0     -1  3.9962072e+09      118986.14  2.9774768e-05      16792.742      3.0042     -1
     5     29       42032       52935   Coal      0     -1  3.8203586e+09      123742.15  3.2390193e-05      15436.771      3.9098     -1
     5     30       52935       66666   Coal      0     -1  3.4171016e+09      113324.56  3.3163942e-05      15076.615      4.7234     -1
     5     31       66666       1e+99   Coal      0     -1  1.1757721e+10      302050.51  2.5689545e-05      19463.171      6.4463     -1
     5     -1           0       1e+99  Delay     -1     -1  2.6400478e+09              0              0              0           1     -1
     5     -1           0       1e+99   LogL     -1     -1              1      -34380979      -34380979              0           1     -1
     5     -1           0       1e+99 Recomb     -1     -1  3.7089408e+14      1198297.4  3.2308345e-09              0       2.483     -1
     5     -1           0       1e+99 Resamp     -1     -1  2.6400478e+09        2307566  0.00087406221              0           1     -1
     4      0           0          33   Coal      0     -1      643187.15  5.0047688e-13  7.7812015e-19  6.4257429e+17      1.0063     -1
     4      1          33       65.92   Coal      0     -1      1551823.5   0.0012118722  7.8093427e-10  6.4025875e+08      1.0076     -1
     4      2       65.92      104.55   Coal      0     -1      2991640.1  2.8917674e-07  9.6661607e-14  5.1726845e+12       1.008     -1
     4      3      104.55      131.67   Coal      0     -1      2852215.3       3.344778  1.1726948e-06       426368.4      1.0082     -1
     4      4      131.67      165.83   Coal      0     -1      4457450.4      5.0564019  1.1343709e-06      440772.95      1.0082     -1
     4      5      165.83      208.84   Coal      0     -1        7019741      24.442304  3.4819381e-06      143598.19      1.0083     -1
     4      6      208.84      263.02   Coal      0     -1       11031222      57.294807  5.1938767e-06      96267.207      1.0087     -1
     4      7      263.02      331.24   Coal      0     -1       17337302      228.56569  1.3183464e-05        37926.3       1.009     -1
     4      8      331.24      417.17   Coal      0     -1       27076408      592.95197  2.1899211e-05      22831.873      1.0099     -1
     4      9      417.17      525.38   Coal      0     -1       41734674      1539.5565  3.6889146e-05      13554.122      1.0111     -1
     4     10      525.38      661.66   Coal      0     -1       62753603      3290.4379  5.2434247e-05      9535.7524      1.0143     -1
     4     11      661.66       833.3   Coal      0     -1       90619132      7070.1749  7.8020775e-05      6408.5495      1.0201     -1
     4     12       833.3      1049.5   Coal      0     -1  1.2251565e+08       12128.61  9.8996415e-05       5050.688      1.0229     -1
     4     13      1049.5      1321.7   Coal      0     -1   1.549981e+08       17552.31   0.0001132421      4415.3192      1.0298     -1
     4     14      1321.7      1664.5   Coal      0     -1  1.8304659e+08       23640.21  0.00012914859      3871.5095      1.0326     -1
     4     15      1664.5      2096.3   Coal      0     -1  2.0342321e+08       25700.02   0.0001263377      3957.6469      1.0433     -1
     4     16      2096.3      2640.1   Coal      0     -1  2.2296939e+08       26122.65  0.00011715801      4267.7406       1.058     -1
     4     17      2640.1      3324.9   Coal      0     -1  2.4895864e+08       23787.54  9.5548161e-05      5232.9631      1.0894     -1
     4     18      3324.9      4187.4   Coal      0     -1  2.9595048e+08       21089.16  7.1259083e-05      7016.6494      1.1241     -1
     4     19      4187.4      5273.6   Coal      0     -1  3.7677881e+08       19111.93  5.0724536e-05      9857.1627      1.1784     -1
     4     20      5273.6      6641.6   Coal      0     -1  5.0950924e+08       17951.75  3.5233414e-05      14191.074      1.2755     -1
     4     21      6641.6      8364.4   Coal      0     -1  7.2008899e+08       18291.16  2.5401249e-05      19684.071      1.4171     -1
     4     22      8364.4       10534   Coal      0     -1  1.0324238e+09       21460.49  2.0786511e-05       24054.06       1.646     -1
     4     23       10534       13267   Coal      0     -1  1.4774935e+09       27864.19  1.8859095e-05      26512.406      1.7487     -1
     4     24       13267       16708   Coal      0     -1  2.0538303e+09       39849.44  1.9402498e-05      25769.877      2.1167     -1
     4     25       16708       21042   Coal      0     -1  2.7083809e+09       57187.29  2.1114936e-05       23679.92      2.1724     -1
     4     26       21042       26500   Coal      0     -1  3.3336136e+09       79299.36  2.3787808e-05      21019.171      2.5086     -1
     4     27       26500       33374   Coal      0     -1  3.7643314e+09      101934.28  2.7078987e-05      18464.502      2.8603     -1
     4     28       33374       42032   Coal      0     -1   3.912426e+09      116915.73   2.988318e-05      16731.821      3.1599     -1
     4     29       42032       52935   Coal      0     -1  3.7730395e+09      121616.36  3.2232994e-05      15512.056       4.204     -1
     4     30       52935       66666   Coal      0     -1  3.4150692e+09      112049.89   3.281043e-05      15239.056      4.9828     -1
     4     31       66666       1e+99   Coal      0     -1  1.1327429e+10      300214.27  2.6503303e-05      18865.573      6.1878     -1
     4     -1           0       1e+99  Delay     -1     -1  2.6400478e+09              0              0              0           1     -1
     4     -1           0       1e+99   LogL     -1     -1              1      -34381952      -34381952              0           1     -1
     4     -1           0       1e+99 Recomb     -1     -1   3.696935e+14      1194373.5  3.2307128e-09              0      2.4719     -1
     4     -1           0       1e+99 Resamp     -1     -1  2.6400478e+09        2307816  0.00087415691              0           1     -1
     3      0           0          33   Coal      0     -1       634020.1   1.586562e-09  2.5023843e-15  1.9980944e+14      1.0066     -1
     3      1          33       65.92   Coal      0     -1      1542754.6      1.0015441  6.4919211e-07      770188.05      1.0081     -1
     3      2       65.92      104.55   Coal      0     -1      3000518.1   0.0043384001  1.4458837e-09  3.4580928e+08      1.0084     -1
     3      3      104.55      131.67   Coal      0     -1      2848237.1       5.018621  1.7620096e-06       283766.9      1.0084     -1
     3      4      131.67      165.83   Coal      0     -1        4468883       21.70623  4.8571936e-06       102940.1      1.0084     -1
     3      5      165.83      208.84   Coal      0     -1      7036224.6      42.073699  5.9795844e-06      83617.851      1.0085     -1
     3      6      208.84      263.02   Coal      0     -1       11061378      96.268269  8.7030992e-06      57450.798      1.0088     -1
     3      7      263.02      331.24   Coal      0     -1       17284171       326.2195  1.8873887e-05      26491.628      1.0091     -1
     3      8      331.24      417.17   Coal      0     -1       26873133      737.50401  2.7443916e-05      18218.974      1.0092     -1
     3      9      417.17      525.38   Coal      0     -1       41121312      1762.4151  4.2858921e-05      11666.183      1.0103     -1
     3     10      525.38      661.66   Coal      0     -1       61657323      3417.7373  5.5431166e-05      9020.1963      1.0138     -1
     3     11      661.66       833.3   Coal      0     -1       88423387        7065.25  7.9902503e-05      6257.6262      1.0188     -1
     3     12       833.3      1049.5   Coal      0     -1  1.2008345e+08       11634.83  9.6889536e-05       5160.516       1.019     -1
     3     13      1049.5      1321.7   Coal      0     -1   1.533606e+08       16622.13  0.00010838592      4613.1451       1.029     -1
     3     14      1321.7      1664.5   Coal      0     -1  1.8364447e+08       22281.96  0.00012133205      4120.9228      1.0418     -1
     3     15      1664.5      2096.3   Coal      0     -1  2.0863897e+08        24514.7  0.00011749818      4255.3849      1.0465     -1
     3     16      2096.3      2640.1   Coal      0     -1   2.326098e+08       25225.11  0.00010844388      4610.6796      1.0579     -1
     3     17      2640.1      3324.9   Coal      0     -1   2.630492e+08       23624.21  8.9809094e-05      5567.3649      1.0867     -1
     3     18      3324.9      4187.4   Coal      0     -1  3.1247191e+08       21569.67  6.9029148e-05       7243.317      1.1256     -1
     3     19      4187.4      5273.6   Coal      0     -1   3.933372e+08       19908.51  5.0614359e-05      9878.6197      1.2109     -1
     3     20      5273.6      6641.6   Coal      0     -1  5.2307655e+08       19173.18  3.6654635e-05       13640.84      1.3027     -1
     3     21      6641.6      8364.4   Coal      0     -1  7.2792381e+08       19690.39   2.705007e-05      18484.241      1.3928     -1
     3     22      8364.4       10534   Coal      0     -1  1.0320701e+09        23493.9  2.2763861e-05      21964.639      1.5553     -1
     3     23       10534       13267   Coal      0     -1  1.4537168e+09       29749.25  2.0464268e-05       24432.83      1.7067     -1
     3     24       13267       16708   Coal      0     -1  2.0022984e+09        41661.3  2.0806739e-05      24030.676      2.0142     -1
     3     25       16708       21042   Coal      0     -1  2.6203314e+09       58505.16   2.232739e-05       22394.02      2.2018     -1
     3     26       21042       26500   Coal      0     -1  3.2169847e+09       79432.57  2.4691622e-05      20249.784      2.4996     -1
     3     27       26500       33374   Coal      0     -1  3.6387555e+09      100603.53  2.7647785e-05      18084.631       2.822     -1
     3     28       33374       42032   Coal      0     -1  3.8097815e+09      114610.78  3.0083295e-05       16620.52      3.1082     -1
     3     29       42032       52935   Coal      0     -1  3.7007215e+09         118920  3.2134274e-05       15559.71      3.7366     -1
     3     30       52935       66666   Coal      0     -1  3.3873311e+09      110760.37  3.2698419e-05      15291.259      4.3233     -1
     3     31       66666       1e+99   Coal      0     -1  1.0802984e+10      296403.55  2.7437193e-05      18223.439      6.3692     -1
     3     -1           0       1e+99  Delay     -1     -1  2.6400478e+09              0              0              0           1     -1
     3     -1           0       1e+99   LogL     -1     -1              1      -34384742      -34384742              0           1     -1
     3     -1           0       1e+99 Recomb     -1     -1  3.6865787e+14        1190096  3.2281855e-09              0      2.4216     -1
     3     -1           0       1e+99 Resamp     -1     -1  2.6400478e+09        2310837  0.00087530121              0           1     -1
     2      0           0          33   Coal      0     -1      660205.97  5.2372884e-06  7.9328098e-12  6.3029369e+10      1.0069     -1
     2      1          33       65.92   Coal      0     -1      1587532.3      2.0466555  1.2892056e-06      387835.73       1.008     -1
     2      2       65.92      104.55   Coal      0     -1      3042643.4      2.0950425  6.8855999e-07      726153.14      1.0083     -1
     2      3      104.55      131.67   Coal      0     -1      2893919.3      7.1978875  2.4872454e-06       201025.6      1.0084     -1
     2      4      131.67      165.83   Coal      0     -1      4512387.3      26.094005  5.7827495e-06       86464.06      1.0087     -1
     2      5      165.83      208.84   Coal      0     -1      7044633.2      83.550777  1.1860203e-05      42157.796      1.0088     -1
     2      6      208.84      263.02   Coal      0     -1       11012339      178.03753  1.6167096e-05      30927.014       1.009     -1
     2      7      263.02      331.24   Coal      0     -1       17196871      458.01394  2.6633563e-05      18773.305      1.0094     -1
     2      8      331.24      417.17   Coal      0     -1       26665406      878.35214  3.2939763e-05      15179.223      1.0096     -1
     2      9      417.17      525.38   Coal      0     -1       40635770      1908.5849  4.6968099e-05      10645.524      1.0112     -1
     2     10      525.38      661.66   Coal      0     -1       60743737       3579.817  5.8933104e-05      8484.1959       1.013     -1
     2     11      661.66       833.3   Coal      0     -1       87246876      6982.3281  8.0029549e-05      6247.6923       1.016     -1
     2     12       833.3      1049.5   Coal      0     -1  1.1914013e+08       10847.75  9.1050348e-05      5491.4672       1.024     -1
     2     13      1049.5      1321.7   Coal      0     -1  1.5436553e+08       15218.46  9.8587162e-05      5071.6542      1.0306     -1
     2     14      1321.7      1664.5   Coal      0     -1  1.8775905e+08       20311.75  0.00010817987       4621.932      1.0363     -1
     2     15      1664.5      2096.3   Coal      0     -1   2.186597e+08       22721.37  0.00010391201      4811.7632      1.0515     -1
     2     16      2096.3      2640.1   Coal      0     -1  2.4942885e+08       24185.77  9.6964604e-05      5156.5208      1.0673     -1
     2     17      2640.1      3324.9   Coal      0     -1  2.8542588e+08       23234.28  8.1402149e-05       6142.344      1.0846     -1
     2     18      3324.9      4187.4   Coal      0     -1  3.3818623e+08       22167.39  6.5547879e-05      7628.0119      1.1288     -1
     2     19      4187.4      5273.6   Coal      0     -1  4.1964103e+08       20852.13  4.9690398e-05      10062.306      1.1985     -1
     2     20      5273.6      6641.6   Coal      0     -1  5.4887678e+08        20880.5  3.8042236e-05      13143.286      1.2898     -1
     2     21      6641.6      8364.4   Coal      0     -1    7.45667e+08       21764.05  2.9187359e-05      17130.704      1.4071     -1
     2     22      8364.4       10534   Coal      0     -1   1.035119e+09       25840.24  2.4963546e-05      20029.206      1.5662     -1
     2     23       10534       13267   Coal      0     -1  1.4340698e+09       32557.99  2.2703212e-05      22023.316       1.781     -1
     2     24       13267       16708   Coal      0     -1  1.9367708e+09       44320.23   2.288357e-05      21849.738      2.0026     -1
     2     25       16708       21042   Coal      0     -1  2.5126504e+09       60157.76  2.3941954e-05      20883.842      2.2386     -1
     2     26       21042       26500   Coal      0     -1   3.061532e+09        79948.9  2.6114018e-05      19146.805      2.4883     -1
     2     27       26500       33374   Coal      0     -1  3.4716703e+09       99012.99  2.8520275e-05      17531.388      2.8915     -1
     2     28       33374       42032   Coal      0     -1  3.6563765e+09      112061.74  3.0648304e-05      16314.116      3.5111     -1
     2     29       42032       52935   Coal      0     -1  3.6016479e+09      116049.28  3.2221162e-05      15517.752      3.6773     -1
     2     30       52935       66666   Coal      0     -1  3.3246999e+09      108801.83  3.2725308e-05      15278.695      4.2536     -1
     2     31       66666       1e+99   Coal      0     -1  1.0172685e+10      291441.85  2.8649451e-05      17452.341      6.7102     -1
     2     -1           0       1e+99  Delay     -1     -1  2.6400478e+09              0              0              0           1     -1
     2     -1           0       1e+99   LogL     -1     -1              1      -34389682      -34389682              0           1     -1
     2     -1           0       1e+99 Recomb     -1     -1  3.6793064e+14      1184968.2  3.2206293e-09              0      2.4524     -1
     2     -1           0       1e+99 Resamp     -1     -1  2.6400478e+09        2315110  0.00087691974              0           1     -1
     1      0           0          33   Coal      0     -1      645399.17    0.016900708  2.6186442e-08       19093850      1.0075     -1
     1      1          33       65.92   Coal      0     -1      1549304.1      4.1410417  2.6728397e-06      187066.96      1.0089     -1
     1      2       65.92      104.55   Coal      0     -1      2977480.8      11.142206  3.7421587e-06      133612.72      1.0093     -1
     1      3      104.55      131.67   Coal      0     -1      2829573.1      24.378985  8.6157819e-06      58033.038      1.0093     -1
     1      4      131.67      165.83   Coal      0     -1      4439821.2      48.515662  1.0927391e-05      45756.577      1.0093     -1
     1      5      165.83      208.84   Coal      0     -1      6933738.4      120.30051  1.7350022e-05      28818.407      1.0092     -1
     1      6      208.84      263.02   Coal      0     -1       10835858      275.71683  2.5444854e-05      19650.339      1.0093     -1
     1      7      263.02      331.24   Coal      0     -1       16837261      595.96136  3.5395387e-05      14126.134      1.0093     -1
     1      8      331.24      417.17   Coal      0     -1       26010870      1046.3236  4.0226396e-05      12429.649      1.0095     -1
     1      9      417.17      525.38   Coal      0     -1       39546771      2026.8696  5.1252468e-05      9755.6278      1.0101     -1
     1     10      525.38      661.66   Coal      0     -1       58830572      3665.0664  6.2298669e-05      8025.8536      1.0129     -1
     1     11      661.66       833.3   Coal      0     -1       84702889      6180.3266  7.2964767e-05      6852.6224      1.0142     -1
     1     12       833.3      1049.5   Coal      0     -1  1.1648775e+08      9583.1976  8.2267859e-05      6077.7077      1.0203     -1
     1     13      1049.5      1321.7   Coal      0     -1  1.5334512e+08       13132.63  8.5641002e-05       5838.325       1.028     -1
     1     14      1321.7      1664.5   Coal      0     -1  1.9253824e+08       17362.55  9.0177151e-05      5544.6418      1.0369     -1
     1     15      1664.5      2096.3   Coal      0     -1  2.3202952e+08       19935.56  8.5918206e-05      5819.4884       1.051     -1
     1     16      2096.3      2640.1   Coal      0     -1  2.7181161e+08       22051.08  8.1126337e-05      6163.2266      1.0679     -1
     1     17      2640.1      3324.9   Coal      0     -1  3.1738969e+08       22123.71  6.9705195e-05      7173.0665      1.0965     -1
     1     18      3324.9      4187.4   Coal      0     -1  3.7638485e+08       22579.26  5.9989821e-05      8334.7473      1.1371     -1
     1     19      4187.4      5273.6   Coal      0     -1  4.5926186e+08       22000.51  4.7904065e-05      10437.528      1.1909     -1
     1     20      5273.6      6641.6   Coal      0     -1  5.8529847e+08       22645.91  3.8691217e-05       12922.83      1.2867     -1
     1     21      6641.6      8364.4   Coal      0     -1  7.7103189e+08       24284.97  3.1496713e-05      15874.672      1.4063     -1
     1     22      8364.4       10534   Coal      0     -1  1.0348987e+09       28905.25  2.7930511e-05       17901.57       1.535     -1
     1     23       10534       13267   Coal      0     -1  1.3896287e+09       36009.54  2.5913065e-05      19295.286      1.7441     -1
     1     24       13267       16708   Coal      0     -1  1.8417501e+09       47143.74  2.5597252e-05      19533.347      1.8733     -1
     1     25       16708       21042   Coal      0     -1  2.3540669e+09        62094.7  2.6377628e-05      18955.457      2.2581     -1
     1     26       21042       26500   Coal      0     -1  2.8504344e+09       80125.84  2.8110045e-05      17787.236      2.3226     -1
     1     27       26500       33374   Coal      0     -1  3.2254029e+09       96336.49  2.9868048e-05      16740.297      2.7252     -1
     1     28       33374       42032   Coal      0     -1  3.4275012e+09      107840.47  3.1463292e-05      15891.535      3.2035     -1
     1     29       42032       52935   Coal      0     -1  3.4144233e+09      111486.82  3.2651727e-05      15313.126      3.5467     -1
     1     30       52935       66666   Coal      0     -1  3.1979784e+09      105359.11  3.2945536e-05      15176.563      4.3321     -1
     1     31       66666       1e+99   Coal      0     -1  9.3030041e+09      280632.62  3.0165806e-05      16575.058      6.3473     -1
     1     -1           0       1e+99  Delay     -1     -1  2.6025938e+09              0              0              0           1     -1
     1     -1           0       1e+99   LogL     -1     -1              1      -33993673      -33993673              0           1     -1
     1     -1           0       1e+99 Recomb     -1     -1   3.630179e+14      1164024.8  3.2065217e-09              0      2.3714     -1
     1     -1           0       1e+99 Resamp     -1     -1  2.6025938e+09        2298269  0.00088306864              0           1     -1
     0      0           0          33   Coal      0     -1      645286.83      3.2071088  4.9700516e-06      100602.58      1.0057     -1
     0      1          33       65.92   Coal      0     -1      1537404.4      11.670003  7.5907176e-06      65869.925      1.0075     -1
     0      2       65.92      104.55   Coal      0     -1      2932624.9      51.636581  1.7607632e-05      28396.777      1.0081     -1
     0      3      104.55      131.67   Coal      0     -1      2795743.2      59.113102  2.1143967e-05      23647.407      1.0084     -1
     0      4      131.67      165.83   Coal      0     -1      4392432.6      112.88135  2.5699051e-05      19455.971      1.0081     -1
     0      5      165.83      208.84   Coal      0     -1      6865203.7      187.92736  2.7373894e-05      18265.578       1.008     -1
     0      6      208.84      263.02   Coal      0     -1       10661474      371.61621  3.4855988e-05      14344.738      1.0079     -1
     0      7      263.02      331.24   Coal      0     -1       16443647      725.58228  4.4125388e-05      11331.345      1.0082     -1
     0      8      331.24      417.17   Coal      0     -1       25274535      1103.5092  4.3660912e-05      11451.891      1.0084     -1
     0      9      417.17      525.38   Coal      0     -1       38351657      1893.5521  4.9373409e-05      10126.909       1.009     -1
     0     10      525.38      661.66   Coal      0     -1       57053082        3189.35  5.5901449e-05      8944.3119      1.0107     -1
     0     11      661.66       833.3   Coal      0     -1       82609940      5023.3127  6.0807606e-05      8222.6555      1.0144     -1
     0     12       833.3      1049.5   Coal      0     -1   1.163318e+08        7404.12   6.364657e-05      7855.8829       1.019     -1
     0     13      1049.5      1321.7   Coal      0     -1  1.5814436e+08       10299.38  6.5126445e-05      7677.3729      1.0281     -1
     0     14      1321.7      1664.5   Coal      0     -1   2.066561e+08       13532.42    6.54828e-05      7635.5929      1.0411     -1
     0     15      1664.5      2096.3   Coal      0     -1  2.6091397e+08       16441.59  6.3015369e-05      7934.5723      1.0549     -1
     0     16      2096.3      2640.1   Coal      0     -1  3.1829067e+08       19294.37  6.0618711e-05      8248.2783      1.0735     -1
     0     17      2640.1      3324.9   Coal      0     -1  3.8222682e+08       21028.87  5.5016731e-05      9088.1445      1.1022     -1
     0     18      3324.9      4187.4   Coal      0     -1  4.5739869e+08       22803.37  4.9854472e-05      10029.191      1.1447     -1
     0     19      4187.4      5273.6   Coal      0     -1   5.524012e+08       24032.38    4.35053e-05      11492.852      1.2091     -1
     0     20      5273.6      6641.6   Coal      0     -1  6.8208824e+08       26114.37  3.8285911e-05      13059.634      1.2957     -1
     0     21      6641.6      8364.4   Coal      0     -1  8.6066192e+08       29190.02   3.391578e-05        14742.4      1.3945     -1
     0     22      8364.4       10534   Coal      0     -1  1.0985367e+09       34537.35  3.1439414e-05      15903.604      1.5299     -1
     0     23       10534       13267   Coal      0     -1  1.4093518e+09       42093.76   2.986746e-05      16740.627      1.6893     -1
     0     24       13267       16708   Coal      0     -1  1.7954669e+09       53119.21  2.9585179e-05      16900.354      1.8944     -1
     0     25       16708       21042   Coal      0     -1  2.2304538e+09       66602.41  2.9860475e-05      16744.543      2.0953     -1
     0     26       21042       26500   Coal      0     -1  2.6618433e+09       81975.21  3.0796407e-05       16235.66      2.3762     -1
     0     27       26500       33374   Coal      0     -1  3.0127645e+09       96295.84  3.1962618e-05      15643.274      2.6971     -1
     0     28       33374       42032   Coal      0     -1  3.2227557e+09      105929.82   3.286933e-05      15211.749      3.0951     -1
     0     29       42032       52935   Coal      0     -1  3.2461301e+09      109012.21  3.3582207e-05      14888.837      3.6913     -1
     0     30       52935       66666   Coal      0     -1  3.0761362e+09       103585.8  3.3673997e-05      14848.252      4.3148     -1
     0     31       66666       1e+99   Coal      0     -1  8.4431326e+09       272098.7  3.2227221e-05      15514.835      5.9218     -1
     0     -1           0       1e+99  Delay     -1     -1  2.6400478e+09              0              0              0           1     -1
     0     -1           0       1e+99   LogL     -1     -1              1      -34437740      -34437740              0           1     -1
     0     -1           0       1e+99 Recomb     -1     -1  3.6803566e+14      1166424.4  3.1693244e-09              0      2.3303     -1
     0     -1           0       1e+99 Resamp     -1     -1  2.6400478e+09        2363851   0.0008953819              0           1     -1
