  Iter  Epoch       Start         End   Type   From     To            Opp          Count           Rate             Ne         ESS  Clump
    15      0           0          33   Coal      0     -1      556522.51  7.8864108e-52  1.4170875e-57  5.5652251e+35      1.0048     -1
    15      1          33       65.92   Coal      0     -1      1293046.7  3.7414212e-45  2.8934926e-51  1.2930467e+36       1.006     -1
    15      2       65.92      104.55   Coal      0     -1      2448646.2      2.4042658  9.8187555e-07      509229.51      1.0062     -1
    15      3      104.55      131.67   Coal      0     -1      2322234.3      6.0288151  2.5961269e-06      192594.59      1.0063     -1
    15      4      131.67      165.83   Coal      0     -1      3618626.7       18.03183  4.9830591e-06      100339.97      1.0062     -1
    15      5      165.83      208.84   Coal      0     -1      5605721.3      53.038499  9.4614943e-06      52845.775      1.0063     -1
    15      6      208.84      263.02   Coal      0     -1      8726898.4      115.04504   1.318281e-05      37928.182      1.0063     -1
    15      7      263.02      331.24   Coal      0     -1       13531426      381.01222   2.815758e-05      17757.208      1.0065     -1
    15      8      331.24      417.17   Coal      0     -1       20828741      754.20151  3.6209655e-05      13808.472      1.0065     -1
    15      9      417.17      525.38   Coal      0     -1       31948760      935.51153  2.9281623e-05      17075.556      1.0067     -1
    15     10      525.38      661.66   Coal      0     -1       48956904      1473.7623  3.0103257e-05      16609.498      1.0074     -1
    15     11      661.66       833.3   Coal      0     -1       74371350      2353.9072  3.1650725e-05      15797.426      1.0089     -1
    15     12       833.3      1049.5   Coal      0     -1  1.1242842e+08        3071.79  2.7322184e-05      18300.148       1.012     -1
    15     13      1049.5      1321.7   Coal      0     -1  1.6771866e+08      5141.6727  3.0656533e-05      16309.737      1.0211     -1
    15     14      1321.7      1664.5   Coal      0     -1    2.47989e+08      6328.3401  2.5518632e-05      19593.527      1.0318     -1
    15     15      1664.5      2096.3   Coal      0     -1  3.5901289e+08       11351.87  3.1619672e-05      15812.941      1.0334     -1
    15     16      2096.3      2640.1   Coal      0     -1  5.0345202e+08       16248.58  3.2274337e-05      15492.185      1.0487     -1
    15     17      2640.1      3324.9   Coal      0     -1  6.9175369e+08       21311.66  3.0808162e-05      16229.465      1.0901     -1
    15     18      3324.9      4187.4   Coal      0     -1  9.4448959e+08       24345.61  2.5776473e-05      19397.534      1.1178     -1
    15     19      4187.4      5273.6   Coal      0     -1  1.2952659e+09       27421.22   2.117034e-05      23617.949      1.1716     -1
    15     20      5273.6      6641.6   Coal      0     -1  1.7968749e+09       30567.79   1.701164e-05      29391.639      1.1846     -1
    15     21      6641.6      8364.4   Coal      0     -1  2.5271382e+09       34245.86  1.3551242e-05      36896.988      1.2982     -1
    15     22      8364.4       10534   Coal      0     -1   3.516052e+09       44747.77  1.2726709e-05      39287.455      1.3779     -1
    15     23       10534       13267   Coal      0     -1  4.7826141e+09       60645.53  1.2680415e-05      39430.887      1.5112     -1
    15     24       13267       16708   Coal      0     -1  6.2374599e+09       85070.23  1.3638602e-05       36660.65      1.5886     -1
    15     25       16708       21042   Coal      0     -1  7.6006361e+09      121351.37  1.5965949e-05      31316.647      1.8188     -1
    15     26       21042       26500   Coal      0     -1  8.3124818e+09      165918.93  1.9960216e-05       25049.83      1.9959     -1
    15     27       26500       33374   Coal      0     -1  8.0830989e+09      198524.77  2.4560478e-05       20357.91      2.1217     -1
    15     28       33374       42032   Coal      0     -1   7.098177e+09      208049.76  2.9310309e-05      17058.845      2.3655     -1
    15     29       42032       52935   Coal      0     -1  5.7706735e+09      199177.52  3.4515472e-05      14486.257      2.6066     -1
    15     30       52935       66666   Coal      0     -1  4.2807184e+09      176294.58   4.118341e-05      12140.811      2.8321     -1
    15     31       66666       1e+99   Coal      0     -1  1.7320062e+10      384376.32  2.2192549e-05      22530.084      4.3998     -1
    15     -1           0       1e+99  Delay     -1     -1  2.6353365e+09              0              0              0           1     -1
    15     -1           0       1e+99   LogL     -1     -1              1      -54427766      -54427766              0           1     -1
    15     -1           0       1e+99 Recomb     -1     -1   5.684712e+14      1828103.2  3.2158237e-09              0      2.0867     -1
    15     -1           0       1e+99 Resamp     -1     -1  2.6353365e+09        4237422   0.0016079245              0           1     -1
    14      0           0          33   Coal      0     -1      542723.74  2.1400712e-48  3.9432054e-54  5.4272374e+35      1.0047     -1
    14      1          33       65.92   Coal      0     -1      1259915.9   2.356938e-41  1.8707106e-47  1.2599159e+36      1.0056     -1
    14      2       65.92      104.55   Coal      0     -1      2408549.7      2.0260528  8.4119205e-07      594394.59      1.0058     -1
    14      3      104.55      131.67   Coal      0     -1      2282067.4      10.176746  4.4594413e-06      112121.67      1.0059     -1
    14      4      131.67      165.83   Coal      0     -1      3561958.4       22.58085   6.339448e-06       78871.22      1.0062     -1
    14      5      165.83      208.84   Coal      0     -1      5576427.6       55.57912  9.9667966e-06       50166.57      1.0065     -1
    14      6      208.84      263.02   Coal      0     -1      8726453.9      125.40917  1.4371149e-05      34791.929      1.0064     -1
    14      7      263.02      331.24   Coal      0     -1       13575048      387.08405  2.8514378e-05      17535.014      1.0067     -1
    14      8      331.24      417.17   Coal      0     -1       20879892      745.82979  3.5720002e-05       13997.76      1.0067     -1
    14      9      417.17      525.38   Coal      0     -1       31980551      908.54763   2.840938e-05      17599.821      1.0067     -1
    14     10      525.38      661.66   Coal      0     -1       48929910       1513.655  3.0935168e-05      16162.835       1.007     -1
    14     11      661.66       833.3   Coal      0     -1       74126516      2330.9099  3.1445022e-05      15900.768      1.0081     -1
    14     12       833.3      1049.5   Coal      0     -1  1.1202432e+08      3116.4638   2.781953e-05      17972.985      1.0117     -1
    14     13      1049.5      1321.7   Coal      0     -1  1.6695793e+08      5133.3974  3.0746651e-05      16261.934      1.0186     -1
    14     14      1321.7      1664.5   Coal      0     -1  2.4732669e+08        6381.92  2.5803604e-05      19377.138      1.0266     -1
    14     15      1664.5      2096.3   Coal      0     -1  3.5916864e+08       11333.28  3.1554203e-05       15845.75       1.036     -1
    14     16      2096.3      2640.1   Coal      0     -1  5.0339632e+08       16274.16  3.2328723e-05      15466.123      1.0565     -1
    14     17      2640.1      3324.9   Coal      0     -1  6.9079582e+08       21157.89  3.0628283e-05       16324.78      1.0665     -1
    14     18      3324.9      4187.4   Coal      0     -1  9.4579296e+08       24004.02  2.5379783e-05       19700.72       1.123     -1
    14     19      4187.4      5273.6   Coal      0     -1   1.300692e+09       27318.47  2.1003027e-05      23806.092      1.1403     -1
    14     20      5273.6      6641.6   Coal      0     -1  1.8050492e+09       30618.95  1.6962945e-05      29476.013      1.1971     -1
    14     21      6641.6      8364.4   Coal      0     -1  2.5251736e+09       34447.16  1.3641502e-05      36652.856      1.3231     -1
    14     22      8364.4       10534   Coal      0     -1  3.5206162e+09       44847.74  1.2738605e-05      39250.765      1.3875     -1
    14     23       10534       13267   Coal      0     -1  4.7838339e+09       60737.85   1.269648e-05      39380.995      1.5201     -1
    14     24       13267       16708   Coal      0     -1  6.2307273e+09        85299.4  1.3690119e-05      36522.691      1.5983     -1
    14     25       16708       21042   Coal      0     -1  7.5810077e+09      121786.19  1.6064644e-05       31124.25      1.8311     -1
    14     26       21042       26500   Coal      0     -1  8.3083931e+09      166027.19  1.9983069e-05      25021.182      1.8937     -1
    14     27       26500       33374   Coal      0     -1  8.0725261e+09      198463.15  2.4585012e-05      20337.594      2.0663     -1
    14     28       33374       42032   Coal      0     -1  7.0745002e+09      208076.77  2.9412222e-05      16999.736      2.3603     -1
    14     29       42032       52935   Coal      0     -1  5.7654284e+09      198812.89  3.4483628e-05      14499.634      2.5457     -1
    14     30       52935       66666   Coal      0     -1  4.2939136e+09      174325.68   4.059832e-05       12315.78      2.6845     -1
    14     31       66666       1e+99   Coal      0     -1  1.7223712e+10      385646.35  2.2390431e-05      22330.968      4.4282     -1
    14     -1           0       1e+99  Delay     -1     -1  2.6353365e+09              0              0              0           1     -1
    14     -1           0       1e+99   LogL     -1     -1              1      -54428405      -54428405              0           1     -1
    14     -1           0       1e+99 Recomb     -1     -1  5.6829499e+14      1827379.6  3.2155475e-09              0      2.0673     -1
    14     -1           0       1e+99 Resamp     -1     -1  2.6353365e+09        4236616   0.0016076186              0           1     -1
    13      0           0          33   Coal      0     -1      550940.83  5.8952632e-45  1.0700356e-50  5.5094083e+35      1.0043     -1
    13      1          33       65.92   Coal      0     -1      1273890.5  1.5012405e-37   1.178469e-43  1.2738901e+36      1.0055     -1
    13      2       65.92      104.55   Coal      0     -1        2419790      4.0054376  1.6552832e-06      302063.12      1.0058     -1
    13      3      104.55      131.67   Coal      0     -1      2289705.6      9.0287107  3.9431753e-06      126801.36      1.0063     -1
    13      4      131.67      165.83   Coal      0     -1      3571882.6      23.137784   6.477756e-06      77187.223      1.0065     -1
    13      5      165.83      208.84   Coal      0     -1      5606204.5      46.276489  8.2545132e-06      60572.924      1.0066     -1
    13      6      208.84      263.02   Coal      0     -1      8764652.7      113.83246  1.2987675e-05      38498.038      1.0067     -1
    13      7      263.02      331.24   Coal      0     -1       13642315      367.36986  2.6928703e-05      18567.548      1.0068     -1
    13      8      331.24      417.17   Coal      0     -1       20959708      794.40796  3.7901672e-05       13192.03       1.007     -1
    13      9      417.17      525.38   Coal      0     -1       32159377      917.35867  2.8525386e-05      17528.246      1.0072     -1
    13     10      525.38      661.66   Coal      0     -1       49277371      1491.0983  3.0259291e-05       16523.85      1.0079     -1
    13     11      661.66       833.3   Coal      0     -1       74821917      2402.7383   3.211276e-05      15570.135      1.0096     -1
    13     12       833.3      1049.5   Coal      0     -1  1.1247378e+08       3195.726  2.8413076e-05      17597.532      1.0122     -1
    13     13      1049.5      1321.7   Coal      0     -1  1.6717226e+08      5138.9523  3.0740462e-05      16265.208       1.018     -1
    13     14      1321.7      1664.5   Coal      0     -1  2.4730747e+08      6499.1372  2.6279583e-05      19026.177      1.0249     -1
    13     15      1664.5      2096.3   Coal      0     -1  3.5787063e+08        11361.7  3.1748065e-05      15748.991      1.0308     -1
    13     16      2096.3      2640.1   Coal      0     -1  5.0306098e+08       16067.91  3.1940283e-05      15654.213      1.0501     -1
    13     17      2640.1      3324.9   Coal      0     -1  6.9234631e+08       21094.48  3.0468105e-05      16410.604      1.1119     -1
    13     18      3324.9      4187.4   Coal      0     -1  9.4597306e+08       24085.13  2.5460693e-05      19638.114      1.1197     -1
    13     19      4187.4      5273.6   Coal      0     -1  1.3000795e+09       26854.44  2.0655998e-05      24206.044      1.1418     -1
    13     20      5273.6      6641.6   Coal      0     -1  1.8024807e+09       30646.33  1.7002307e-05      29407.775      1.2325     -1
    13     21      6641.6      8364.4   Coal      0     -1  2.5194978e+09       34700.55  1.3772804e-05      36303.427      1.2982     -1
    13     22      8364.4       10534   Coal      0     -1  3.5115384e+09       44882.96  1.2781566e-05      39118.838      1.4307     -1
    13     23       10534       13267   Coal      0     -1  4.7778527e+09       60911.27   1.274867e-05      39219.776       1.525     -1
    13     24       13267       16708   Coal      0     -1  6.2237344e+09       85573.44  1.3749533e-05      36364.872      1.6565     -1
    13     25       16708       21042   Coal      0     -1  7.5698651e+09      121715.26  1.6078921e-05      31096.615      1.8339     -1
    13     26       21042       26500   Coal      0     -1   8.285977e+09      165998.32  2.0033645e-05      24958.015      1.9374     -1
    13     27       26500       33374   Coal      0     -1  8.0529548e+09       198463.1  2.4644755e-05      20288.292      2.0474     -1
    13     28       33374       42032   Coal      0     -1   7.061329e+09      207752.97  2.9421228e-05      16994.532      2.3412     -1
    13     29       42032       52935   Coal      0     -1  5.7532511e+09      197177.29  3.4272325e-05      14589.031      2.6086     -1
    13     30       52935       66666   Coal      0     -1  4.3341156e+09      173641.27   4.006383e-05      12480.085      2.9132     -1
    13     31       66666       1e+99   Coal      0     -1  1.7138005e+10       387629.6  2.2618129e-05      22106.161      4.3142     -1
    13     -1           0       1e+99  Delay     -1     -1  2.6353365e+09              0              0              0           1     -1
    13     -1           0       1e+99   LogL     -1     -1              1      -54428639      -54428639              0           1     -1
    13     -1           0       1e+99 Recomb     -1     -1  5.6808701e+14      1827414.5  3.2167863e-09              0      2.0961     -1
    13     -1           0       1e+99 Resamp     -1     -1  2.6353365e+09        4235421   0.0016071652              0           1     -1
    12      0           0          33   Coal      0     -1      545578.83  1.6081654e-41  2.9476317e-47  5.4557883e+35      1.0042     -1
    12      1          33       65.92   Coal      0     -1      1250847.3  9.3891128e-34  7.5062025e-40  1.2485028e+36      1.0054     -1
    12      2       65.92      104.55   Coal      0     -1      2385597.9      2.0003227  8.3849952e-07      596303.26      1.0059     -1
    12      3      104.55      131.67   Coal      0     -1      2269754.1      9.1594331  4.0354297e-06      123902.54      1.0061     -1
    12      4      131.67      165.83   Coal      0     -1      3553395.7      18.022294  5.0718512e-06      98583.333      1.0063     -1
    12      5      165.83      208.84   Coal      0     -1      5572296.8       50.40076  9.0448808e-06      55279.888      1.0062     -1
    12      6      208.84      263.02   Coal      0     -1      8746980.7       127.7509  1.4605142e-05      34234.518      1.0063     -1
    12      7      263.02      331.24   Coal      0     -1       13583345      352.56045  2.5955347e-05      19263.853      1.0064     -1
    12      8      331.24      417.17   Coal      0     -1       20964103      740.37575  3.5316357e-05      14157.746      1.0065     -1
    12      9      417.17      525.38   Coal      0     -1       32207283      869.38933  2.6993563e-05      18522.934      1.0067     -1
    12     10      525.38      661.66   Coal      0     -1       49309704      1501.1095  3.0442476e-05       16424.42      1.0069     -1
    12     11      661.66       833.3   Coal      0     -1       74718277      2389.0496  3.1974099e-05      15637.657       1.009     -1
    12     12       833.3      1049.5   Coal      0     -1  1.1210657e+08      3159.0439  2.8178936e-05       17743.75      1.0113     -1
    12     13      1049.5      1321.7   Coal      0     -1  1.6721021e+08      5176.4094  3.0957495e-05      16151.177      1.0194     -1
    12     14      1321.7      1664.5   Coal      0     -1  2.4674826e+08        6601.23  2.6752894e-05      18689.567      1.0273     -1
    12     15      1664.5      2096.3   Coal      0     -1  3.5634166e+08       11470.05  3.2188349e-05      15533.571      1.0407     -1
    12     16      2096.3      2640.1   Coal      0     -1  5.0119712e+08       15934.77  3.1793419e-05      15726.525      1.0524     -1
    12     17      2640.1      3324.9   Coal      0     -1  6.9049501e+08       20806.22  3.0132325e-05      16593.476      1.0719     -1
    12     18      3324.9      4187.4   Coal      0     -1  9.4559585e+08       23986.13  2.5366154e-05      19711.305      1.1139     -1
    12     19      4187.4      5273.6   Coal      0     -1   1.303253e+09       27033.58  2.0743156e-05      24104.336      1.1336     -1
    12     20      5273.6      6641.6   Coal      0     -1  1.8082804e+09       30720.99  1.6989064e-05      29430.698      1.2566     -1
    12     21      6641.6      8364.4   Coal      0     -1  2.5287189e+09        35128.1  1.3891659e-05      35992.822      1.2966     -1
    12     22      8364.4       10534   Coal      0     -1  3.5171136e+09       45184.96  1.2847171e-05      38919.074       1.398     -1
    12     23       10534       13267   Coal      0     -1   4.776481e+09       60946.03  1.2759609e-05      39186.154      1.5341     -1
    12     24       13267       16708   Coal      0     -1  6.2149393e+09       85833.14  1.3810777e-05      36203.612       1.556     -1
    12     25       16708       21042   Coal      0     -1  7.5479378e+09      122136.68  1.6181464e-05      30899.554      1.8189     -1
    12     26       21042       26500   Coal      0     -1  8.2598198e+09      166084.64  2.0107538e-05      24866.297      1.9662     -1
    12     27       26500       33374   Coal      0     -1  8.0252711e+09      198270.39  2.4705756e-05      20238.199       2.097     -1
    12     28       33374       42032   Coal      0     -1  7.0494764e+09      207444.62  2.9426954e-05      16991.225      2.3812     -1
    12     29       42032       52935   Coal      0     -1  5.7666197e+09      196529.47  3.4080533e-05      14671.132       2.573     -1
    12     30       52935       66666   Coal      0     -1  4.3711898e+09      172297.98  3.9416723e-05      12684.971      2.7717     -1
    12     31       66666       1e+99   Coal      0     -1  1.7046981e+10      389120.67  2.2826369e-05      21904.492      4.3369     -1
    12     -1           0       1e+99  Delay     -1     -1  2.6353365e+09              0              0              0           1     -1
    12     -1           0       1e+99   LogL     -1     -1              1      -54427742      -54427742              0           1     -1
    12     -1           0       1e+99 Recomb     -1     -1  5.6799148e+14      1827047.5  3.2166812e-09              0      2.0811     -1
    12     -1           0       1e+99 Resamp     -1     -1  2.6353365e+09        4233580   0.0016064666              0           1     -1
    11      0           0          33   Coal      0     -1       540914.1  4.3493968e-38  8.0408272e-44  5.4091405e+35      1.0052     -1
    11      1          33       65.92   Coal      0     -1      1261216.8  5.9208534e-30  4.6945563e-36  9.8212554e+34      1.0066     -1
    11      2       65.92      104.55   Coal      0     -1      2410646.5      1.0106698   4.192526e-07      1192598.4      1.0066     -1
    11      3      104.55      131.67   Coal      0     -1        2292790      9.0077737   3.928739e-06       127267.3      1.0068     -1
    11      4      131.67      165.83   Coal      0     -1      3576509.8      23.297774   6.514109e-06      76756.468      1.0068     -1
    11      5      165.83      208.84   Coal      0     -1      5569302.8      50.412935  9.0519293e-06      55236.844       1.007     -1
    11      6      208.84      263.02   Coal      0     -1      8714714.5      110.56357  1.2686999e-05      39410.423      1.0069     -1
    11      7      263.02      331.24   Coal      0     -1       13553169      349.30233  2.5772743e-05      19400.341       1.007     -1
    11      8      331.24      417.17   Coal      0     -1       20898909      749.47473  3.5861907e-05      13942.371      1.0071     -1
    11      9      417.17      525.38   Coal      0     -1       32179431      876.03455  2.7223432e-05      18366.531      1.0073     -1
    11     10      525.38      661.66   Coal      0     -1       49242001      1526.8449  3.1006963e-05       16125.41      1.0085     -1
    11     11      661.66       833.3   Coal      0     -1       74515429      2364.5595  3.1732482e-05      15756.725      1.0081     -1
    11     12       833.3      1049.5   Coal      0     -1  1.1241424e+08      3278.9344  2.9168318e-05      17141.887        1.01     -1
    11     13      1049.5      1321.7   Coal      0     -1  1.6732487e+08      5193.6619  3.1039389e-05      16108.565      1.0147     -1
    11     14      1321.7      1664.5   Coal      0     -1  2.4708047e+08       6666.515  2.6981149e-05      18531.457      1.0191     -1
    11     15      1664.5      2096.3   Coal      0     -1  3.5742136e+08       11477.19  3.2111092e-05      15570.944      1.0351     -1
    11     16      2096.3      2640.1   Coal      0     -1  5.0225505e+08       15751.37  3.1361298e-05      15943.218      1.0461     -1
    11     17      2640.1      3324.9   Coal      0     -1  6.9134129e+08       20734.83  2.9992177e-05      16671.014      1.0817     -1
    11     18      3324.9      4187.4   Coal      0     -1  9.4795615e+08       23763.17  2.5067794e-05      19945.911       1.114     -1
    11     19      4187.4      5273.6   Coal      0     -1  1.3046043e+09       26969.47  2.0672529e-05      24186.687      1.1401     -1
    11     20      5273.6      6641.6   Coal      0     -1  1.8119447e+09       30816.03  1.7007158e-05      29399.386      1.1859     -1
    11     21      6641.6      8364.4   Coal      0     -1  2.5287136e+09       35688.99  1.4113496e-05      35427.083      1.2691     -1
    11     22      8364.4       10534   Coal      0     -1  3.5111722e+09       45137.88  1.2855502e-05      38893.854      1.3748     -1
    11     23       10534       13267   Coal      0     -1  4.7622078e+09       61158.32   1.284243e-05      38933.442      1.5483     -1
    11     24       13267       16708   Coal      0     -1  6.1971502e+09       86293.98  1.3924784e-05      35907.199      1.6584     -1
    11     25       16708       21042   Coal      0     -1  7.5125439e+09      122967.31  1.6368265e-05      30546.915      1.7554     -1
    11     26       21042       26500   Coal      0     -1  8.2096747e+09      165884.59  2.0205988e-05       24745.14      2.0143     -1
    11     27       26500       33374   Coal      0     -1   7.959119e+09      197396.39  2.4801286e-05      20160.245      2.0306     -1
    11     28       33374       42032   Coal      0     -1  7.0013338e+09      205685.33  2.9378021e-05      17019.526      2.3141     -1
    11     29       42032       52935   Coal      0     -1  5.7517123e+09      195761.25    3.40353e-05       14690.63      2.6818     -1
    11     30       52935       66666   Coal      0     -1  4.3998339e+09      170354.34  3.8718357e-05      12913.771       2.969     -1
    11     31       66666       1e+99   Coal      0     -1  1.6894071e+10      390897.42  2.3138143e-05       21609.34      4.4045     -1
    11     -1           0       1e+99  Delay     -1     -1  2.6353365e+09              0              0              0           1     -1
    11     -1           0       1e+99   LogL     -1     -1              1      -54429063      -54429063              0           1     -1
    11     -1           0       1e+99 Recomb     -1     -1  5.6780139e+14      1825227.6   3.214553e-09              0       2.075     -1
    11     -1           0       1e+99 Resamp     -1     -1  2.6353365e+09        4232303    0.001605982              0           1     -1
    10      0           0          33   Coal      0     -1      550372.73  1.1968947e-34  2.1746984e-40  5.5024101e+35      1.0038     -1
    10      1          33       65.92   Coal      0     -1      1278658.3  3.7853742e-26  2.9604267e-32  1.6889234e+31      1.0053     -1
    10      2       65.92      104.55   Coal      0     -1      2429733.9      3.0184364  1.2422909e-06      402482.21      1.0055     -1
    10      3      104.55      131.67   Coal      0     -1      2289946.3       9.031087  3.9437986e-06      126781.32      1.0057     -1
    10      4      131.67      165.83   Coal      0     -1      3599366.2      26.041589  7.2350484e-06      69108.038      1.0059     -1
    10      5      165.83      208.84   Coal      0     -1      5621761.9      51.931389  9.2375646e-06       54126.82      1.0062     -1
    10      6      208.84      263.02   Coal      0     -1      8762854.2      130.34495  1.4874714e-05      33614.092      1.0063     -1
    10      7      263.02      331.24   Coal      0     -1       13618159      337.37905  2.4774204e-05      20182.283      1.0064     -1
    10      8      331.24      417.17   Coal      0     -1       21019823      703.35683  3.3461597e-05      14942.503      1.0066     -1
    10      9      417.17      525.38   Coal      0     -1       32294979      931.44664  2.8841841e-05      17335.925      1.0068     -1
    10     10      525.38      661.66   Coal      0     -1       49390327      1531.1841  3.1001701e-05      16128.147      1.0077     -1
    10     11      661.66       833.3   Coal      0     -1       74847683      2357.9064  3.1502731e-05       15871.64      1.0099     -1
    10     12       833.3      1049.5   Coal      0     -1  1.1261295e+08      3212.6718  2.8528439e-05      17526.371      1.0115     -1
    10     13      1049.5      1321.7   Coal      0     -1  1.6741058e+08        5213.09  3.1139549e-05      16056.752      1.0137     -1
    10     14      1321.7      1664.5   Coal      0     -1  2.4604697e+08        6881.09  2.7966571e-05      17878.488      1.0255     -1
    10     15      1664.5      2096.3   Coal      0     -1  3.5479808e+08      11304.434  3.1861598e-05      15692.873      1.0319     -1
    10     16      2096.3      2640.1   Coal      0     -1  5.0035413e+08       15515.18  3.1008398e-05      16124.664      1.0511     -1
    10     17      2640.1      3324.9   Coal      0     -1  6.9255291e+08       20396.87  2.9451714e-05      16976.941      1.0887     -1
    10     18      3324.9      4187.4   Coal      0     -1  9.5115992e+08       23803.21  2.5025455e-05      19979.656       1.122     -1
    10     19      4187.4      5273.6   Coal      0     -1  1.3097617e+09       26818.64  2.0475969e-05      24418.868      1.1608     -1
    10     20      5273.6      6641.6   Coal      0     -1  1.8166404e+09       31085.38  1.7111465e-05      29220.174      1.1983     -1
    10     21      6641.6      8364.4   Coal      0     -1  2.5295614e+09       36057.38    1.42544e-05      35076.888      1.2674     -1
    10     22      8364.4       10534   Coal      0     -1  3.5130679e+09       45320.38  1.2900514e-05      38758.147      1.4054     -1
    10     23       10534       13267   Coal      0     -1  4.7603008e+09       61985.07  1.3021251e-05      38398.769      1.4868     -1
    10     24       13267       16708   Coal      0     -1   6.180284e+09       86671.44   1.402386e-05      35653.521      1.6367     -1
    10     25       16708       21042   Coal      0     -1  7.4673029e+09      123253.59  1.6505771e-05      30292.436       1.846     -1
    10     26       21042       26500   Coal      0     -1  8.1565237e+09      165752.32  2.0321442e-05      24604.554      1.9204     -1
    10     27       26500       33374   Coal      0     -1  7.9350666e+09      196661.45  2.4783844e-05      20174.433      2.1435     -1
    10     28       33374       42032   Coal      0     -1  6.9920538e+09      205629.25  2.9408992e-05      17001.603      2.4216     -1
    10     29       42032       52935   Coal      0     -1  5.7542963e+09      195193.72  3.3921389e-05      14739.963      2.5799     -1
    10     30       52935       66666   Coal      0     -1  4.4520846e+09      169222.46  3.8009713e-05      13154.532       2.867     -1
    10     31       66666       1e+99   Coal      0     -1  1.6712196e+10       392038.8  2.3458246e-05      21314.466      4.4597     -1
    10     -1           0       1e+99  Delay     -1     -1  2.6353365e+09              0              0              0           1     -1
    10     -1           0       1e+99   LogL     -1     -1              1      -54428646      -54428646              0           1     -1
    10     -1           0       1e+99 Recomb     -1     -1  5.6745713e+14      1825384.8    3.21678e-09              0      2.0902     -1
    10     -1           0       1e+99 Resamp     -1     -1  2.6353365e+09        4229386   0.0016048751              0           1     -1
     9      0           0          33   Coal      0     -1      551074.98  3.2978936e-31  5.9844735e-37  3.3205715e+35      1.0048     -1
     9      1          33       65.92   Coal      0     -1      1281236.4  2.4249796e-22  1.8926872e-28  2.6417467e+27      1.0058     -1
     9      2       65.92      104.55   Coal      0     -1        2435322      4.0050257   1.644557e-06      304033.25      1.0061     -1
     9      3      104.55      131.67   Coal      0     -1      2316360.1      9.3042884  4.0167712e-06      124478.09      1.0064     -1
     9      4      131.67      165.83   Coal      0     -1      3594033.9      26.122212  7.2682152e-06       68792.68      1.0064     -1
     9      5      165.83      208.84   Coal      0     -1      5595368.6      52.719523  9.4219929e-06       53067.33      1.0067     -1
     9      6      208.84      263.02   Coal      0     -1      8727989.7      128.57492  1.4731333e-05       33941.26      1.0068     -1
     9      7      263.02      331.24   Coal      0     -1       13590818      315.35678  2.3203665e-05       21548.32      1.0069     -1
     9      8      331.24      417.17   Coal      0     -1       20931350      723.41029  3.4561091e-05      14467.136      1.0071     -1
     9      9      417.17      525.38   Coal      0     -1       32183622      964.99004  2.9983886e-05      16675.624      1.0073     -1
     9     10      525.38      661.66   Coal      0     -1       49294628      1528.8826  3.1015198e-05      16121.129      1.0075     -1
     9     11      661.66       833.3   Coal      0     -1       74623021      2413.6281  3.2344283e-05      15458.682      1.0114     -1
     9     12       833.3      1049.5   Coal      0     -1  1.1233988e+08      3222.1975  2.8682579e-05      17432.184      1.0117     -1
     9     13      1049.5      1321.7   Coal      0     -1   1.673267e+08        5152.34  3.0792096e-05      16237.933      1.0158     -1
     9     14      1321.7      1664.5   Coal      0     -1  2.4669548e+08      6942.4025  2.8141587e-05      17767.299       1.023     -1
     9     15      1664.5      2096.3   Coal      0     -1  3.5689014e+08       11256.61  3.1540826e-05       15852.47      1.0423     -1
     9     16      2096.3      2640.1   Coal      0     -1  5.0215365e+08       15583.24  3.1032813e-05      16111.978      1.0556     -1
     9     17      2640.1      3324.9   Coal      0     -1  6.9441368e+08       20186.49  2.9069833e-05      17199.961      1.0861     -1
     9     18      3324.9      4187.4   Coal      0     -1  9.5441889e+08       23519.06  2.4642283e-05      20290.328      1.1155     -1
     9     19      4187.4      5273.6   Coal      0     -1  1.3165306e+09       26799.59  2.0356223e-05      24562.514      1.1777     -1
     9     20      5273.6      6641.6   Coal      0     -1  1.8231914e+09       31212.21  1.7119547e-05      29206.381      1.2086     -1
     9     21      6641.6      8364.4   Coal      0     -1   2.536151e+09       36480.38  1.4384151e-05       34760.48      1.3179     -1
     9     22      8364.4       10534   Coal      0     -1  3.5115809e+09       45837.98  1.3053374e-05      38304.272      1.4265     -1
     9     23       10534       13267   Coal      0     -1  4.7443822e+09       62797.99  1.3236284e-05      37774.953      1.5056     -1
     9     24       13267       16708   Coal      0     -1  6.1529555e+09       87592.68  1.4235871e-05      35122.544      1.6664     -1
     9     25       16708       21042   Coal      0     -1  7.4232964e+09      124164.71  1.6726358e-05       29892.94      1.8252     -1
     9     26       21042       26500   Coal      0     -1  8.0881451e+09       165746.2  2.0492486e-05      24399.187      1.9783     -1
     9     27       26500       33374   Coal      0     -1  7.8713714e+09      195687.07  2.4860607e-05       20112.14      2.1321     -1
     9     28       33374       42032   Coal      0     -1   6.939996e+09      203827.69  2.9370001e-05      17024.174      2.2323     -1
     9     29       42032       52935   Coal      0     -1  5.7238174e+09      193176.42  3.3749578e-05          14815      2.5354     -1
     9     30       52935       66666   Coal      0     -1  4.4713908e+09      166736.32  3.7289588e-05      13408.569      2.8191     -1
     9     31       66666       1e+99   Coal      0     -1  1.6565556e+10      393972.14  2.3782609e-05      21023.765      4.6016     -1
     9     -1           0       1e+99  Delay     -1     -1  2.6353365e+09              0              0              0           1     -1
     9     -1           0       1e+99   LogL     -1     -1              1      -54428568      -54428568              0           1     -1
     9     -1           0       1e+99 Recomb     -1     -1  5.6694173e+14        1824400  3.2179674e-09              0      2.1007     -1
     9     -1           0       1e+99 Resamp     -1     -1  2.6353365e+09        4226251   0.0016036855              0           1     -1
     8      0           0          33   Coal      0     -1       556494.9   9.176305e-28  1.6489468e-33  3.0305872e+32      1.0041     -1
     8      1          33       65.92   Coal      0     -1      1280637.2  1.5527596e-18  1.2124898e-24   4.123746e+23      1.0055     -1
     8      2       65.92      104.55   Coal      0     -1      2441544.4      4.0074259  1.6413488e-06      304627.51       1.006     -1
     8      3      104.55      131.67   Coal      0     -1      2321790.8      12.027336  5.1801981e-06      96521.405      1.0062     -1
     8      4      131.67      165.83   Coal      0     -1      3627388.8      30.221134  8.3313742e-06      60014.109      1.0063     -1
     8      5      165.83      208.84   Coal      0     -1      5660096.1      57.219583  1.0109295e-05      49459.432      1.0062     -1
     8      6      208.84      263.02   Coal      0     -1        8832910      140.64067  1.5922349e-05      31402.402      1.0063     -1
     8      7      263.02      331.24   Coal      0     -1       13722515      314.13603  2.2892015e-05      21841.677      1.0065     -1
     8      8      331.24      417.17   Coal      0     -1       21118671      709.37482  3.3589937e-05       14885.41      1.0066     -1
     8      9      417.17      525.38   Coal      0     -1       32353450      955.32529  2.9527772e-05      16933.211      1.0071     -1
     8     10      525.38      661.66   Coal      0     -1       49389943      1514.8008  3.0670227e-05      16302.455      1.0076     -1
     8     11      661.66       833.3   Coal      0     -1       74598467      2412.2378  3.2336291e-05      15462.503      1.0089     -1
     8     12       833.3      1049.5   Coal      0     -1  1.1251374e+08      3267.8525  2.9044032e-05      17215.241      1.0109     -1
     8     13      1049.5      1321.7   Coal      0     -1  1.6754693e+08      5160.3854  3.0799642e-05      16233.955      1.0133     -1
     8     14      1321.7      1664.5   Coal      0     -1  2.4655654e+08        7060.13  2.8634934e-05      17461.189      1.0244     -1
     8     15      1664.5      2096.3   Coal      0     -1  3.5662333e+08       11356.51  3.1844552e-05      15701.273      1.0395     -1
     8     16      2096.3      2640.1   Coal      0     -1  5.0219569e+08          15363  3.0591661e-05      16344.324      1.0461     -1
     8     17      2640.1      3324.9   Coal      0     -1  6.9345903e+08       20163.34  2.9076469e-05      17196.036      1.0773     -1
     8     18      3324.9      4187.4   Coal      0     -1   9.532573e+08       23234.42  2.4373713e-05      20513.904      1.1306     -1
     8     19      4187.4      5273.6   Coal      0     -1  1.3166565e+09        26864.6  2.0403652e-05      24505.417      1.1454     -1
     8     20      5273.6      6641.6   Coal      0     -1  1.8250537e+09        31351.4  1.7178344e-05      29106.415      1.2029     -1
     8     21      6641.6      8364.4   Coal      0     -1  2.5336167e+09       37047.19  1.4622255e-05      34194.452       1.311     -1
     8     22      8364.4       10534   Coal      0     -1  3.5005862e+09          46332  1.3235497e-05      37777.197      1.3655     -1
     8     23       10534       13267   Coal      0     -1  4.7209527e+09       63441.49  1.3438281e-05      37207.139       1.511     -1
     8     24       13267       16708   Coal      0     -1  6.0965658e+09       88621.51    1.45363e-05      34396.648      1.5951     -1
     8     25       16708       21042   Coal      0     -1  7.3474832e+09      124717.38  1.6974163e-05      29456.533      1.8104     -1
     8     26       21042       26500   Coal      0     -1  7.9904115e+09      165717.85  2.0739589e-05      24108.482      1.9763     -1
     8     27       26500       33374   Coal      0     -1  7.7621566e+09      193987.77  2.4991479e-05      20006.819      2.0431     -1
     8     28       33374       42032   Coal      0     -1  6.8879919e+09      202705.19  2.9428779e-05      16990.172       2.339     -1
     8     29       42032       52935   Coal      0     -1  5.7114999e+09      191439.12  3.3518187e-05      14917.275      2.4876     -1
     8     30       52935       66666   Coal      0     -1  4.5142812e+09      165397.22  3.6638662e-05      13646.787      3.0181     -1
     8     31       66666       1e+99   Coal      0     -1  1.6338748e+10      395095.99  2.4181534e-05      20676.935      4.4343     -1
     8     -1           0       1e+99  Delay     -1     -1  2.6353365e+09              0              0              0           1     -1
     8     -1           0       1e+99   LogL     -1     -1              1      -54428888      -54428888              0           1     -1
     8     -1           0       1e+99 Recomb     -1     -1  5.6608632e+14      1821939.3  3.2184832e-09              0       2.072     -1
     8     -1           0       1e+99 Resamp     -1     -1  2.6353365e+09        4223020   0.0016024595              0           1     -1
     7      0           0          33   Coal      0     -1      537822.79   2.467613e-24  4.5881525e-30   1.089763e+29      1.0055     -1
     7      1          33       65.92   Coal      0     -1        1269934   9.859511e-15  7.7637981e-21  6.4401468e+19      1.0068     -1
     7      2       65.92      104.55   Coal      0     -1      2433298.5      3.0168132   1.239804e-06      403289.55      1.0072     -1
     7      3      104.55      131.67   Coal      0     -1      2308515.8      12.762322  5.5283668e-06      90442.623      1.0069     -1
     7      4      131.67      165.83   Coal      0     -1      3591685.1      32.026608  8.9168754e-06      56073.454      1.0069     -1
     7      5      165.83      208.84   Coal      0     -1      5600522.4      62.393312  1.1140624e-05      44880.791      1.0069     -1
     7      6      208.84      263.02   Coal      0     -1      8810828.6      153.50838  1.7422695e-05      28698.201       1.007     -1
     7      7      263.02      331.24   Coal      0     -1       13738379      318.21118  2.3162207e-05       21586.89       1.007     -1
     7      8      331.24      417.17   Coal      0     -1       21126909       734.9515  3.4787459e-05      14372.996      1.0071     -1
     7      9      417.17      525.38   Coal      0     -1       32320506      983.00374  3.0414244e-05      16439.666       1.008     -1
     7     10      525.38      661.66   Coal      0     -1       49368732      1469.2745  2.9761236e-05      16800.378      1.0078     -1
     7     11      661.66       833.3   Coal      0     -1       74688149      2393.3109  3.2044052e-05       15603.52      1.0104     -1
     7     12       833.3      1049.5   Coal      0     -1  1.1229206e+08      3375.6796  3.0061606e-05      16632.511      1.0115     -1
     7     13      1049.5      1321.7   Coal      0     -1  1.6701156e+08      5056.3365  3.0275368e-05      16515.076      1.0175     -1
     7     14      1321.7      1664.5   Coal      0     -1   2.456367e+08        7106.55  2.8931141e-05      17282.416      1.0316     -1
     7     15      1664.5      2096.3   Coal      0     -1  3.5377936e+08      11177.357  3.1594148e-05      15825.716      1.0414     -1
     7     16      2096.3      2640.1   Coal      0     -1  4.9871764e+08       15058.44   3.019432e-05      16559.406      1.0491     -1
     7     17      2640.1      3324.9   Coal      0     -1  6.9220931e+08       19853.18  2.8680891e-05       17433.21      1.0762     -1
     7     18      3324.9      4187.4   Coal      0     -1  9.5585546e+08       22921.88  2.3980488e-05      20850.285      1.0963     -1
     7     19      4187.4      5273.6   Coal      0     -1  1.3213213e+09       26815.77  2.0294663e-05      24637.019      1.1408     -1
     7     20      5273.6      6641.6   Coal      0     -1  1.8311061e+09       31429.84  1.7164401e-05      29130.058      1.2066     -1
     7     21      6641.6      8364.4   Coal      0     -1  2.5333206e+09       37691.87  1.4878445e-05      33605.663      1.2711     -1
     7     22      8364.4       10534   Coal      0     -1  3.4924346e+09       47518.07  1.3606001e-05       36748.49      1.3833     -1
     7     23       10534       13267   Coal      0     -1  4.6959218e+09       64862.21  1.3812455e-05      36199.212      1.4985     -1
     7     24       13267       16708   Coal      0     -1  6.0512452e+09       89925.05  1.4860586e-05      33646.048      1.5696     -1
     7     25       16708       21042   Coal      0     -1  7.2482422e+09         125651  1.7335375e-05      28842.756        1.82     -1
     7     26       21042       26500   Coal      0     -1  7.8688377e+09      165916.79  2.1085298e-05      23713.205      1.9923     -1
     7     27       26500       33374   Coal      0     -1  7.6538605e+09      192264.81  2.5119978e-05      19904.476      2.0287     -1
     7     28       33374       42032   Coal      0     -1  6.8206809e+09      200984.37  2.9466907e-05      16968.187      2.2353     -1
     7     29       42032       52935   Coal      0     -1  5.6964816e+09      189439.48  3.3255524e-05      15035.096      2.6042     -1
     7     30       52935       66666   Coal      0     -1  4.5522805e+09      163281.37  3.5868038e-05      13939.987      2.8669     -1
     7     31       66666       1e+99   Coal      0     -1  1.6063794e+10      395940.66  2.4648016e-05      20285.608      4.4336     -1
     7     -1           0       1e+99  Delay     -1     -1  2.6353365e+09              0              0              0           1     -1
     7     -1           0       1e+99   LogL     -1     -1              1      -54431052      -54431052              0           1     -1
     7     -1           0       1e+99 Recomb     -1     -1  5.6516949e+14      1819739.8  3.2198125e-09              0      2.0555     -1
     7     -1           0       1e+99 Resamp     -1     -1  2.6353365e+09        4218237   0.0016006445              0           1     -1
     6      0           0          33   Coal      0     -1      557461.43  6.8779952e-21  1.2338065e-26  4.0524994e+25      1.0048     -1
     6      1          33       65.92   Coal      0     -1      1277897.2  6.2997208e-11  4.9297554e-17  1.0142491e+16       1.006     -1
     6      2       65.92      104.55   Coal      0     -1      2409670.8      2.0279514  8.4158858e-07      594114.53      1.0062     -1
     6      3      104.55      131.67   Coal      0     -1      2287208.2      20.678865  9.0410944e-06      55303.039      1.0064     -1
     6      4      131.67      165.83   Coal      0     -1      3571443.5      30.095641  8.4267444e-06      59334.895      1.0066     -1
     6      5      165.83      208.84   Coal      0     -1      5586445.6      59.388533  1.0630826e-05      47033.032      1.0065     -1
     6      6      208.84      263.02   Coal      0     -1      8702744.9      167.69016  1.9268651e-05      25948.884      1.0065     -1
     6      7      263.02      331.24   Coal      0     -1       13538656      300.82667  2.2219833e-05      22502.419      1.0066     -1
     6      8      331.24      417.17   Coal      0     -1       20802363      700.24989  3.3662036e-05      14853.528      1.0068     -1
     6      9      417.17      525.38   Coal      0     -1       31967895      978.89616  3.0621227e-05      16328.542      1.0069     -1
     6     10      525.38      661.66   Coal      0     -1       49062306      1439.5221  2.9340695e-05      17041.178      1.0076     -1
     6     11      661.66       833.3   Coal      0     -1       74451636      2451.9161  3.2933005e-05      15182.338      1.0094     -1
     6     12       833.3      1049.5   Coal      0     -1   1.122231e+08       3370.812  3.0036705e-05        16646.3      1.0122     -1
     6     13      1049.5      1321.7   Coal      0     -1   1.670976e+08      4986.2691   2.984046e-05      16755.774      1.0218     -1
     6     14      1321.7      1664.5   Coal      0     -1   2.458073e+08        7234.36  2.9431021e-05      16988.877      1.0221     -1
     6     15      1664.5      2096.3   Coal      0     -1  3.5375204e+08      10952.411    3.09607e-05      16149.506      1.0422     -1
     6     16      2096.3      2640.1   Coal      0     -1  5.0057662e+08       14698.17  2.9362478e-05      17028.535      1.0566     -1
     6     17      2640.1      3324.9   Coal      0     -1  6.9593556e+08       19596.67  2.8158742e-05      17756.475      1.0748     -1
     6     18      3324.9      4187.4   Coal      0     -1  9.6010029e+08       23001.97  2.3957883e-05      20869.958      1.1098     -1
     6     19      4187.4      5273.6   Coal      0     -1   1.326062e+09       27080.29  2.0421586e-05      24483.896      1.1577     -1
     6     20      5273.6      6641.6   Coal      0     -1  1.8365174e+09       31800.92  1.7315882e-05      28875.225      1.2155     -1
     6     21      6641.6      8364.4   Coal      0     -1  2.5402798e+09        38557.4  1.5178407e-05      32941.534      1.2912     -1
     6     22      8364.4       10534   Coal      0     -1  3.4833627e+09       49013.91   1.407086e-05       35534.43      1.3781     -1
     6     23       10534       13267   Coal      0     -1  4.6553567e+09       66363.25  1.4255245e-05      35074.809      1.4664     -1
     6     24       13267       16708   Coal      0     -1  5.9612627e+09       91422.66  1.5336123e-05      32602.763      1.6295     -1
     6     25       16708       21042   Coal      0     -1  7.1159059e+09      126651.21  1.7798326e-05       28092.53      1.8098     -1
     6     26       21042       26500   Coal      0     -1  7.6971597e+09       165007.2  2.1437414e-05      23323.709      1.9085     -1
     6     27       26500       33374   Coal      0     -1  7.5126753e+09      190040.78  2.5296019e-05      19765.956      2.1128     -1
     6     28       33374       42032   Coal      0     -1  6.7111369e+09      198336.56  2.9553348e-05      16918.557      2.3274     -1
     6     29       42032       52935   Coal      0     -1  5.6481623e+09      186724.53  3.3059342e-05      15124.318      2.5101     -1
     6     30       52935       66666   Coal      0     -1  4.5667906e+09      160993.56  3.5253108e-05      14183.147      2.7828     -1
     6     31       66666       1e+99   Coal      0     -1  1.5711443e+10      395877.25  2.5196746e-05      19843.832      4.1623     -1
     6     -1           0       1e+99  Delay     -1     -1  2.6353365e+09              0              0              0           1     -1
     6     -1           0       1e+99   LogL     -1     -1              1      -54433113      -54433113              0           1     -1
     6     -1           0       1e+99 Recomb     -1     -1  5.6400131e+14      1814959.8  3.2180064e-09              0      2.0539     -1
     6     -1           0       1e+99 Resamp     -1     -1  2.6353365e+09        4212543   0.0015984839              0           1     -1
     5      0           0          33   Coal      0     -1      550876.83  1.8944641e-17  3.4389976e-23   1.453912e+22      1.0044     -1
     5      1          33       65.92   Coal      0     -1      1284792.1  4.0469158e-07  3.1498605e-13  1.5873719e+12      1.0058     -1
     5      2       65.92      104.55   Coal      0     -1      2448309.7      4.9610361  2.0263107e-06      246753.87       1.006     -1
     5      3      104.55      131.67   Coal      0     -1      2317842.7        18.0104  7.7703285e-06      64347.344      1.0062     -1
     5      4      131.67      165.83   Coal      0     -1      3610723.5      35.159915  9.7376371e-06      51347.159      1.0063     -1
     5      5      165.83      208.84   Coal      0     -1      5631189.1      59.425356  1.0552896e-05      47380.357      1.0064     -1
     5      6      208.84      263.02   Coal      0     -1      8792847.3      170.67233   1.941036e-05       25759.44      1.0064     -1
     5      7      263.02      331.24   Coal      0     -1       13637217      302.21534  2.2161072e-05      22562.086      1.0066     -1
     5      8      331.24      417.17   Coal      0     -1       20992971      691.64153  3.2946339e-05      15176.193      1.0068     -1
     5      9      417.17      525.38   Coal      0     -1       32197363      956.36522  2.9703216e-05      16833.194      1.0071     -1
     5     10      525.38      661.66   Coal      0     -1       49151065      1497.7825  3.0473042e-05      16407.945      1.0083     -1
     5     11      661.66       833.3   Coal      0     -1       74513991      2483.8495  3.3334001e-05        14999.7      1.0097     -1
     5     12       833.3      1049.5   Coal      0     -1  1.1158283e+08      3450.1232   3.091984e-05      16170.847      1.0125     -1
     5     13      1049.5      1321.7   Coal      0     -1  1.6549233e+08        4927.65    2.97757e-05      16792.217      1.0204     -1
     5     14      1321.7      1664.5   Coal      0     -1  2.4378318e+08        7064.38  2.8978127e-05      17254.393       1.028     -1
     5     15      1664.5      2096.3   Coal      0     -1  3.5303768e+08       10910.95  3.0905908e-05      16178.137      1.0444     -1
     5     16      2096.3      2640.1   Coal      0     -1  5.0073782e+08          14578  2.9113039e-05      17174.435      1.0575     -1
     5     17      2640.1      3324.9   Coal      0     -1  6.9712607e+08       19322.19  2.7716924e-05       18039.52      1.0786     -1
     5     18      3324.9      4187.4   Coal      0     -1  9.6390575e+08       22821.03  2.3675582e-05      21118.805      1.1121     -1
     5     19      4187.4      5273.6   Coal      0     -1  1.3318286e+09       27312.14  2.0507249e-05      24381.623      1.1361     -1
     5     20      5273.6      6641.6   Coal      0     -1  1.8411492e+09       32448.62  1.7624112e-05      28370.223      1.2133     -1
     5     21      6641.6      8364.4   Coal      0     -1  2.5405877e+09       39791.72  1.5662408e-05      31923.572      1.2909     -1
     5     22      8364.4       10534   Coal      0     -1   3.459194e+09       51142.17  1.4784418e-05       33819.39      1.3881     -1
     5     23       10534       13267   Coal      0     -1  4.5860066e+09       68540.37  1.4945545e-05      33454.785      1.5195     -1
     5     24       13267       16708   Coal      0     -1  5.8217238e+09       93282.62  1.6023196e-05      31204.761       1.665     -1
     5     25       16708       21042   Coal      0     -1  6.9151746e+09      127280.17  1.8405923e-05      27165.169      1.7079     -1
     5     26       21042       26500   Coal      0     -1  7.4741403e+09       164114.7  2.1957669e-05      22771.087       1.893     -1
     5     27       26500       33374   Coal      0     -1  7.3182081e+09      187349.72  2.5600491e-05      19530.875      2.1363     -1
     5     28       33374       42032   Coal      0     -1  6.5850517e+09      194766.79  2.9577109e-05      16904.965       2.346     -1
     5     29       42032       52935   Coal      0     -1   5.596003e+09      183789.23  3.2842947e-05      15223.969      2.5609     -1
     5     30       52935       66666   Coal      0     -1  4.5876419e+09      159479.73  3.4762898e-05      14383.151      2.9072     -1
     5     31       66666       1e+99   Coal      0     -1  1.5281665e+10      394587.32  2.5820964e-05       19364.11      4.0465     -1
     5     -1           0       1e+99  Delay     -1     -1  2.6353365e+09              0              0              0           1     -1
     5     -1           0       1e+99   LogL     -1     -1              1      -54435612      -54435612              0           1     -1
     5     -1           0       1e+99 Recomb     -1     -1  5.6180166e+14      1810404.6  3.2224978e-09              0      2.0564     -1
     5     -1           0       1e+99 Resamp     -1     -1  2.6353365e+09        4204574     0.00159546              0           1     -1
     4      0           0          33   Coal      0     -1      558303.38  5.2884286e-14  9.4723206e-20  5.2785376e+18      1.0042     -1
     4      1          33       65.92   Coal      0     -1      1283298.3   0.0025967001   2.023458e-09  2.4710175e+08      1.0059     -1
     4      2       65.92      104.55   Coal      0     -1      2415853.4      9.0338364  3.7393976e-06      133711.37      1.0065     -1
     4      3      104.55      131.67   Coal      0     -1      2284140.3      16.063456  7.0326046e-06      71097.414      1.0066     -1
     4      4      131.67      165.83   Coal      0     -1      3560913.5      42.281727  1.1873843e-05      42109.367      1.0066     -1
     4      5      165.83      208.84   Coal      0     -1        5574273      71.507471  1.2828125e-05      38976.857      1.0067     -1
     4      6      208.84      263.02   Coal      0     -1      8694430.6      194.96544  2.2424176e-05      22297.364      1.0068     -1
     4      7      263.02      331.24   Coal      0     -1       13526178       311.0586  2.2996784e-05       21742.17      1.0068     -1
     4      8      331.24      417.17   Coal      0     -1       20835586      661.22168  3.1735209e-05      15755.371      1.0069     -1
     4      9      417.17      525.38   Coal      0     -1       32017581      915.86675  2.8605121e-05      17479.388      1.0071     -1
     4     10      525.38      661.66   Coal      0     -1       48842609      1538.5325  3.1499803e-05      15873.115      1.0079     -1
     4     11      661.66       833.3   Coal      0     -1       73885274      2443.5546  3.3072282e-05        15118.4        1.01     -1
     4     12       833.3      1049.5   Coal      0     -1  1.1093927e+08      3396.0764  3.0612031e-05      16333.448      1.0112     -1
     4     13      1049.5      1321.7   Coal      0     -1  1.6553956e+08      4883.6715  2.9501538e-05      16948.269      1.0134     -1
     4     14      1321.7      1664.5   Coal      0     -1  2.4287661e+08        7091.54  2.9198119e-05      17124.391      1.0301     -1
     4     15      1664.5      2096.3   Coal      0     -1   3.512057e+08       10642.15  3.0301758e-05      16500.693       1.039     -1
     4     16      2096.3      2640.1   Coal      0     -1  4.9879609e+08       14283.89  2.8636732e-05      17460.093      1.0506     -1
     4     17      2640.1      3324.9   Coal      0     -1  6.9712227e+08       19087.32  2.7380161e-05      18261.397       1.078     -1
     4     18      3324.9      4187.4   Coal      0     -1  9.6471324e+08       22983.51  2.3824188e-05      20987.074      1.1067     -1
     4     19      4187.4      5273.6   Coal      0     -1  1.3317956e+09       27630.23  2.0746599e-05      24100.336      1.1654     -1
     4     20      5273.6      6641.6   Coal      0     -1   1.836963e+09       33296.19  1.8125672e-05      27585.184      1.2151     -1
     4     21      6641.6      8364.4   Coal      0     -1  2.5202916e+09       41098.06  1.6306867e-05      30661.929      1.3078     -1
     4     22      8364.4       10534   Coal      0     -1  3.4084836e+09       53461.73  1.5684901e-05       31877.79      1.3695     -1
     4     23       10534       13267   Coal      0     -1  4.4844274e+09        71021.8  1.5837429e-05      31570.781      1.4718     -1
     4     24       13267       16708   Coal      0     -1  5.6617903e+09       95917.48  1.6941193e-05      29513.861      1.5944     -1
     4     25       16708       21042   Coal      0     -1    6.67598e+09      128545.51  1.9254927e-05      25967.379      1.7079     -1
     4     26       21042       26500   Coal      0     -1  7.1793178e+09      162556.63   2.264235e-05      22082.513       1.865     -1
     4     27       26500       33374   Coal      0     -1  7.0357568e+09       183664.8  2.6104484e-05      19153.797        2.11     -1
     4     28       33374       42032   Coal      0     -1  6.3794063e+09      189495.55  2.9704261e-05      16832.602      2.2023     -1
     4     29       42032       52935   Coal      0     -1  5.4999526e+09      179457.95     3.2629e-05      15323.792      2.5846     -1
     4     30       52935       66666   Coal      0     -1  4.5741451e+09      156889.26  3.4299144e-05      14577.623      2.8176     -1
     4     31       66666       1e+99   Coal      0     -1  1.4753975e+10      391960.78  2.6566452e-05      18820.729      4.0371     -1
     4     -1           0       1e+99  Delay     -1     -1  2.6353365e+09              0              0              0           1     -1
     4     -1           0       1e+99   LogL     -1     -1              1      -54439638      -54439638              0           1     -1
     4     -1           0       1e+99 Recomb     -1     -1   5.589188e+14        1800528  3.2214482e-09              0      2.0228     -1
     4     -1           0       1e+99 Resamp     -1     -1  2.6353365e+09        4190675   0.0015901859              0           1     -1
     3      0           0          33   Coal      0     -1      541071.32  1.4307085e-10  2.6442143e-16  1.8909208e+15       1.005     -1
     3      1          33       65.92   Coal      0     -1      1277074.5      1.0041966  7.8632579e-07      635868.75      1.0064     -1
     3      2       65.92      104.55   Coal      0     -1      2404775.8      13.074463  5.4368737e-06      91964.616      1.0065     -1
     3      3      104.55      131.67   Coal      0     -1      2262471.7      14.018609  6.1961476e-06      80695.302      1.0067     -1
     3      4      131.67      165.83   Coal      0     -1      3527555.8      50.255952  1.4246678e-05      35095.901      1.0067     -1
     3      5      165.83      208.84   Coal      0     -1        5520905      78.298071  1.4182108e-05       35255.69      1.0067     -1
     3      6      208.84      263.02   Coal      0     -1      8610975.3      221.83714  2.5762139e-05      19408.326      1.0068     -1
     3      7      263.02      331.24   Coal      0     -1       13355875      296.49408  2.2199524e-05      22523.005      1.0069     -1
     3      8      331.24      417.17   Coal      0     -1       20596136      678.57836  3.2946876e-05      15175.946      1.0068     -1
     3      9      417.17      525.38   Coal      0     -1       31616747       930.8798  2.9442618e-05      16982.186      1.0075     -1
     3     10      525.38      661.66   Coal      0     -1       48362867      1521.8772  3.1467886e-05      15889.215      1.0082     -1
     3     11      661.66       833.3   Coal      0     -1       73270847      2403.4018   3.280161e-05      15243.154       1.009     -1
     3     12       833.3      1049.5   Coal      0     -1  1.0999003e+08      3381.5105  3.0743792e-05      16263.446      1.0125     -1
     3     13      1049.5      1321.7   Coal      0     -1  1.6416967e+08        4879.33  2.9721263e-05      16822.973      1.0167     -1
     3     14      1321.7      1664.5   Coal      0     -1  2.4237032e+08           6941  2.8637995e-05      17459.323      1.0258     -1
     3     15      1664.5      2096.3   Coal      0     -1  3.5112377e+08       10452.75  2.9769418e-05       16795.76      1.0396     -1
     3     16      2096.3      2640.1   Coal      0     -1  4.9873593e+08       14149.61  2.8370946e-05      17623.663      1.0539     -1
     3     17      2640.1      3324.9   Coal      0     -1  6.9718324e+08       19051.92  2.7326991e-05      18296.929      1.0796     -1
     3     18      3324.9      4187.4   Coal      0     -1  9.6264459e+08       23222.37  2.4123514e-05      20726.666      1.1125     -1
     3     19      4187.4      5273.6   Coal      0     -1  1.3238455e+09       28165.17  2.1275269e-05      23501.465      1.1613     -1
     3     20      5273.6      6641.6   Coal      0     -1  1.8172632e+09       34445.55  1.8954629e-05      26378.781      1.2134     -1
     3     21      6641.6      8364.4   Coal      0     -1  2.4763897e+09       43364.67  1.7511246e-05       28553.08      1.2898     -1
     3     22      8364.4       10534   Coal      0     -1  3.3230701e+09       56349.81  1.6957153e-05      29486.081      1.3879     -1
     3     23       10534       13267   Coal      0     -1  4.3312219e+09       74200.16  1.7131461e-05      29186.068      1.4541     -1
     3     24       13267       16708   Coal      0     -1   5.411221e+09       98652.26  1.8231054e-05      27425.733      1.6076     -1
     3     25       16708       21042   Coal      0     -1  6.3424158e+09      129126.82  2.0359248e-05      24558.863      1.6997     -1
     3     26       21042       26500   Coal      0     -1  6.8079093e+09      160742.95  2.3611206e-05      21176.385       1.833     -1
     3     27       26500       33374   Coal      0     -1  6.6972779e+09      179561.17  2.6811068e-05      18649.015       2.026     -1
     3     28       33374       42032   Coal      0     -1   6.138652e+09      184152.75   2.999889e-05      16667.283      2.2741     -1
     3     29       42032       52935   Coal      0     -1  5.3643424e+09      174028.73  3.2441764e-05      15412.232      2.5258     -1
     3     30       52935       66666   Coal      0     -1  4.5265625e+09      153616.08  3.3936586e-05      14733.362      2.7815     -1
     3     31       66666       1e+99   Coal      0     -1  1.4086407e+10      387704.41  2.7523301e-05      18166.426      4.1765     -1
     3     -1           0       1e+99  Delay     -1     -1  2.6353365e+09              0              0              0           1     -1
     3     -1           0       1e+99   LogL     -1     -1              1      -54447795      -54447795              0           1     -1
     3     -1           0       1e+99 Recomb     -1     -1  5.5456334e+14      1789879.5  3.2275475e-09              0      2.0132     -1
     3     -1           0       1e+99 Resamp     -1     -1  2.6353365e+09        4175888   0.0015845749              0           1     -1
     2      0           0          33   Coal      0     -1      540340.83  3.8653512e-07  7.1535427e-13  6.9895438e+11      1.0039     -1
     2      1          33       65.92   Coal      0     -1      1244936.7      1.0065054   8.084792e-07       618445.1      1.0056     -1
     2      2       65.92      104.55   Coal      0     -1      2372556.1      19.049447  8.0290819e-06      62273.621      1.0059     -1
     2      3      104.55      131.67   Coal      0     -1      2247922.6      22.053555  9.8106381e-06      50965.085      1.0062     -1
     2      4      131.67      165.83   Coal      0     -1      3504273.9      59.262304  1.6911436e-05      29565.792      1.0063     -1
     2      5      165.83      208.84   Coal      0     -1      5453022.3      87.568116  1.6058639e-05      31135.889      1.0065     -1
     2      6      208.84      263.02   Coal      0     -1      8520117.3      214.71286  2.5200692e-05      19840.725      1.0065     -1
     2      7      263.02      331.24   Coal      0     -1       13249671      344.61506  2.6009329e-05      19223.871      1.0067     -1
     2      8      331.24      417.17   Coal      0     -1       20510663      627.57667  3.0597581e-05      16341.161      1.0067     -1
     2      9      417.17      525.38   Coal      0     -1       31548403      952.35017  3.0186953e-05      16563.447      1.0068     -1
     2     10      525.38      661.66   Coal      0     -1       48162177      1489.2186  3.0920915e-05      16170.285      1.0078     -1
     2     11      661.66       833.3   Coal      0     -1       72810189       2387.923  3.2796549e-05      15245.506      1.0084     -1
     2     12       833.3      1049.5   Coal      0     -1  1.0945403e+08      3342.2418  3.0535576e-05      16374.343      1.0123     -1
     2     13      1049.5      1321.7   Coal      0     -1  1.6286814e+08      4793.9448  2.9434515e-05      16986.861      1.0189     -1
     2     14      1321.7      1664.5   Coal      0     -1  2.4041091e+08        6835.65  2.8433193e-05      17585.081      1.0263     -1
     2     15      1664.5      2096.3   Coal      0     -1  3.4893516e+08       10272.06  2.9438306e-05      16984.673      1.0368     -1
     2     16      2096.3      2640.1   Coal      0     -1  4.9637072e+08       14216.06  2.8640005e-05      17458.097      1.0519     -1
     2     17      2640.1      3324.9   Coal      0     -1   6.933914e+08       19148.89  2.7616278e-05      18105.264      1.0659     -1
     2     18      3324.9      4187.4   Coal      0     -1  9.5825314e+08       23687.76  2.4719731e-05      20226.757      1.1001     -1
     2     19      4187.4      5273.6   Coal      0     -1   1.313639e+09       29670.33  2.2586366e-05      22137.249      1.1579     -1
     2     20      5273.6      6641.6   Coal      0     -1  1.7915045e+09       36842.72   2.056524e-05      24312.869      1.1766     -1
     2     21      6641.6      8364.4   Coal      0     -1  2.4094223e+09       46468.57  1.9286187e-05       25925.29      1.2672     -1
     2     22      8364.4       10534   Coal      0     -1  3.1868363e+09       60194.97  1.8888629e-05      26470.952       1.373     -1
     2     23       10534       13267   Coal      0     -1  4.1020886e+09       78351.32  1.9100348e-05      26177.534      1.4499     -1
     2     24       13267       16708   Coal      0     -1  5.0582329e+09      101814.81  2.0128533e-05      24840.359      1.5924     -1
     2     25       16708       21042   Coal      0     -1  5.8676885e+09      129699.92  2.2104091e-05      22620.247      1.6586     -1
     2     26       21042       26500   Coal      0     -1  6.2950278e+09      156755.89  2.4901541e-05      20079.079      1.8803     -1
     2     27       26500       33374   Coal      0     -1   6.230346e+09      173009.91  2.7768909e-05      18005.749      1.9222     -1
     2     28       33374       42032   Coal      0     -1  5.7857919e+09      176535.47  3.0511894e-05      16387.052      2.1549     -1
     2     29       42032       52935   Coal      0     -1  5.1570439e+09      167671.29  3.2513063e-05      15378.434      2.5334     -1
     2     30       52935       66666   Coal      0     -1  4.4275816e+09      149158.16  3.3688404e-05      14841.902      2.7579     -1
     2     31       66666       1e+99   Coal      0     -1  1.3221317e+10      379023.62  2.8667614e-05      17441.284      3.9873     -1
     2     -1           0       1e+99  Delay     -1     -1  2.6353365e+09              0              0              0           1     -1
     2     -1           0       1e+99   LogL     -1     -1              1      -54463846      -54463846              0           1     -1
     2     -1           0       1e+99 Recomb     -1     -1  5.4859054e+14      1771795.9  3.2297237e-09              0      1.9704     -1
     2     -1           0       1e+99 Resamp     -1     -1  2.6353365e+09        4150840   0.0015750702              0           1     -1
     1      0           0          33   Coal      0     -1       534139.3    0.001032318  1.9326756e-09  2.5870871e+08      1.0038     -1
     1      1          33       65.92   Coal      0     -1      1244517.7      4.0248514  3.2340653e-06      154604.17      1.0051     -1
     1      2       65.92      104.55   Coal      0     -1      2364187.3      24.550485  1.0384323e-05      48149.503      1.0056     -1
     1      3      104.55      131.67   Coal      0     -1      2234865.7      37.219233  1.6653901e-05      30022.995      1.0056     -1
     1      4      131.67      165.83   Coal      0     -1      3457219.8        67.3628  1.9484674e-05      25661.195      1.0056     -1
     1      5      165.83      208.84   Coal      0     -1      5366821.8      100.67384  1.8758558e-05      26654.501      1.0057     -1
     1      6      208.84      263.02   Coal      0     -1      8351180.8      203.02569  2.4311015e-05      20566.809      1.0058     -1
     1      7      263.02      331.24   Coal      0     -1       12982295       327.7277  2.5244204e-05      19806.527       1.006     -1
     1      8      331.24      417.17   Coal      0     -1       20092384      645.09955   3.210667e-05      15573.088      1.0063     -1
     1      9      417.17      525.38   Coal      0     -1       31058875      939.03338  3.0233979e-05      16537.684      1.0066     -1
     1     10      525.38      661.66   Coal      0     -1       47594756      1482.2632  3.1143414e-05      16054.759      1.0075     -1
     1     11      661.66       833.3   Coal      0     -1       72160393      2354.5313  3.2629137e-05      15323.727      1.0099     -1
     1     12       833.3      1049.5   Coal      0     -1  1.0843831e+08      3320.1344  3.0617727e-05      16330.409      1.0118     -1
     1     13      1049.5      1321.7   Coal      0     -1  1.6135335e+08      4822.9511  2.9890616e-05      16727.658      1.0167     -1
     1     14      1321.7      1664.5   Coal      0     -1    2.37036e+08        6996.88  2.9518216e-05      16938.693      1.0246     -1
     1     15      1664.5      2096.3   Coal      0     -1  3.4368978e+08       10154.14  2.9544492e-05      16923.628       1.037     -1
     1     16      2096.3      2640.1   Coal      0     -1   4.910431e+08       14346.44  2.9216254e-05      17113.761      1.0514     -1
     1     17      2640.1      3324.9   Coal      0     -1  6.8543212e+08       19561.31  2.8538654e-05      17520.098      1.0796     -1
     1     18      3324.9      4187.4   Coal      0     -1  9.4376327e+08       24794.72  2.6272182e-05      19031.537      1.1038     -1
     1     19      4187.4      5273.6   Coal      0     -1  1.2851508e+09       31755.91  2.4709871e-05      20234.829      1.1425     -1
     1     20      5273.6      6641.6   Coal      0     -1  1.7289414e+09       39954.24  2.3109078e-05      21636.519      1.1926     -1
     1     21      6641.6      8364.4   Coal      0     -1   2.291216e+09       50958.51  2.2240814e-05      22481.191       1.234     -1
     1     22      8364.4       10534   Coal      0     -1  2.9796242e+09        65122.4  2.1855911e-05      22877.107      1.2964     -1
     1     23       10534       13267   Coal      0     -1  3.7645195e+09       83119.59  2.2079734e-05        22645.2      1.4094     -1
     1     24       13267       16708   Coal      0     -1  4.5760593e+09      105465.25  2.3047177e-05      21694.631      1.5184     -1
     1     25       16708       21042   Coal      0     -1  5.2634531e+09         129274  2.4560682e-05      20357.741        1.64     -1
     1     26       21042       26500   Coal      0     -1  5.6485921e+09      152288.94  2.6960513e-05      18545.641        1.76     -1
     1     27       26500       33374   Coal      0     -1  5.6454593e+09      165134.39  2.9250833e-05       17093.53      1.9263     -1
     1     28       33374       42032   Coal      0     -1  5.3407534e+09      167536.49  3.1369449e-05      15939.075      2.1005     -1
     1     29       42032       52935   Coal      0     -1  4.8577489e+09      159644.52  3.2863889e-05      15214.267      2.5454     -1
     1     30       52935       66666   Coal      0     -1  4.2683816e+09       143494.2  3.3617941e-05      14873.011      2.7976     -1
     1     31       66666       1e+99   Coal      0     -1  1.2145842e+10      366298.68   3.015836e-05      16579.151      4.1799     -1
     1     -1           0       1e+99  Delay     -1     -1  2.6405255e+09              0              0              0           1     -1
     1     -1           0       1e+99   LogL     -1     -1              1      -54501244      -54501244              0           1     -1
     1     -1           0       1e+99 Recomb     -1     -1  5.4076101e+14      1748368.6  3.2331633e-09              0      1.9298     -1
     1     -1           0       1e+99 Resamp     -1     -1  2.6405255e+09        4117241   0.0015592506              0           1     -1
     0      0           0          33   Coal      0     -1      536693.46      2.0240028  3.7712455e-06       132582.2      1.0038     -1
     0      1          33       65.92   Coal      0     -1      1247453.5      17.063063  1.3678316e-05      36554.207      1.0058     -1
     0      2       65.92      104.55   Coal      0     -1      2328042.8      40.576499  1.7429447e-05      28687.083      1.0062     -1
     0      3      104.55      131.67   Coal      0     -1        2189283      50.281598  2.2967154e-05      21770.221      1.0061     -1
     0      4      131.67      165.83   Coal      0     -1      3416318.6      93.671879  2.7418953e-05      18235.561      1.0061     -1
     0      5      165.83      208.84   Coal      0     -1      5311990.2      127.10803  2.3928513e-05      20895.574      1.0061     -1
     0      6      208.84      263.02   Coal      0     -1      8286345.7      224.71147  2.7118284e-05      18437.745      1.0062     -1
     0      7      263.02      331.24   Coal      0     -1       12845937       363.5798  2.8303096e-05      17665.912      1.0066     -1
     0      8      331.24      417.17   Coal      0     -1       19825469      671.08923  3.3849853e-05      14771.113      1.0068     -1
     0      9      417.17      525.38   Coal      0     -1       30361362      947.81155  3.1217688e-05      16016.561      1.0071     -1
     0     10      525.38      661.66   Coal      0     -1       46418381      1452.5211  3.1291938e-05      15978.556      1.0081     -1
     0     11      661.66       833.3   Coal      0     -1       70547173      2334.1071  3.3085764e-05       15112.24        1.01     -1
     0     12       833.3      1049.5   Coal      0     -1   1.062664e+08      3316.1849  3.1206336e-05      16022.387      1.0122     -1
     0     13      1049.5      1321.7   Coal      0     -1  1.5802073e+08        4964.36  3.1415878e-05      15915.519      1.0162     -1
     0     14      1321.7      1664.5   Coal      0     -1  2.3209728e+08        7146.52  3.0791055e-05      16238.482      1.0266     -1
     0     15      1664.5      2096.3   Coal      0     -1  3.3611509e+08       10450.74  3.1092742e-05      16080.923      1.0349     -1
     0     16      2096.3      2640.1   Coal      0     -1  4.7799321e+08       14763.53  3.0886485e-05       16188.31      1.0488     -1
     0     17      2640.1      3324.9   Coal      0     -1  6.6580452e+08       20318.02  3.0516494e-05      16384.582      1.0666     -1
     0     18      3324.9      4187.4   Coal      0     -1   9.107179e+08       26833.44  2.9464052e-05      16969.831      1.0906     -1
     0     19      4187.4      5273.6   Coal      0     -1  1.2259987e+09       34675.41  2.8283398e-05      17678.215      1.1226     -1
     0     20      5273.6      6641.6   Coal      0     -1  1.6204847e+09       44638.79  2.7546567e-05      18151.082       1.165     -1
     0     21      6641.6      8364.4   Coal      0     -1  2.0998344e+09       56644.56  2.6975727e-05      18535.182      1.2117     -1
     0     22      8364.4       10534   Coal      0     -1  2.6681726e+09       71225.32   2.669442e-05      18730.506      1.2705     -1
     0     23       10534       13267   Coal      0     -1  3.2922472e+09       88512.47  2.6885123e-05      18597.646      1.3435     -1
     0     24       13267       16708   Coal      0     -1  3.9227922e+09       108223.5  2.7588385e-05      18123.569      1.4402     -1
     0     25       16708       21042   Coal      0     -1  4.4693352e+09      127311.13  2.8485474e-05      17552.806      1.5369     -1
     0     26       21042       26500   Coal      0     -1  4.8065069e+09      144592.06  3.0082566e-05      16620.923      1.6857     -1
     0     27       26500       33374   Coal      0     -1  4.8812725e+09      153771.19  3.1502275e-05      15871.869      1.8581     -1
     0     28       33374       42032   Coal      0     -1  4.7388236e+09      155331.94  3.2778586e-05      15253.861       2.073     -1
     0     29       42032       52935   Coal      0     -1  4.4293597e+09      148867.28   3.360921e-05      14876.875      2.4016     -1
     0     30       52935       66666   Coal      0     -1  3.9840134e+09      135672.62  3.4054258e-05      14682.452      2.7575     -1
     0     31       66666       1e+99   Coal      0     -1  1.0744986e+10      345857.73  3.2187825e-05      15533.824      3.6941     -1
     0     -1           0       1e+99  Delay     -1     -1  2.6415195e+09              0              0              0           1     -1
     0     -1           0       1e+99   LogL     -1     -1              1      -54561358      -54561358              0           1     -1
     0     -1           0       1e+99 Recomb     -1     -1  5.2748099e+14      1707974.5  3.2379831e-09              0      1.8434     -1
     0     -1           0       1e+99 Resamp     -1     -1  2.6415195e+09        4067310   0.0015397615              0           1     -1
